
 ==============================
 S N O P T  7.7.1    (Nov 2018)
 ==============================
 
 SNMEMB EXIT 100 -- finished successfully
 SNMEMB INFO 104 -- memory requirements estimated

 ==============================
 S N O P T  7.7.1    (Nov 2018)
 ==============================
 
 

 Nonlinear constraints    3794     Linear constraints       0
 Nonlinear variables      2004     Linear variables         0
 Jacobian  variables      2004     Objective variables   2004
 Total constraints        3794     Total variables       2004
 

 
 The user has defined  200861   out of  200861   constraint gradients.
 The user has defined    2004   out of    2004   objective  gradients.
 

        Minor NumInf  FP mult  FP step   rgNorm         SumInf     nS
          100    424 -7.5E+03  1.2E-11           1.7326547E+02

        Minor NumInf  FP mult  FP step   rgNorm         SumInf     nS
          200    402  4.9E+00  1.3E-01           1.5762915E+02

        Minor NumInf  FP mult  FP step   rgNorm         SumInf     nS
          300    338 -6.6E+01  3.1E-02           9.8264826E+01

        Minor NumInf  FP mult  FP step   rgNorm         SumInf     nS
          400    287  7.0E+00  2.9E-02           4.5802972E+01

        Minor NumInf  FP mult  FP step   rgNorm         SumInf     nS
          500    239  9.3E+00  4.5E-02           1.7570017E+01

        Minor NumInf  FP mult  FP step   rgNorm         SumInf     nS
          600    147  7.9E-01  5.4E-04           1.2452847E+00

        Minor NumInf  FP mult  FP step   rgNorm         SumInf     nS
          700     48  6.7E-01  1.2E-02           7.0622784E-01

        Minor NonOpt  QP mult  QP step   rgNorm   QP objective     nS
          800    561  2.8E+01  2.7E-01  3.9E-10  6.5686569E+02      4

        Minor NonOpt  QP mult  QP step   rgNorm   QP objective     nS
          900    539  3.8E+00  1.0E+00  1.4E-09  4.7120934E+02     26

        Minor NonOpt  QP mult  QP step   rgNorm   QP objective     nS
         1000    509 -1.6E+00  1.0E+00  3.3E-06  4.4501884E+02     66

        Minor NonOpt  QP mult  QP step   rgNorm   QP objective     nS
         1100    482           1.0E+00  8.0E-11  4.3848692E+02     95

 Major Minors     Step   nCon Feasible  Optimal  MeritFunction     nS Penalty
     0   1149               1  4.4E+00  1.4E+00  1.0000000E+02    108           r  T

        Minor NumInf  FP mult  FP step   rgNorm         SumInf     nS
          100     56           2.0E-01  3.8E-01  4.9063453E+01      8

        Minor NumInf  FP mult  FP step   rgNorm         SumInf     nS
          200      7  6.1E-01  1.7E-02           4.0326468E+00

        Minor NumInf  FP mult  FP step   rgNorm         SumInf     nS
          300      7  3.0E-03  1.3E+01           3.8082433E+00

        Minor NumInf  FP mult  FP step   rgNorm         SumInf     nS
          400      7  3.4E-05  5.4E+04           3.7951062E+00

        Minor NonOpt  QP mult  QP step   rgNorm Elastic QP obj     nS
          500    479           9.1E-01  1.3E+01  2.3880869E+05      2

        Minor NonOpt  QP mult  QP step   rgNorm Elastic QP obj     nS
          600    442 -1.8E+01  1.0E+00  1.5E-08  2.3735631E+05     22

        Minor NonOpt  QP mult  QP step   rgNorm Elastic QP obj     nS
          700    351           1.0E+00  8.3E-10  2.3719881E+05     50

        Minor NonOpt  QP mult  QP step   rgNorm Elastic QP obj     nS
          800    307           1.0E+00  1.3E-08  2.3716858E+05     82

        Minor NonOpt  QP mult  QP step   rgNorm Elastic QP obj     nS
          900     55           1.0E+00  2.2E-09  2.3715994E+05    122

        Minor NonOpt  QP mult  QP step   rgNorm Elastic QP obj     nS
         1000      3  2.4E-01  1.0E+00  4.8E-07  2.3715814E+05    163

 Major Minors     Step   nCon Feasible  Optimal  MeritFunction     nS Penalty
     1   1010  2.2E-01      2  2.3E+01  2.1E+00  6.3596824E+02    167 1.2E+01   rliT

        Minor NonOpt  QP mult  QP step   rgNorm Elastic QP obj     nS
          100                  1.7E-03  1.4E+01  2.3599748E+05     67

 Major Minors     Step   nCon Feasible  Optimal  MeritFunction     nS Penalty
     2    198  2.7E-05      5  2.3E+01  2.1E+00  1.1628359E+06     33 1.8E+03 sM  i

        Minor NonOpt  QP mult  QP step   rgNorm Elastic QP obj     nS
          100    250  2.8E+00  2.3E-01  1.5E-13  2.2586645E+05      2

        Minor NonOpt  QP mult  QP step   rgNorm Elastic QP obj     nS
          200     93           1.0E+00  2.7E-15  2.2584122E+05      2

        Minor NonOpt  QP mult  QP step   rgNorm Elastic QP obj     nS
          300      2           1.0E+00  9.8E-11  2.2583663E+05      6

 Major Minors     Step   nCon Feasible  Optimal  MeritFunction     nS Penalty
     3    305  4.1E-03      8  2.3E+01  2.2E+00  1.1625109E+06      7 1.8E+03  M  i

        Minor NonOpt  QP mult  QP step   rgNorm Elastic QP obj     nS
          100    223  3.5E+01  4.0E-02           2.1886407E+05

        Minor NonOpt  QP mult  QP step   rgNorm Elastic QP obj     nS
          200     19           1.0E+00  7.0E-10  2.1883409E+05      5

 Major Minors     Step   nCon Feasible  Optimal  MeritFunction     nS Penalty
     4    226  2.8E-03     11  2.2E+01  2.2E+00  1.1623133E+06     10 1.8E+03  m  i

        Minor NonOpt  QP mult  QP step   rgNorm Elastic QP obj     nS
          100    145           1.0E+00  1.2E-10  2.0246612E+05      4

        Minor NonOpt  QP mult  QP step   rgNorm Elastic QP obj     nS
          200     21  3.5E+00  1.0E+00  4.5E-08  2.0242496E+05      6

        Minor NonOpt  QP mult  QP step   rgNorm Elastic QP obj     nS
          300      7           1.0E+00  8.3E-07  2.0241990E+05      4

 Major Minors     Step   nCon Feasible  Optimal  MeritFunction     nS Penalty
     5    319  6.5E-03     14  2.2E+01  2.2E+00  1.1618931E+06      5 1.8E+03  M  i

        Minor NonOpt  QP mult  QP step   rgNorm Elastic QP obj     nS
          100     14           1.0E+00  1.2E-09  1.9371237E+05      1

 Major Minors     Step   nCon Feasible  Optimal  MeritFunction     nS Penalty
     6    146  3.5E-03     17  2.2E+01  2.2E+00  1.1615154E+06      6 1.8E+03  M  i

        Minor NonOpt  QP mult  QP step   rgNorm Elastic QP obj     nS
          100     40           1.0E+00  8.3E-08  1.8428628E+05      1

        Minor NonOpt  QP mult  QP step   rgNorm Elastic QP obj     nS
          200     26           1.0E+00  5.1E-11  1.8427700E+05      1

 Major Minors     Step   nCon Feasible  Optimal  MeritFunction     nS Penalty
     7    242  3.8E-03     20  2.2E+01  2.2E+00  1.1610782E+06      6 1.8E+03  M  i

        Minor NonOpt  QP mult  QP step   rgNorm Elastic QP obj     nS
          100     90           1.0E+00  5.3E-09  1.7327352E+05      1

 Major Minors     Step   nCon Feasible  Optimal  MeritFunction     nS Penalty
     8    185  4.4E-03     23  2.2E+01  2.3E+00  1.1605350E+06      4 1.8E+03  M  i

        Minor NonOpt  QP mult  QP step   rgNorm Elastic QP obj     nS
          100    299  1.1E+04  1.1E-01           1.5586330E+05

        Minor NonOpt  QP mult  QP step   rgNorm Elastic QP obj     nS
          200    245           1.0E+00  1.8E-10  1.5492477E+05      3

        Minor NonOpt  QP mult  QP step   rgNorm Elastic QP obj     nS
          300     88  7.5E-01  9.2E-03  1.3E-02  1.5489711E+05      9

        Minor NonOpt  QP mult  QP step   rgNorm Elastic QP obj     nS
          400      8           1.0E+00  1.1E-09  1.5489149E+05     22

 Major Minors     Step   nCon Feasible  Optimal  MeritFunction     nS Penalty
     9    411  7.3E-03     26  2.2E+01  2.4E+00  1.1597369E+06     24 1.8E+03  MR i

        Minor NonOpt  QP mult  QP step   rgNorm Elastic QP obj     nS
          100    628 -6.6E+06  7.2E-07           1.2624239E+06

        Minor NonOpt  QP mult  QP step   rgNorm Elastic QP obj     nS
          200    209  4.9E+00  6.6E-03  4.3E-04  1.1720746E+05      2

        Minor NonOpt  QP mult  QP step   rgNorm Elastic QP obj     nS
          300     39           1.0E+00  5.5E-12  1.1717726E+05      4

 Major Minors     Step   nCon Feasible  Optimal  MeritFunction     nS Penalty
    10    373  1.5E-02     29  2.2E+01  2.5E+00  1.1577773E+06     18 1.8E+03 sM  i

        Minor NonOpt  QP mult  QP step   rgNorm Elastic QP obj     nS
          100    390 -2.1E+07  9.2E-07           3.0516857E+05

        Minor NonOpt  QP mult  QP step   rgNorm Elastic QP obj     nS
          200    143  6.6E+00  6.2E-02  1.7E-02  8.9898291E+04      2

        Minor NonOpt  QP mult  QP step   rgNorm Elastic QP obj     nS
          300     56  9.0E+00  7.1E-02  4.2E-09  8.9888281E+04      6

 Major Minors     Step   nCon Feasible  Optimal  MeritFunction     nS Penalty
    11    387  1.1E-02     32  2.1E+01  2.6E+00  1.1559762E+06     10 1.8E+03  M  i

        Minor NonOpt  QP mult  QP step   rgNorm Elastic QP obj     nS
          100    412 -2.3E+06  3.1E-16           4.3943769E+05

        Minor NonOpt  QP mult  QP step   rgNorm Elastic QP obj     nS
          200    188  8.3E+01  1.6E-01  6.5E-03  5.4497232E+04      2

        Minor NonOpt  QP mult  QP step   rgNorm Elastic QP obj     nS
          300    104  1.1E+00  1.3E-01  1.3E-01  5.4470823E+04      2

        Minor NonOpt  QP mult  QP step   rgNorm Elastic QP obj     nS
          400     30 -8.0E-01  6.9E-01  1.8E-01  5.4460776E+04      4

        Minor NonOpt  QP mult  QP step   rgNorm Elastic QP obj     nS
          500     47           1.0E+00  3.7E-01  5.4458829E+04      7

 Major Minors     Step   nCon Feasible  Optimal  MeritFunction     nS Penalty
    12    560  1.4E-02     35  2.1E+01  2.6E+00  1.1536434E+06      8 1.8E+03  M  i

        Minor NonOpt  QP mult  QP step   rgNorm Elastic QP obj     nS
          100    501 -8.0E+05  6.2E-10           2.0515808E+06

        Minor NonOpt  QP mult  QP step   rgNorm Elastic QP obj     nS
          200    425  2.5E+05  1.3E-17           7.7497534E+05

        Minor NonOpt  QP mult  QP step   rgNorm Elastic QP obj     nS
          300    391  2.2E+05  2.4E-17           4.5024416E+04

        Minor NonOpt  QP mult  QP step   rgNorm Elastic QP obj     nS
          400    181  2.9E+01  9.9E-03  1.1E-08  9.4850912E+03      1

        Minor NonOpt  QP mult  QP step   rgNorm Elastic QP obj     nS
          500     97  7.4E+01  8.9E-03  7.0E-10  9.4563483E+03      2

        Minor NonOpt  QP mult  QP step   rgNorm Elastic QP obj     nS
          600     60  5.6E-01  2.8E-01  4.0E-01  9.4494618E+03      2

        Minor NonOpt  QP mult  QP step   rgNorm Elastic QP obj     nS
          700     31           1.0E+00  8.2E-10  9.4460630E+03      2

        Minor NonOpt  QP mult  QP step   rgNorm Elastic QP obj     nS
          800     13  1.8E+00  6.6E-01  7.0E-01  9.4432513E+03      2

 Major Minors     Step   nCon Feasible  Optimal  MeritFunction     nS Penalty
    13    879  1.9E-02     38  2.1E+01  2.7E+00  1.1489414E+06      5 1.8E+03  M  i

        Minor NonOpt  QP mult  QP step   rgNorm Elastic QP obj     nS
          100    523 -1.8E+07  3.0E-07           1.3470076E+07

        Minor NonOpt  QP mult  QP step   rgNorm Elastic QP obj     nS
          200    433  4.3E+05  1.3E-08           1.2382964E+06

        Minor NonOpt  QP mult  QP step   rgNorm Elastic QP obj     nS
          300    431  2.3E+05  4.6E-18           7.4298221E+05

        Minor NonOpt  QP mult  QP step   rgNorm Elastic QP obj     nS
          400    421 -1.1E+06  1.0E-05           2.1930722E+05

        Minor NonOpt  QP mult  QP step   rgNorm Elastic QP obj     nS
          500    319  1.3E+04  2.7E-02  2.1E-06  1.0795105E+02      6

        Minor NonOpt  QP mult  QP step   rgNorm Elastic QP obj     nS
          600    321           1.0E+00  5.8E-14  7.3610783E+01      8

        Minor NonOpt  QP mult  QP step   rgNorm Elastic QP obj     nS
          700    305 -1.4E+00  3.0E-12  2.6E-12  5.6927669E+01      9

        Minor NonOpt  QP mult  QP step   rgNorm Elastic QP obj     nS
          800    277           1.0E+00  3.9E-12  5.2427226E+01     12

        Minor NonOpt  QP mult  QP step   rgNorm Elastic QP obj     nS
          900    263           1.0E+00  2.2E-11  4.7090562E+01     17

        Minor NonOpt  QP mult  QP step   rgNorm Elastic QP obj     nS
         1000    257  2.4E+00  7.1E-03  1.6E-05  4.3737348E+01     17

        Minor NonOpt  QP mult  QP step   rgNorm Elastic QP obj     nS
         1100    237           1.0E+00  6.0E-12  3.9268589E+01     17

        Minor NonOpt  QP mult  QP step   rgNorm Elastic QP obj     nS
         1200    211           1.0E+00  9.2E-13  3.5192247E+01     20

        Minor NonOpt  QP mult  QP step   rgNorm Elastic QP obj     nS
         1300    199           1.0E+00  9.2E-06  3.3318185E+01     21

        Minor NonOpt  QP mult  QP step   rgNorm Elastic QP obj     nS
         1400    197  9.5E-01  4.4E-02  2.4E-02  3.2110127E+01     23

        Minor NonOpt  QP mult  QP step   rgNorm Elastic QP obj     nS
         1500    186           7.1E-03  2.9E-01  3.1257934E+01     26

        Minor NonOpt  QP mult  QP step   rgNorm Elastic QP obj     nS
         1600    181           1.0E+00  4.5E-12  3.0995649E+01     31

        Minor NonOpt  QP mult  QP step   rgNorm Elastic QP obj     nS
         1700    173           1.0E+00  2.2E-09  3.0747398E+01     31

        Minor NonOpt  QP mult  QP step   rgNorm Elastic QP obj     nS
         1800    156           1.0E+00  1.2E-04  3.0383267E+01     34

        Minor NonOpt  QP mult  QP step   rgNorm Elastic QP obj     nS
         1900    143           4.1E-02  2.2E-06  2.9969391E+01     39

        Minor NonOpt  QP mult  QP step   rgNorm Elastic QP obj     nS
         2000    118           1.0E+00  2.0E-13  2.9491073E+01     52

        Minor NonOpt  QP mult  QP step   rgNorm Elastic QP obj     nS
         2100     94           1.0E+00  1.3E-12  2.9190206E+01     58

        Minor NonOpt  QP mult  QP step   rgNorm Elastic QP obj     nS
         2200     79  2.0E-02  1.0E+00  2.5E-07  2.9041693E+01     71

        Minor NonOpt  QP mult  QP step   rgNorm Elastic QP obj     nS
         2300     44  9.4E-03  1.0E+00  1.7E-08  2.8958310E+01     90

        Minor NonOpt  QP mult  QP step   rgNorm Elastic QP obj     nS
         2400     15           1.0E+00  5.0E-11  2.8947593E+01     99

 Major Minors     Step   nCon Feasible  Optimal  MeritFunction     nS Penalty
    14   2470  2.3E-02     41  2.0E+01  4.0E+03  1.1428432E+06    110 1.8E+03  M   T

        Minor NumInf  FP mult  FP step   rgNorm         SumInf     nS
          100     67           8.1E-01  3.0E-01  8.2882428E+02     10

        Minor NumInf  FP mult  FP step   rgNorm         SumInf     nS
          200     23  7.0E+01  4.0E-02           1.2159997E+02

        Minor NumInf  FP mult  FP step   rgNorm         SumInf     nS
          300     10  1.8E+01  8.9E-03           1.1290124E+01

        Minor NumInf  FP mult  FP step   rgNorm         SumInf     nS
          400      3  1.2E+04  3.8E-06           1.1534209E+00

        Minor NonOpt  QP mult  QP step   rgNorm Elastic QP obj     nS
          500    687  2.5E+07  1.3E-14           1.4924419E+08

        Minor NonOpt  QP mult  QP step   rgNorm Elastic QP obj     nS
          600    612  1.1E+07  5.1E-08           5.8602606E+07

        Minor NonOpt  QP mult  QP step   rgNorm Elastic QP obj     nS
          700    565  5.3E+06  4.8E-02           3.0499929E+07

        Minor NonOpt  QP mult  QP step   rgNorm Elastic QP obj     nS
          800    546 -7.9E+06  1.4E-03           1.8928381E+07

        Minor NonOpt  QP mult  QP step   rgNorm Elastic QP obj     nS
          900    535  8.4E+05  2.7E-09           1.1322233E+07

        Minor NonOpt  QP mult  QP step   rgNorm Elastic QP obj     nS
         1000    493  5.9E+05  6.6E-07           9.0055728E+06

        Minor NonOpt  QP mult  QP step   rgNorm Elastic QP obj     nS
         1100    482  4.6E+05  1.4E-08           6.9115816E+06

        Minor NonOpt  QP mult  QP step   rgNorm Elastic QP obj     nS
         1200    432  3.3E+05  6.1E-11           4.8648642E+06

        Minor NonOpt  QP mult  QP step   rgNorm Elastic QP obj     nS
         1300    405  2.6E+05  2.0E-10           3.1975309E+06

        Minor NonOpt  QP mult  QP step   rgNorm Elastic QP obj     nS
         1400    391  2.2E+05  2.2E-15           2.5379040E+06

        Minor NonOpt  QP mult  QP step   rgNorm Elastic QP obj     nS
         1500    384 -9.6E+05  7.1E-12           1.5468422E+06

        Minor NonOpt  QP mult  QP step   rgNorm Elastic QP obj     nS
         1600    366  2.6E+05  2.4E-17           1.0005919E+06

        Minor NonOpt  QP mult  QP step   rgNorm Elastic QP obj     nS
         1700    328  6.5E+06  1.2E-05           7.3000863E+05

        Minor NonOpt  QP mult  QP step   rgNorm Elastic QP obj     nS
         1800    296  2.5E+05  1.3E-17           1.3181660E+05

        Minor NonOpt  QP mult  QP step   rgNorm Elastic QP obj     nS
         1900    338  8.4E+00  1.0E-02  5.8E-10  1.6844057E+02      6

        Minor NonOpt  QP mult  QP step   rgNorm Elastic QP obj     nS
         2000    304           1.0E+00  4.5E-09  1.5376738E+02      9

        Minor NonOpt  QP mult  QP step   rgNorm Elastic QP obj     nS
         2100    279           1.0E+00  6.9E-13  1.4731762E+02     11

        Minor NonOpt  QP mult  QP step   rgNorm Elastic QP obj     nS
         2200    266  4.1E+01  1.0E+00  2.3E-08  1.4629199E+03     12

        Minor NonOpt  QP mult  QP step   rgNorm Elastic QP obj     nS
         2300    235  1.5E+00  2.4E-04  6.0E-10  1.4287688E+03     26

        Minor NonOpt  QP mult  QP step   rgNorm Elastic QP obj     nS
         2400    249           1.0E+00  1.5E-09  1.4253458E+03     26

        Minor NonOpt  QP mult  QP step   rgNorm Elastic QP obj     nS
         2500    223           1.0E+00  2.3E-09  1.4222130E+03     25

        Minor NonOpt  QP mult  QP step   rgNorm Elastic QP obj     nS
         2600    223           1.0E+00  2.4E-10  1.4203280E+03     26

        Minor NonOpt  QP mult  QP step   rgNorm Elastic QP obj     nS
         2700    198           1.0E+00  1.6E-09  1.4179025E+03     28

        Minor NonOpt  QP mult  QP step   rgNorm Elastic QP obj     nS
         2800    186           1.0E+00  3.0E-09  1.4163504E+03     30

        Minor NonOpt  QP mult  QP step   rgNorm Elastic QP obj     nS
         2900    177  2.2E-01  3.3E-02  1.5E-02  1.4148455E+03     34

        Minor NonOpt  QP mult  QP step   rgNorm Elastic QP obj     nS
         3000    159           1.0E+00  1.8E-11  1.4137074E+03     35

        Minor NonOpt  QP mult  QP step   rgNorm Elastic QP obj     nS
         3100    137  1.3E-01  2.2E-02  4.2E-01  1.4121279E+03     43

        Minor NonOpt  QP mult  QP step   rgNorm Elastic QP obj     nS
         3200    115           1.0E+00  2.4E-11  1.4110610E+03     44

        Minor NonOpt  QP mult  QP step   rgNorm Elastic QP obj     nS
         3300     97 -1.3E+00  8.3E-02  2.8E-03  1.4105116E+03     48

        Minor NonOpt  QP mult  QP step   rgNorm Elastic QP obj     nS
         3400     79  1.0E-01  1.0E+00  2.7E-10  1.4099984E+03     51

        Minor NonOpt  QP mult  QP step   rgNorm Elastic QP obj     nS
         3500     49  2.3E-02  2.3E-01  7.1E+00  1.4097212E+03     60

        Minor NonOpt  QP mult  QP step   rgNorm Elastic QP obj     nS
         3600     41           1.0E+00  5.0E-08  1.4096985E+03     61

        Minor NonOpt  QP mult  QP step   rgNorm Elastic QP obj     nS
         3700     25           1.0E+00  7.1E-09  1.4096909E+03     70

        Minor NonOpt  QP mult  QP step   rgNorm Elastic QP obj     nS
         3800      8           1.0E+00  8.3E-09  1.4096857E+03     83

 Major Minors     Step   nCon Feasible  Optimal  MeritFunction     nS Penalty
    15   3837  2.6E-01     43  1.8E+01  2.6E+02  1.3520042E+05     90 7.8E+01  MRl

        Minor NumInf  FP mult  FP step   rgNorm         SumInf     nS
          100     11  7.7E+02  6.4E-14  5.9E-06  2.0508442E+01     10

        Minor NumInf  FP mult  FP step   rgNorm         SumInf     nS
          200      4  1.9E+00  2.5E-11  1.4E-07  2.0531311E+00      4

        Minor NonOpt  QP mult  QP step   rgNorm Elastic QP obj     nS
          300    476 -2.8E+11  9.1E-13           3.8606908E+07

        Minor NonOpt  QP mult  QP step   rgNorm Elastic QP obj     nS
          400    597 -3.4E+11  8.0E-09           2.3876530E+07

        Minor NonOpt  QP mult  QP step   rgNorm Elastic QP obj     nS
          500    561  1.2E+08  9.2E-15           1.4608442E+07

        Minor NonOpt  QP mult  QP step   rgNorm Elastic QP obj     nS
          600    580  1.1E+07  6.3E-17           1.0715258E+07

        Minor NonOpt  QP mult  QP step   rgNorm Elastic QP obj     nS
          700    517  6.1E+05  6.9E-10           8.3270831E+06

        Minor NonOpt  QP mult  QP step   rgNorm Elastic QP obj     nS
          800    478 -3.4E+09  2.2E-08           6.4021011E+06

        Minor NonOpt  QP mult  QP step   rgNorm Elastic QP obj     nS
          900    473  5.3E+07  5.9E-10           5.4590088E+06

        Minor NonOpt  QP mult  QP step   rgNorm Elastic QP obj     nS
         1000    458  4.1E+05  1.1E-07           3.9119212E+06

        Minor NonOpt  QP mult  QP step   rgNorm Elastic QP obj     nS
         1100    404  2.8E+05  1.1E-09           2.4773901E+06

        Minor NonOpt  QP mult  QP step   rgNorm Elastic QP obj     nS
         1200    433 -2.5E+06  1.0E-06           1.7219396E+06

        Minor NonOpt  QP mult  QP step   rgNorm Elastic QP obj     nS
         1300    443 -1.0E+08  7.9E-09           1.3232111E+06

        Minor NonOpt  QP mult  QP step   rgNorm Elastic QP obj     nS
         1400    414  2.4E+05  5.0E-08           8.5791425E+05

        Minor NonOpt  QP mult  QP step   rgNorm Elastic QP obj     nS
         1500    400  1.2E+05  6.3E-06  2.7E+03  5.7905612E+05      1

        Minor NonOpt  QP mult  QP step   rgNorm Elastic QP obj     nS
         1600    391  6.7E+04  1.4E-05  1.6E-09  4.5829389E+05      1

        Minor NonOpt  QP mult  QP step   rgNorm Elastic QP obj     nS
         1700    254 -7.8E+06  1.9E-09  8.1E-11  8.2031313E+04      1

        Minor NonOpt  QP mult  QP step   rgNorm Elastic QP obj     nS
         1800    343           1.0E+00  3.3E-08  2.1309106E+03      5

        Minor NonOpt  QP mult  QP step   rgNorm Elastic QP obj     nS
         1900    346           1.0E+00  2.8E-10  1.4082182E+03     13

        Minor NonOpt  QP mult  QP step   rgNorm Elastic QP obj     nS
         2000    342  2.6E+00  1.0E+00  8.8E-02  1.3876316E+03     20

        Minor NonOpt  QP mult  QP step   rgNorm Elastic QP obj     nS
         2100    312  2.4E+00  1.0E+00  7.2E-10  1.3788822E+03     22

        Minor NonOpt  QP mult  QP step   rgNorm Elastic QP obj     nS
         2200    271           1.0E+00  1.7E-07  1.3723687E+03     25

        Minor NonOpt  QP mult  QP step   rgNorm Elastic QP obj     nS
         2300    258           1.0E+00  8.0E-10  1.3691092E+03     28

        Minor NonOpt  QP mult  QP step   rgNorm Elastic QP obj     nS
         2400    261           1.0E+00  2.8E-05  1.3666706E+03     31

        Minor NonOpt  QP mult  QP step   rgNorm Elastic QP obj     nS
         2500    255           1.0E+00  2.0E-09  1.3656325E+03     33

        Minor NonOpt  QP mult  QP step   rgNorm Elastic QP obj     nS
         2600     65           1.0E+00  5.7E-11  1.3628206E+03     31

        Minor NonOpt  QP mult  QP step   rgNorm Elastic QP obj     nS
         2700    230  3.5E+00  1.0E+00  4.1E-06  1.3601722E+03     35

        Minor NonOpt  QP mult  QP step   rgNorm Elastic QP obj     nS
         2800    200  1.9E-01  4.4E-01  8.2E-04  1.3587837E+03     42

        Minor NonOpt  QP mult  QP step   rgNorm Elastic QP obj     nS
         2900    183           1.0E+00  2.1E-10  1.3573921E+03     47

        Minor NonOpt  QP mult  QP step   rgNorm Elastic QP obj     nS
         3000    172           1.0E+00  8.3E-10  1.3564936E+03     50

        Minor NonOpt  QP mult  QP step   rgNorm Elastic QP obj     nS
         3100    153           1.0E+00  1.2E-10  1.3561855E+03     56

        Minor NonOpt  QP mult  QP step   rgNorm Elastic QP obj     nS
         3200    143           1.0E+00  7.6E-11  1.3558946E+03     60

        Minor NonOpt  QP mult  QP step   rgNorm Elastic QP obj     nS
         3300    124           1.0E+00  5.1E-09  1.3556972E+03     64

        Minor NonOpt  QP mult  QP step   rgNorm Elastic QP obj     nS
         3400    115  6.4E-02  2.8E-01  4.6E-02  1.3555803E+03     71

        Minor NonOpt  QP mult  QP step   rgNorm Elastic QP obj     nS
         3500    152           2.1E-02  1.6E+03  5.9408821E+03     61

        Minor NonOpt  QP mult  QP step   rgNorm Elastic QP obj     nS
         3600    148           1.0E+00  2.1E-10  4.6608249E+03     56

        Minor NonOpt  QP mult  QP step   rgNorm Elastic QP obj     nS
         3700    126           1.0E+00  2.5E-09  4.6525106E+03     60

        Minor NonOpt  QP mult  QP step   rgNorm Elastic QP obj     nS
         3800    118           3.4E-01  4.3E-01  4.6518420E+03     64

        Minor NonOpt  QP mult  QP step   rgNorm Elastic QP obj     nS
         3900     84           4.1E-01  2.6E-02  4.6517216E+03     75

        Minor NonOpt  QP mult  QP step   rgNorm Elastic QP obj     nS
         4000     63           1.0E+00  3.5E-10  4.6516277E+03     80

        Minor NonOpt  QP mult  QP step   rgNorm Elastic QP obj     nS
         4100     53           1.0E+00  4.7E-09  4.6515873E+03     84

        Minor NonOpt  QP mult  QP step   rgNorm Elastic QP obj     nS
         4200     31           1.0E+00  3.0E-09  4.6515365E+03     95

        Minor NonOpt  QP mult  QP step   rgNorm Elastic QP obj     nS
         4300                  1.0E+00  1.0E-09  4.6514655E+03    115

 Major Minors     Step   nCon Feasible  Optimal  MeritFunction     nS Penalty
    16   4300  4.7E-01     45  1.7E+01  1.9E+01  2.9950566E+04    115 3.9E+01 sMRl

        Minor NumInf  FP mult  FP step   rgNorm         SumInf     nS
          100      6           5.1E+01  1.5E-03  1.6310494E+00     15

        Minor NonOpt  QP mult  QP step   rgNorm Elastic QP obj     nS
          200    755 -5.1E+07  3.3E-08           4.2212703E+07

        Minor NonOpt  QP mult  QP step   rgNorm Elastic QP obj     nS
          300    506 -2.3E+07  4.4E-08           1.2914602E+07

        Minor NonOpt  QP mult  QP step   rgNorm Elastic QP obj     nS
          400    486  1.3E+06  9.6E-04           6.8721311E+06

        Minor NonOpt  QP mult  QP step   rgNorm Elastic QP obj     nS
          500    400 -3.9E+09  4.3E-12           3.3533902E+06

        Minor NonOpt  QP mult  QP step   rgNorm Elastic QP obj     nS
          600    439 -8.7E+06  7.5E-16           2.1952963E+06

        Minor NonOpt  QP mult  QP step   rgNorm Elastic QP obj     nS
          700    335 -3.3E+06  3.5E-08           1.6040590E+06

        Minor NonOpt  QP mult  QP step   rgNorm Elastic QP obj     nS
          800    370  4.6E+05  6.5E-17           9.5233304E+05

        Minor NonOpt  QP mult  QP step   rgNorm Elastic QP obj     nS
          900    311  7.6E+05  2.5E-08           5.5302690E+05

        Minor NonOpt  QP mult  QP step   rgNorm Elastic QP obj     nS
         1000    299  4.2E+04  6.5E-07           1.9111292E+05

        Minor NonOpt  QP mult  QP step   rgNorm Elastic QP obj     nS
         1100    258  1.0E+05  3.2E-07  2.0E-07  5.0530105E+03      1

        Minor NonOpt  QP mult  QP step   rgNorm Elastic QP obj     nS
         1200    245 -1.5E+01  3.8E-10  6.3E-11  2.1735250E+02     20

        Minor NonOpt  QP mult  QP step   rgNorm Elastic QP obj     nS
         1300    242           1.0E+00  8.3E-11  2.1058406E+02     25

        Minor NonOpt  QP mult  QP step   rgNorm Elastic QP obj     nS
         1400    206           1.0E+00  7.5E-12  2.0876943E+02     29

        Minor NonOpt  QP mult  QP step   rgNorm Elastic QP obj     nS
         1500    182           1.0E+00  3.2E-06  2.0804385E+02     31

        Minor NonOpt  QP mult  QP step   rgNorm Elastic QP obj     nS
         1600    178           1.0E+00  1.3E-10  2.0771535E+02     37

        Minor NonOpt  QP mult  QP step   rgNorm Elastic QP obj     nS
         1700    167 -1.2E-01  1.8E-11  1.0E-10  2.0711669E+02     34

        Minor NonOpt  QP mult  QP step   rgNorm Elastic QP obj     nS
         1800    163  1.7E-01  1.0E+00  3.0E-04  2.0678410E+02     37

        Minor NonOpt  QP mult  QP step   rgNorm Elastic QP obj     nS
         1900    143           1.0E+00  9.3E-07  2.0639916E+02     45

        Minor NonOpt  QP mult  QP step   rgNorm Elastic QP obj     nS
         2000    126  5.4E-02  2.7E-01  4.0E-02  2.0629477E+02     49

        Minor NonOpt  QP mult  QP step   rgNorm Elastic QP obj     nS
         2100    116           1.0E+00  8.3E-07  2.0618873E+02     54

        Minor NonOpt  QP mult  QP step   rgNorm Elastic QP obj     nS
         2200     98           1.0E+00  9.8E-11  2.0611107E+02     57

        Minor NonOpt  QP mult  QP step   rgNorm Elastic QP obj     nS
         2300     82           1.0E+00  2.3E-10  2.0605375E+02     58

        Minor NonOpt  QP mult  QP step   rgNorm Elastic QP obj     nS
         2400     66           1.0E+00  4.0E-08  2.0603164E+02     68

        Minor NonOpt  QP mult  QP step   rgNorm Elastic QP obj     nS
         2500     55           1.0E+00  1.3E-05  2.0599678E+02     74

        Minor NonOpt  QP mult  QP step   rgNorm Elastic QP obj     nS
         2600     45           1.0E+00  1.0E-09  2.0597152E+02     84

        Minor NonOpt  QP mult  QP step   rgNorm Elastic QP obj     nS
         2700     33           1.0E+00  1.1E-05  2.0596508E+02     90

        Minor NonOpt  QP mult  QP step   rgNorm Elastic QP obj     nS
         2800    142           1.0E+00  1.3E-10  1.8103273E+03     50

        Minor NonOpt  QP mult  QP step   rgNorm Elastic QP obj     nS
         2900     84           1.0E+00  5.1E-06  1.6199623E+03     58

        Minor NonOpt  QP mult  QP step   rgNorm Elastic QP obj     nS
         3000     91           1.0E+00  3.3E-03  1.6092319E+03     58

        Minor NonOpt  QP mult  QP step   rgNorm Elastic QP obj     nS
         3100    110           1.0E+00  7.7E-09  1.6019258E+03     57

        Minor NonOpt  QP mult  QP step   rgNorm Elastic QP obj     nS
         3200     95  3.2E+03  1.5E-04  2.9E-01  1.5927374E+03     57

        Minor NonOpt  QP mult  QP step   rgNorm Elastic QP obj     nS
         3300    345           1.0E+00  3.9E-11  1.1086516E+03     46

        Minor NonOpt  QP mult  QP step   rgNorm Elastic QP obj     nS
         3400    356           1.0E+00  1.9E-11  9.0215983E+02     50

        Minor NonOpt  QP mult  QP step   rgNorm Elastic QP obj     nS
         3500    368  6.0E+02  1.7E-02  5.9E+02  8.2971462E+02     58

        Minor NonOpt  QP mult  QP step   rgNorm Elastic QP obj     nS
         3600    367  2.2E+05  5.1E-15  1.7E-11  7.0837565E+02     62

        Minor NonOpt  QP mult  QP step   rgNorm Elastic QP obj     nS
         3700    373           1.0E+00  7.0E-12  6.0763286E+02     68

        Minor NonOpt  QP mult  QP step   rgNorm Elastic QP obj     nS
         3800    361           1.0E+00  2.1E-10  5.6020384E+02     74

        Minor NonOpt  QP mult  QP step   rgNorm Elastic QP obj     nS
         3900    357  2.4E+01  1.0E+00  1.4E-01  5.0826255E+02     91

        Minor NonOpt  QP mult  QP step   rgNorm Elastic QP obj     nS
         4000    357 -1.8E+01  1.0E+00  4.2E-04  4.5356232E+02    102

        Minor NonOpt  QP mult  QP step   rgNorm Elastic QP obj     nS
         4100    352           1.0E+00  9.9E-09  4.1396468E+02    113

        Minor NonOpt  QP mult  QP step   rgNorm Elastic QP obj     nS
         4200    335           1.0E+00  8.2E-09  3.4731747E+02    132

        Minor NonOpt  QP mult  QP step   rgNorm Elastic QP obj     nS
         4300    329           1.0E+00  3.6E-06  3.1843755E+02    145

        Minor NonOpt  QP mult  QP step   rgNorm Elastic QP obj     nS
         4400    303 -8.4E+00  1.0E+00  3.4E-03  2.9817402E+02    163

        Minor NonOpt  QP mult  QP step   rgNorm Elastic QP obj     nS
         4500    288           1.0E+00  4.7E-10  2.8609875E+02    180

        Minor NonOpt  QP mult  QP step   rgNorm Elastic QP obj     nS
         4600    280           1.0E+00  3.1E-06  2.7754498E+02    191

        Minor NonOpt  QP mult  QP step   rgNorm Elastic QP obj     nS
         4700    261           1.0E+00  5.1E-13  2.6526044E+02    213

        Minor NonOpt  QP mult  QP step   rgNorm Elastic QP obj     nS
         4800    252           1.0E+00  5.6E-10  2.5760207E+02    224

        Minor NonOpt  QP mult  QP step   rgNorm Elastic QP obj     nS
         4900    231  4.9E+00  1.0E+00  4.3E-01  2.4917729E+02    248

        Minor NonOpt  QP mult  QP step   rgNorm Elastic QP obj     nS
         5000    197  5.1E+03  1.3E-02  1.2E-01  2.4268203E+02    273

        Minor NonOpt  QP mult  QP step   rgNorm Elastic QP obj     nS
         5100    189           1.0E+00  1.1E-08  2.3640829E+02    298

        Minor NonOpt  QP mult  QP step   rgNorm Elastic QP obj     nS
         5200    164           1.0E+00  2.7E-12  2.2962511E+02    327

        Minor NonOpt  QP mult  QP step   rgNorm Elastic QP obj     nS
         5300    136           1.0E+00  6.3E-12  2.2567029E+02    360

        Minor NonOpt  QP mult  QP step   rgNorm Elastic QP obj     nS
         5400    108           1.0E+00  6.9E-12  2.2348886E+02    387

        Minor NonOpt  QP mult  QP step   rgNorm Elastic QP obj     nS
         5500     78  1.1E+00  1.0E+00  3.8E-05  2.2177352E+02    425

        Minor NonOpt  QP mult  QP step   rgNorm Elastic QP obj     nS
         5600     44           1.0E+00  7.2E-12  2.2112922E+02    462

        Minor NonOpt  QP mult  QP step   rgNorm Elastic QP obj     nS
         5700      9           1.0E+00  1.1E-10  2.2056509E+02    498

 Major Minors     Step   nCon Feasible  Optimal  MeritFunction     nS Penalty
    17   5723  5.0E-01     46  9.9E+00  8.9E+02  1.2319011E+04    506 3.8E+01 s rl T

        Minor NonOpt  QP mult  QP step   rgNorm Elastic QP obj     nS
          100                  2.3E-05  8.8E+04  3.7862089E+06    406

        Minor NonOpt  QP mult  QP step   rgNorm Elastic QP obj     nS
          200                  8.1E-02  8.1E+00  3.5275583E+06    306

        Minor NonOpt  QP mult  QP step   rgNorm Elastic QP obj     nS
          300    181  2.3E+07  7.7E-06  6.9E-01  8.7047673E+05    259

        Minor NonOpt  QP mult  QP step   rgNorm Elastic QP obj     nS
          400    175  4.8E+05  6.6E-15  3.4E-09  5.5637972E+05    180

        Minor NonOpt  QP mult  QP step   rgNorm Elastic QP obj     nS
          500    189 -1.3E+05  2.4E-04  2.1E-03  6.3561599E+04    175

        Minor NonOpt  QP mult  QP step   rgNorm Elastic QP obj     nS
          600    233           1.0E+00  1.2E-11  2.1713801E+02    184

        Minor NonOpt  QP mult  QP step   rgNorm Elastic QP obj     nS
          700    223  3.2E+00  1.8E-02  3.2E+00  1.6064132E+02    205

        Minor NonOpt  QP mult  QP step   rgNorm Elastic QP obj     nS
          800    218  3.0E+00  1.0E+00  2.6E-06  1.5280297E+02    215

        Minor NonOpt  QP mult  QP step   rgNorm Elastic QP obj     nS
          900    197           1.0E+00  7.0E-09  1.4313518E+02    232

        Minor NonOpt  QP mult  QP step   rgNorm Elastic QP obj     nS
         1000    190           1.0E+00  4.0E-10  1.3496170E+02    246

        Minor NonOpt  QP mult  QP step   rgNorm Elastic QP obj     nS
         1100    177           1.0E+00  3.7E-06  1.3267402E+02    255

        Minor NonOpt  QP mult  QP step   rgNorm Elastic QP obj     nS
         1200    167           1.0E+00  2.5E-08  1.3073456E+02    267

        Minor NonOpt  QP mult  QP step   rgNorm Elastic QP obj     nS
         1300    158           1.0E+00  7.2E-07  1.2975393E+02    288

        Minor NonOpt  QP mult  QP step   rgNorm Elastic QP obj     nS
         1400    138           1.0E+00  7.3E-12  1.2924028E+02    309

        Minor NonOpt  QP mult  QP step   rgNorm Elastic QP obj     nS
         1500    120           1.0E+00  3.2E-09  1.2891595E+02    328

        Minor NonOpt  QP mult  QP step   rgNorm Elastic QP obj     nS
         1600    105           1.0E+00  6.9E-11  1.2864686E+02    349

        Minor NonOpt  QP mult  QP step   rgNorm Elastic QP obj     nS
         1700     85           1.0E+00  3.7E-09  1.2840979E+02    374

        Minor NonOpt  QP mult  QP step   rgNorm Elastic QP obj     nS
         1800     62           1.0E+00  3.0E-11  1.2827919E+02    397

        Minor NonOpt  QP mult  QP step   rgNorm Elastic QP obj     nS
         1900     43           1.0E+00  7.0E-07  1.2823432E+02    421

        Minor NonOpt  QP mult  QP step   rgNorm Elastic QP obj     nS
         2000     17           1.0E+00  4.2E-10  1.2820586E+02    446

 Major Minors     Step   nCon Feasible  Optimal  MeritFunction     nS Penalty
    18   2063  1.0E+00     47  7.0E+00  1.7E+03  2.8897930E+03    462 3.8E+01 s

        Minor NonOpt  QP mult  QP step   rgNorm Elastic QP obj     nS
          100                  1.7E-02  1.7E+01  1.4282921E+02    362

        Minor NonOpt  QP mult  QP step   rgNorm Elastic QP obj     nS
          200     86           1.0E+00  7.0E-07  1.2882529E+02    337

        Minor NonOpt  QP mult  QP step   rgNorm Elastic QP obj     nS
          300     77           1.0E+00  2.2E-09  1.2804922E+02    337

        Minor NonOpt  QP mult  QP step   rgNorm Elastic QP obj     nS
          400     65  5.8E-01  1.0E+00  1.1E-04  1.2548019E+02    351

        Minor NonOpt  QP mult  QP step   rgNorm Elastic QP obj     nS
          500     75  5.1E+02  1.0E+00  8.8E-06  1.2620026E+02    364

        Minor NonOpt  QP mult  QP step   rgNorm Elastic QP obj     nS
          600     30           1.0E+00  9.1E-13  1.2611637E+02    402

        Minor NonOpt  QP mult  QP step   rgNorm Elastic QP obj     nS
          700      6           1.0E+00  2.4E-13  1.2611517E+02    415

 Major Minors     Step   nCon Feasible  Optimal  MeritFunction     nS Penalty
    19    713  1.0E+00     48  3.3E+00  1.7E+03  2.8114533E+02    421 3.8E+01   R

        Minor NonOpt  QP mult  QP step   rgNorm Elastic QP obj     nS
          100                  9.6E-04  3.5E+01  1.2359515E+02    321

        Minor NonOpt  QP mult  QP step   rgNorm Elastic QP obj     nS
          200                  6.6E-02  1.8E+00  1.2251301E+02    221

        Minor NonOpt  QP mult  QP step   rgNorm Elastic QP obj     nS
          300     69           1.0E+00  1.4E-11  1.2225609E+02    190

        Minor NonOpt  QP mult  QP step   rgNorm Elastic QP obj     nS
          400     52  5.9E-02  2.0E-03  1.3E-01  1.2221761E+02    185

        Minor NonOpt  QP mult  QP step   rgNorm Elastic QP obj     nS
          500     14 -9.4E-03  5.5E-01  4.2E-03  1.2220500E+02    196

 Major Minors     Step   nCon Feasible  Optimal  MeritFunction     nS Penalty
    20    549  1.0E+00     49  1.3E-01  5.4E+02  1.2514599E+02    206 3.8E+01 s

        Minor NonOpt  QP mult  QP step   rgNorm Elastic QP obj     nS
          100                  9.0E-03  2.4E+01  7.2021562E+05    106

        Minor NonOpt  QP mult  QP step   rgNorm Elastic QP obj     nS
          200    251  1.3E+06  2.1E-04  3.6E-01  3.5056584E+05     50

        Minor NonOpt  QP mult  QP step   rgNorm Elastic QP obj     nS
          300    221  1.3E+05  5.7E-13  2.6E-02  2.0436714E+04     50

        Minor NonOpt  QP mult  QP step   rgNorm Elastic QP obj     nS
          400    215           1.0E+00  2.4E-11  1.2673756E+02     51

        Minor NonOpt  QP mult  QP step   rgNorm Elastic QP obj     nS
          500    204           1.0E+00  5.7E-12  1.2556100E+02     53

        Minor NonOpt  QP mult  QP step   rgNorm Elastic QP obj     nS
          600    209           1.0E+00  3.1E-10  1.2467364E+02     57

        Minor NonOpt  QP mult  QP step   rgNorm Elastic QP obj     nS
          700    199  3.4E-01  1.0E+00  4.0E-04  1.2383413E+02     63

        Minor NonOpt  QP mult  QP step   rgNorm Elastic QP obj     nS
          800    175           1.7E-01  1.6E-01  1.2347355E+02     70

        Minor NonOpt  QP mult  QP step   rgNorm Elastic QP obj     nS
          900    176           1.0E+00  1.4E-10  1.2332085E+02     75

        Minor NonOpt  QP mult  QP step   rgNorm Elastic QP obj     nS
         1000    165  9.2E-01  1.0E+00  2.6E-05  1.2308130E+02     78

        Minor NonOpt  QP mult  QP step   rgNorm Elastic QP obj     nS
         1100    149  1.5E+00  1.0E+00  1.5E-09  1.2263885E+02     88

        Minor NonOpt  QP mult  QP step   rgNorm Elastic QP obj     nS
         1200    145  8.3E+01  1.0E+00  1.9E-05  1.2224619E+02     99

        Minor NonOpt  QP mult  QP step   rgNorm Elastic QP obj     nS
         1300    125  1.0E-01  1.4E-01  8.7E-02  1.2210588E+02    102

        Minor NonOpt  QP mult  QP step   rgNorm Elastic QP obj     nS
         1400    109           1.0E+00  7.2E-08  1.2195304E+02    114

        Minor NonOpt  QP mult  QP step   rgNorm Elastic QP obj     nS
         1500     96           1.0E+00  6.2E-12  1.2183110E+02    124

        Minor NonOpt  QP mult  QP step   rgNorm Elastic QP obj     nS
         1600     85 -4.6E-02  1.0E+00  3.2E-02  1.2176065E+02    136

        Minor NonOpt  QP mult  QP step   rgNorm Elastic QP obj     nS
         1700     69           1.0E+00  1.4E-04  1.2172355E+02    142

        Minor NonOpt  QP mult  QP step   rgNorm Elastic QP obj     nS
         1800     66           1.0E+00  2.2E-07  1.2169272E+02    148

        Minor NonOpt  QP mult  QP step   rgNorm Elastic QP obj     nS
         1900     20 -9.8E-03  1.0E+00  1.2E-05  1.2167630E+02    174

 Major Minors     Step   nCon Feasible  Optimal  MeritFunction     nS Penalty
    21   1946  4.3E-01     51  5.5E-01  1.7E+03  1.2386206E+02    186 3.8E+01

        Minor NonOpt  QP mult  QP step   rgNorm Elastic QP obj     nS
          100                  3.7E-01  5.2E+00  4.3808196E+06     86

        Minor NonOpt  QP mult  QP step   rgNorm Elastic QP obj     nS
          200    254           1.2E-02  2.7E+01  8.3694391E+05     28

        Minor NonOpt  QP mult  QP step   rgNorm Elastic QP obj     nS
          300    286  3.4E+05  4.7E-08  8.0E-08  3.1613556E+05     18

        Minor NonOpt  QP mult  QP step   rgNorm Elastic QP obj     nS
          400    241           1.0E+00  2.6E-11  3.1586164E+04     19

        Minor NonOpt  QP mult  QP step   rgNorm Elastic QP obj     nS
          500    281  3.0E+03  1.6E-06  9.4E-09  1.2967988E+02     21

        Minor NonOpt  QP mult  QP step   rgNorm Elastic QP obj     nS
          600    234  2.2E+00  4.6E-02  2.1E+00  1.2828104E+02     28

        Minor NonOpt  QP mult  QP step   rgNorm Elastic QP obj     nS
          700    210           1.0E+00  4.1E-06  1.2682601E+02     36

        Minor NonOpt  QP mult  QP step   rgNorm Elastic QP obj     nS
          800    202           1.0E+00  5.1E-11  1.2597186E+02     41

        Minor NonOpt  QP mult  QP step   rgNorm Elastic QP obj     nS
          900    206           1.0E+00  1.6E-11  1.2476411E+02     51

        Minor NonOpt  QP mult  QP step   rgNorm Elastic QP obj     nS
         1000    159           1.0E+00  5.9E-07  1.2377293E+02     52

        Minor NonOpt  QP mult  QP step   rgNorm Elastic QP obj     nS
         1100    171           1.0E+00  5.0E-10  1.2340281E+02     57

        Minor NonOpt  QP mult  QP step   rgNorm Elastic QP obj     nS
         1200    161           1.0E+00  2.8E-02  1.2304389E+02     69

        Minor NonOpt  QP mult  QP step   rgNorm Elastic QP obj     nS
         1300    144           1.0E+00  1.0E-11  1.2253345E+02     80

        Minor NonOpt  QP mult  QP step   rgNorm Elastic QP obj     nS
         1400    134           1.0E+00  2.0E-11  1.2225031E+02     89

        Minor NonOpt  QP mult  QP step   rgNorm Elastic QP obj     nS
         1500    125           1.0E+00  5.0E-11  1.2197075E+02     96

        Minor NonOpt  QP mult  QP step   rgNorm Elastic QP obj     nS
         1600    124           1.0E+00  2.5E-10  1.2179871E+02     97

        Minor NonOpt  QP mult  QP step   rgNorm Elastic QP obj     nS
         1700    106           1.0E+00  2.7E-11  1.2169094E+02    103

        Minor NonOpt  QP mult  QP step   rgNorm Elastic QP obj     nS
         1800     93           1.0E+00  5.6E-07  1.2159620E+02    111

        Minor NonOpt  QP mult  QP step   rgNorm Elastic QP obj     nS
         1900     57           1.0E+00  3.1E-04  1.2151943E+02    121

        Minor NonOpt  QP mult  QP step   rgNorm Elastic QP obj     nS
         2000     36  4.1E-02  3.1E-01  2.8E-02  1.2147479E+02    128

        Minor NonOpt  QP mult  QP step   rgNorm Elastic QP obj     nS
         2100      7           1.0E+00  7.9E-14  1.2146175E+02    149

 Major Minors     Step   nCon Feasible  Optimal  MeritFunction     nS Penalty
    22   2120  1.0E+00     52  3.7E-01  1.5E+03  1.2212633E+02    156 3.8E+01   R  T

        Minor NonOpt  QP mult  QP step   rgNorm Elastic QP obj     nS
          100    113           1.0E+00  4.2E-13  7.8440169E+05     65

        Minor NonOpt  QP mult  QP step   rgNorm Elastic QP obj     nS
          200    133           1.0E+00  2.1E-06  3.9219478E+05     52

        Minor NonOpt  QP mult  QP step   rgNorm Elastic QP obj     nS
          300    154  6.7E+05  5.2E-11  2.4E-06  3.6806856E+05     52

        Minor NonOpt  QP mult  QP step   rgNorm Elastic QP obj     nS
          400    170 -5.0E+06  6.6E-14  5.1E-11  2.0973807E+03     52

        Minor NonOpt  QP mult  QP step   rgNorm Elastic QP obj     nS
          500    169           1.0E+00  2.1E-10  1.2357814E+02     60

        Minor NonOpt  QP mult  QP step   rgNorm Elastic QP obj     nS
          600    147  1.9E+00  1.0E+00  4.4E-04  1.2301638E+02     62

        Minor NonOpt  QP mult  QP step   rgNorm Elastic QP obj     nS
          700    143           1.0E+00  1.2E-09  1.2291618E+02     63

        Minor NonOpt  QP mult  QP step   rgNorm Elastic QP obj     nS
          800    134  2.6E-01  1.0E+00  2.0E+00  1.2248153E+02     66

        Minor NonOpt  QP mult  QP step   rgNorm Elastic QP obj     nS
          900    124           1.0E+00  9.2E-03  1.2203268E+02     69

        Minor NonOpt  QP mult  QP step   rgNorm Elastic QP obj     nS
         1000    124  1.6E+02  1.3E-01  1.4E+02  1.2183938E+02     73

        Minor NonOpt  QP mult  QP step   rgNorm Elastic QP obj     nS
         1100    105           1.0E+00  5.5E-10  1.2162534E+02     80

        Minor NonOpt  QP mult  QP step   rgNorm Elastic QP obj     nS
         1200     95           1.0E+00  2.1E-13  1.2147260E+02     86

        Minor NonOpt  QP mult  QP step   rgNorm Elastic QP obj     nS
         1300     75           1.0E+00  6.2E-12  1.2131523E+02    101

        Minor NonOpt  QP mult  QP step   rgNorm Elastic QP obj     nS
         1400     67           1.0E+00  1.7E-11  1.2127039E+02    107

        Minor NonOpt  QP mult  QP step   rgNorm Elastic QP obj     nS
         1500     46           1.0E+00  1.3E-11  1.2126284E+02    113

        Minor NonOpt  QP mult  QP step   rgNorm Elastic QP obj     nS
         1600     14 -4.6E-03  1.0E+00  6.9E-05  1.2125364E+02    140

 Major Minors     Step   nCon Feasible  Optimal  MeritFunction     nS Penalty
    23   1631  1.0E+00     53  6.3E-02  2.5E+02  1.2139254E+02    150 3.8E+01 s R

        Minor NonOpt  QP mult  QP step   rgNorm Elastic QP obj     nS
          100     34  6.9E-01  8.6E-04  1.4E-11  1.2102337E+02    102

        Minor NonOpt  QP mult  QP step   rgNorm Elastic QP obj     nS
          200      7           1.0E+00  1.5E-10  1.2101305E+02    115

 Major Minors     Step   nCon Feasible  Optimal  MeritFunction     nS Penalty
    24    225  1.0E+00     54  8.5E-02  3.4E+02  1.2123044E+02    119 3.8E+01 s

        Minor NonOpt  QP mult  QP step   rgNorm Elastic QP obj     nS
          100     33           1.0E+00  7.1E-11  1.2091858E+02     98

        Minor NonOpt  QP mult  QP step   rgNorm Elastic QP obj     nS
          200      6           1.0E+00  1.9E-13  1.2090823E+02    112

 Major Minors     Step   nCon Feasible  Optimal  MeritFunction     nS Penalty
    25    208  4.1E-01     56  9.1E-02  3.7E+02  1.2114532E+02    117 3.8E+01

        Minor NonOpt  QP mult  QP step   rgNorm Elastic QP obj     nS
          100     34  3.9E-02  6.7E-01  1.3E-02  1.2084403E+02     97

 Major Minors     Step   nCon Feasible  Optimal  MeritFunction     nS Penalty
    26    164  3.6E-01     58  8.5E-02  3.4E+02  1.2108780E+02    108 3.8E+01

        Minor NonOpt  QP mult  QP step   rgNorm Elastic QP obj     nS
          100     16  2.4E-02  4.2E-02  2.3E-02  1.2083098E+02     99

        Minor NonOpt  QP mult  QP step   rgNorm Elastic QP obj     nS
          200     56           1.0E+00  2.1E-11  1.2092037E+02     88

        Minor NonOpt  QP mult  QP step   rgNorm Elastic QP obj     nS
          300     36           1.0E+00  3.4E-02  1.2088534E+02     94

 Major Minors     Step   nCon Feasible  Optimal  MeritFunction     nS Penalty
    27    388  3.4E-01     60  6.7E-02  2.7E+02  1.2104073E+02    114 3.8E+01   R
    28     87  1.0E+00     61  1.5E-02  5.9E+01  1.2088553E+02    110 3.8E+01 s

        Minor NonOpt  QP mult  QP step   rgNorm Elastic QP obj     nS
          100      2  1.7E-03  1.0E+00  2.2E-08  1.2078614E+02     95

 Major Minors     Step   nCon Feasible  Optimal  MeritFunction     nS Penalty
    29    105  1.0E+00     62  2.8E-02  1.1E+02  1.2084523E+02     96 3.8E+01

 Major Minors     Step   nCon Feasible  Optimal  MeritFunction     nS Penalty
    30     56  4.5E-01     64  2.2E-02  8.9E+01  1.2082067E+02     93 3.8E+01

        Minor NonOpt  QP mult  QP step   rgNorm Elastic QP obj     nS
          100                  9.4E-01  5.5E-03  2.6673033E+06     32

        Minor NonOpt  QP mult  QP step   rgNorm Elastic QP obj     nS
          200    182  4.0E+05  4.0E-06  1.2E-06  4.4175823E+05     30

        Minor NonOpt  QP mult  QP step   rgNorm Elastic QP obj     nS
          300    124 -6.1E+07  1.7E-12  1.4E-10  2.7605577E+04     26

        Minor NonOpt  QP mult  QP step   rgNorm Elastic QP obj     nS
          400    172           1.0E+00  2.1E-08  1.2469225E+02     31

        Minor NonOpt  QP mult  QP step   rgNorm Elastic QP obj     nS
          500    134  6.5E-01  5.0E-02  6.2E-01  1.2214596E+02     36

        Minor NonOpt  QP mult  QP step   rgNorm Elastic QP obj     nS
          600    103  6.9E-01  1.5E-01  5.9E-01  1.2135416E+02     45

        Minor NonOpt  QP mult  QP step   rgNorm Elastic QP obj     nS
          700     83           1.0E+00  9.5E-09  1.2104906E+02     58

        Minor NonOpt  QP mult  QP step   rgNorm Elastic QP obj     nS
          800     59  4.3E-02  3.6E-03  4.3E-02  1.2088310E+02     70

        Minor NonOpt  QP mult  QP step   rgNorm Elastic QP obj     nS
          900     32           1.0E+00  4.0E-10  1.2079459E+02     76

        Minor NonOpt  QP mult  QP step   rgNorm Elastic QP obj     nS
         1000      2           1.0E+00  2.1E-08  1.2078474E+02     94

 Major Minors     Step   nCon Feasible  Optimal  MeritFunction     nS Penalty
    31   1009  4.8E-01     66  1.8E-02  7.0E+01  1.2080484E+02     96 3.8E+01
    32     79  5.9E-01     68  1.3E-02  5.4E+01  1.2079285E+02     95 3.8E+01
    33     45  3.9E-01     70  1.3E-02  5.2E+01  1.2078654E+02     91 3.8E+01
    34     29  3.4E-01     72  1.4E-02  5.4E+01  1.2078301E+02     92 3.8E+01
    35     46  3.7E-01     74  1.5E-02  6.0E+01  1.2077733E+02     93 3.8E+01

        Minor NonOpt  QP mult  QP step   rgNorm Elastic QP obj     nS
          100    107           1.0E+00  3.2E-08  1.2102331E+02     45

        Minor NonOpt  QP mult  QP step   rgNorm Elastic QP obj     nS
          200     80  1.3E+01  4.7E-01  4.1E-02  1.2095476E+02     52

        Minor NonOpt  QP mult  QP step   rgNorm Elastic QP obj     nS
          300     46  5.5E-02  6.9E-01  1.5E-01  1.2080540E+02     57

        Minor NonOpt  QP mult  QP step   rgNorm Elastic QP obj     nS
          400     46           1.0E+00  1.0E-06  1.2077222E+02     67

        Minor NonOpt  QP mult  QP step   rgNorm Elastic QP obj     nS
          500     20           1.0E+00  7.7E-12  1.2075862E+02     74

 Major Minors     Step   nCon Feasible  Optimal  MeritFunction     nS Penalty
    36    580  5.1E-01     76  1.4E-02  5.6E+01  1.2076940E+02     91 3.8E+01
    37     24  1.0E+00     77  1.2E-02  4.7E+01  1.2076239E+02     86 3.8E+01
    38     21  1.0E+00     78 (9.5E-04) 3.8E+00  1.2075692E+02     87 3.8E+01   R
    39     21  1.0E+00     79 (2.6E-03) 1.0E+01  1.2075644E+02     90 3.8E+01 s

 Major Minors     Step   nCon Feasible  Optimal  MeritFunction     nS Penalty
    40     11  1.0E+00     80 (5.7E-04) 2.3E+00  1.2075520E+02     86 3.8E+01
    41     13  1.0E+00     81 (2.0E-04) 8.0E-01  1.2075461E+02     86 3.8E+01
    42      7  1.0E+00     82 (3.6E-04) 1.4E+00  1.2075377E+02     84 3.8E+01
    43     18  1.0E+00     83 (1.1E-04) 4.5E-01  1.2075319E+02     87 3.8E+01
    44      3  1.0E+00     84 (1.5E-03) 6.1E+00  1.2075186E+02     86 3.8E+01
    45      3  1.0E+00     85 (7.3E-04) 2.9E+00  1.2075135E+02     85 3.8E+01
    46      5  1.0E+00     86 (1.9E-03) 7.6E+00  1.2075073E+02     84 3.8E+01
    47      7  1.0E+00     87 (1.0E-03) 4.0E+00  1.2075036E+02     80 3.8E+01
    48      7  1.0E+00     88 (4.7E-04) 1.9E+00  1.2075001E+02     83 3.8E+01
    49      6  1.0E+00     89 (6.4E-05) 2.5E-01  1.2074967E+02     82 3.8E+01   R

 Major Minors     Step   nCon Feasible  Optimal  MeritFunction     nS Penalty
    50      3  1.0E+00     90 (4.6E-05) 1.8E-01  1.2074956E+02     80 3.8E+01 s
    51      5  1.0E+00     91 (5.0E-05) 2.0E-01  1.2074944E+02     80 3.8E+01
    52      5  1.0E+00     92 (2.3E-04) 9.1E-01  1.2074929E+02     80 3.8E+01
    53      3  1.0E+00     93 (1.6E-04) 6.2E-01  1.2074917E+02     80 3.8E+01
    54      2  1.0E+00     94 (3.0E-04) 1.2E+00  1.2074903E+02     79 3.8E+01
    55      5  1.0E+00     95 (9.8E-05) 3.9E-01  1.2074895E+02     79 3.8E+01
    56      4  1.0E+00     96 (1.1E-04) 4.4E-01  1.2074884E+02     77 3.8E+01
    57      6  1.0E+00     97 (2.2E-04) 8.5E-01  1.2074862E+02     79 3.8E+01
    58      5  1.0E+00     98 (3.9E-04) 1.5E+00  1.2074827E+02     77 3.8E+01
    59      8  5.7E-01    100 (1.4E-03) 5.5E+00  1.2074775E+02     80 3.8E+01

 Major Minors     Step   nCon Feasible  Optimal  MeritFunction     nS Penalty
    60     15  3.9E-01    102 (2.3E-03) 9.0E+00  1.2074728E+02     80 3.8E+01   R
    61     13  1.0E+00    103 (1.8E-05) 7.0E-02  1.2074691E+02     79 3.8E+01 s
    62      9  5.0E-01    105 (2.9E-04) 1.1E+00  1.2074664E+02     79 3.8E+01
    63      6  1.0E+00    106 (1.4E-04) 5.7E-01  1.2074656E+02     78 3.8E+01
    64      1  1.0E+00    107 (4.5E-05) 1.8E-01  1.2074646E+02     78 3.8E+01
    65      2  1.0E+00    108 (6.0E-05) 2.4E-01  1.2074638E+02     79 3.8E+01
    66      1  1.0E+00    109 (9.2E-05) 3.7E-01  1.2074622E+02     79 3.8E+01
    67      7  1.0E+00    110 (5.8E-04) 2.3E+00  1.2074592E+02     77 3.8E+01
    68      3  1.0E+00    111 (2.0E-04) 7.9E-01  1.2074566E+02     75 3.8E+01
    69      6  1.0E+00    112 (3.5E-04) 1.4E+00  1.2074561E+02     76 3.8E+01

 Major Minors     Step   nCon Feasible  Optimal  MeritFunction     nS Penalty
    70      5  1.0E+00    113 (1.5E-04) 5.9E-01  1.2074558E+02     77 3.8E+01
    71      3  1.0E+00    114 (9.6E-05) 3.8E-01  1.2074554E+02     78 3.8E+01   R
    72      2  3.7E-01    116 (6.5E-05) 2.6E-01  1.2074552E+02     78 3.8E+01 s
    73      3  1.0E+00    117 (1.8E-06) 7.1E-02  1.2074551E+02     78 3.8E+01
    74      2  1.0E+00    118 (5.8E-07) 2.3E-02  1.2074551E+02     78 3.8E+01
    75      1  1.0E+00    119 (4.5E-06) 1.8E-01  1.2074550E+02     78 3.8E+01
    76      2  1.0E+00    120 (9.3E-06) 3.7E-01  1.2074550E+02     78 3.8E+01
    77      1  1.0E+00    121 (1.9E-05) 7.4E-01  1.2074549E+02     78 3.8E+01
    78      2  1.0E+00    122 (1.2E-05) 4.6E-01  1.2074549E+02     77 3.8E+01
    79      1  1.0E+00    123 (6.9E-06) 2.7E-01  1.2074549E+02     77 3.8E+01

 Major Minors     Step   nCon Feasible  Optimal  MeritFunction     nS Penalty
    80      1  1.0E+00    124 (7.6E-06) 3.0E-01  1.2074548E+02     77 3.8E+01
    81      2  1.0E+00    125 (1.9E-05) 7.3E-01  1.2074547E+02     78 3.8E+01
    82      1  1.0E+00    126 (3.7E-05) 1.5E+00  1.2074547E+02     78 3.8E+01   R
    83      1  1.0E+00    127 (1.1E-06) 4.2E-02  1.2074546E+02     78 3.8E+01 s
    84      1  1.0E+00    128 (1.2E-05) 4.7E-01  1.2074546E+02     78 3.8E+01
    85      2  1.0E+00    129 (1.6E-06) 6.2E-02  1.2074545E+02     77 3.8E+01
    86      2  1.0E+00    130 (3.1E-06) 1.2E-01  1.2074545E+02     78 3.8E+01
    87      2  1.0E+00    131 (5.7E-06) 2.3E-01  1.2074544E+02     77 3.8E+01
    88      1  1.0E+00    132 (6.3E-06) 2.5E-01  1.2074544E+02     77 3.8E+01
    89      1  1.0E+00    133 (3.4E-06) 1.4E-01  1.2074543E+02     77 3.8E+01

 Major Minors     Step   nCon Feasible  Optimal  MeritFunction     nS Penalty
    90      1  1.0E+00    134 (3.8E-06) 1.5E-01  1.2074543E+02     77 3.8E+01
    91      5  1.0E+00    135 (6.4E-06) 2.5E-01  1.2074542E+02     73 3.8E+01
    92      2  1.0E+00    136 (1.1E-03) 4.4E+01  1.2074541E+02     74 3.8E+01
    93      2  1.0E+00    137 (2.5E-06) 9.8E-02  1.2074541E+02     74 3.8E+01   R
    94      1  1.0E+00    138 (1.7E-06) 6.8E-02  1.2074541E+02     74 3.8E+01 s
    95      1  1.0E+00    139 (2.5E-07)(5.4E-06) 1.2074541E+02     74 3.8E+01
 
 SNOPTC EXIT   0 -- finished successfully
 SNOPTC INFO   1 -- optimality conditions satisfied

 Problem name                 Optimiza
 No. of iterations               35066   Objective            1.2074541023E+02
 No. of major iterations            95   Linear    obj. term  0.0000000000E+00
 Penalty parameter           3.843E+01   Nonlinear obj. term  1.2074541023E+02
 User function calls (total)       139
 No. of superbasics                 74   No. of basic nonlinears          1794
 No. of degenerate steps          3414   Percentage                       9.74
 Max x                     380 2.4E+00   Max pi                     90 1.3E+02
 Max Primal infeas        4673 5.8E-07   Max Dual infeas          5641 3.2E-01
 Nonlinear constraint violn    5.8E-07
 
 

 Solution printed on file  18
 
 Time for MPS input                             0.00 seconds
 Time for solving problem                     156.62 seconds
 Time for solution output                       0.00 seconds
 Time for constraint functions                129.12 seconds
 Time for objective function                    0.00 seconds
