
 ==============================
 S N O P T  7.7.1    (Nov 2018)
 ==============================
 
 SNMEMB EXIT 100 -- finished successfully
 SNMEMB INFO 104 -- memory requirements estimated

 ==============================
 S N O P T  7.7.1    (Nov 2018)
 ==============================
 
 

 Nonlinear constraints    7594     Linear constraints       0
 Nonlinear variables      4004     Linear variables         0
 Jacobian  variables      4004     Objective variables   4004
 Total constraints        7594     Total variables       4004
 

 
 The user has defined  505665   out of  505665   constraint gradients.
 The user has defined    4004   out of    4004   objective  gradients.
 

        Minor NumInf  FP mult  FP step   rgNorm         SumInf     nS
          100    905  3.4E+00  5.7E-02           1.7835616E+02

        Minor NumInf  FP mult  FP step   rgNorm         SumInf     nS
          200    832  2.5E+00  1.4E-12           1.6149991E+02

        Minor NumInf  FP mult  FP step   rgNorm         SumInf     nS
          300    813 -1.4E+04  2.7E-11           1.5504355E+02

        Minor NumInf  FP mult  FP step   rgNorm         SumInf     nS
          400    746  1.1E+02  1.6E-02           1.2367061E+02

        Minor NumInf  FP mult  FP step   rgNorm         SumInf     nS
          500    715 -8.7E+06  4.2E-12           1.1780044E+02

        Minor NumInf  FP mult  FP step   rgNorm         SumInf     nS
          600    663 -1.6E+00  3.8E-03           9.5831281E+01

        Minor NumInf  FP mult  FP step   rgNorm         SumInf     nS
          700    626 -1.3E+01  6.0E-02           7.6607749E+01

        Minor NumInf  FP mult  FP step   rgNorm         SumInf     nS
          800    554  1.9E+00  1.0E-03           7.0295161E+01

        Minor NumInf  FP mult  FP step   rgNorm         SumInf     nS
          900    498  1.5E+00  1.4E-04           7.0042229E+01

        Minor NumInf  FP mult  FP step   rgNorm         SumInf     nS
         1000    430  1.7E+00  7.9E-12           5.4153325E+01

        Minor NumInf  FP mult  FP step   rgNorm         SumInf     nS
         1100    401  1.5E+01  2.5E-04           4.7616777E+01

        Minor NumInf  FP mult  FP step   rgNorm         SumInf     nS
         1200    365  1.9E+00  1.5E-10           2.1783384E+01

        Minor NumInf  FP mult  FP step   rgNorm         SumInf     nS
         1300    267 -7.5E-01  6.5E-03           2.1319458E+01

        Minor NumInf  FP mult  FP step   rgNorm         SumInf     nS
         1400    168  6.6E-01  2.7E-03           1.9986841E+01

        Minor NumInf  FP mult  FP step   rgNorm         SumInf     nS
         1500     72 -7.6E-01  9.9E-04           1.9545574E+01

        Minor NumInf  FP mult  FP step   rgNorm         SumInf     nS
         1600     34  1.6E+00  4.9E-01           7.6112574E+00

        Minor NonOpt  QP mult  QP step   rgNorm   QP objective     nS
         1700   1179 -3.5E+02  1.0E+00  4.6E-10  1.5408048E+03      7

        Minor NonOpt  QP mult  QP step   rgNorm   QP objective     nS
         1800   1158           1.0E+00  8.9E-10  1.0774537E+03     15

        Minor NonOpt  QP mult  QP step   rgNorm   QP objective     nS
         1900   1145           1.0E+00  3.6E-07  9.2230435E+02     23

        Minor NonOpt  QP mult  QP step   rgNorm   QP objective     nS
         2000   1133  7.1E+00  1.0E+00  3.3E-10  7.8681120E+02     37

        Minor NonOpt  QP mult  QP step   rgNorm   QP objective     nS
         2100   1090           1.0E+00  4.0E-12  7.0790283E+02     66

        Minor NonOpt  QP mult  QP step   rgNorm   QP objective     nS
         2200   1068 -2.0E+00  1.0E+00  8.9E-07  6.7751084E+02     85

        Minor NonOpt  QP mult  QP step   rgNorm   QP objective     nS
         2300   1045           1.0E+00  7.2E-13  6.6526847E+02    113

        Minor NonOpt  QP mult  QP step   rgNorm   QP objective     nS
         2400   1032  1.5E+00  1.0E+00  2.3E-07  6.5839968E+02    139

        Minor NonOpt  QP mult  QP step   rgNorm   QP objective     nS
         2500   1009           1.0E+00  8.3E-05  6.5285456E+02    160

        Minor NonOpt  QP mult  QP step   rgNorm   QP objective     nS
         2600     11  3.4E-01  1.0E+00  4.2E-10  6.4883188E+02    192

 Major Minors     Step   nCon Feasible  Optimal  MeritFunction     nS Penalty
     0   2630               1  3.2E+00  7.1E-01  1.0000000E+02    203           r  T

        Minor NumInf  FP mult  FP step   rgNorm         SumInf     nS
          100    117           6.9E-05  1.1E+01  1.0843292E+02    103

        Minor NumInf  FP mult  FP step   rgNorm         SumInf     nS
          200    100           2.3E+02  7.8E-04  7.3984450E+01      3

        Minor NumInf  FP mult  FP step   rgNorm         SumInf     nS
          300     21  7.1E+00  1.9E-03           7.8999165E+00

        Minor NumInf  FP mult  FP step   rgNorm         SumInf     nS
          400     10 -4.4E-01  2.5E-02           4.0064091E+00

        Minor NumInf  FP mult  FP step   rgNorm         SumInf     nS
          500      8 -1.8E-03  4.7E-01           3.7947511E+00

        Minor NumInf  FP mult  FP step   rgNorm         SumInf     nS
          600      8 -2.1E-03  4.0E-01           3.7477003E+00

        Minor NumInf  FP mult  FP step   rgNorm         SumInf     nS
          700      8 -2.0E-02  9.9E-04           3.7182921E+00

        Minor NonOpt  QP mult  QP step   rgNorm Elastic QP obj     nS
          800    886 -8.5E+05  3.9E-14           2.6125492E+05

        Minor NonOpt  QP mult  QP step   rgNorm Elastic QP obj     nS
          900    904  8.5E+01  1.0E+00  7.8E-10  7.0712768E+04      9

        Minor NonOpt  QP mult  QP step   rgNorm Elastic QP obj     nS
         1000    801 -1.7E+01  1.0E+00  1.2E-08  6.9808406E+04     37

        Minor NonOpt  QP mult  QP step   rgNorm Elastic QP obj     nS
         1100    760  7.8E+00  1.0E+00  4.9E-04  6.9640046E+04     61

        Minor NonOpt  QP mult  QP step   rgNorm Elastic QP obj     nS
         1200    699           1.0E+00  6.8E-12  6.9589098E+04     86

        Minor NonOpt  QP mult  QP step   rgNorm Elastic QP obj     nS
         1300     56  2.7E+00  1.0E+00  3.6E-06  6.9558771E+04    118

        Minor NonOpt  QP mult  QP step   rgNorm Elastic QP obj     nS
         1400     15  6.9E-01  9.5E-02  6.3E-01  6.9548509E+04    156

 Major Minors     Step   nCon Feasible  Optimal  MeritFunction     nS Penalty
     1   1453  2.2E-01      2  1.0E+01  1.2E+00  9.1419491E+02    173 3.4E+01   rliT

        Minor NonOpt  QP mult  QP step   rgNorm Elastic QP obj     nS
          100                  1.5E-02  3.3E+02  5.0427823E+06     73

        Minor NonOpt  QP mult  QP step   rgNorm Elastic QP obj     nS
          200    726  8.3E+05  2.4E-08  8.3E+05  7.7955188E+05     19

        Minor NonOpt  QP mult  QP step   rgNorm Elastic QP obj     nS
          300    658  7.5E+00  3.1E-01  1.3E-08  6.7251841E+04     15

        Minor NonOpt  QP mult  QP step   rgNorm Elastic QP obj     nS
          400    660           1.0E+00  3.5E-14  6.7202307E+04      7

        Minor NonOpt  QP mult  QP step   rgNorm Elastic QP obj     nS
          500    572           1.0E+00  9.2E-12  6.7170075E+04      9

        Minor NonOpt  QP mult  QP step   rgNorm Elastic QP obj     nS
          600    287  3.4E+00  1.0E+00  1.9E-11  6.7161609E+04     18

        Minor NonOpt  QP mult  QP step   rgNorm Elastic QP obj     nS
          700    185           1.0E+00  2.8E-10  6.7158054E+04     37

        Minor NonOpt  QP mult  QP step   rgNorm Elastic QP obj     nS
          800     58           1.0E+00  5.9E-12  6.7156030E+04     51

 Major Minors     Step   nCon Feasible  Optimal  MeritFunction     nS Penalty
     2    883  1.3E-04      5  1.0E+01  1.2E+00  5.8149956E+05     63 5.3E+03 sM  i

        Minor NonOpt  QP mult  QP step   rgNorm Elastic QP obj     nS
          100   1171 -7.8E+09  1.1E-07           1.8725182E+07

        Minor NonOpt  QP mult  QP step   rgNorm Elastic QP obj     nS
          200   1146  4.9E+05  2.9E-12           1.6935454E+06

        Minor NonOpt  QP mult  QP step   rgNorm Elastic QP obj     nS
          300   1158  1.7E+05  1.8E-06           6.8002840E+05

        Minor NonOpt  QP mult  QP step   rgNorm Elastic QP obj     nS
          400    855  1.5E+05  5.0E-06           4.0044584E+05

        Minor NonOpt  QP mult  QP step   rgNorm Elastic QP obj     nS
          500    526 -3.1E+07  8.9E-04           6.6275616E+04

        Minor NonOpt  QP mult  QP step   rgNorm Elastic QP obj     nS
          600    655  1.3E+01  1.0E+00  4.0E-11  4.7356639E+04      2

        Minor NonOpt  QP mult  QP step   rgNorm Elastic QP obj     nS
          700    557 -6.8E+00  7.0E-02  4.3E-03  4.7274050E+04      3

        Minor NonOpt  QP mult  QP step   rgNorm Elastic QP obj     nS
          800    542           1.0E+00  1.5E-10  4.7260294E+04      9

        Minor NonOpt  QP mult  QP step   rgNorm Elastic QP obj     nS
          900    501           1.5E-01  6.1E-01  4.7252523E+04     14

        Minor NonOpt  QP mult  QP step   rgNorm Elastic QP obj     nS
         1000    520  7.8E-01  2.4E-03  1.6E-05  4.7246093E+04     18

        Minor NonOpt  QP mult  QP step   rgNorm Elastic QP obj     nS
         1100    523           8.7E-01  2.1E-01  4.7235876E+04     20

        Minor NonOpt  QP mult  QP step   rgNorm Elastic QP obj     nS
         1200    446  1.5E+01  1.2E-01  3.9E-04  4.7226357E+04     26

        Minor NonOpt  QP mult  QP step   rgNorm Elastic QP obj     nS
         1300    431           1.0E+00  9.0E-10  4.7223037E+04     28

        Minor NonOpt  QP mult  QP step   rgNorm Elastic QP obj     nS
         1400    404           4.0E-01  2.5E-02  4.7219778E+04     32

        Minor NonOpt  QP mult  QP step   rgNorm Elastic QP obj     nS
         1500    284           1.0E+00  1.4E-12  4.7216689E+04     36

        Minor NonOpt  QP mult  QP step   rgNorm Elastic QP obj     nS
         1600    229           1.0E+00  1.2E-10  4.7213411E+04     42

        Minor NonOpt  QP mult  QP step   rgNorm Elastic QP obj     nS
         1700    179           1.0E+00  7.0E-06  4.7211660E+04     50

        Minor NonOpt  QP mult  QP step   rgNorm Elastic QP obj     nS
         1800    121  1.5E-01  9.6E-03  3.4E-04  4.7209746E+04     58

        Minor NonOpt  QP mult  QP step   rgNorm Elastic QP obj     nS
         1900     80           1.0E+00  4.6E-09  4.7208685E+04     65

        Minor NonOpt  QP mult  QP step   rgNorm Elastic QP obj     nS
         2000     32  1.1E-01  1.0E+00  7.9E-03  4.7207717E+04     72

        Minor NonOpt  QP mult  QP step   rgNorm Elastic QP obj     nS
         2100      3           1.0E+00  1.1E-04  4.7206821E+04     78

 Major Minors     Step   nCon Feasible  Optimal  MeritFunction     nS Penalty
     3   2123  1.8E-02      8  9.8E+00  1.2E+00  5.8059743E+05     78 5.3E+03  M  i

        Minor NumInf  FP mult  FP step   rgNorm         SumInf     nS
          100     40  5.1E+01  4.3E-05           3.5211968E+01

        Minor NumInf  FP mult  FP step   rgNorm         SumInf     nS
          200     38  3.8E+02  9.8E-07           1.5120711E+01

        Minor NumInf  FP mult  FP step   rgNorm         SumInf     nS
          300     17 -6.6E+01  5.2E-06           6.9249319E+00

        Minor NonOpt  QP mult  QP step   rgNorm Elastic QP obj     nS
          400   1247  4.7E+07  5.5E-09           6.4981908E+07

        Minor NonOpt  QP mult  QP step   rgNorm Elastic QP obj     nS
          500   1144  4.8E+06  5.9E-17           8.2381377E+06

        Minor NonOpt  QP mult  QP step   rgNorm Elastic QP obj     nS
          600   1082  3.1E+06  4.2E-07           2.9855198E+06

        Minor NonOpt  QP mult  QP step   rgNorm Elastic QP obj     nS
          700   1051  2.3E+05  1.8E-10           1.6477868E+06

        Minor NonOpt  QP mult  QP step   rgNorm Elastic QP obj     nS
          800   1029 -3.0E+05  4.7E-15           1.2007058E+06

        Minor NonOpt  QP mult  QP step   rgNorm Elastic QP obj     nS
          900   1009  1.4E+05  5.2E-16           8.2974161E+05

        Minor NonOpt  QP mult  QP step   rgNorm Elastic QP obj     nS
         1000    939 -1.2E+05  1.3E-07           5.2034182E+05

        Minor NonOpt  QP mult  QP step   rgNorm Elastic QP obj     nS
         1100    875 -1.9E+05  3.5E-02           2.9424690E+05

        Minor NonOpt  QP mult  QP step   rgNorm Elastic QP obj     nS
         1200    145 -1.9E+09  3.0E-10           5.0433077E+04

        Minor NonOpt  QP mult  QP step   rgNorm Elastic QP obj     nS
         1300    952  1.1E+01  3.5E-01  2.5E-12  1.3806700E+02      1

        Minor NonOpt  QP mult  QP step   rgNorm Elastic QP obj     nS
         1400    909           1.0E+00  5.5E-14  1.0802366E+02      3

        Minor NonOpt  QP mult  QP step   rgNorm Elastic QP obj     nS
         1500   1012  7.2E+00  8.7E-03  5.5E-01  7.5360331E+01      3

        Minor NonOpt  QP mult  QP step   rgNorm Elastic QP obj     nS
         1600    909 -1.7E+00  4.5E-01  6.1E-03  5.5861710E+01      5

        Minor NonOpt  QP mult  QP step   rgNorm Elastic QP obj     nS
         1700    912           1.0E+00  8.3E-10  4.1490263E+01     10

        Minor NonOpt  QP mult  QP step   rgNorm Elastic QP obj     nS
         1800    939  6.6E-01  4.1E-01  3.9E-01  3.5397288E+01     15

        Minor NonOpt  QP mult  QP step   rgNorm Elastic QP obj     nS
         1900    932           1.0E+00  5.8E-11  3.3038567E+01     20

        Minor NonOpt  QP mult  QP step   rgNorm Elastic QP obj     nS
         2000    946           1.0E+00  1.2E-09  3.0055064E+01     27

        Minor NonOpt  QP mult  QP step   rgNorm Elastic QP obj     nS
         2100    966           1.0E+00  3.4E-08  2.6583209E+01     33

        Minor NonOpt  QP mult  QP step   rgNorm Elastic QP obj     nS
         2200    969  2.6E+00  4.3E-01  1.8E-02  2.3771520E+01     48

        Minor NonOpt  QP mult  QP step   rgNorm Elastic QP obj     nS
         2300    915           1.0E+00  1.5E-12  2.2353779E+01     51

        Minor NonOpt  QP mult  QP step   rgNorm Elastic QP obj     nS
         2400    497           1.0E+00  7.3E-13  4.0198072E+02     39

        Minor NonOpt  QP mult  QP step   rgNorm Elastic QP obj     nS
         2500   1005  2.3E+03  6.4E-01  1.1E-02  1.6722606E+04     34

        Minor NonOpt  QP mult  QP step   rgNorm Elastic QP obj     nS
         2600   1006           1.0E+00  1.5E-10  1.4497890E+04     50

        Minor NonOpt  QP mult  QP step   rgNorm Elastic QP obj     nS
         2700    993  3.4E+03  1.5E-01  2.9E+03  1.3750693E+04     67

        Minor NonOpt  QP mult  QP step   rgNorm Elastic QP obj     nS
         2800    981           1.0E+00  2.1E-07  1.2566015E+04     78

        Minor NonOpt  QP mult  QP step   rgNorm Elastic QP obj     nS
         2900    953 -2.3E+05  4.1E-02  2.6E+01  1.1585953E+04     87

        Minor NonOpt  QP mult  QP step   rgNorm Elastic QP obj     nS
         3000    959           1.0E+00  9.3E-04  1.0966430E+04     94

        Minor NonOpt  QP mult  QP step   rgNorm Elastic QP obj     nS
         3100    953           1.0E+00  1.2E-08  1.0534574E+04    102

        Minor NonOpt  QP mult  QP step   rgNorm Elastic QP obj     nS
         3200    940  4.7E+04  1.0E+00  1.4E+00  9.9000812E+03    116

        Minor NonOpt  QP mult  QP step   rgNorm Elastic QP obj     nS
         3300    932           1.0E+00  9.7E-12  8.9906252E+03    126

        Minor NonOpt  QP mult  QP step   rgNorm Elastic QP obj     nS
         3400    461  8.1E+01  1.9E-01  6.6E+01  8.1675540E+03    148

        Minor NonOpt  QP mult  QP step   rgNorm Elastic QP obj     nS
         3500    417           1.0E+00  4.7E-07  7.5023904E+03    169

        Minor NonOpt  QP mult  QP step   rgNorm Elastic QP obj     nS
         3600    425           1.0E+00  1.2E-09  6.9260669E+03    189

        Minor NonOpt  QP mult  QP step   rgNorm Elastic QP obj     nS
         3700    416           1.0E+00  4.3E-09  6.4738774E+03    208

        Minor NonOpt  QP mult  QP step   rgNorm Elastic QP obj     nS
         3800    405  5.2E+01  5.5E-02  4.9E+01  6.0056455E+03    225

        Minor NonOpt  QP mult  QP step   rgNorm Elastic QP obj     nS
         3900    394           1.0E+00  6.6E-10  5.7138402E+03    238

        Minor NonOpt  QP mult  QP step   rgNorm Elastic QP obj     nS
         4000    384           1.0E+00  1.8E-10  5.4435064E+03    256

        Minor NonOpt  QP mult  QP step   rgNorm Elastic QP obj     nS
         4100    367           1.0E+00  8.0E-10  5.1261506E+03    280

        Minor NonOpt  QP mult  QP step   rgNorm Elastic QP obj     nS
         4200    359  3.5E+01  1.0E+00  2.8E-06  4.7498495E+03    303

        Minor NonOpt  QP mult  QP step   rgNorm Elastic QP obj     nS
         4300    323           1.0E+00  6.6E-10  4.4345822E+03    339

        Minor NonOpt  QP mult  QP step   rgNorm Elastic QP obj     nS
         4400    298           1.0E+00  5.9E-09  4.2502847E+03    364

        Minor NonOpt  QP mult  QP step   rgNorm Elastic QP obj     nS
         4500    283           1.0E+00  1.9E-09  4.0948443E+03    382

        Minor NonOpt  QP mult  QP step   rgNorm Elastic QP obj     nS
         4600    262           1.0E+00  1.4E-09  3.9409104E+03    404

        Minor NonOpt  QP mult  QP step   rgNorm Elastic QP obj     nS
         4700    254           1.0E+00  8.3E-06  3.8628332E+03    415

        Minor NonOpt  QP mult  QP step   rgNorm Elastic QP obj     nS
         4800    234           1.0E+00  9.4E-09  3.7447760E+03    436

        Minor NonOpt  QP mult  QP step   rgNorm Elastic QP obj     nS
         4900                  1.0E+05  4.4E+01  3.5831151E+03    457

        Minor NonOpt  QP mult  QP step   rgNorm Elastic QP obj     nS
         5000    189           1.0E+00  4.3E-06  3.4737416E+03    478

        Minor NonOpt  QP mult  QP step   rgNorm Elastic QP obj     nS
         5100    155  1.4E+01  1.0E+00  3.7E-09  3.3256894E+03    517

        Minor NonOpt  QP mult  QP step   rgNorm Elastic QP obj     nS
         5200    120           1.0E+00  9.6E-11  3.1800828E+03    556

        Minor NonOpt  QP mult  QP step   rgNorm Elastic QP obj     nS
         5300     95  9.5E+00  1.0E+00  5.1E-06  3.0900105E+03    585

        Minor NonOpt  QP mult  QP step   rgNorm Elastic QP obj     nS
         5400     69           1.0E+00  1.3E-10  3.0315218E+03    612

        Minor NonOpt  QP mult  QP step   rgNorm Elastic QP obj     nS
         5500     34 -4.7E+00  1.0E+00  5.5E-01  3.0093509E+03    649

        Minor NonOpt  QP mult  QP step   rgNorm Elastic QP obj     nS
         5600      6           1.0E+00  1.9E-10  2.9980064E+03    676

 Major Minors     Step   nCon Feasible  Optimal  MeritFunction     nS Penalty
     4   5622  6.6E-02     10  6.2E+00  8.9E+01  4.9928798E+05    682 5.3E+03  Mrl T

        Minor NumInf  FP mult  FP step   rgNorm         SumInf     nS
          100    104           1.1E-04  9.6E+01  2.0682077E+02    582

        Minor NumInf  FP mult  FP step   rgNorm         SumInf     nS
          200     84           1.6E-04  2.6E+01  7.1051976E+01    482

        Minor NumInf  FP mult  FP step   rgNorm         SumInf     nS
          300     75           5.2E-04  9.6E+00  4.2786366E+01    382

        Minor NumInf  FP mult  FP step   rgNorm         SumInf     nS
          400     69           1.6E-03  7.8E-01  2.9868451E+01    282

        Minor NumInf  FP mult  FP step   rgNorm         SumInf     nS
          500     69           6.0E-01  4.2E-02  2.7892521E+01    182

        Minor NumInf  FP mult  FP step   rgNorm         SumInf     nS
          600     69           1.7E+01  1.5E-03  2.7499165E+01     82

        Minor NumInf  FP mult  FP step   rgNorm         SumInf     nS
          700     19  2.1E+01  2.4E-12  2.4E-07  2.1549937E+01      3

        Minor NumInf  FP mult  FP step   rgNorm         SumInf     nS
          800      8 -2.4E+00  6.9E-03  1.5E-07  5.9174207E+00      2

        Minor NonOpt  QP mult  QP step   rgNorm Elastic QP obj     nS
          900   1131  5.5E+07  9.8E-06  1.9E-08  3.8821153E+07      2

        Minor NonOpt  QP mult  QP step   rgNorm Elastic QP obj     nS
         1000   1123  4.2E+06  1.3E-06  5.8E-07  1.7257549E+07      2

        Minor NonOpt  QP mult  QP step   rgNorm Elastic QP obj     nS
         1100   1084           1.0E+00  4.7E-12  1.1359881E+07      2

        Minor NonOpt  QP mult  QP step   rgNorm Elastic QP obj     nS
         1200   1066           1.0E+00  1.1E-12  7.4455853E+06      1

        Minor NonOpt  QP mult  QP step   rgNorm Elastic QP obj     nS
         1300   1040           1.0E+00  8.1E-07  5.2985461E+06      1

        Minor NonOpt  QP mult  QP step   rgNorm Elastic QP obj     nS
         1400   1065           1.0E+00  6.4E-06  4.6587256E+06      1

        Minor NonOpt  QP mult  QP step   rgNorm Elastic QP obj     nS
         1500   1071 -9.5E+05  2.9E-05  3.4E-03  4.1318880E+06      1

        Minor NonOpt  QP mult  QP step   rgNorm Elastic QP obj     nS
         1600   1078  1.5E+06  8.1E-05  8.6E+03  3.7264822E+06      1

        Minor NonOpt  QP mult  QP step   rgNorm Elastic QP obj     nS
         1700   1038           1.0E+00  1.3E-05  3.2784592E+06      1

        Minor NonOpt  QP mult  QP step   rgNorm Elastic QP obj     nS
         1800   1045  5.0E+05  1.3E-13  2.4E-07  2.7052187E+06      1

        Minor NonOpt  QP mult  QP step   rgNorm Elastic QP obj     nS
         1900   1024  3.8E+05  6.1E-14  4.3E-07  2.1538199E+06      1

        Minor NonOpt  QP mult  QP step   rgNorm Elastic QP obj     nS
         2000   1024           1.0E+00  5.1E-06  1.9500862E+06      1

        Minor NonOpt  QP mult  QP step   rgNorm Elastic QP obj     nS
         2100    891 -5.8E+07  1.5E-03  4.8E-04  1.6564413E+06      1

        Minor NonOpt  QP mult  QP step   rgNorm Elastic QP obj     nS
         2200    986           1.0E+00  8.5E-08  1.5986481E+06      1

        Minor NonOpt  QP mult  QP step   rgNorm Elastic QP obj     nS
         2300    989           1.0E+00  1.6E-07  1.3737063E+06      1

        Minor NonOpt  QP mult  QP step   rgNorm Elastic QP obj     nS
         2400    986           1.0E+00  4.1E-07  1.2452364E+06      1

        Minor NonOpt  QP mult  QP step   rgNorm Elastic QP obj     nS
         2500    986           1.0E+00  2.7E-07  1.1378728E+06      1

        Minor NonOpt  QP mult  QP step   rgNorm Elastic QP obj     nS
         2600    971           1.0E+00  3.2E-07  9.1476792E+05      1

        Minor NonOpt  QP mult  QP step   rgNorm Elastic QP obj     nS
         2700    943           1.0E+00  1.6E-07  5.5838872E+05      1

        Minor NonOpt  QP mult  QP step   rgNorm Elastic QP obj     nS
         2800    942           1.0E+00  7.4E-07  5.2576020E+05      1

        Minor NonOpt  QP mult  QP step   rgNorm Elastic QP obj     nS
         2900    932           1.0E+00  2.7E-09  3.4857355E+05      1

        Minor NonOpt  QP mult  QP step   rgNorm Elastic QP obj     nS
         3000    928  2.9E+05  8.7E-05           9.8823203E+04

        Minor NonOpt  QP mult  QP step   rgNorm Elastic QP obj     nS
         3100    941           7.4E-01  7.9E+01  6.4503570E+03      5

        Minor NonOpt  QP mult  QP step   rgNorm Elastic QP obj     nS
         3200    918           1.0E+00  3.8E-10  5.3342421E+03     12

        Minor NonOpt  QP mult  QP step   rgNorm Elastic QP obj     nS
         3300    955           1.0E+00  7.2E-11  4.5823445E+03     17

        Minor NonOpt  QP mult  QP step   rgNorm Elastic QP obj     nS
         3400    953  3.7E+03  1.0E+00  1.7E-03  4.0714088E+03     25

        Minor NonOpt  QP mult  QP step   rgNorm Elastic QP obj     nS
         3500    969           1.0E+00  2.8E-06  3.7594223E+03     30

        Minor NonOpt  QP mult  QP step   rgNorm Elastic QP obj     nS
         3600    970           1.0E+00  3.1E-08  3.3935066E+03     39

        Minor NonOpt  QP mult  QP step   rgNorm Elastic QP obj     nS
         3700    963           1.0E+00  6.5E-12  3.1099908E+03     51

        Minor NonOpt  QP mult  QP step   rgNorm Elastic QP obj     nS
         3800    963           2.7E-01  6.4E-01  2.6979907E+03     61

        Minor NonOpt  QP mult  QP step   rgNorm Elastic QP obj     nS
         3900    963           1.0E+00  7.7E-07  2.4164541E+03     74

        Minor NonOpt  QP mult  QP step   rgNorm Elastic QP obj     nS
         4000    951           1.0E+00  8.1E-11  2.1112326E+03     94

        Minor NonOpt  QP mult  QP step   rgNorm Elastic QP obj     nS
         4100    470           1.0E+00  6.3E-10  1.8834218E+03    109

        Minor NonOpt  QP mult  QP step   rgNorm Elastic QP obj     nS
         4200    463           1.0E+00  2.9E-11  1.6926991E+03    121

        Minor NonOpt  QP mult  QP step   rgNorm Elastic QP obj     nS
         4300    447           1.0E+00  3.8E-09  1.5344538E+03    141

        Minor NonOpt  QP mult  QP step   rgNorm Elastic QP obj     nS
         4400    441  1.9E+01  1.0E+00  9.9E-01  1.3853710E+03    158

        Minor NonOpt  QP mult  QP step   rgNorm Elastic QP obj     nS
         4500    424           1.0E+00  3.7E-04  1.2605886E+03    174

        Minor NonOpt  QP mult  QP step   rgNorm Elastic QP obj     nS
         4600    408           1.0E+00  2.0E-11  1.1348059E+03    186

        Minor NonOpt  QP mult  QP step   rgNorm Elastic QP obj     nS
         4700    376  1.4E+01  8.1E-01  2.8E+00  9.7164204E+02    218

        Minor NonOpt  QP mult  QP step   rgNorm Elastic QP obj     nS
         4800    358           1.0E+00  6.2E-09  8.9633910E+02    240

        Minor NonOpt  QP mult  QP step   rgNorm Elastic QP obj     nS
         4900    345  1.0E+02  1.0E+00  1.0E-02  8.2795736E+02    258

        Minor NonOpt  QP mult  QP step   rgNorm Elastic QP obj     nS
         5000    337  6.1E+02  1.0E+00  5.1E-04  7.7534930E+02    273

        Minor NonOpt  QP mult  QP step   rgNorm Elastic QP obj     nS
         5100    316           1.0E+00  1.2E-09  7.0728222E+02    296

        Minor NonOpt  QP mult  QP step   rgNorm Elastic QP obj     nS
         5200    303  2.5E+01  9.0E-02  2.3E+01  6.5893387E+02    317

        Minor NonOpt  QP mult  QP step   rgNorm Elastic QP obj     nS
         5300    292           1.0E+00  3.0E-06  6.1815540E+02    334

        Minor NonOpt  QP mult  QP step   rgNorm Elastic QP obj     nS
         5400    271           1.0E+00  1.3E-01  5.7134260E+02    353

        Minor NonOpt  QP mult  QP step   rgNorm Elastic QP obj     nS
         5500    260           1.0E+00  4.8E-10  5.3766792E+02    370

        Minor NonOpt  QP mult  QP step   rgNorm Elastic QP obj     nS
         5600    242  5.6E+00  1.0E+00  4.7E-08  5.0180375E+02    391

        Minor NonOpt  QP mult  QP step   rgNorm Elastic QP obj     nS
         5700    212           1.0E+00  9.1E-13  4.4228946E+02    428

        Minor NonOpt  QP mult  QP step   rgNorm Elastic QP obj     nS
         5800    190           1.0E+00  8.0E-08  3.9413537E+02    468

        Minor NonOpt  QP mult  QP step   rgNorm Elastic QP obj     nS
         5900    164           9.6E-01  5.4E-02  3.6786005E+02    496

        Minor NonOpt  QP mult  QP step   rgNorm Elastic QP obj     nS
         6000    147           1.0E+00  7.9E-11  3.5702591E+02    517

        Minor NonOpt  QP mult  QP step   rgNorm Elastic QP obj     nS
         6100    133  2.4E+00  1.0E+00  1.5E-04  3.4738967E+02    532

        Minor NonOpt  QP mult  QP step   rgNorm Elastic QP obj     nS
         6200    120           1.0E+00  8.1E-04  3.4128126E+02    550

        Minor NonOpt  QP mult  QP step   rgNorm Elastic QP obj     nS
         6300    100           1.0E+00  4.3E-05  3.3279956E+02    570

        Minor NonOpt  QP mult  QP step   rgNorm Elastic QP obj     nS
         6400     88           1.0E+00  7.7E-07  3.2782668E+02    586

        Minor NonOpt  QP mult  QP step   rgNorm Elastic QP obj     nS
         6500     68           1.0E+00  8.0E-09  3.2211178E+02    606

        Minor NonOpt  QP mult  QP step   rgNorm Elastic QP obj     nS
         6600     47           1.0E+00  2.1E-06  3.1956313E+02    629

        Minor NonOpt  QP mult  QP step   rgNorm Elastic QP obj     nS
         6700     23           1.0E+00  1.3E-09  3.1731176E+02    654

        Minor NonOpt  QP mult  QP step   rgNorm Elastic QP obj     nS
         6800      5           1.0E+00  1.3E-09  3.1703902E+02    675

 Major Minors     Step   nCon Feasible  Optimal  MeritFunction     nS Penalty
     5   6819  4.8E-01     14  9.4E+00  7.7E+02  9.3952325E+03    680 2.8E+02 sM   T

        Minor NumInf  FP mult  FP step   rgNorm         SumInf     nS
          100      5           1.1E-02  1.3E+00  8.5271122E+00    580

        Minor NumInf  FP mult  FP step   rgNorm         SumInf     nS
          200      4           5.2E+03  9.2E-06  7.9201882E+00    480

        Minor NonOpt  QP mult  QP step   rgNorm Elastic QP obj     nS
          300                  1.1E-05  1.7E+05  1.3383995E+07    412

        Minor NonOpt  QP mult  QP step   rgNorm Elastic QP obj     nS
          400                  5.3E-03  5.7E+03  1.3352325E+07    312

        Minor NonOpt  QP mult  QP step   rgNorm Elastic QP obj     nS
          500    689 -2.4E+06  1.1E-04  1.4E+00  9.9392305E+06    228

        Minor NonOpt  QP mult  QP step   rgNorm Elastic QP obj     nS
          600    678  2.0E+06  3.6E-05  6.2E-03  5.5858623E+06    205

        Minor NonOpt  QP mult  QP step   rgNorm Elastic QP obj     nS
          700    666  2.1E+06  3.4E-08  2.0E-04  2.0005026E+06    204

        Minor NonOpt  QP mult  QP step   rgNorm Elastic QP obj     nS
          800    734           3.3E-02  1.5E+02  1.0642792E+06    169

        Minor NonOpt  QP mult  QP step   rgNorm Elastic QP obj     nS
          900    817           1.0E+00  4.9E-10  5.2286819E+05    139

        Minor NonOpt  QP mult  QP step   rgNorm Elastic QP obj     nS
         1000    834  1.0E+05  1.2E-04  1.1E-04  2.1400253E+05    130

        Minor NonOpt  QP mult  QP step   rgNorm Elastic QP obj     nS
         1100    839           1.0E+00  1.1E-10  3.6565495E+04    129

        Minor NonOpt  QP mult  QP step   rgNorm Elastic QP obj     nS
         1200    879           2.9E-01  1.0E+02  3.1826077E+03    130

        Minor NonOpt  QP mult  QP step   rgNorm Elastic QP obj     nS
         1300    874           1.0E+00  4.7E-10  2.6357264E+03    130

        Minor NonOpt  QP mult  QP step   rgNorm Elastic QP obj     nS
         1400    882           1.0E+00  3.0E-10  2.3406930E+03    139

        Minor NonOpt  QP mult  QP step   rgNorm Elastic QP obj     nS
         1500    882           1.0E+00  4.4E-11  2.0532688E+03    147

        Minor NonOpt  QP mult  QP step   rgNorm Elastic QP obj     nS
         1600    876  5.9E+01  6.5E-01  1.0E+02  1.6753488E+03    154

        Minor NonOpt  QP mult  QP step   rgNorm Elastic QP obj     nS
         1700    872           1.0E+00  2.5E-10  1.5100151E+03    161

        Minor NonOpt  QP mult  QP step   rgNorm Elastic QP obj     nS
         1800    868           1.0E+00  4.3E-06  1.3410217E+03    167

        Minor NonOpt  QP mult  QP step   rgNorm Elastic QP obj     nS
         1900    858 -6.0E+01  5.2E-10  8.2E-11  1.1621217E+03    176

        Minor NonOpt  QP mult  QP step   rgNorm Elastic QP obj     nS
         2000    848           1.0E+00  5.0E-11  1.0014194E+03    185

        Minor NonOpt  QP mult  QP step   rgNorm Elastic QP obj     nS
         2100    848  2.0E+01  9.0E-01  3.8E-02  8.7115007E+02    200

        Minor NonOpt  QP mult  QP step   rgNorm Elastic QP obj     nS
         2200    841           1.0E+00  6.1E-08  7.5167892E+02    216

        Minor NonOpt  QP mult  QP step   rgNorm Elastic QP obj     nS
         2300    821           1.0E+00  6.9E-10  6.6791373E+02    235

        Minor NonOpt  QP mult  QP step   rgNorm Elastic QP obj     nS
         2400    796           1.0E+00  3.3E-09  5.6426728E+02    260

        Minor NonOpt  QP mult  QP step   rgNorm Elastic QP obj     nS
         2500    774  1.2E+01  1.0E+00  1.3E-07  4.8902047E+02    283

        Minor NonOpt  QP mult  QP step   rgNorm Elastic QP obj     nS
         2600    749  8.1E+00  1.0E+00  3.3E-06  4.0158641E+02    310

        Minor NonOpt  QP mult  QP step   rgNorm Elastic QP obj     nS
         2700    733           1.0E+00  1.7E-07  3.4802903E+02    334

        Minor NonOpt  QP mult  QP step   rgNorm Elastic QP obj     nS
         2800    715  5.5E+00  1.0E+00  3.2E-05  3.0571698E+02    367

        Minor NonOpt  QP mult  QP step   rgNorm Elastic QP obj     nS
         2900    701           1.0E+00  9.6E-11  2.7806648E+02    386

        Minor NonOpt  QP mult  QP step   rgNorm Elastic QP obj     nS
         3000    686           1.0E+00  1.5E-11  2.5910597E+02    407

        Minor NonOpt  QP mult  QP step   rgNorm Elastic QP obj     nS
         3100    671           1.0E+00  8.3E-08  2.4299202E+02    428

        Minor NonOpt  QP mult  QP step   rgNorm Elastic QP obj     nS
         3200    655           1.0E+00  3.6E-06  2.2774240E+02    451

        Minor NonOpt  QP mult  QP step   rgNorm Elastic QP obj     nS
         3300    650  5.7E+00  1.0E+00  1.1E-03  2.1928508E+02    470

        Minor NonOpt  QP mult  QP step   rgNorm Elastic QP obj     nS
         3400    641           1.0E+00  3.8E-05  2.1123699E+02    487

        Minor NonOpt  QP mult  QP step   rgNorm Elastic QP obj     nS
         3500    624           1.0E+00  6.8E-02  2.0071880E+02    511

        Minor NonOpt  QP mult  QP step   rgNorm Elastic QP obj     nS
         3600    129           1.0E+00  5.5E-11  1.9265326E+02    541

        Minor NonOpt  QP mult  QP step   rgNorm Elastic QP obj     nS
         3700     94           1.0E+00  5.2E-11  1.8319982E+02    578

        Minor NonOpt  QP mult  QP step   rgNorm Elastic QP obj     nS
         3800     71           1.0E+00  3.1E-09  1.7686061E+02    605

        Minor NonOpt  QP mult  QP step   rgNorm Elastic QP obj     nS
         3900     44           1.0E+00  1.8E-08  1.7303480E+02    634

        Minor NonOpt  QP mult  QP step   rgNorm Elastic QP obj     nS
         4000     19           1.0E+00  3.6E-08  1.7161000E+02    658

 Major Minors     Step   nCon Feasible  Optimal  MeritFunction     nS Penalty
     6   4097  1.0E+00     16  3.8E+00  1.2E+03  2.2589508E+03    678 1.9E+02  m   T

        Minor NumInf  FP mult  FP step   rgNorm         SumInf     nS
          100      6           7.1E-01  3.3E-02  1.2247958E+01    578

        Minor NonOpt  QP mult  QP step   rgNorm Elastic QP obj     nS
          200                  1.8E-02  1.3E+04  4.4643909E+07    496

        Minor NonOpt  QP mult  QP step   rgNorm Elastic QP obj     nS
          300    429           1.0E+00  1.1E-10  1.2985908E+07    453

        Minor NonOpt  QP mult  QP step   rgNorm Elastic QP obj     nS
          400    476           5.3E-01  1.2E-01  2.8826680E+06    439

        Minor NonOpt  QP mult  QP step   rgNorm Elastic QP obj     nS
          500    443           1.1E-02  1.5E+02  1.5151225E+06    418

        Minor NonOpt  QP mult  QP step   rgNorm Elastic QP obj     nS
          600    462           1.0E+00  2.0E-02  4.9511809E+05    408

        Minor NonOpt  QP mult  QP step   rgNorm Elastic QP obj     nS
          700    562           1.0E+00  1.5E-10  1.0475691E+05    402

        Minor NonOpt  QP mult  QP step   rgNorm Elastic QP obj     nS
          800    675  2.3E+02  7.8E-01  2.8E-03  1.5985254E+03    404

        Minor NonOpt  QP mult  QP step   rgNorm Elastic QP obj     nS
          900    668 -7.6E+01  1.0E+00  1.7E-06  1.0662808E+03    415

        Minor NonOpt  QP mult  QP step   rgNorm Elastic QP obj     nS
         1000    670           1.0E+00  7.0E-10  7.7586756E+02    423

        Minor NonOpt  QP mult  QP step   rgNorm Elastic QP obj     nS
         1100    661           1.0E+00  3.6E-07  6.7975470E+02    427

        Minor NonOpt  QP mult  QP step   rgNorm Elastic QP obj     nS
         1200    663  2.2E+01  3.6E-01  1.4E+01  5.8090692E+02    435

        Minor NonOpt  QP mult  QP step   rgNorm Elastic QP obj     nS
         1300    650           1.0E+00  1.6E-11  4.5342423E+02    455

        Minor NonOpt  QP mult  QP step   rgNorm Elastic QP obj     nS
         1400    634  2.3E+01  1.0E+00  2.2E-06  3.6547591E+02    473

        Minor NonOpt  QP mult  QP step   rgNorm Elastic QP obj     nS
         1500    619           1.0E+00  8.7E-11  3.1366305E+02    493

        Minor NonOpt  QP mult  QP step   rgNorm Elastic QP obj     nS
         1600    608  6.9E+01  6.8E-02  5.3E+00  2.7577331E+02    508

        Minor NonOpt  QP mult  QP step   rgNorm Elastic QP obj     nS
         1700    600           1.0E+00  7.3E-08  2.4070395E+02    525

        Minor NonOpt  QP mult  QP step   rgNorm Elastic QP obj     nS
         1800    580  5.7E+00  1.0E+00  8.4E-01  2.1496284E+02    546

        Minor NonOpt  QP mult  QP step   rgNorm Elastic QP obj     nS
         1900    559  4.4E+00  1.0E+00  2.1E-05  1.8898137E+02    571

        Minor NonOpt  QP mult  QP step   rgNorm Elastic QP obj     nS
         2000    542           1.0E+00  6.7E-05  1.7283044E+02    587

        Minor NonOpt  QP mult  QP step   rgNorm Elastic QP obj     nS
         2100     55           1.0E+00  1.1E-07  1.6783058E+02    608

        Minor NonOpt  QP mult  QP step   rgNorm Elastic QP obj     nS
         2200     40           1.0E+00  7.6E-08  1.6490114E+02    628

        Minor NonOpt  QP mult  QP step   rgNorm Elastic QP obj     nS
         2300     18  9.7E-01  1.0E+00  2.6E-03  1.6291934E+02    651

 Major Minors     Step   nCon Feasible  Optimal  MeritFunction     nS Penalty
     7   2361  1.0E+00     17  4.2E-01  1.2E+03  1.7525182E+02    673 1.9E+02      T

        Minor NonOpt  QP mult  QP step   rgNorm Elastic QP obj     nS
          100    468  1.3E+00  1.0E+00  5.3E-08  1.5474125E+02    653

        Minor NonOpt  QP mult  QP step   rgNorm Elastic QP obj     nS
          200    433           1.0E+00  5.8E-13  1.5408760E+02    682

        Minor NonOpt  QP mult  QP step   rgNorm Elastic QP obj     nS
          300    385           1.0E+00  1.9E-12  1.5391629E+02    728

 Major Minors     Step   nCon Feasible  Optimal  MeritFunction     nS Penalty
     8    394  1.0E+00     18  1.1E-01  3.0E+02  1.6369817E+02    775 1.9E+02      T

        Minor NonOpt  QP mult  QP step   rgNorm Elastic QP obj     nS
          100    356           1.0E+00  3.0E-12  1.4795808E+02    746

        Minor NonOpt  QP mult  QP step   rgNorm Elastic QP obj     nS
          200    327 -2.0E-01  1.0E+00  3.7E-06  1.4762713E+02    776

        Minor NonOpt  QP mult  QP step   rgNorm Elastic QP obj     nS
          300    289           1.0E+00  1.4E-11  1.4756951E+02    812

        Minor NonOpt  QP mult  QP step   rgNorm Elastic QP obj     nS
          400    245  6.6E-02  1.0E+00  1.0E-06  1.4754363E+02    857

 Major Minors     Step   nCon Feasible  Optimal  MeritFunction     nS Penalty
     9    435  3.8E-01     20  9.7E-02  2.6E+02  1.6036427E+02    872 1.9E+02      T

        Minor NonOpt  QP mult  QP step   rgNorm Elastic QP obj     nS
          100    302  3.6E+01  1.3E-01  3.1E+01  1.7960375E+02    802

        Minor NonOpt  QP mult  QP step   rgNorm Elastic QP obj     nS
          200    282  2.1E+00  1.0E+00  2.3E-07  1.4304954E+02    822

        Minor NonOpt  QP mult  QP step   rgNorm Elastic QP obj     nS
          300    251           1.0E+00  1.1E-10  1.4270969E+02    846

        Minor NonOpt  QP mult  QP step   rgNorm Elastic QP obj     nS
          400    220           1.0E+00  8.1E-10  1.4266509E+02    879

        Minor NonOpt  QP mult  QP step   rgNorm Elastic QP obj     nS
          500    183           1.0E+00  3.8E-11  1.4265845E+02    917

 Major Minors     Step   nCon Feasible  Optimal  MeritFunction     nS Penalty
    10    585  2.8E-01     22  1.3E-01  3.4E+02  1.5780626E+02    951 1.9E+02      T

        Minor NonOpt  QP mult  QP step   rgNorm Elastic QP obj     nS
          100    209  1.7E+01  1.0E+00  1.1E-06  1.4683231E+02    870

        Minor NonOpt  QP mult  QP step   rgNorm Elastic QP obj     nS
          200    190           1.0E+00  7.3E-13  1.3958777E+02    891

        Minor NonOpt  QP mult  QP step   rgNorm Elastic QP obj     nS
          300    159           1.0E+00  4.6E-10  1.3950507E+02    921

        Minor NonOpt  QP mult  QP step   rgNorm Elastic QP obj     nS
          400    120           1.0E+00  7.6E-13  1.3950069E+02    959

        Minor NonOpt  QP mult  QP step   rgNorm Elastic QP obj     nS
          500     77           1.0E+00  1.4E-12  1.3950019E+02   1001

 Major Minors     Step   nCon Feasible  Optimal  MeritFunction     nS Penalty
    11    547  2.9E-01     24  1.7E-01  4.4E+02  1.5475026E+02   1022 1.9E+02      T

        Minor NonOpt  QP mult  QP step   rgNorm Elastic QP obj     nS
          100    103           1.0E+00  1.6E-07  1.3701906E+02    960

        Minor NonOpt  QP mult  QP step   rgNorm Elastic QP obj     nS
          200     60           1.0E+00  1.7E-11  1.3672495E+02    990

        Minor NonOpt  QP mult  QP step   rgNorm Elastic QP obj     nS
          300      6  2.4E-04  1.0E+00  2.5E-11  1.3672474E+02   1042

 Major Minors     Step   nCon Feasible  Optimal  MeritFunction     nS Penalty
    12    307  3.4E-01     26  2.1E-01  5.5E+02  1.5088742E+02   1048 1.9E+02

        Minor NonOpt  QP mult  QP step   rgNorm Elastic QP obj     nS
          100     43  7.6E-01  2.5E-01  5.6E-01  1.3459116E+02    987

        Minor NonOpt  QP mult  QP step   rgNorm Elastic QP obj     nS
          200     29  6.8E-02  1.2E-02  2.2E-03  1.3452187E+02    994

        Minor NonOpt  QP mult  QP step   rgNorm Elastic QP obj     nS
          300      8  7.1E-03  1.0E+00  6.1E-08  1.3451957E+02   1013

 Major Minors     Step   nCon Feasible  Optimal  MeritFunction     nS Penalty
    13    321  3.9E-01     28  2.2E-01  5.9E+02  1.4653945E+02   1019 1.9E+02

        Minor NonOpt  QP mult  QP step   rgNorm Elastic QP obj     nS
          100     58  5.3E+00  1.0E+00  5.3E-08  1.3309270E+02    942

        Minor NonOpt  QP mult  QP step   rgNorm Elastic QP obj     nS
          200     29           1.0E+00  6.1E-13  1.3269843E+02    964

 Major Minors     Step   nCon Feasible  Optimal  MeritFunction     nS Penalty
    14    286  5.5E-01     30  2.1E-01  5.7E+02  1.4100879E+02    989 1.9E+02

        Minor NonOpt  QP mult  QP step   rgNorm Elastic QP obj     nS
          100     87           1.0E+00  3.9E-09  1.4970481E+02    901

        Minor NonOpt  QP mult  QP step   rgNorm Elastic QP obj     nS
          200    107           1.0E+00  6.3E-11  1.4515384E+02    897

        Minor NonOpt  QP mult  QP step   rgNorm Elastic QP obj     nS
          300    101           1.0E+00  2.2E-06  1.4181239E+02    902

        Minor NonOpt  QP mult  QP step   rgNorm Elastic QP obj     nS
          400     82           1.0E+00  8.7E-07  1.3597477E+02    907

        Minor NonOpt  QP mult  QP step   rgNorm Elastic QP obj     nS
          500     69           1.0E+00  3.2E-04  1.3291513E+02    918

        Minor NonOpt  QP mult  QP step   rgNorm Elastic QP obj     nS
          600     31           1.0E+00  9.6E-12  1.3167338E+02    946

 Major Minors     Step   nCon Feasible  Optimal  MeritFunction     nS Penalty
    15    680  1.0E+00     31  1.4E-01  4.1E+02  1.3417108E+02    972 1.9E+02   R

        Minor NonOpt  QP mult  QP step   rgNorm Elastic QP obj     nS
          100                  5.7E-04  1.1E+01  1.2943204E+02    872

        Minor NonOpt  QP mult  QP step   rgNorm Elastic QP obj     nS
          200                  1.3E-03  4.2E+00  1.2663728E+02    772

        Minor NonOpt  QP mult  QP step   rgNorm Elastic QP obj     nS
          300                  3.7E-04  6.6E+00  1.2445748E+02    672

        Minor NonOpt  QP mult  QP step   rgNorm Elastic QP obj     nS
          400                  1.3E-02  1.9E+00  1.2334682E+02    572

        Minor NonOpt  QP mult  QP step   rgNorm Elastic QP obj     nS
          500    194  3.9E+02  1.2E-04  3.3E-05  1.2310172E+02    499

        Minor NonOpt  QP mult  QP step   rgNorm Elastic QP obj     nS
          600    178  1.2E+01  1.1E-01  2.3E+00  1.2307495E+02    492

        Minor NonOpt  QP mult  QP step   rgNorm Elastic QP obj     nS
          700    173           1.0E+00  2.3E-10  1.2302258E+02    489

        Minor NonOpt  QP mult  QP step   rgNorm Elastic QP obj     nS
          800    159           1.0E+00  6.7E-02  1.2295331E+02    485

        Minor NonOpt  QP mult  QP step   rgNorm Elastic QP obj     nS
          900    137           1.0E+00  2.1E-08  1.2291643E+02    480

        Minor NonOpt  QP mult  QP step   rgNorm Elastic QP obj     nS
         1000    122           1.0E+00  9.9E-12  1.2286947E+02    484

        Minor NonOpt  QP mult  QP step   rgNorm Elastic QP obj     nS
         1100    109  6.0E-02  1.0E+00  4.0E-06  1.2284656E+02    487

        Minor NonOpt  QP mult  QP step   rgNorm Elastic QP obj     nS
         1200     97           1.0E+00  4.3E-08  1.2282425E+02    491

        Minor NonOpt  QP mult  QP step   rgNorm Elastic QP obj     nS
         1300     82           1.0E+00  1.6E-04  1.2282008E+02    499

        Minor NonOpt  QP mult  QP step   rgNorm Elastic QP obj     nS
         1400     61           1.0E+00  5.6E-11  1.2281555E+02    506

        Minor NonOpt  QP mult  QP step   rgNorm Elastic QP obj     nS
         1500     39  6.0E-03  1.0E+00  1.3E-01  1.2281398E+02    520

        Minor NonOpt  QP mult  QP step   rgNorm Elastic QP obj     nS
         1600     15           1.0E+00  7.5E-11  1.2281356E+02    537

 Major Minors     Step   nCon Feasible  Optimal  MeritFunction     nS Penalty
    16   1673  1.0E+00     32  1.5E-03  4.3E+00  1.3146263E+02    545 1.9E+02 s

        Minor NumInf  FP mult  FP step   rgNorm         SumInf     nS
          100      1           7.2E+02  2.1E-05  1.0967409E-01    445

        Minor NonOpt  QP mult  QP step   rgNorm Elastic QP obj     nS
          200                  2.9E-08  7.7E+05  9.1148539E+05    368

        Minor NonOpt  QP mult  QP step   rgNorm Elastic QP obj     nS
          300                  3.0E-03  3.5E+01  7.7226474E+05    268

        Minor NonOpt  QP mult  QP step   rgNorm Elastic QP obj     nS
          400    376  4.3E+06  2.2E-08  3.1E-05  4.6488879E+05    210

        Minor NonOpt  QP mult  QP step   rgNorm Elastic QP obj     nS
          500    378           2.7E-02  1.1E+00  1.9920265E+05    178

        Minor NonOpt  QP mult  QP step   rgNorm Elastic QP obj     nS
          600    380           1.0E+00  1.1E-07  1.0270424E+05    168

        Minor NonOpt  QP mult  QP step   rgNorm Elastic QP obj     nS
          700    207  2.1E+06  2.0E-10  3.3E-06  4.4494368E+04    168

        Minor NonOpt  QP mult  QP step   rgNorm Elastic QP obj     nS
          800    355  1.5E+04  1.5E-05  1.5E+04  1.3521381E+04    168

        Minor NonOpt  QP mult  QP step   rgNorm Elastic QP obj     nS
          900    467           1.0E+00  1.8E-10  1.3563151E+02    170

        Minor NonOpt  QP mult  QP step   rgNorm Elastic QP obj     nS
         1000    472  7.6E+01  1.8E-01  6.3E-03  1.3423574E+02    171

        Minor NonOpt  QP mult  QP step   rgNorm Elastic QP obj     nS
         1100    482           1.0E+00  9.9E-06  1.3277718E+02    168

        Minor NonOpt  QP mult  QP step   rgNorm Elastic QP obj     nS
         1200    467  1.1E+00  1.0E-01  9.5E-01  1.3116289E+02    175

        Minor NonOpt  QP mult  QP step   rgNorm Elastic QP obj     nS
         1300    463           1.0E+00  8.0E-11  1.3039219E+02    179

        Minor NonOpt  QP mult  QP step   rgNorm Elastic QP obj     nS
         1400    454           1.0E+00  1.1E-12  1.2979796E+02    187

        Minor NonOpt  QP mult  QP step   rgNorm Elastic QP obj     nS
         1500    446           1.0E+00  3.8E-08  1.2817416E+02    191

        Minor NonOpt  QP mult  QP step   rgNorm Elastic QP obj     nS
         1600    428  3.1E-01  4.0E-01  1.3E+00  1.2745792E+02    200

        Minor NonOpt  QP mult  QP step   rgNorm Elastic QP obj     nS
         1700    418           1.0E+00  6.1E-12  1.2658643E+02    209

        Minor NonOpt  QP mult  QP step   rgNorm Elastic QP obj     nS
         1800    391  2.7E+00  1.0E+00  4.6E-09  1.2586832E+02    216

        Minor NonOpt  QP mult  QP step   rgNorm Elastic QP obj     nS
         1900    382           4.8E-01  1.4E-01  1.2501237E+02    227

        Minor NonOpt  QP mult  QP step   rgNorm Elastic QP obj     nS
         2000    368           1.0E+00  1.9E-11  1.2463977E+02    232

        Minor NonOpt  QP mult  QP step   rgNorm Elastic QP obj     nS
         2100    348           2.9E-01  6.6E-02  1.2413739E+02    241

        Minor NonOpt  QP mult  QP step   rgNorm Elastic QP obj     nS
         2200    336           1.0E+00  5.5E-11  1.2384744E+02    251

        Minor NonOpt  QP mult  QP step   rgNorm Elastic QP obj     nS
         2300    321           1.0E+00  4.3E-07  1.2329096E+02    257

        Minor NonOpt  QP mult  QP step   rgNorm Elastic QP obj     nS
         2400    316           1.0E+00  1.6E-09  1.2306114E+02    267

        Minor NonOpt  QP mult  QP step   rgNorm Elastic QP obj     nS
         2500    291  1.0E-01  4.2E-03  1.0E-01  1.2286442E+02    276

        Minor NonOpt  QP mult  QP step   rgNorm Elastic QP obj     nS
         2600    263           1.0E+00  2.9E-12  1.2271316E+02    288

        Minor NonOpt  QP mult  QP step   rgNorm Elastic QP obj     nS
         2700    253  5.4E-02  1.0E+00  4.6E-09  1.2251958E+02    298

        Minor NonOpt  QP mult  QP step   rgNorm Elastic QP obj     nS
         2800    232           1.0E+00  6.3E-12  1.2236051E+02    308

        Minor NonOpt  QP mult  QP step   rgNorm Elastic QP obj     nS
         2900    220  3.6E-02  1.3E-02  3.1E-04  1.2223378E+02    313

        Minor NonOpt  QP mult  QP step   rgNorm Elastic QP obj     nS
         3000    197           1.0E+00  6.7E-09  1.2217596E+02    327

        Minor NonOpt  QP mult  QP step   rgNorm Elastic QP obj     nS
         3100    186           1.0E+00  9.4E-14  1.2212310E+02    336

        Minor NonOpt  QP mult  QP step   rgNorm Elastic QP obj     nS
         3200    162           1.0E+00  3.8E-10  1.2202003E+02    355

        Minor NonOpt  QP mult  QP step   rgNorm Elastic QP obj     nS
         3300    146  2.1E-02  1.0E+00  9.3E-06  1.2197015E+02    366

        Minor NonOpt  QP mult  QP step   rgNorm Elastic QP obj     nS
         3400    127  1.8E-02  1.0E+00  4.9E-07  1.2190905E+02    386

        Minor NonOpt  QP mult  QP step   rgNorm Elastic QP obj     nS
         3500    103           1.0E+00  6.3E-12  1.2189079E+02    403

        Minor NonOpt  QP mult  QP step   rgNorm Elastic QP obj     nS
         3600     91           1.0E+00  3.6E-08  1.2188047E+02    417

        Minor NonOpt  QP mult  QP step   rgNorm Elastic QP obj     nS
         3700     68 -6.8E-03  1.0E+00  1.1E-07  1.2187334E+02    434

        Minor NonOpt  QP mult  QP step   rgNorm Elastic QP obj     nS
         3800     45  5.5E-03  1.0E+00  4.8E-06  1.2187119E+02    455

        Minor NonOpt  QP mult  QP step   rgNorm Elastic QP obj     nS
         3900     12           1.0E+00  1.6E-10  1.2187055E+02    472

 Major Minors     Step   nCon Feasible  Optimal  MeritFunction     nS Penalty
    17   3938  1.4E-01     35  4.8E-02  1.4E+02  1.3021253E+02    484 1.9E+02      T

        Minor NonOpt  QP mult  QP step   rgNorm Elastic QP obj     nS
          100                  1.7E-06  6.6E+03  5.5307119E+04    384

        Minor NonOpt  QP mult  QP step   rgNorm Elastic QP obj     nS
          200                  1.5E-03  1.6E+01  5.0544081E+04    284

        Minor NonOpt  QP mult  QP step   rgNorm Elastic QP obj     nS
          300    287  1.6E+05  1.7E-16  4.7E-09  2.8919382E+02    230

        Minor NonOpt  QP mult  QP step   rgNorm Elastic QP obj     nS
          400    340           1.0E+00  4.6E-07  1.3576070E+02    226

        Minor NonOpt  QP mult  QP step   rgNorm Elastic QP obj     nS
          500    329           1.0E+00  2.2E-09  1.2687036E+02    231

        Minor NonOpt  QP mult  QP step   rgNorm Elastic QP obj     nS
          600    319           1.0E+00  1.3E-10  1.2551750E+02    234

        Minor NonOpt  QP mult  QP step   rgNorm Elastic QP obj     nS
          700    308           1.0E+00  2.9E-11  1.2492845E+02    236

        Minor NonOpt  QP mult  QP step   rgNorm Elastic QP obj     nS
          800    297           1.0E+00  1.7E-11  1.2465212E+02    237

        Minor NonOpt  QP mult  QP step   rgNorm Elastic QP obj     nS
          900    287           1.0E+00  4.1E-03  1.2338371E+02    241

        Minor NonOpt  QP mult  QP step   rgNorm Elastic QP obj     nS
         1000    259           1.0E+00  4.5E-07  1.2325064E+02    243

        Minor NonOpt  QP mult  QP step   rgNorm Elastic QP obj     nS
         1100    255           1.0E+00  3.2E-11  1.2287742E+02    251

        Minor NonOpt  QP mult  QP step   rgNorm Elastic QP obj     nS
         1200    230  1.7E-01  2.2E-01  7.0E-01  1.2252512E+02    261

        Minor NonOpt  QP mult  QP step   rgNorm Elastic QP obj     nS
         1300    219           1.0E+00  1.6E-10  1.2230633E+02    270

        Minor NonOpt  QP mult  QP step   rgNorm Elastic QP obj     nS
         1400    198           1.0E+00  1.0E-12  1.2198887E+02    279

        Minor NonOpt  QP mult  QP step   rgNorm Elastic QP obj     nS
         1500    189           1.0E+00  2.6E-05  1.2171904E+02    285

        Minor NonOpt  QP mult  QP step   rgNorm Elastic QP obj     nS
         1600    167           1.0E+00  4.0E-09  1.2161537E+02    296

        Minor NonOpt  QP mult  QP step   rgNorm Elastic QP obj     nS
         1700    143           1.0E+00  1.5E-10  1.2140115E+02    309

        Minor NonOpt  QP mult  QP step   rgNorm Elastic QP obj     nS
         1800    124           1.0E+00  6.5E-11  1.2135191E+02    318

        Minor NonOpt  QP mult  QP step   rgNorm Elastic QP obj     nS
         1900    109           1.0E+00  1.3E-06  1.2129460E+02    334

        Minor NonOpt  QP mult  QP step   rgNorm Elastic QP obj     nS
         2000     96  2.5E-02  1.0E+00  1.7E-04  1.2123947E+02    342

        Minor NonOpt  QP mult  QP step   rgNorm Elastic QP obj     nS
         2100     79 -1.4E-02  1.0E+00  1.2E-07  1.2121723E+02    353

        Minor NonOpt  QP mult  QP step   rgNorm Elastic QP obj     nS
         2200     41           1.0E+00  5.3E-13  1.2120009E+02    380

 Major Minors     Step   nCon Feasible  Optimal  MeritFunction     nS Penalty
    18   2293  1.5E-01     38  6.0E-02  1.8E+02  1.2917340E+02    416 1.9E+02

        Minor NonOpt  QP mult  QP step   rgNorm Elastic QP obj     nS
          100                  5.5E-06  1.2E+05  8.7482300E+04    316

        Minor NonOpt  QP mult  QP step   rgNorm Elastic QP obj     nS
          200                  6.8E-03  1.2E+00  8.1585924E+04    216

        Minor NonOpt  QP mult  QP step   rgNorm Elastic QP obj     nS
          300    356  2.6E+05  2.0E-07  9.1E-02  1.4573527E+04    159

        Minor NonOpt  QP mult  QP step   rgNorm Elastic QP obj     nS
          400    362  1.0E+05  1.0E+00  3.8E-03  1.8649506E+02    157

        Minor NonOpt  QP mult  QP step   rgNorm Elastic QP obj     nS
          500    376           1.0E+00  1.3E-07  1.2656353E+02    162

        Minor NonOpt  QP mult  QP step   rgNorm Elastic QP obj     nS
          600    336  1.4E+00  2.4E-01  1.1E+00  1.2516587E+02    168

        Minor NonOpt  QP mult  QP step   rgNorm Elastic QP obj     nS
          700    340           1.0E+00  1.9E-04  1.2484432E+02    170

        Minor NonOpt  QP mult  QP step   rgNorm Elastic QP obj     nS
          800    332           1.0E+00  2.6E-06  1.2448891E+02    175

        Minor NonOpt  QP mult  QP step   rgNorm Elastic QP obj     nS
          900    323           1.0E+00  4.6E-05  1.2419354E+02    179

        Minor NonOpt  QP mult  QP step   rgNorm Elastic QP obj     nS
         1000    314  4.3E-01  1.0E+00  4.1E-05  1.2386798E+02    188

        Minor NonOpt  QP mult  QP step   rgNorm Elastic QP obj     nS
         1100    312  2.9E-01  2.0E-01  2.3E-01  1.2353694E+02    196

        Minor NonOpt  QP mult  QP step   rgNorm Elastic QP obj     nS
         1200    303           1.0E+00  2.4E-08  1.2325282E+02    198

        Minor NonOpt  QP mult  QP step   rgNorm Elastic QP obj     nS
         1300    292           1.0E+00  1.8E-07  1.2291873E+02    205

        Minor NonOpt  QP mult  QP step   rgNorm Elastic QP obj     nS
         1400    282           1.0E+00  3.2E-06  1.2274497E+02    208

        Minor NonOpt  QP mult  QP step   rgNorm Elastic QP obj     nS
         1500    269  1.2E+01  1.0E+00  5.9E-05  1.2254385E+02    207

        Minor NonOpt  QP mult  QP step   rgNorm Elastic QP obj     nS
         1600    250           1.0E+00  2.9E-07  1.2238506E+02    214

        Minor NonOpt  QP mult  QP step   rgNorm Elastic QP obj     nS
         1700    236           1.0E+00  2.1E-09  1.2220772E+02    219

        Minor NonOpt  QP mult  QP step   rgNorm Elastic QP obj     nS
         1800    208           5.1E-01  2.2E-02  1.2179731E+02    225

        Minor NonOpt  QP mult  QP step   rgNorm Elastic QP obj     nS
         1900    205           1.0E+00  1.1E-07  1.2165059E+02    227

        Minor NonOpt  QP mult  QP step   rgNorm Elastic QP obj     nS
         2000    192           1.0E+00  5.0E-08  1.2150456E+02    236

        Minor NonOpt  QP mult  QP step   rgNorm Elastic QP obj     nS
         2100    182           1.0E+00  7.4E-07  1.2144896E+02    242

        Minor NonOpt  QP mult  QP step   rgNorm Elastic QP obj     nS
         2200    169           1.0E+00  3.2E-08  1.2129725E+02    251

        Minor NonOpt  QP mult  QP step   rgNorm Elastic QP obj     nS
         2300    157           1.0E+00  4.9E-09  1.2120544E+02    258

        Minor NonOpt  QP mult  QP step   rgNorm Elastic QP obj     nS
         2400    140           1.0E+00  1.8E-05  1.2110651E+02    267

        Minor NonOpt  QP mult  QP step   rgNorm Elastic QP obj     nS
         2500    122           1.0E+00  1.1E-10  1.2102458E+02    276

        Minor NonOpt  QP mult  QP step   rgNorm Elastic QP obj     nS
         2600     98           1.0E+00  4.5E-14  1.2096919E+02    289

        Minor NonOpt  QP mult  QP step   rgNorm Elastic QP obj     nS
         2700     83           1.0E+00  9.2E-12  1.2095244E+02    298

        Minor NonOpt  QP mult  QP step   rgNorm Elastic QP obj     nS
         2800     64           1.0E+00  4.1E-12  1.2094288E+02    311

        Minor NonOpt  QP mult  QP step   rgNorm Elastic QP obj     nS
         2900     40           1.0E+00  1.8E-09  1.2093849E+02    331

        Minor NonOpt  QP mult  QP step   rgNorm Elastic QP obj     nS
         3000     15           1.0E+00  2.2E-09  1.2093701E+02    349

 Major Minors     Step   nCon Feasible  Optimal  MeritFunction     nS Penalty
    19   3045  1.5E-01     41  6.5E-02  1.9E+02  1.2829411E+02    361 1.9E+02

        Minor NonOpt  QP mult  QP step   rgNorm Elastic QP obj     nS
          100                  2.6E-05  8.6E+03  2.9383846E+04    261

        Minor NonOpt  QP mult  QP step   rgNorm Elastic QP obj     nS
          200    279           1.0E+00  2.7E-07  2.8439849E+04    162

        Minor NonOpt  QP mult  QP step   rgNorm Elastic QP obj     nS
          300    318           6.2E-01  1.1E-02  1.0478919E+04    118

        Minor NonOpt  QP mult  QP step   rgNorm Elastic QP obj     nS
          400    364  1.3E+05  7.5E-05  2.8E-02  9.9338357E+02     82

        Minor NonOpt  QP mult  QP step   rgNorm Elastic QP obj     nS
          500    409           1.0E+00  5.1E-05  1.2414394E+02     89

        Minor NonOpt  QP mult  QP step   rgNorm Elastic QP obj     nS
          600    385  1.2E+00  1.0E+00  2.6E-04  1.2370181E+02     98

        Minor NonOpt  QP mult  QP step   rgNorm Elastic QP obj     nS
          700    400  1.0E+00  9.0E-02  9.2E-01  1.2304801E+02    103

        Minor NonOpt  QP mult  QP step   rgNorm Elastic QP obj     nS
          800    372  6.1E-01  2.0E-01  7.0E-02  1.2263869E+02    110

        Minor NonOpt  QP mult  QP step   rgNorm Elastic QP obj     nS
          900    338           1.0E+00  1.5E-10  1.2216491E+02    121

        Minor NonOpt  QP mult  QP step   rgNorm Elastic QP obj     nS
         1000    316           1.0E+00  3.7E-11  1.2199321E+02    129

        Minor NonOpt  QP mult  QP step   rgNorm Elastic QP obj     nS
         1100    298           1.0E+00  6.8E-10  1.2180269E+02    145

        Minor NonOpt  QP mult  QP step   rgNorm Elastic QP obj     nS
         1200    269           1.0E+00  3.0E-06  1.2164256E+02    152

        Minor NonOpt  QP mult  QP step   rgNorm Elastic QP obj     nS
         1300    267           1.0E+00  3.1E-11  1.2153828E+02    157

        Minor NonOpt  QP mult  QP step   rgNorm Elastic QP obj     nS
         1400    250           1.0E+00  6.3E-10  1.2138754E+02    173

        Minor NonOpt  QP mult  QP step   rgNorm Elastic QP obj     nS
         1500    232           1.0E+00  1.8E-09  1.2127145E+02    181

        Minor NonOpt  QP mult  QP step   rgNorm Elastic QP obj     nS
         1600    219           1.0E+00  1.7E-11  1.2121995E+02    184

        Minor NonOpt  QP mult  QP step   rgNorm Elastic QP obj     nS
         1700    195  1.1E-01  1.0E+00  3.3E-06  1.2110527E+02    197

        Minor NonOpt  QP mult  QP step   rgNorm Elastic QP obj     nS
         1800    184  1.9E-01  1.0E+00  3.4E-06  1.2106203E+02    202

        Minor NonOpt  QP mult  QP step   rgNorm Elastic QP obj     nS
         1900    157           1.0E+00  2.0E-11  1.2100285E+02    213

        Minor NonOpt  QP mult  QP step   rgNorm Elastic QP obj     nS
         2000    146  6.2E-02  1.0E+00  5.1E-05  1.2094589E+02    223

        Minor NonOpt  QP mult  QP step   rgNorm Elastic QP obj     nS
         2100    138           1.0E+00  2.2E-12  1.2092111E+02    233

        Minor NonOpt  QP mult  QP step   rgNorm Elastic QP obj     nS
         2200    126           1.0E+00  2.3E-12  1.2090980E+02    239

        Minor NonOpt  QP mult  QP step   rgNorm Elastic QP obj     nS
         2300    110           1.0E+00  4.2E-11  1.2089420E+02    253

        Minor NonOpt  QP mult  QP step   rgNorm Elastic QP obj     nS
         2400     91  1.2E-02  2.4E-04  5.0E-07  1.2088200E+02    261

        Minor NonOpt  QP mult  QP step   rgNorm Elastic QP obj     nS
         2500     70 -7.6E-03  5.9E-01  3.1E-03  1.2087506E+02    276

        Minor NonOpt  QP mult  QP step   rgNorm Elastic QP obj     nS
         2600     41 -4.6E-03  1.0E-09  1.2E-11  1.2087068E+02    293

        Minor NonOpt  QP mult  QP step   rgNorm Elastic QP obj     nS
         2700     20           1.0E+00  5.8E-10  1.2087001E+02    316

 Major Minors     Step   nCon Feasible  Optimal  MeritFunction     nS Penalty
    20   2769  2.6E-01     43  1.0E-01  3.2E+02  1.2766605E+02    333 1.9E+02

        Minor NonOpt  QP mult  QP step   rgNorm Elastic QP obj     nS
          100                  5.4E-09  2.3E+07  1.7353461E+07    233

        Minor NonOpt  QP mult  QP step   rgNorm Elastic QP obj     nS
          200                  9.5E-06  6.0E+04  1.4645276E+07    133

        Minor NonOpt  QP mult  QP step   rgNorm Elastic QP obj     nS
          300    872           3.7E-03  1.2E+00  1.4616111E+07     37

        Minor NonOpt  QP mult  QP step   rgNorm Elastic QP obj     nS
          400    810  2.0E+08  2.9E-06  5.3E-03  1.0412493E+07     12

        Minor NonOpt  QP mult  QP step   rgNorm Elastic QP obj     nS
          500    750 -3.4E+06  3.4E-08  1.2E-07  3.9697229E+06      9

        Minor NonOpt  QP mult  QP step   rgNorm Elastic QP obj     nS
          600    727  1.9E+06  1.9E-09  6.0E-12  2.4971568E+06      8

        Minor NonOpt  QP mult  QP step   rgNorm Elastic QP obj     nS
          700    731 -8.0E+06  1.7E-08  2.1E-08  1.2490135E+06      8

        Minor NonOpt  QP mult  QP step   rgNorm Elastic QP obj     nS
          800    700  3.3E+05  1.7E-08  5.5E-08  4.6046869E+05      8

        Minor NonOpt  QP mult  QP step   rgNorm Elastic QP obj     nS
          900    643  2.6E+05  3.8E-09  4.9E-08  3.5447165E+05      8

        Minor NonOpt  QP mult  QP step   rgNorm Elastic QP obj     nS
         1000    632  1.4E+05  1.1E-06  5.9E-05  1.4459754E+05      5

        Minor NonOpt  QP mult  QP step   rgNorm Elastic QP obj     nS
         1100    617           1.0E+00  3.4E-09  1.1672360E+05      4

        Minor NonOpt  QP mult  QP step   rgNorm Elastic QP obj     nS
         1200    566  6.1E+04  1.0E+00  2.7E-05  8.3327193E+04      5

        Minor NonOpt  QP mult  QP step   rgNorm Elastic QP obj     nS
         1300    378           1.0E+00  3.3E-02  5.1259239E+04      5

        Minor NonOpt  QP mult  QP step   rgNorm Elastic QP obj     nS
         1400    530           1.0E+00  2.7E-03  2.8752559E+04      7

        Minor NonOpt  QP mult  QP step   rgNorm Elastic QP obj     nS
         1500    449  8.8E+05  3.3E-10  3.0E-03  1.9444022E+02      9

        Minor NonOpt  QP mult  QP step   rgNorm Elastic QP obj     nS
         1600    540  6.8E+03  7.2E-01  1.7E+00  1.5337321E+02     14

        Minor NonOpt  QP mult  QP step   rgNorm Elastic QP obj     nS
         1700    519           1.7E-01  7.6E+00  1.4802921E+02     16

        Minor NonOpt  QP mult  QP step   rgNorm Elastic QP obj     nS
         1800    511  3.7E+00  1.0E+00  4.6E-07  1.3423165E+02     23

        Minor NonOpt  QP mult  QP step   rgNorm Elastic QP obj     nS
         1900    547           1.0E+00  1.0E-10  1.3127871E+02     27

        Minor NonOpt  QP mult  QP step   rgNorm Elastic QP obj     nS
         2000    523           1.0E+00  3.0E-10  1.2959796E+02     31

        Minor NonOpt  QP mult  QP step   rgNorm Elastic QP obj     nS
         2100    537           1.0E+00  4.2E-07  1.2893850E+02     34

        Minor NonOpt  QP mult  QP step   rgNorm Elastic QP obj     nS
         2200    505           1.0E+00  5.1E-12  1.2832854E+02     40

        Minor NonOpt  QP mult  QP step   rgNorm Elastic QP obj     nS
         2300    508           1.0E+00  1.5E-09  1.2786620E+02     40

        Minor NonOpt  QP mult  QP step   rgNorm Elastic QP obj     nS
         2400    519           1.0E+00  1.9E-10  1.2729051E+02     47

        Minor NonOpt  QP mult  QP step   rgNorm Elastic QP obj     nS
         2500    493           1.0E+00  2.0E-12  1.2683098E+02     51

        Minor NonOpt  QP mult  QP step   rgNorm Elastic QP obj     nS
         2600    483           1.0E+00  2.8E-12  1.2617604E+02     52

        Minor NonOpt  QP mult  QP step   rgNorm Elastic QP obj     nS
         2700    475           1.0E+00  2.7E-11  1.2577506E+02     57

        Minor NonOpt  QP mult  QP step   rgNorm Elastic QP obj     nS
         2800    460           1.0E+00  3.4E-12  1.2497855E+02     64

        Minor NonOpt  QP mult  QP step   rgNorm Elastic QP obj     nS
         2900    430  1.3E+00  9.4E-01  8.4E-02  1.2435236E+02     74

        Minor NonOpt  QP mult  QP step   rgNorm Elastic QP obj     nS
         3000    429           1.0E+00  1.2E-13  1.2418530E+02     79

        Minor NonOpt  QP mult  QP step   rgNorm Elastic QP obj     nS
         3100    429           1.0E+00  6.1E-12  1.2389182E+02     83

        Minor NonOpt  QP mult  QP step   rgNorm Elastic QP obj     nS
         3200    411           1.0E+00  6.5E-04  1.2372835E+02     88

        Minor NonOpt  QP mult  QP step   rgNorm Elastic QP obj     nS
         3300    387           1.0E+00  6.9E-05  1.2350186E+02     88

        Minor NonOpt  QP mult  QP step   rgNorm Elastic QP obj     nS
         3400    380           1.0E+00  4.9E-09  1.2322773E+02     95

        Minor NonOpt  QP mult  QP step   rgNorm Elastic QP obj     nS
         3500    374           1.0E+00  3.7E-06  1.2278233E+02    103

        Minor NonOpt  QP mult  QP step   rgNorm Elastic QP obj     nS
         3600    362  9.3E-02  2.9E-01  6.7E-02  1.2258315E+02    113

        Minor NonOpt  QP mult  QP step   rgNorm Elastic QP obj     nS
         3700    351  8.5E-02  4.3E-01  4.8E-02  1.2252217E+02    119

        Minor NonOpt  QP mult  QP step   rgNorm Elastic QP obj     nS
         3800    350           1.0E+00  9.5E-12  1.2245642E+02    124

        Minor NonOpt  QP mult  QP step   rgNorm Elastic QP obj     nS
         3900    341           1.0E+00  1.3E-05  1.2233781E+02    127

        Minor NonOpt  QP mult  QP step   rgNorm Elastic QP obj     nS
         4000    330           1.0E+00  5.0E-12  1.2221703E+02    139

        Minor NonOpt  QP mult  QP step   rgNorm Elastic QP obj     nS
         4100    316           1.0E+00  6.4E-10  1.2209811E+02    145

        Minor NonOpt  QP mult  QP step   rgNorm Elastic QP obj     nS
         4200    309  2.5E-01  1.0E+00  1.7E-06  1.2203923E+02    150

        Minor NonOpt  QP mult  QP step   rgNorm Elastic QP obj     nS
         4300    301           1.0E+00  9.5E-08  1.2199514E+02    160

        Minor NonOpt  QP mult  QP step   rgNorm Elastic QP obj     nS
         4400    285  4.6E-01  3.8E-01  7.7E-04  1.2189422E+02    169

        Minor NonOpt  QP mult  QP step   rgNorm Elastic QP obj     nS
         4500    274           1.0E+00  3.2E-05  1.2180561E+02    177

        Minor NonOpt  QP mult  QP step   rgNorm Elastic QP obj     nS
         4600    261           1.0E+00  5.7E-08  1.2175043E+02    185

        Minor NonOpt  QP mult  QP step   rgNorm Elastic QP obj     nS
         4700    255  4.7E-02  1.0E+00  1.4E-05  1.2169220E+02    197

        Minor NonOpt  QP mult  QP step   rgNorm Elastic QP obj     nS
         4800    245           1.0E+00  1.2E-11  1.2164008E+02    202

        Minor NonOpt  QP mult  QP step   rgNorm Elastic QP obj     nS
         4900    234           1.0E+00  1.0E-07  1.2157186E+02    217

        Minor NonOpt  QP mult  QP step   rgNorm Elastic QP obj     nS
         5000    217           1.0E+00  5.2E-10  1.2155135E+02    220

        Minor NonOpt  QP mult  QP step   rgNorm Elastic QP obj     nS
         5100    205  8.8E-02  1.4E-03  2.8E-03  1.2153027E+02    226

        Minor NonOpt  QP mult  QP step   rgNorm Elastic QP obj     nS
         5200    196  1.8E-02  1.3E-05  1.9E-07  1.2151237E+02    232

        Minor NonOpt  QP mult  QP step   rgNorm Elastic QP obj     nS
         5300    193           1.0E+00  4.0E-11  1.2149404E+02    241

        Minor NonOpt  QP mult  QP step   rgNorm Elastic QP obj     nS
         5400    189           1.0E+00  2.9E-11  1.2148101E+02    250

        Minor NonOpt  QP mult  QP step   rgNorm Elastic QP obj     nS
         5500    176           1.0E+00  2.7E-06  1.2147353E+02    259

        Minor NonOpt  QP mult  QP step   rgNorm Elastic QP obj     nS
         5600    161  1.2E-02  1.0E+00  1.1E-04  1.2145725E+02    273

        Minor NonOpt  QP mult  QP step   rgNorm Elastic QP obj     nS
         5700    161  4.6E+00  1.0E+00  7.3E-06  1.2145467E+02    276

        Minor NonOpt  QP mult  QP step   rgNorm Elastic QP obj     nS
         5800    139           1.0E+00  1.6E-07  1.2144634E+02    283

        Minor NonOpt  QP mult  QP step   rgNorm Elastic QP obj     nS
         5900    114  6.7E-03  1.0E+00  1.1E-05  1.2143834E+02    307

        Minor NonOpt  QP mult  QP step   rgNorm Elastic QP obj     nS
         6000     86 -4.7E-03  1.0E+00  7.1E-07  1.2143423E+02    332

        Minor NonOpt  QP mult  QP step   rgNorm Elastic QP obj     nS
         6100     64  3.2E-03  1.0E+00  4.3E-08  1.2143184E+02    360

        Minor NonOpt  QP mult  QP step   rgNorm Elastic QP obj     nS
         6200     42           1.0E+00  1.2E-09  1.2143092E+02    385

        Minor NonOpt  QP mult  QP step   rgNorm Elastic QP obj     nS
         6300      5 -2.1E-04  1.0E+00  3.2E-04  1.2143077E+02    412

 Major Minors     Step   nCon Feasible  Optimal  MeritFunction     nS Penalty
    21   6363  3.4E-01     45  1.1E-01  3.5E+02  1.2630153E+02    415 1.9E+02   R  T

        Minor NonOpt  QP mult  QP step   rgNorm Elastic QP obj     nS
          100                  2.2E-05  7.8E+01  3.9420661E+03    315

        Minor NonOpt  QP mult  QP step   rgNorm Elastic QP obj     nS
          200                  6.8E-04  7.8E+00  3.8304313E+03    215

        Minor NonOpt  QP mult  QP step   rgNorm Elastic QP obj     nS
          300    413 -1.3E+06  2.1E-08  1.5E-09  3.8233377E+03    134

        Minor NonOpt  QP mult  QP step   rgNorm Elastic QP obj     nS
          400    452           1.0E+00  8.6E-10  3.7394452E+03    106

        Minor NonOpt  QP mult  QP step   rgNorm Elastic QP obj     nS
          500    451           1.0E+00  4.3E-10  1.2299538E+02    103

        Minor NonOpt  QP mult  QP step   rgNorm Elastic QP obj     nS
          600    426           1.0E+00  2.1E-08  1.2271826E+02    109

        Minor NonOpt  QP mult  QP step   rgNorm Elastic QP obj     nS
          700    404           1.0E+00  1.5E-05  1.2264266E+02    115

        Minor NonOpt  QP mult  QP step   rgNorm Elastic QP obj     nS
          800    380  3.3E+02  1.0E+00  1.1E-02  1.2237806E+02    116

        Minor NonOpt  QP mult  QP step   rgNorm Elastic QP obj     nS
          900    362  2.1E+02  1.0E+00  7.2E-03  1.2229768E+02    116

        Minor NonOpt  QP mult  QP step   rgNorm Elastic QP obj     nS
         1000    338           1.0E+00  4.0E-10  1.2222338E+02    118

        Minor NonOpt  QP mult  QP step   rgNorm Elastic QP obj     nS
         1100    344           1.0E+00  5.2E-07  1.2210934E+02    119

        Minor NonOpt  QP mult  QP step   rgNorm Elastic QP obj     nS
         1200    327 -4.0E-01  5.2E-01  5.4E-01  1.2204413E+02    123

        Minor NonOpt  QP mult  QP step   rgNorm Elastic QP obj     nS
         1300    325           1.0E+00  1.8E-07  1.2201045E+02    121

        Minor NonOpt  QP mult  QP step   rgNorm Elastic QP obj     nS
         1400    313           1.0E+00  3.2E-09  1.2192101E+02    124

        Minor NonOpt  QP mult  QP step   rgNorm Elastic QP obj     nS
         1500    293           1.0E+00  1.3E-11  1.2165588E+02    125

        Minor NonOpt  QP mult  QP step   rgNorm Elastic QP obj     nS
         1600    287  7.4E+02  1.9E-01  3.1E-03  1.2154642E+02    126

        Minor NonOpt  QP mult  QP step   rgNorm Elastic QP obj     nS
         1700    281           1.0E+00  1.9E-12  1.2137287E+02    130

        Minor NonOpt  QP mult  QP step   rgNorm Elastic QP obj     nS
         1800    260           1.0E+00  1.7E-09  1.2128263E+02    133

        Minor NonOpt  QP mult  QP step   rgNorm Elastic QP obj     nS
         1900    262  3.8E+00  1.0E+00  3.8E-06  1.2126946E+02    136

        Minor NonOpt  QP mult  QP step   rgNorm Elastic QP obj     nS
         2000    246           1.0E+00  7.2E-08  1.2122908E+02    140

        Minor NonOpt  QP mult  QP step   rgNorm Elastic QP obj     nS
         2100    239           1.0E+00  1.4E-08  1.2116282E+02    142

        Minor NonOpt  QP mult  QP step   rgNorm Elastic QP obj     nS
         2200    201 -3.6E-02  1.0E+00  9.4E-02  1.2105288E+02    151

        Minor NonOpt  QP mult  QP step   rgNorm Elastic QP obj     nS
         2300    196  3.3E-02  1.7E-01  2.8E-02  1.2103351E+02    154

        Minor NonOpt  QP mult  QP step   rgNorm Elastic QP obj     nS
         2400    195           1.0E+00  8.2E-14  1.2097568E+02    155

        Minor NonOpt  QP mult  QP step   rgNorm Elastic QP obj     nS
         2500    169  2.6E-02  6.9E-01  8.2E-03  1.2092297E+02    159

        Minor NonOpt  QP mult  QP step   rgNorm Elastic QP obj     nS
         2600    171           1.0E+00  3.3E-13  1.2090013E+02    164

        Minor NonOpt  QP mult  QP step   rgNorm Elastic QP obj     nS
         2700    150  1.9E-02  9.6E-10  5.9E-13  1.2086317E+02    172

        Minor NonOpt  QP mult  QP step   rgNorm Elastic QP obj     nS
         2800    128  2.6E-02  1.0E+00  4.3E-06  1.2083724E+02    181

        Minor NonOpt  QP mult  QP step   rgNorm Elastic QP obj     nS
         2900    116           1.0E+00  2.4E-11  1.2081791E+02    189

        Minor NonOpt  QP mult  QP step   rgNorm Elastic QP obj     nS
         3000    110           1.0E+00  7.1E-13  1.2080966E+02    190

        Minor NonOpt  QP mult  QP step   rgNorm Elastic QP obj     nS
         3100    125  8.5E-02  1.0E+00  1.9E-06  1.2080825E+02    185

        Minor NonOpt  QP mult  QP step   rgNorm Elastic QP obj     nS
         3200     94           1.0E+00  1.3E-11  1.2079491E+02    200

        Minor NonOpt  QP mult  QP step   rgNorm Elastic QP obj     nS
         3300     91           1.0E+00  3.6E-12  1.2078794E+02    207

        Minor NonOpt  QP mult  QP step   rgNorm Elastic QP obj     nS
         3400     74           1.0E+00  5.5E-12  1.2078367E+02    216

        Minor NonOpt  QP mult  QP step   rgNorm Elastic QP obj     nS
         3500     57           1.0E+00  1.3E-06  1.2078003E+02    226

        Minor NonOpt  QP mult  QP step   rgNorm Elastic QP obj     nS
         3600     33           1.0E+00  2.2E-11  1.2077943E+02    232

        Minor NonOpt  QP mult  QP step   rgNorm Elastic QP obj     nS
         3700                  5.3E-01  1.3E-02  1.2024076E+02    197

        Minor NonOpt  QP mult  QP step   rgNorm Elastic QP obj     nS
         3800     80           1.0E+00  5.5E-12  1.2014471E+02    193

        Minor NonOpt  QP mult  QP step   rgNorm Elastic QP obj     nS
         3900     42           1.0E+00  3.3E-11  1.2012924E+02    215

        Minor NonOpt  QP mult  QP step   rgNorm Elastic QP obj     nS
         4000      4 -3.7E-04  6.2E-09  3.0E-12  1.2012637E+02    248

 Major Minors     Step   nCon Feasible  Optimal  MeritFunction     nS Penalty
    22   4012  1.0E+00     46  5.1E-02  1.7E+02  1.2214618E+02    252 1.9E+02 s r

        Minor NonOpt  QP mult  QP step   rgNorm Elastic QP obj     nS
          100                  6.9E-04  4.7E+01  7.9544368E+04    152

        Minor NonOpt  QP mult  QP step   rgNorm Elastic QP obj     nS
          200    345  2.3E+05  3.2E-09  2.2E-04  6.3184873E+03     74

        Minor NonOpt  QP mult  QP step   rgNorm Elastic QP obj     nS
          300    423 -6.0E+01  3.6E-07  8.1E-10  1.2246382E+02     73

        Minor NonOpt  QP mult  QP step   rgNorm Elastic QP obj     nS
          400    395           1.0E+00  7.1E-06  1.2224317E+02     78

        Minor NonOpt  QP mult  QP step   rgNorm Elastic QP obj     nS
          500    320           1.0E+00  3.8E-10  1.2201978E+02     85

        Minor NonOpt  QP mult  QP step   rgNorm Elastic QP obj     nS
          600    329  1.9E+02  8.4E-02  1.6E-04  1.2182077E+02     88

        Minor NonOpt  QP mult  QP step   rgNorm Elastic QP obj     nS
          700    311  3.1E+02  1.7E-04  3.4E-07  1.2161656E+02     93

        Minor NonOpt  QP mult  QP step   rgNorm Elastic QP obj     nS
          800    288           1.0E+00  1.6E-10  1.2141064E+02    101

        Minor NonOpt  QP mult  QP step   rgNorm Elastic QP obj     nS
          900    255           1.0E+00  3.0E-12  1.2121576E+02    109

        Minor NonOpt  QP mult  QP step   rgNorm Elastic QP obj     nS
         1000    230           1.0E+00  6.4E-04  1.2111133E+02    114

        Minor NonOpt  QP mult  QP step   rgNorm Elastic QP obj     nS
         1100    196           1.0E+00  3.7E-09  1.2103491E+02    122

        Minor NonOpt  QP mult  QP step   rgNorm Elastic QP obj     nS
         1200    178           1.0E+00  3.3E-11  1.2084437E+02    129

        Minor NonOpt  QP mult  QP step   rgNorm Elastic QP obj     nS
         1300    154           1.0E+00  3.8E-10  1.2064885E+02    136

        Minor NonOpt  QP mult  QP step   rgNorm Elastic QP obj     nS
         1400    145  1.4E-01  6.9E-03  2.1E-04  1.2054990E+02    143

        Minor NonOpt  QP mult  QP step   rgNorm Elastic QP obj     nS
         1500    127           1.0E+00  2.7E-10  1.2043613E+02    152

        Minor NonOpt  QP mult  QP step   rgNorm Elastic QP obj     nS
         1600    114           1.0E+00  4.9E-12  1.2038506E+02    162

        Minor NonOpt  QP mult  QP step   rgNorm Elastic QP obj     nS
         1700    104  2.9E-02  1.0E+00  3.3E-04  1.2034584E+02    172

        Minor NonOpt  QP mult  QP step   rgNorm Elastic QP obj     nS
         1800     86           1.0E+00  8.7E-06  1.2033377E+02    180

        Minor NonOpt  QP mult  QP step   rgNorm Elastic QP obj     nS
         1900     83           1.0E+00  1.5E-11  1.2032453E+02    189

        Minor NonOpt  QP mult  QP step   rgNorm Elastic QP obj     nS
         2000     61  1.4E-02  9.7E-02  1.2E-02  1.2031014E+02    203

        Minor NonOpt  QP mult  QP step   rgNorm Elastic QP obj     nS
         2100     51  8.1E-03  1.0E+00  2.2E-01  1.2030074E+02    219

        Minor NonOpt  QP mult  QP step   rgNorm Elastic QP obj     nS
         2200     41           1.0E+00  6.6E-02  1.2029910E+02    226

        Minor NonOpt  QP mult  QP step   rgNorm Elastic QP obj     nS
         2300     27           1.0E+00  1.8E-10  1.2029866E+02    239

        Minor NonOpt  QP mult  QP step   rgNorm Elastic QP obj     nS
         2400     11           1.0E+00  1.2E-08  1.2029847E+02    256

 Major Minors     Step   nCon Feasible  Optimal  MeritFunction     nS Penalty
    23   2450  2.5E-01     48  2.7E-01  8.7E+02  1.2164537E+02    266 1.9E+02 s

        Minor NonOpt  QP mult  QP step   rgNorm Elastic QP obj     nS
          100                  6.1E-04  1.3E+02  4.9664933E+03    166

        Minor NonOpt  QP mult  QP step   rgNorm Elastic QP obj     nS
          200    282  2.2E+05  3.3E-11  2.7E-04  1.3050793E+02    102

        Minor NonOpt  QP mult  QP step   rgNorm Elastic QP obj     nS
          300    357           1.0E+00  5.5E-09  1.2558461E+02    106

        Minor NonOpt  QP mult  QP step   rgNorm Elastic QP obj     nS
          400    336           1.0E+00  1.8E-08  1.2493605E+02    114

        Minor NonOpt  QP mult  QP step   rgNorm Elastic QP obj     nS
          500    315           1.0E+00  5.4E-12  1.2335792E+02    118

        Minor NonOpt  QP mult  QP step   rgNorm Elastic QP obj     nS
          600    315           1.0E+00  2.3E-06  1.2284503E+02    117

        Minor NonOpt  QP mult  QP step   rgNorm Elastic QP obj     nS
          700    269           2.2E-01  5.6E+02  1.2243590E+02    117

        Minor NonOpt  QP mult  QP step   rgNorm Elastic QP obj     nS
          800    284  3.6E-01  5.6E-01  1.6E-01  1.2224521E+02    123

        Minor NonOpt  QP mult  QP step   rgNorm Elastic QP obj     nS
          900    216  3.1E-01  1.9E-01  2.5E-02  1.2123006E+02    130

        Minor NonOpt  QP mult  QP step   rgNorm Elastic QP obj     nS
         1000    192           1.0E+00  5.6E-11  1.2104154E+02    128

        Minor NonOpt  QP mult  QP step   rgNorm Elastic QP obj     nS
         1100    174           1.0E+00  6.9E-08  1.2077717E+02    139

        Minor NonOpt  QP mult  QP step   rgNorm Elastic QP obj     nS
         1200    156           1.0E-01  3.7E-02  1.2059713E+02    146

        Minor NonOpt  QP mult  QP step   rgNorm Elastic QP obj     nS
         1300    145           1.0E+00  5.7E-07  1.2047263E+02    150

        Minor NonOpt  QP mult  QP step   rgNorm Elastic QP obj     nS
         1400    133           1.0E+00  4.3E-06  1.2038218E+02    158

        Minor NonOpt  QP mult  QP step   rgNorm Elastic QP obj     nS
         1500    122           1.0E+00  7.7E-13  1.2035480E+02    164

        Minor NonOpt  QP mult  QP step   rgNorm Elastic QP obj     nS
         1600    114  2.4E+00  1.0E+00  2.4E-06  1.2031796E+02    175

        Minor NonOpt  QP mult  QP step   rgNorm Elastic QP obj     nS
         1700     99           1.0E+00  4.3E-09  1.2027461E+02    183

        Minor NonOpt  QP mult  QP step   rgNorm Elastic QP obj     nS
         1800     88 -1.9E-02  3.2E-01  1.3E-02  1.2026017E+02    187

        Minor NonOpt  QP mult  QP step   rgNorm Elastic QP obj     nS
         1900     77           1.0E+00  5.2E-08  1.2024733E+02    199

        Minor NonOpt  QP mult  QP step   rgNorm Elastic QP obj     nS
         2000     57  1.1E-02  1.0E+00  1.6E-09  1.2023833E+02    207

        Minor NonOpt  QP mult  QP step   rgNorm Elastic QP obj     nS
         2100    103           1.0E+00  8.4E-11  1.2035644E+02    199

        Minor NonOpt  QP mult  QP step   rgNorm Elastic QP obj     nS
         2200     81 -1.3E-02  1.0E+00  5.4E-07  1.2035018E+02    215

        Minor NonOpt  QP mult  QP step   rgNorm Elastic QP obj     nS
         2300     64           1.0E+00  2.0E-14  1.2034257E+02    222

        Minor NonOpt  QP mult  QP step   rgNorm Elastic QP obj     nS
         2400     35           1.0E+00  3.2E-14  1.2033907E+02    248

 Major Minors     Step   nCon Feasible  Optimal  MeritFunction     nS Penalty
    24   2483  4.1E-01     50  3.4E-01  1.1E+03  1.2110267E+02    279 1.9E+02   R

        Minor NonOpt  QP mult  QP step   rgNorm Elastic QP obj     nS
          100     96  9.5E+05  3.2E-10  1.1E-02  1.2072379E+02    185

        Minor NonOpt  QP mult  QP step   rgNorm Elastic QP obj     nS
          200     90           1.8E-01  6.0E-02  1.2021710E+02    180

        Minor NonOpt  QP mult  QP step   rgNorm Elastic QP obj     nS
          300     46           1.0E+00  2.0E-12  1.2020831E+02    186

        Minor NonOpt  QP mult  QP step   rgNorm Elastic QP obj     nS
          400     12           1.0E+00  1.7E-12  1.2020687E+02    207

 Major Minors     Step   nCon Feasible  Optimal  MeritFunction     nS Penalty
    25    429  1.0E+00     51  6.7E-02  2.2E+02  1.2031105E+02    218 1.9E+02 s

        Minor NonOpt  QP mult  QP step   rgNorm Elastic QP obj     nS
          100    184           5.4E-01  1.1E-03  3.3163749E+04    126

        Minor NonOpt  QP mult  QP step   rgNorm Elastic QP obj     nS
          200    168           1.0E+00  4.8E-11  6.5362186E+03    124

        Minor NonOpt  QP mult  QP step   rgNorm Elastic QP obj     nS
          300    152           1.0E+00  1.6E-10  1.2192563E+02    124

        Minor NonOpt  QP mult  QP step   rgNorm Elastic QP obj     nS
          400    212           1.0E+00  1.2E-06  1.2087020E+02    125

        Minor NonOpt  QP mult  QP step   rgNorm Elastic QP obj     nS
          500    179           1.0E+00  1.6E-10  1.2042853E+02    128

        Minor NonOpt  QP mult  QP step   rgNorm Elastic QP obj     nS
          600    158  3.1E+00  1.0E+00  7.5E-07  1.2024454E+02    131

        Minor NonOpt  QP mult  QP step   rgNorm Elastic QP obj     nS
          700    125  8.5E-02  3.1E-01  2.5E-01  1.2019627E+02    138

        Minor NonOpt  QP mult  QP step   rgNorm Elastic QP obj     nS
          800    113  4.9E-02  9.1E-02  4.5E-02  1.2018773E+02    142

        Minor NonOpt  QP mult  QP step   rgNorm Elastic QP obj     nS
          900     96           1.0E+00  2.4E-08  1.2017369E+02    154

        Minor NonOpt  QP mult  QP step   rgNorm Elastic QP obj     nS
         1000     77           1.0E+00  4.4E-12  1.2015476E+02    164

        Minor NonOpt  QP mult  QP step   rgNorm Elastic QP obj     nS
         1100     58           1.0E+00  2.6E-06  1.2013857E+02    167

        Minor NonOpt  QP mult  QP step   rgNorm Elastic QP obj     nS
         1200     42  8.8E-03  1.1E-01  7.8E-03  1.2013645E+02    177

        Minor NonOpt  QP mult  QP step   rgNorm Elastic QP obj     nS
         1300     13           1.0E+00  1.1E-11  1.2013396E+02    199

 Major Minors     Step   nCon Feasible  Optimal  MeritFunction     nS Penalty
    26   1328  1.0E+00     52  1.4E-02  4.8E+01  1.2022021E+02    208 1.9E+02   R

        Minor NonOpt  QP mult  QP step   rgNorm Elastic QP obj     nS
          100    244  8.5E+05  1.0E-07  1.5E-07  1.4702363E+02    121

        Minor NonOpt  QP mult  QP step   rgNorm Elastic QP obj     nS
          200    240  6.1E+01  1.7E-04  6.1E+01  1.2055216E+02    126

        Minor NonOpt  QP mult  QP step   rgNorm Elastic QP obj     nS
          300    183  7.3E-01  8.9E-01  7.0E-01  1.2028337E+02    135

        Minor NonOpt  QP mult  QP step   rgNorm Elastic QP obj     nS
          400    140           1.0E+00  1.2E-09  1.2025404E+02    144

        Minor NonOpt  QP mult  QP step   rgNorm Elastic QP obj     nS
          500    109           1.0E+00  2.3E-10  1.2023676E+02    152

        Minor NonOpt  QP mult  QP step   rgNorm Elastic QP obj     nS
          600     82           1.0E+00  1.9E-03  1.2016690E+02    161

        Minor NonOpt  QP mult  QP step   rgNorm Elastic QP obj     nS
          700     57           1.0E+00  1.4E-09  1.2014938E+02    171

        Minor NonOpt  QP mult  QP step   rgNorm Elastic QP obj     nS
          800     42  9.3E-03  1.0E+00  5.1E-05  1.2014078E+02    185

        Minor NonOpt  QP mult  QP step   rgNorm Elastic QP obj     nS
          900     44           1.0E+00  2.3E-07  1.2011928E+02    183

        Minor NonOpt  QP mult  QP step   rgNorm Elastic QP obj     nS
         1000     11           1.0E+00  4.1E-12  1.2011809E+02    204

 Major Minors     Step   nCon Feasible  Optimal  MeritFunction     nS Penalty
    27   1030  1.0E+00     53  2.5E-02  8.1E+01  1.2017502E+02    210 1.9E+02 s R

        Minor NonOpt  QP mult  QP step   rgNorm Elastic QP obj     nS
          100    109  3.7E+00  6.5E-06  1.2E-06  1.2022973E+02    167

        Minor NonOpt  QP mult  QP step   rgNorm Elastic QP obj     nS
          200     91           1.0E+00  3.0E-11  1.2019720E+02    176

        Minor NonOpt  QP mult  QP step   rgNorm Elastic QP obj     nS
          300     57           4.2E-01  2.8E-02  1.2015733E+02    186

        Minor NonOpt  QP mult  QP step   rgNorm Elastic QP obj     nS
          400     43  5.9E-02  1.0E+00  2.8E-07  1.2014152E+02    193

        Minor NonOpt  QP mult  QP step   rgNorm Elastic QP obj     nS
          500     22           1.0E+00  3.0E-12  1.2013280E+02    202

 Major Minors     Step   nCon Feasible  Optimal  MeritFunction     nS Penalty
    28    591  5.7E-01     55  1.3E-02  4.4E+01  1.2014083E+02    212 1.9E+02 s

        Minor NonOpt  QP mult  QP step   rgNorm Elastic QP obj     nS
          100     59  5.0E-01  4.4E-02  4.8E-01  1.2014181E+02    178

        Minor NonOpt  QP mult  QP step   rgNorm Elastic QP obj     nS
          200     39           1.0E+00  3.6E-08  1.2012251E+02    185

        Minor NonOpt  QP mult  QP step   rgNorm Elastic QP obj     nS
          300      5           1.0E+00  1.1E-07  1.2012217E+02    197

 Major Minors     Step   nCon Feasible  Optimal  MeritFunction     nS Penalty
    29    321  1.0E+00     56  8.4E-04  2.8E+00  1.2012887E+02    201 1.9E+02

        Minor NonOpt  QP mult  QP step   rgNorm Elastic QP obj     nS
          100     15           1.0E+00  6.1E-11  1.2010927E+02    187

 Major Minors     Step   nCon Feasible  Optimal  MeritFunction     nS Penalty
    30    157  1.0E+00     57  8.3E-04  2.7E+00  1.2011840E+02    196 1.9E+02

        Minor NonOpt  QP mult  QP step   rgNorm Elastic QP obj     nS
          100     13  3.6E-03  3.9E-04  2.2E-06  1.2009140E+02    178

 Major Minors     Step   nCon Feasible  Optimal  MeritFunction     nS Penalty
    31    126  1.0E+00     58  2.7E-03  9.1E+00  1.2010282E+02    185 1.9E+02

        Minor NonOpt  QP mult  QP step   rgNorm Elastic QP obj     nS
          100     12           1.0E+00  4.4E-11  1.2008298E+02    176

 Major Minors     Step   nCon Feasible  Optimal  MeritFunction     nS Penalty
    32    137  1.0E+00     59  2.1E-03  6.9E+00  1.2008777E+02    186 1.9E+02
    33     66  1.0E+00     60  3.1E-03  1.0E+01  1.2008088E+02    179 1.9E+02
    34     60  1.0E+00     61  3.7E-04  1.2E+00  1.2007973E+02    169 1.9E+02
    35     57  1.0E+00     62  1.1E-03  3.8E+00  1.2007838E+02    172 1.9E+02
    36     33  1.0E+00     63  9.0E-04  3.0E+00  1.2007742E+02    165 1.9E+02
    37     36  1.0E+00     64  1.2E-03  4.0E+00  1.2007627E+02    163 1.9E+02
    38     15  1.0E+00     65  3.3E-04  1.1E+00  1.2007529E+02    162 1.9E+02   R
    39     69  1.0E+00     66  1.6E-04  5.2E-01  1.2007494E+02    143 1.9E+02 s

        Minor NonOpt  QP mult  QP step   rgNorm Elastic QP obj     nS
          100    188  1.2E+09  2.7E-06  3.2E-03  8.5917967E+02     71

        Minor NonOpt  QP mult  QP step   rgNorm Elastic QP obj     nS
          200    130           1.0E+00  9.3E-09  1.2105749E+02     68

        Minor NonOpt  QP mult  QP step   rgNorm Elastic QP obj     nS
          300    137           1.0E+00  8.5E-09  1.2065140E+02     78

        Minor NonOpt  QP mult  QP step   rgNorm Elastic QP obj     nS
          400    114           1.0E+00  6.7E-14  1.2029986E+02     85

        Minor NonOpt  QP mult  QP step   rgNorm Elastic QP obj     nS
          500     79  1.0E-01  5.6E-01  4.6E-02  1.2009055E+02     94

        Minor NonOpt  QP mult  QP step   rgNorm Elastic QP obj     nS
          600     49           1.0E+00  6.5E-06  1.2008365E+02    105

        Minor NonOpt  QP mult  QP step   rgNorm Elastic QP obj     nS
          700     59  5.5E-01  1.1E-01  3.7E-02  1.2007586E+02    104

        Minor NonOpt  QP mult  QP step   rgNorm Elastic QP obj     nS
          800     33           1.0E+00  9.0E-10  1.2007223E+02    115

 Major Minors     Step   nCon Feasible  Optimal  MeritFunction     nS Penalty
    40    871  1.0E+00     67  8.1E-03  2.7E+01  1.2007444E+02    147 1.9E+02   R
    41     75  3.9E-01     69  5.2E-03  1.7E+01  1.2007357E+02    155 1.9E+02 s
    42     17  1.0E+00     70  1.8E-04  6.0E-01  1.2007314E+02    155 1.9E+02
    43     21  1.0E+00     71  1.6E-04  5.2E-01  1.2007295E+02    150 1.9E+02
    44     20  1.0E+00     72  1.0E-04  3.4E-01  1.2007277E+02    151 1.9E+02
    45     15  1.0E+00     73  2.2E-04  7.4E-01  1.2007247E+02    151 1.9E+02
    46     13  1.0E+00     74  7.9E-05  2.6E-01  1.2007228E+02    151 1.9E+02
    47     25  1.0E+00     75  1.7E-05  5.6E-02  1.2007219E+02    146 1.9E+02
    48      7  1.0E+00     76  1.3E-04  4.2E-01  1.2007203E+02    145 1.9E+02
    49      6  1.0E+00     77  9.2E-06  3.0E-02  1.2007200E+02    143 1.9E+02

 Major Minors     Step   nCon Feasible  Optimal  MeritFunction     nS Penalty
    50     10  1.0E+00     78  1.3E-04  4.2E-01  1.2007190E+02    144 1.9E+02
    51      8  1.0E+00     79  6.4E-05  2.1E-01  1.2007187E+02    144 1.9E+02   R
    52     11  1.0E+00     80  7.0E-06  2.3E-02  1.2007184E+02    144 1.9E+02 s
    53      6  1.0E+00     81  4.9E-05  1.6E-01  1.2007182E+02    143 1.9E+02
    54      5  1.0E+00     82  1.7E-05  5.5E-02  1.2007180E+02    145 1.9E+02
    55      2  1.0E+00     83  6.9E-05  2.3E-01  1.2007178E+02    145 1.9E+02
    56     51  1.0E+00     84  1.4E-04  4.7E-01  1.2007176E+02    144 1.9E+02
    57     68  1.0E+00     85  5.3E-04  1.8E+00  1.2007173E+02    143 1.9E+02
    58      8  1.0E+00     86  3.4E-04  1.1E+00  1.2007170E+02    142 1.9E+02
    59     12  1.0E+00     87  6.6E-05  2.2E-01  1.2007169E+02    144 1.9E+02

 Major Minors     Step   nCon Feasible  Optimal  MeritFunction     nS Penalty
    60      5  1.0E+00     88  1.8E-05  5.9E-02  1.2007168E+02    145 1.9E+02
    61      5  1.0E+00     89  2.2E-05  7.4E-02  1.2007168E+02    142 1.9E+02
    62      2  1.0E+00     90  3.4E-05  1.1E-01  1.2007168E+02    142 1.9E+02   R
    63      5  1.0E+00     91 (8.2E-07) 2.7E-03  1.2007168E+02    142 1.9E+02 s
    64      3  1.0E+00     92  1.9E-06  6.4E-03  1.2007167E+02    141 1.9E+02
    65      4  1.0E+00     93  5.9E-05  2.0E-01  1.2007167E+02    141 1.9E+02
    66      6  1.0E+00     94  1.6E-05  5.3E-02  1.2007167E+02    142 1.9E+02
    67      5  1.0E+00     95 (7.5E-07) 2.5E-03  1.2007167E+02    142 1.9E+02
    68      3  1.0E+00     96  1.9E-06  6.4E-03  1.2007167E+02    141 1.9E+02
    69      4  1.0E+00     97  3.7E-06  1.2E-02  1.2007167E+02    142 1.9E+02

 Major Minors     Step   nCon Feasible  Optimal  MeritFunction     nS Penalty
    70      3  1.0E+00     98  3.0E-05  9.9E-02  1.2007167E+02    141 1.9E+02
    71      3  1.0E+00     99  1.3E-04  4.4E-01  1.2007166E+02    140 1.9E+02
    72      4  1.0E+00    100  2.0E-05  6.7E-02  1.2007166E+02    140 1.9E+02
    73      2  1.0E+00    101  2.6E-06  8.5E-03  1.2007166E+02    140 1.9E+02   R
    74      2  1.0E+00    102 (1.8E-07)(4.2E-07) 1.2007166E+02    140 1.9E+02 s
 
 SNOPTC EXIT   0 -- finished successfully
 SNOPTC INFO   1 -- optimality conditions satisfied

 Problem name                 Optimiza
 No. of iterations               64331   Objective            1.2007165932E+02
 No. of major iterations            74   Linear    obj. term  0.0000000000E+00
 Penalty parameter           1.907E+02   Nonlinear obj. term  1.2007165932E+02
 User function calls (total)       102
 No. of superbasics                140   No. of basic nonlinears          3625
 No. of degenerate steps          3676   Percentage                       5.71
 Max x                     980 2.8E+00   Max pi                     89 1.3E+02
 Max Primal infeas       10646 5.1E-07   Max Dual infeas         11336 2.5E-01
 Nonlinear constraint violn    5.1E-07
 
 

 Solution printed on file  18
 
 Time for MPS input                             0.00 seconds
 Time for solving problem                     294.44 seconds
 Time for solution output                       0.06 seconds
 Time for constraint functions                196.56 seconds
 Time for objective function                    0.00 seconds
