
******************************************************************************
This program contains Ipopt, a library for large-scale nonlinear optimization.
 Ipopt is released as open source code under the Eclipse Public License (EPL).
         For more information visit http://projects.coin-or.org/Ipopt
******************************************************************************

This is Ipopt version 3.13.2, running with linear solver mumps.
NOTE: Other linear solvers might be more efficient (see Ipopt documentation).

Number of nonzeros in equality constraint Jacobian...:   341498
Number of nonzeros in inequality constraint Jacobian.:   712649
Number of nonzeros in Lagrangian Hessian.............:        0

Total number of variables............................:    10013
                     variables with only lower bounds:      500
                variables with lower and upper bounds:     1502
                     variables with only upper bounds:        0
Total number of equality constraints.................:     7001
Total number of inequality constraints...............:    12000
        inequality constraints with only lower bounds:        0
   inequality constraints with lower and upper bounds:     6000
        inequality constraints with only upper bounds:     6000

iter    objective    inf_pr   inf_du lg(mu)  ||d||  lg(rg) alpha_du alpha_pr  ls
   0  1.0000000e+02 2.00e+01 1.27e+00  -3.0 0.00e+00    -  0.00e+00 0.00e+00   0
   1  9.9999001e-02 6.78e+00 6.85e+00  -3.0 2.50e+00    -  4.94e-01 6.61e-01f  1
   2  9.7373884e+00 5.32e+00 1.19e+02  -3.0 2.35e+00    -  2.23e-03 2.15e-01h  1
   3  1.4433850e+01 5.16e+00 1.15e+02  -3.0 2.37e+00    -  6.77e-02 2.99e-02h  1
   4  6.1489412e+01 3.62e+00 8.08e+01  -3.0 2.39e+00    -  1.02e-01 2.98e-01h  1
   5  1.2647343e+02 1.68e+00 3.00e+01  -3.0 1.03e+00    -  4.03e-01 6.29e-01h  1
   6  1.5834152e+02 2.53e-01 2.78e+00  -3.0 7.44e-01    -  6.84e-01 1.00e+00h  1
   7  1.5511751e+02 1.20e-02 1.00e-01  -3.0 8.09e-02    -  9.72e-01 1.00e+00h  1
   8  1.4298103e+02 5.96e-02 1.13e-01  -3.0 4.87e-01    -  9.99e-01 4.49e-01f  1
   9  1.3606692e+02 6.64e-02 1.70e-01  -3.0 4.62e-01    -  8.94e-01 3.74e-01f  1
iter    objective    inf_pr   inf_du lg(mu)  ||d||  lg(rg) alpha_du alpha_pr  ls
  10  1.3299520e+02 6.64e-02 1.64e-01  -3.0 5.46e-01    -  8.63e-01 2.37e-01h  1
  11  1.2934214e+02 7.40e-02 1.38e-01  -3.0 6.46e-01    -  9.17e-01 3.63e-01h  1
  12  1.2720159e+02 5.67e-02 8.00e-02  -3.0 5.48e-01    -  5.41e-01 4.08e-01h  1
  13  1.2578778e+02 6.30e-02 3.79e-02  -3.0 4.64e-01    -  6.05e-01 5.22e-01h  1
  14  1.2500823e+02 4.99e-02 3.80e-02  -3.0 3.12e-01    -  7.24e-01 7.45e-01h  1
  15  1.2475942e+02 1.02e-01 6.36e-02  -3.0 4.40e-01    -  1.00e+00 1.00e+00h  1
  16  1.2480824e+02 3.85e-02 2.71e-02  -3.0 3.06e-01    -  1.00e+00 1.00e+00h  1
  17  1.2485041e+02 1.02e-03 2.25e-02  -3.0 5.58e-02    -  1.00e+00 1.00e+00h  1
  18  1.2485387e+02 8.59e-05 3.13e-03  -3.0 1.30e-02    -  1.00e+00 1.00e+00h  1
  19  1.2236231e+02 3.22e-02 1.29e-01  -4.5 7.17e-01    -  7.58e-01 5.38e-01f  1
iter    objective    inf_pr   inf_du lg(mu)  ||d||  lg(rg) alpha_du alpha_pr  ls
  20  1.2174203e+02 4.52e-02 1.07e-01  -4.5 9.94e-01    -  4.11e-01 2.36e-01h  1
  21  1.2110490e+02 3.48e-02 9.85e-02  -4.5 9.82e-01    -  6.08e-01 3.10e-01h  1
  22  1.2046111e+02 5.04e-02 1.31e-01  -4.5 1.07e+00    -  3.04e-01 4.24e-01h  1
  23  1.2011242e+02 4.98e-02 5.22e-02  -4.5 8.80e-01    -  6.64e-01 4.37e-01h  1
  24  1.1995739e+02 3.77e-02 4.44e-02  -4.5 7.76e-01    -  6.22e-01 3.54e-01h  1
  25  1.1980208e+02 1.35e-02 1.58e-02  -4.5 5.25e-01    -  5.31e-01 6.85e-01h  1
  26  1.1976443e+02 1.28e-02 3.16e-02  -4.5 4.92e-01    -  6.99e-01 4.03e-01h  1
  27  1.1972863e+02 5.64e-03 1.68e-02  -4.5 3.68e-01    -  6.84e-01 9.05e-01h  1
  28  1.1971673e+02 1.35e-02 3.04e-02  -4.5 3.39e-01    -  1.00e+00 1.00e+00h  1
  29  1.1971940e+02 5.02e-03 7.60e-03  -4.5 1.03e-01    -  1.00e+00 1.00e+00h  1
iter    objective    inf_pr   inf_du lg(mu)  ||d||  lg(rg) alpha_du alpha_pr  ls
  30  1.1972368e+02 9.26e-04 1.18e-02  -4.5 5.00e-02    -  1.00e+00 1.00e+00h  1
  31  1.1972429e+02 2.23e-05 2.35e-03  -4.5 3.29e-02    -  1.00e+00 1.00e+00h  1
  32  1.1972337e+02 3.95e-06 4.99e-03  -4.5 9.05e-02    -  1.00e+00 1.00e+00H  1
  33  1.1972240e+02 4.58e-07 1.82e-02  -4.5 2.88e-01    -  1.00e+00 1.00e+00H  1
  34  1.1971900e+02 5.03e-03 1.99e-02  -4.5 9.37e-02    -  1.00e+00 1.00e+00h  1
  35  1.1971933e+02 1.16e-03 8.48e-03  -4.5 1.05e-01    -  1.00e+00 1.00e+00h  1
  36  1.1972116e+02 4.54e-05 5.95e-03  -4.5 3.97e-02    -  1.00e+00 1.00e+00h  1
  37  1.1972095e+02 6.49e-05 2.78e-03  -4.5 4.97e-02    -  1.00e+00 1.00e+00h  1
  38  1.1972112e+02 8.72e-06 9.85e-03  -4.5 1.20e-01    -  1.00e+00 1.00e+00H  1
  39  1.1971955e+02 6.53e-04 5.87e-03  -4.5 3.93e-02    -  1.00e+00 1.00e+00h  1
iter    objective    inf_pr   inf_du lg(mu)  ||d||  lg(rg) alpha_du alpha_pr  ls
  40  1.1972015e+02 8.28e-06 3.48e-03  -4.5 1.76e-02    -  1.00e+00 1.00e+00h  1
  41  1.1972021e+02 2.97e-06 8.98e-04  -4.5 9.61e-03    -  1.00e+00 1.00e+00h  1
  42  1.1972011e+02 5.30e-08 1.31e-03  -4.5 1.86e-02    -  1.00e+00 1.00e+00H  1
  43  1.1971997e+02 6.34e-09 6.11e-03  -4.5 7.03e-02    -  1.00e+00 1.00e+00H  1
  44  1.1971972e+02 1.26e-04 6.96e-03  -4.5 2.50e-02    -  1.00e+00 1.00e+00h  1
  45  1.1971997e+02 2.64e-06 2.16e-03  -4.5 4.22e-02    -  1.00e+00 1.00e+00H  1
  46  1.1971995e+02 1.08e-05 1.83e-03  -4.5 1.06e-02    -  1.00e+00 1.00e+00h  1
  47  1.1971994e+02 5.33e-06 2.71e-04  -4.5 6.34e-03    -  1.00e+00 1.00e+00h  1
  48  1.1960534e+02 8.48e-04 6.47e-03  -6.8 2.01e-01    -  7.79e-01 6.50e-01f  1
  49  1.1957394e+02 7.11e-04 9.61e-03  -6.8 4.80e-01    -  5.44e-01 3.40e-01h  1
iter    objective    inf_pr   inf_du lg(mu)  ||d||  lg(rg) alpha_du alpha_pr  ls
  50  1.1955844e+02 2.66e-03 1.09e-02  -6.8 6.76e-01    -  3.57e-01 2.55e-01h  1
  51  1.1954982e+02 1.97e-03 1.37e-02  -6.8 5.23e-01    -  5.31e-01 2.03e-01h  1
  52  1.1954079e+02 2.41e-03 1.03e-02  -6.8 2.78e-01    -  2.21e-01 2.88e-01h  1
  53  1.1953627e+02 2.46e-03 1.05e-02  -6.8 2.05e-01    -  5.24e-01 2.22e-01h  1
  54  1.1953224e+02 1.73e-03 1.19e-02  -6.8 1.73e-01    -  5.14e-01 2.67e-01h  1
  55  1.1952868e+02 9.81e-04 6.75e-03  -6.8 1.02e-01    -  3.02e-01 3.77e-01h  1
  56  1.1952651e+02 7.07e-04 4.73e-03  -6.8 7.66e-02    -  5.64e-01 3.81e-01h  1
  57  1.1952468e+02 3.47e-04 4.62e-03  -6.8 3.19e-02    -  4.77e-01 6.34e-01h  1
  58  1.1952411e+02 1.61e-04 2.39e-03  -6.8 2.71e-02    -  7.48e-01 5.42e-01h  1
  59  1.1952389e+02 1.21e-04 4.88e-03  -6.8 3.91e-02    -  7.71e-01 4.35e-01h  1
iter    objective    inf_pr   inf_du lg(mu)  ||d||  lg(rg) alpha_du alpha_pr  ls
  60  1.1952384e+02 3.22e-04 9.89e-03  -6.8 6.56e-02    -  9.30e-01 1.56e-01f  1
  61  1.1952367e+02 7.73e-05 5.20e-03  -6.8 1.89e-01    -  5.61e-01 2.92e-01h  1
  62  1.1952359e+02 1.01e-04 8.78e-03  -6.8 3.86e-01    -  3.77e-01 9.19e-02h  1
  63  1.1952347e+02 5.07e-04 8.49e-03  -6.8 5.00e-01    -  1.91e-01 1.14e-01h  1
  64  1.1952337e+02 1.28e-03 8.11e-03  -6.8 3.46e-01    -  2.71e-01 1.56e-01h  1
  65  1.1952327e+02 2.43e-04 7.34e-03  -6.8 1.64e-01    -  3.55e-01 2.17e-01h  1
  66  1.1952321e+02 2.23e-04 4.12e-03  -6.8 7.37e-02    -  2.64e-01 4.87e-01h  1
  67  1.1952317e+02 4.25e-04 9.31e-03  -6.8 5.85e-02    -  3.89e-01 6.52e-01f  1
  68  1.1952320e+02 1.68e-04 3.39e-03  -6.8 2.08e-02    -  5.86e-01 6.92e-01h  1
  69  1.1952324e+02 7.38e-05 1.26e-02  -6.8 1.11e-02    -  9.86e-01 5.85e-01h  1
iter    objective    inf_pr   inf_du lg(mu)  ||d||  lg(rg) alpha_du alpha_pr  ls
  70  1.1952325e+02 6.91e-05 5.62e-03  -6.8 1.85e-02    -  1.00e+00 6.25e-02h  5
  71  1.1952322e+02 6.05e-05 3.76e-03  -6.8 1.76e-01    -  3.81e-01 2.73e-01H  1
  72  1.1952318e+02 9.85e-05 9.98e-03  -6.8 2.01e-01    -  1.00e+00 1.98e-01h  1
  73  1.1952315e+02 1.15e-04 4.06e-03  -6.8 3.80e-02    -  8.46e-01 4.72e-01h  1
  74  1.1952315e+02 1.68e-04 4.07e-03  -6.8 1.99e-02    -  1.00e+00 7.67e-01h  1
  75  1.1952315e+02 1.56e-04 3.69e-03  -6.8 1.22e-02    -  2.73e-01 7.27e-02f  3
  76  1.1952316e+02 1.20e-04 2.88e-03  -6.8 1.22e-02    -  3.81e-01 2.73e-01h  1
  77  1.1952316e+02 1.12e-04 3.10e-03  -6.8 6.92e-03    -  1.00e+00 6.25e-02f  5
  78  1.1952319e+02 1.98e-05 1.06e-03  -6.8 8.69e-03    -  1.00e+00 1.00e+00h  1
  79  1.1952321e+02 6.41e-08 1.45e-03  -6.8 1.15e-02    -  1.00e+00 1.00e+00H  1
iter    objective    inf_pr   inf_du lg(mu)  ||d||  lg(rg) alpha_du alpha_pr  ls
  80  1.1952321e+02 1.69e-07 3.99e-03  -6.8 2.53e-02    -  1.00e+00 1.00e+00H  1
  81  1.1952305e+02 5.40e-04 7.00e-03  -6.8 1.22e-01    -  7.18e-01 5.77e-01h  1
  82  1.1952287e+02 6.81e-04 9.97e-03  -6.8 3.37e-02    -  2.16e-01 9.91e-01f  1
  83  1.1952288e+02 4.35e-04 3.78e-03  -6.8 3.74e-02    -  5.01e-01 7.35e-01h  1
  84  1.1952293e+02 3.34e-04 2.25e-03  -6.8 4.13e-02    -  1.91e-01 2.60e-01h  1
  85  1.1952305e+02 1.97e-04 1.69e-03  -6.8 4.79e-02    -  6.24e-01 5.91e-01H  1
  86  1.1952305e+02 1.24e-04 6.47e-03  -6.8 2.68e-02    -  1.00e+00 1.28e-01f  3
  87  1.1952300e+02 1.68e-04 3.88e-03  -6.8 2.50e-02    -  2.20e-01 7.40e-01h  1
  88  1.1952301e+02 1.26e-04 3.10e-03  -6.8 1.68e-02    -  1.00e+00 2.50e-01f  3
  89  1.1952306e+02 6.41e-05 6.45e-04  -6.8 1.19e-02    -  1.00e+00 8.95e-01h  1
iter    objective    inf_pr   inf_du lg(mu)  ||d||  lg(rg) alpha_du alpha_pr  ls
  90  1.1952306e+02 6.18e-05 3.92e-03  -6.8 3.96e-03    -  1.00e+00 3.12e-02f  6
  91  1.1952311e+02 7.24e-08 1.09e-03  -6.8 2.45e-02    -  1.00e+00 1.00e+00H  1
  92  1.1952310e+02 1.06e-05 1.26e-03  -6.8 1.92e-01    -  2.38e-01 8.33e-02h  2
  93  1.1952308e+02 1.61e-05 3.04e-03  -6.8 1.46e-01    -  5.62e-01 1.22e-01h  3
  94  1.1952305e+02 1.05e-04 5.82e-03  -6.8 2.03e-01    -  1.00e+00 1.93e-01h  2
  95  1.1952303e+02 9.62e-05 7.21e-03  -6.8 1.69e-01    -  4.71e-01 1.06e-01h  4
  96  1.1952285e+02 1.02e-03 1.56e-02  -6.8 1.75e-01    -  5.35e-01 7.70e-01h  1
  97  1.1952269e+02 8.69e-04 1.17e-02  -6.8 4.56e-01    -  1.63e-01 1.91e-01h  1
  98  1.1952215e+02 1.52e-03 8.92e-03  -6.8 7.63e-01    -  4.30e-02 1.51e-01h  1
  99  1.1952181e+02 1.15e-03 8.83e-03  -6.8 2.56e-01    -  1.02e-01 2.63e-01f  1
iter    objective    inf_pr   inf_du lg(mu)  ||d||  lg(rg) alpha_du alpha_pr  ls
 100  1.1952253e+02 6.16e-04 3.90e-03  -6.8 1.10e-01    -  8.08e-01 1.00e+00h  1
 101  1.1952245e+02 1.07e-03 1.16e-02  -6.8 2.54e-01    -  1.22e-01 2.83e-01h  1
 102  1.1952252e+02 1.87e-03 4.07e-03  -6.8 5.49e-02    -  6.74e-01 9.69e-01h  1
 103  1.1952258e+02 1.43e-03 4.23e-03  -6.8 3.91e-02    -  7.44e-02 2.69e-01h  1
 104  1.1952286e+02 2.84e-04 1.14e-02  -6.8 2.97e-02    -  2.62e-01 8.31e-01h  1
 105  1.1952286e+02 2.75e-04 9.60e-03  -6.8 1.89e-02    -  1.00e+00 3.12e-02f  6
 106  1.1952292e+02 1.27e-04 1.43e-02  -6.8 1.87e-02    -  2.16e-01 1.00e+00h  1
 107  1.1952297e+02 1.42e-05 3.04e-04  -6.8 5.03e-03    -  1.00e+00 1.00e+00h  1
 108  1.1952297e+02 2.86e-08 1.18e-04  -6.8 1.46e-03    -  1.00e+00 1.00e+00h  1
 109  1.1952297e+02 1.09e-07 1.29e-04  -6.8 1.17e-03    -  1.00e+00 1.00e+00h  1
iter    objective    inf_pr   inf_du lg(mu)  ||d||  lg(rg) alpha_du alpha_pr  ls
 110  1.1952297e+02 3.86e-10 7.55e-04  -6.8 1.18e-02    -  1.00e+00 1.00e+00H  1
 111  1.1952298e+02 3.27e-09 1.05e-03  -6.8 2.29e-02    -  1.00e+00 1.00e+00H  1
 112  1.1952296e+02 1.01e-05 1.25e-03  -6.8 1.84e-02    -  3.83e-01 2.50e-01h  3
 113  1.1952296e+02 8.39e-08 4.77e-04  -6.8 1.58e-02    -  1.00e+00 1.00e+00H  1
 114  1.1952296e+02 6.53e-06 2.17e-03  -6.8 9.03e-03    -  1.00e+00 4.16e-01h  2
 115  1.1952296e+02 4.04e-06 7.02e-05  -6.8 3.84e-03    -  1.00e+00 1.00e+00h  1
 116  1.1952296e+02 1.11e-06 3.31e-04  -6.8 2.84e-03    -  1.00e+00 1.00e+00h  1
 117  1.1952297e+02 4.19e-08 1.15e-03  -6.8 3.07e-02    -  1.00e+00 1.00e+00H  1
 118  1.1952296e+02 8.24e-08 1.77e-03  -6.8 9.81e-02    -  6.38e-01 4.64e-03h  8
 119  1.1952296e+02 3.34e-07 1.94e-03  -6.8 2.57e-02    -  1.00e+00 1.20e-01h  4
iter    objective    inf_pr   inf_du lg(mu)  ||d||  lg(rg) alpha_du alpha_pr  ls
 120  1.1952298e+02 1.63e-10 2.43e-03  -6.8 2.69e-02    -  1.00e+00 1.00e+00H  1
 121  1.1952295e+02 1.25e-05 3.79e-03  -6.8 1.16e-02    -  1.00e+00 5.00e-01h  2
 122  1.1952295e+02 3.22e-05 8.45e-04  -6.8 1.47e-02    -  8.89e-01 1.00e+00h  1
 123  1.1952294e+02 9.37e-05 2.18e-03  -6.8 2.09e-02    -  1.00e+00 1.00e+00h  1
 124  1.1952288e+02 8.18e-05 4.17e-04  -6.8 1.91e-02    -  1.00e+00 1.00e+00h  1
 125  1.1952295e+02 3.91e-05 1.91e-03  -6.8 8.03e-03    -  1.00e+00 1.00e+00h  1
 126  1.1952294e+02 2.73e-05 6.81e-05  -6.8 6.78e-03    -  1.00e+00 1.00e+00h  1
 127  1.1952296e+02 1.54e-08 5.17e-05  -6.8 4.54e-04    -  1.00e+00 1.00e+00h  1
 128  1.1952296e+02 6.80e-10 9.68e-04  -6.8 1.40e-02    -  1.00e+00 1.00e+00H  1
 129  1.1952298e+02 2.42e-09 3.23e-03  -6.8 3.17e-02    -  7.66e-01 1.00e+00H  1
iter    objective    inf_pr   inf_du lg(mu)  ||d||  lg(rg) alpha_du alpha_pr  ls
 130  1.1952293e+02 1.40e-04 8.79e-04  -6.8 1.98e-02    -  1.00e+00 1.00e+00h  1
 131  1.1952291e+02 1.46e-04 2.74e-03  -6.8 4.04e-02    -  1.00e+00 5.33e-01h  1
 132  1.1952292e+02 1.09e-04 2.50e-03  -6.8 1.27e-02    -  1.00e+00 2.50e-01f  3
 133  1.1952293e+02 5.42e-05 3.52e-03  -6.8 1.78e-02    -  1.00e+00 5.00e-01h  2
 134  1.1952293e+02 4.08e-05 9.95e-04  -6.8 3.59e-02    -  1.00e+00 2.50e-01h  3
 135  1.1952295e+02 4.87e-06 2.30e-04  -6.8 4.22e-03    -  1.00e+00 1.00e+00h  1
 136  1.1952295e+02 1.13e-06 3.57e-04  -6.8 2.36e-03    -  1.00e+00 1.00e+00h  1
 137  1.1952295e+02 1.35e-07 1.11e-04  -6.8 1.64e-03    -  1.00e+00 1.00e+00h  1
 138  1.1952295e+02 1.68e-08 2.96e-05  -6.8 8.19e-04    -  1.00e+00 1.00e+00h  1
 139  1.1952295e+02 5.18e-08 6.45e-05  -6.8 1.58e-03    -  1.00e+00 1.00e+00h  1
iter    objective    inf_pr   inf_du lg(mu)  ||d||  lg(rg) alpha_du alpha_pr  ls
 140  1.1952296e+02 3.28e-10 1.13e-03  -6.8 7.68e-02    -  1.00e+00 1.00e+00H  1
 141  1.1952296e+02 3.38e-10 1.13e-03  -6.8 1.81e-01    -  1.00e+00 4.11e-04h 12
 142  1.1952296e+02 3.32e-10 1.44e-03  -6.8 1.73e-02    -  1.00e+00 4.88e-04h 12
 143  1.1952295e+02 3.49e-08 1.59e-03  -6.8 3.25e-02    -  1.00e+00 1.00e+00H  1
 144  1.1952295e+02 8.61e-06 5.81e-04  -6.8 3.97e-02    -  3.83e-01 1.25e-01h  4
 145  1.1952295e+02 1.13e-05 3.27e-04  -6.8 2.36e-02    -  1.00e+00 1.00e+00h  1
 146  1.1952294e+02 7.96e-05 5.47e-03  -6.8 4.56e-02    -  1.00e+00 4.65e-01h  1
 147  1.1952291e+02 7.07e-05 8.98e-04  -6.8 1.86e-02    -  5.13e-01 1.00e+00f  1
 148  1.1952294e+02 5.41e-05 1.18e-03  -6.8 1.03e-02    -  1.00e+00 1.00e+00h  1
 149  1.1952294e+02 2.93e-05 3.98e-04  -6.8 7.73e-03    -  1.00e+00 1.00e+00h  1
iter    objective    inf_pr   inf_du lg(mu)  ||d||  lg(rg) alpha_du alpha_pr  ls
 150  1.1952295e+02 2.78e-07 1.38e-04  -6.8 2.91e-03    -  1.00e+00 1.00e+00h  1
 151  1.1952295e+02 1.50e-06 3.19e-04  -6.8 8.63e-03    -  1.00e+00 1.00e+00h  1
 152  1.1952295e+02 1.61e-06 5.95e-04  -6.8 1.80e-01    -  1.00e+00 1.34e-02h  7
 153  1.1952296e+02 2.75e-09 1.60e-03  -6.8 5.37e-02    -  1.00e+00 1.00e+00H  1
 154  1.1952293e+02 4.97e-05 1.21e-03  -6.8 1.36e-02    -  1.00e+00 1.00e+00h  1
 155  1.1952295e+02 5.17e-08 7.20e-04  -6.8 3.19e-02    -  1.00e+00 1.00e+00H  1
 156  1.1952297e+02 1.86e-09 2.98e-03  -6.8 8.14e-03    -  1.00e+00 1.00e+00H  1
 157  1.1952292e+02 3.33e-05 2.06e-04  -6.8 9.05e-03    -  1.00e+00 1.00e+00h  1
 158  1.1952295e+02 1.82e-08 1.10e-04  -6.8 1.05e-03    -  1.00e+00 1.00e+00h  1
 159  1.1952295e+02 1.12e-08 3.74e-05  -6.8 4.71e-04    -  1.00e+00 1.00e+00h  1
iter    objective    inf_pr   inf_du lg(mu)  ||d||  lg(rg) alpha_du alpha_pr  ls
 160  1.1952295e+02 4.74e-09 5.12e-05  -6.8 7.19e-04    -  1.00e+00 1.00e+00h  1
 161  1.1952295e+02 1.36e-09 7.19e-04  -6.8 1.16e-02    -  1.00e+00 1.00e+00H  1
 162  1.1952295e+02 7.82e-10 1.34e-03  -6.8 1.64e-02    -  1.00e+00 1.00e+00H  1
 163  1.1952294e+02 8.37e-06 2.82e-04  -6.8 8.03e-03    -  1.00e+00 1.00e+00h  1
 164  1.1952294e+02 1.52e-06 3.40e-04  -6.8 2.44e-03    -  1.00e+00 1.00e+00h  1
 165  1.1952294e+02 1.66e-07 9.61e-05  -6.8 3.01e-03    -  1.00e+00 1.00e+00h  1
 166  1.1952294e+02 3.13e-08 1.46e-04  -6.8 1.55e-03    -  1.00e+00 1.00e+00h  1
 167  1.1952294e+02 1.57e-08 1.14e-04  -6.8 6.38e-04    -  1.00e+00 1.00e+00h  1
 168  1.1952294e+02 3.55e-11 8.01e-05  -6.8 8.77e-04    -  1.00e+00 1.00e+00H  1
 169  1.1952294e+02 1.00e-10 1.39e-04  -6.8 3.60e-03    -  1.00e+00 1.00e+00H  1
iter    objective    inf_pr   inf_du lg(mu)  ||d||  lg(rg) alpha_du alpha_pr  ls
 170  1.1952294e+02 1.87e-07 2.16e-04  -6.8 5.42e-02    -  1.00e+00 6.25e-02h  5
 171  1.1952294e+02 1.90e-07 5.28e-04  -6.8 4.03e-02    -  1.00e+00 1.56e-02h  7
 172  1.1952294e+02 1.92e-07 3.26e-04  -6.8 3.66e-02    -  1.00e+00 1.56e-02h  7
 173  1.1952294e+02 2.00e-07 3.57e-04  -6.8 5.72e-02    -  1.00e+00 1.56e-02h  7
 174  1.1952294e+02 1.27e-04 3.71e-03  -6.8 7.57e-02    -  1.00e+00 1.00e+00h  1
 175  1.1952289e+02 6.69e-05 4.47e-04  -6.8 2.46e-02    -  8.85e-01 1.00e+00h  1
 176  1.1952295e+02 2.42e-09 6.88e-04  -6.8 5.03e-02    -  1.00e+00 1.00e+00H  1
 177  1.1952293e+02 6.94e-05 3.67e-03  -6.8 1.36e-02    -  1.00e+00 1.00e+00h  1
 178  1.1952294e+02 1.53e-09 3.63e-04  -6.8 4.81e-02    -  1.00e+00 1.00e+00H  1
 179  1.1952294e+02 2.12e-05 1.40e-03  -6.8 8.06e-03    -  1.00e+00 1.00e+00h  1
iter    objective    inf_pr   inf_du lg(mu)  ||d||  lg(rg) alpha_du alpha_pr  ls
 180  1.1952293e+02 1.51e-05 7.11e-05  -6.8 9.97e-03    -  1.00e+00 1.00e+00h  1
 181  1.1952294e+02 1.47e-08 1.68e-04  -6.8 5.81e-04    -  1.00e+00 1.00e+00h  1
 182  1.1952294e+02 8.83e-09 2.21e-05  -6.8 3.68e-04    -  1.00e+00 1.00e+00h  1
 183  1.1952294e+02 1.12e-10 4.16e-06  -6.8 3.27e-05    -  1.00e+00 1.00e+00h  1
 184  1.1952294e+02 8.26e-11 6.90e-05  -6.8 1.24e-03    -  1.00e+00 1.00e+00H  1
 185  1.1952294e+02 7.27e-07 2.30e-04  -6.8 2.81e-03    -  1.00e+00 1.00e+00h  1
 186  1.1952294e+02 8.31e-08 3.72e-04  -6.8 1.07e-03    -  1.00e+00 1.00e+00h  1
 187  1.1952294e+02 1.87e-10 1.87e-04  -6.8 1.23e-03    -  1.00e+00 1.00e+00H  1
 188  1.1952294e+02 6.04e-08 1.07e-04  -6.8 5.70e-04    -  1.00e+00 1.00e+00h  1
 189  1.1952294e+02 2.11e-08 3.48e-05  -6.8 3.42e-04    -  1.00e+00 1.00e+00h  1
iter    objective    inf_pr   inf_du lg(mu)  ||d||  lg(rg) alpha_du alpha_pr  ls
 190  1.1952294e+02 1.48e-10 1.11e-05  -6.8 5.63e-05    -  1.00e+00 1.00e+00h  1
 191  1.1952294e+02 1.21e-09 8.87e-06  -6.8 2.29e-04    -  1.00e+00 1.00e+00h  1
 192  1.1952294e+02 3.24e-11 1.31e-04  -6.8 4.88e-03    -  1.00e+00 1.00e+00H  1
 193  1.1952294e+02 2.93e-07 2.06e-04  -6.8 1.92e-03    -  1.00e+00 1.00e+00h  1
 194  1.1952294e+02 2.30e-07 3.46e-04  -6.8 3.29e-03    -  1.00e+00 1.00e+00h  1
 195  1.1952294e+02 1.88e-07 2.22e-04  -6.8 1.26e-03    -  1.00e+00 1.00e+00h  1
 196  1.1952294e+02 3.91e-11 3.15e-04  -6.8 2.29e-03    -  1.00e+00 1.00e+00H  1
 197  1.1952294e+02 5.92e-08 5.70e-04  -6.8 1.46e-03    -  1.00e+00 1.00e+00h  1
 198  1.1952294e+02 6.69e-08 9.43e-05  -6.8 1.27e-03    -  1.00e+00 1.00e+00h  1
 199  1.1952294e+02 4.21e-09 4.63e-05  -6.8 1.93e-04    -  1.00e+00 1.00e+00h  1
iter    objective    inf_pr   inf_du lg(mu)  ||d||  lg(rg) alpha_du alpha_pr  ls
 200  1.1952294e+02 3.52e-09 5.30e-06  -6.8 1.26e-04    -  1.00e+00 1.00e+00h  1
 201  1.1952294e+02 6.87e-11 3.16e-06  -6.8 4.70e-05    -  1.00e+00 1.00e+00h  1
 202  1.1952294e+02 6.93e-11 2.67e-05  -6.8 1.91e-03    -  1.00e+00 1.00e+00H  1
 203  1.1952294e+02 8.72e-08 9.88e-05  -6.8 1.19e-02    -  1.00e+00 1.25e-01h  4
 204  1.1952294e+02 6.36e-08 7.74e-05  -6.8 1.64e-03    -  1.00e+00 1.00e+00h  1
 205  1.1952294e+02 5.16e-08 2.41e-04  -6.8 1.24e-03    -  1.00e+00 1.00e+00h  1
 206  1.1952294e+02 2.02e-08 7.60e-05  -6.8 7.75e-04    -  1.00e+00 1.00e+00h  1
 207  1.1952294e+02 2.88e-08 9.37e-05  -6.8 9.07e-04    -  1.00e+00 1.00e+00h  1
 208  1.1952294e+02 5.30e-08 6.08e-05  -6.8 1.52e-03    -  1.00e+00 1.00e+00h  1
 209  1.1952294e+02 3.55e-11 5.31e-05  -6.8 1.93e-03    -  1.00e+00 1.00e+00H  1
iter    objective    inf_pr   inf_du lg(mu)  ||d||  lg(rg) alpha_du alpha_pr  ls
 210  1.1952294e+02 3.73e-08 9.00e-05  -6.8 1.10e-03    -  1.00e+00 1.00e+00h  1
 211  1.1952294e+02 3.18e-08 3.19e-05  -6.8 5.55e-04    -  1.00e+00 1.00e+00h  1
 212  1.1952294e+02 1.67e-08 3.98e-05  -6.8 8.57e-04    -  1.00e+00 1.00e+00h  1
 213  1.1952294e+02 7.44e-10 1.14e-04  -6.8 6.60e-03    -  1.00e+00 1.00e+00H  1
 214  1.1952294e+02 1.90e-08 1.10e-04  -6.8 1.98e-02    -  1.00e+00 6.25e-02h  5
 215  1.1952294e+02 1.92e-08 4.45e-04  -6.8 1.76e-02    -  1.00e+00 1.56e-02h  7
 216  1.1952294e+02 9.08e-11 2.29e-04  -6.8 1.27e-02    -  1.00e+00 1.00e+00H  1
 217  1.1952294e+02 3.80e-07 5.86e-04  -6.8 3.64e-03    -  1.00e+00 1.00e+00h  1
 218  1.1952294e+02 5.90e-07 1.83e-04  -6.8 8.23e-03    -  1.00e+00 1.00e+00h  1
 219  1.1952294e+02 3.09e-07 4.40e-04  -6.8 2.50e-03    -  1.00e+00 5.00e-01h  2
iter    objective    inf_pr   inf_du lg(mu)  ||d||  lg(rg) alpha_du alpha_pr  ls
 220  1.1952294e+02 2.81e-08 4.07e-05  -6.8 1.47e-03    -  1.00e+00 1.00e+00h  1
 221  1.1952294e+02 6.64e-09 7.13e-05  -6.8 8.45e-04    -  1.00e+00 1.00e+00h  1
 222  1.1952294e+02 2.72e-09 1.22e-05  -6.8 5.47e-04    -  1.00e+00 1.00e+00h  1
 223  1.1952294e+02 5.35e-10 2.97e-05  -6.8 9.18e-05    -  1.00e+00 1.00e+00h  1
 224  1.1952294e+02 2.35e-10 8.74e-06  -6.8 9.37e-05    -  1.00e+00 1.00e+00h  1
 225  1.1952294e+02 2.31e-11 2.70e-06  -6.8 9.79e-05    -  1.00e+00 1.00e+00H  1
 226  1.1952294e+02 2.84e-11 1.44e-04  -6.8 1.11e-03    -  1.00e+00 1.00e+00H  1
 227  1.1952294e+02 8.50e-10 9.42e-05  -6.8 9.10e-04    -  1.00e+00 2.50e-01h  3
 228  1.1952294e+02 4.99e-09 5.32e-05  -6.8 4.16e-04    -  1.00e+00 1.00e+00h  1
 229  1.1952294e+02 1.17e-09 1.01e-05  -6.8 1.41e-04    -  1.00e+00 1.00e+00h  1
iter    objective    inf_pr   inf_du lg(mu)  ||d||  lg(rg) alpha_du alpha_pr  ls
 230  1.1952294e+02 2.65e-10 7.31e-06  -6.8 1.57e-04    -  1.00e+00 1.00e+00h  1
 231  1.1952294e+02 6.75e-11 5.13e-05  -6.8 3.05e-03    -  1.00e+00 1.00e+00H  1
 232  1.1952294e+02 3.77e-10 4.99e-05  -6.8 5.78e-03    -  1.00e+00 3.12e-02h  6
 233  1.1952294e+02 4.29e-10 2.38e-04  -6.8 8.28e-03    -  1.00e+00 7.81e-03h  8
 234  1.1952294e+02 4.46e-10 1.80e-04  -6.8 2.04e-03    -  1.00e+00 7.81e-03h  8
 235  1.1952294e+02 4.60e-10 1.50e-04  -6.8 3.34e-03    -  1.00e+00 3.91e-03h  9
 236  1.1952294e+02 4.92e-07 2.50e-04  -6.8 6.65e-03    -  1.00e+00 1.00e+00h  1
 237  1.1952294e+02 2.37e-08 3.22e-04  -6.8 1.35e-03    -  1.00e+00 1.00e+00h  1
 238  1.1952294e+02 4.58e-11 2.33e-04  -6.8 2.92e-03    -  1.00e+00 1.00e+00H  1
 239  1.1952294e+02 2.87e-08 1.93e-04  -6.8 1.34e-03    -  1.00e+00 1.00e+00h  1
iter    objective    inf_pr   inf_du lg(mu)  ||d||  lg(rg) alpha_du alpha_pr  ls
 240  1.1952294e+02 2.51e-08 3.66e-05  -6.8 4.42e-04    -  1.00e+00 1.00e+00h  1
 241  1.1952294e+02 1.13e-10 1.01e-05  -6.8 6.66e-05    -  1.00e+00 1.00e+00h  1
 242  1.1952294e+02 2.84e-11 2.69e-06  -6.8 1.49e-04    -  1.00e+00 1.00e+00H  1
 243  1.1952294e+02 2.84e-11 3.66e-05  -6.8 7.17e-03    -  1.00e+00 1.00e+00H  1
 244  1.1952294e+02 3.20e-11 3.78e-05  -6.8 7.89e-04    -  1.00e+00 1.91e-06h 20
 245  1.1952294e+02 2.84e-11 1.11e-04  -6.8 3.77e-03    -  1.00e+00 1.00e+00H  1
 246  1.1952294e+02 1.22e-08 1.01e-04  -6.8 8.45e-04    -  1.00e+00 5.00e-01h  2
 247  1.1952294e+02 2.49e-11 1.90e-05  -6.8 1.61e-03    -  1.00e+00 1.00e+00H  1
 248  1.1952294e+02 3.19e-11 2.37e-05  -6.8 1.96e-03    -  1.00e+00 1.00e+00H  1
 249  1.1952294e+02 6.95e-06 2.10e-04  -6.8 2.70e-02    -  1.00e+00 1.00e+00h  1
iter    objective    inf_pr   inf_du lg(mu)  ||d||  lg(rg) alpha_du alpha_pr  ls
 250  1.1952294e+02 6.36e-06 1.92e-04  -6.8 2.74e-02    -  1.00e+00 1.00e+00h  1
 251  1.1952294e+02 8.01e-05 2.31e-03  -6.8 6.11e-02    -  1.00e+00 1.00e+00h  1
 252  1.1952288e+02 7.35e-05 6.14e-04  -6.8 2.45e-02    -  1.00e+00 1.00e+00h  1
 253  1.1952294e+02 1.51e-05 2.08e-03  -6.8 2.72e-02    -  1.00e+00 1.00e+00h  1
 254  1.1952294e+02 1.69e-05 5.43e-04  -6.8 6.12e-03    -  1.00e+00 1.00e+00h  1
 255  1.1952294e+02 5.95e-11 3.64e-04  -6.8 2.08e-02    -  1.00e+00 1.00e+00H  1
 256  1.1952294e+02 1.58e-07 3.65e-04  -6.8 1.43e-02    -  1.00e+00 2.50e-01h  3
 257  1.1952294e+02 1.83e-07 1.97e-05  -6.8 4.35e-03    -  1.00e+00 1.00e+00h  1
 258  1.1952294e+02 2.24e-08 9.97e-05  -6.8 1.07e-03    -  1.00e+00 1.00e+00h  1
 259  1.1952294e+02 1.11e-08 1.06e-05  -6.8 8.49e-04    -  1.00e+00 1.00e+00h  1
iter    objective    inf_pr   inf_du lg(mu)  ||d||  lg(rg) alpha_du alpha_pr  ls
 260  1.1952294e+02 4.62e-11 7.57e-06  -6.8 2.79e-05    -  1.00e+00 1.00e+00h  1
 261  1.1952294e+02 2.70e-10 2.77e-06  -6.8 1.28e-04    -  1.00e+00 1.00e+00h  1
 262  1.1952294e+02 2.66e-11 7.25e-05  -6.8 3.01e-03    -  1.00e+00 1.00e+00H  1
 263  1.1952294e+02 1.33e-08 2.49e-05  -6.8 8.99e-04    -  1.00e+00 1.00e+00h  1
 264  1.1952294e+02 3.03e-11 7.26e-05  -6.8 1.27e-03    -  1.00e+00 1.00e+00H  1
 265  1.1952294e+02 3.03e-11 7.90e-05  -6.8 9.57e-04    -  1.00e+00 1.00e+00H  1
 266  1.1952294e+02 2.98e-11 1.94e-05  -6.8 1.03e-03    -  1.00e+00 1.00e+00H  1
 267  1.1952294e+02 8.62e-09 4.47e-05  -6.8 5.19e-04    -  1.00e+00 1.00e+00h  1
 268  1.1952294e+02 4.09e-09 9.45e-06  -6.8 3.73e-04    -  1.00e+00 1.00e+00h  1
 269  1.1952294e+02 1.40e-10 1.05e-05  -6.8 3.76e-05    -  1.00e+00 1.00e+00h  1
iter    objective    inf_pr   inf_du lg(mu)  ||d||  lg(rg) alpha_du alpha_pr  ls
 270  1.1952294e+02 3.87e-11 1.73e-06  -6.8 3.37e-05    -  1.00e+00 1.00e+00h  1
 271  1.1952247e+02 8.18e-08 2.13e-04  -7.0 1.43e-03    -  1.00e+00 1.00e+00f  1
 272  1.1952247e+02 1.48e-07 2.82e-04  -7.0 2.64e-03    -  1.00e+00 1.00e+00h  1
 273  1.1952247e+02 9.65e-08 3.45e-04  -7.0 1.07e-03    -  1.00e+00 1.00e+00h  1
 274  1.1952247e+02 1.04e-07 2.76e-04  -7.0 1.14e-03    -  1.00e+00 1.00e+00h  1
 275  1.1952247e+02 1.12e-08 1.66e-04  -7.0 5.42e-04    -  1.00e+00 1.00e+00h  1
 276  1.1952247e+02 1.49e-08 3.81e-05  -7.0 3.48e-04    -  1.00e+00 1.00e+00h  1
 277  1.1952247e+02 3.09e-09 3.96e-04  -7.0 3.41e-03    -  1.00e+00 1.00e+00H  1
 278  1.1952247e+02 1.28e-06 4.30e-04  -7.0 3.64e-03    -  1.00e+00 1.00e+00h  1
 279  1.1952247e+02 1.83e-06 1.83e-04  -7.0 2.23e-03    -  1.00e+00 1.00e+00h  1
iter    objective    inf_pr   inf_du lg(mu)  ||d||  lg(rg) alpha_du alpha_pr  ls
 280  1.1952247e+02 6.92e-08 1.90e-04  -7.0 9.79e-04    -  1.00e+00 1.00e+00h  1
 281  1.1952247e+02 7.16e-08 7.74e-05  -7.0 9.46e-04    -  1.00e+00 1.00e+00h  1
 282  1.1952247e+02 3.42e-08 1.18e-04  -7.0 7.36e-04    -  1.00e+00 1.00e+00h  1
 283  1.1952247e+02 1.63e-08 4.72e-05  -7.0 6.96e-04    -  1.00e+00 1.00e+00h  1
 284  1.1952247e+02 2.82e-10 1.65e-04  -7.0 3.48e-03    -  1.00e+00 1.00e+00H  1
 285  1.1952247e+02 5.29e-08 1.99e-04  -7.0 1.56e-03    -  1.00e+00 1.00e+00h  1
 286  1.1952247e+02 3.10e-08 1.42e-04  -7.0 7.62e-04    -  1.00e+00 1.00e+00h  1
 287  1.1952247e+02 1.93e-08 6.28e-05  -7.0 6.99e-04    -  1.00e+00 1.00e+00h  1
 288  1.1952247e+02 2.57e-08 1.85e-05  -7.0 1.09e-03    -  1.00e+00 1.00e+00h  1
 289  1.1952247e+02 3.35e-09 1.18e-04  -7.0 1.36e-02    -  1.00e+00 1.00e+00H  1
iter    objective    inf_pr   inf_du lg(mu)  ||d||  lg(rg) alpha_du alpha_pr  ls
 290  1.1952247e+02 3.43e-05 1.18e-03  -7.0 1.19e-02    -  1.00e+00 1.00e+00h  1
 291  1.1952246e+02 1.82e-05 1.07e-03  -7.0 7.58e-03    -  1.00e+00 1.00e+00h  1
 292  1.1952246e+02 5.47e-05 2.68e-03  -7.0 1.75e-02    -  1.00e+00 1.00e+00h  1
 293  1.1952245e+02 3.97e-05 1.05e-03  -7.0 1.36e-02    -  1.00e+00 1.00e+00h  1
 294  1.1952244e+02 5.75e-05 2.68e-03  -7.0 1.70e-02    -  7.48e-01 9.25e-01h  1
 295  1.1952243e+02 3.75e-05 7.14e-04  -7.0 1.23e-02    -  6.54e-01 1.00e+00f  1
 296  1.1952246e+02 4.18e-05 1.27e-03  -7.0 8.94e-03    -  1.00e+00 1.00e+00h  1
 297  1.1952246e+02 2.28e-05 1.25e-04  -7.0 6.69e-03    -  1.00e+00 1.00e+00h  1
 298  1.1952247e+02 1.32e-08 6.36e-05  -7.0 5.16e-04    -  1.00e+00 1.00e+00h  1
 299  1.1952247e+02 2.69e-09 2.21e-05  -7.0 2.54e-04    -  1.00e+00 1.00e+00h  1
iter    objective    inf_pr   inf_du lg(mu)  ||d||  lg(rg) alpha_du alpha_pr  ls
 300  1.1952247e+02 2.83e-10 7.75e-06  -7.0 5.73e-05    -  1.00e+00 1.00e+00h  1
 301  1.1952247e+02 3.12e-11 1.06e-04  -7.0 9.13e-04    -  1.00e+00 1.00e+00H  1
 302  1.1952247e+02 7.44e-11 1.47e-04  -7.0 1.45e-03    -  1.00e+00 1.00e+00H  1
 303  1.1952247e+02 6.98e-08 1.28e-04  -7.0 6.16e-04    -  1.00e+00 1.00e+00h  1
 304  1.1952247e+02 1.47e-08 9.52e-05  -7.0 3.02e-04    -  1.00e+00 1.00e+00h  1
 305  1.1952247e+02 4.90e-09 6.64e-05  -7.0 2.25e-04    -  1.00e+00 1.00e+00h  1
 306  1.1952247e+02 3.64e-09 6.82e-05  -7.0 2.22e-04    -  1.00e+00 1.00e+00h  1
 307  1.1952247e+02 5.48e-09 3.27e-05  -7.0 3.53e-04    -  1.00e+00 1.00e+00h  1
 308  1.1952247e+02 1.12e-10 1.12e-04  -7.0 2.00e-03    -  1.00e+00 1.00e+00H  1
 309  1.1952247e+02 1.66e-07 2.59e-04  -7.0 1.43e-03    -  1.00e+00 1.00e+00h  1
iter    objective    inf_pr   inf_du lg(mu)  ||d||  lg(rg) alpha_du alpha_pr  ls
 310  1.1952247e+02 1.29e-07 7.28e-05  -7.0 1.30e-03    -  1.00e+00 1.00e+00h  1
 311  1.1952247e+02 3.03e-08 1.53e-04  -7.0 7.65e-04    -  1.00e+00 1.00e+00h  1
 312  1.1952247e+02 5.20e-08 4.43e-05  -7.0 9.18e-04    -  1.00e+00 1.00e+00h  1
 313  1.1952247e+02 4.78e-11 3.23e-04  -7.0 1.89e-03    -  1.00e+00 1.00e+00H  1
 314  1.1952247e+02 3.93e-08 1.45e-04  -7.0 1.07e-03    -  1.00e+00 1.00e+00h  1
 315  1.1952247e+02 1.50e-08 2.06e-04  -7.0 4.78e-04    -  1.00e+00 1.00e+00h  1
 316  1.1952247e+02 6.60e-09 1.79e-05  -7.0 2.73e-04    -  1.00e+00 1.00e+00h  1
 317  1.1952247e+02 1.18e-08 3.81e-05  -7.0 3.82e-04    -  1.00e+00 1.00e+00h  1
 318  1.1952247e+02 4.30e-09 1.21e-04  -7.0 6.93e-03    -  1.00e+00 1.00e+00H  1
 319  1.1952247e+02 2.56e-08 1.90e-04  -7.0 3.64e-02    -  1.00e+00 1.56e-02h  7
iter    objective    inf_pr   inf_du lg(mu)  ||d||  lg(rg) alpha_du alpha_pr  ls
 320  1.1952247e+02 3.58e-08 2.27e-04  -7.0 1.35e-02    -  1.00e+00 3.12e-02h  6
 321  1.1952247e+02 4.19e-08 4.66e-04  -7.0 1.39e-02    -  1.00e+00 3.12e-02h  6
 322  1.1952247e+02 1.51e-10 2.62e-04  -7.0 4.60e-03    -  1.00e+00 1.00e+00H  1
 323  1.1952247e+02 1.41e-05 1.58e-03  -7.0 1.67e-02    -  1.00e+00 1.00e+00h  1
 324  1.1952246e+02 1.15e-05 1.08e-03  -7.0 1.33e-02    -  1.00e+00 1.00e+00h  1
 325  1.1952245e+02 3.16e-05 2.94e-03  -7.0 2.30e-02    -  1.00e+00 1.00e+00h  1
 326  1.1952244e+02 2.29e-05 7.82e-04  -7.0 1.33e-02    -  7.41e-01 1.00e+00h  1
 327  1.1952246e+02 3.20e-05 1.10e-03  -7.0 1.49e-02    -  1.00e+00 1.00e+00h  1
 328  1.1952246e+02 2.09e-05 5.37e-04  -7.0 5.95e-03    -  1.00e+00 1.00e+00h  1
 329  1.1952246e+02 1.13e-05 1.77e-03  -7.0 4.72e-03    -  2.38e-01 5.00e-01f  2
iter    objective    inf_pr   inf_du lg(mu)  ||d||  lg(rg) alpha_du alpha_pr  ls
 330  1.1952247e+02 1.59e-10 5.86e-04  -7.0 5.68e-03    -  1.00e+00 1.00e+00H  1
 331  1.1952246e+02 3.33e-06 4.98e-04  -7.0 2.97e-03    -  1.00e+00 1.00e+00h  1
 332  1.1952247e+02 4.50e-07 2.96e-04  -7.0 1.61e-03    -  1.00e+00 1.00e+00h  1
 333  1.1952247e+02 3.35e-09 1.26e-04  -7.0 4.06e-04    -  1.00e+00 1.00e+00h  1
 334  1.1952247e+02 1.02e-09 2.61e-05  -7.0 1.75e-04    -  1.00e+00 1.00e+00h  1
 335  1.1952247e+02 7.89e-11 1.05e-06  -7.0 2.97e-05    -  1.00e+00 1.00e+00h  1
 336  1.1952247e+02 2.66e-11 3.03e-05  -7.0 5.29e-04    -  1.00e+00 1.00e+00H  1
 337  1.1952247e+02 1.21e-07 5.94e-05  -7.0 1.80e-03    -  1.00e+00 1.00e+00h  1
 338  1.1952247e+02 2.71e-08 3.69e-05  -7.0 7.64e-04    -  1.00e+00 1.00e+00h  1
 339  1.1952247e+02 3.20e-11 6.31e-05  -7.0 1.04e-03    -  1.00e+00 1.00e+00H  1
iter    objective    inf_pr   inf_du lg(mu)  ||d||  lg(rg) alpha_du alpha_pr  ls
 340  1.1952247e+02 1.03e-08 8.71e-05  -7.0 5.24e-04    -  1.00e+00 1.00e+00h  1
 341  1.1952247e+02 9.47e-09 1.03e-04  -7.0 5.12e-04    -  1.00e+00 1.00e+00h  1
 342  1.1952247e+02 5.59e-09 7.87e-05  -7.0 2.91e-04    -  1.00e+00 5.00e-01h  2
 343  1.1952247e+02 1.76e-09 4.25e-05  -7.0 1.87e-04    -  1.00e+00 1.00e+00h  1
 344  1.1952247e+02 3.20e-10 1.92e-05  -7.0 9.29e-05    -  1.00e+00 1.00e+00h  1
 345  1.1952247e+02 9.93e-11 1.22e-05  -7.0 4.81e-05    -  1.00e+00 1.00e+00h  1
 346  1.1952247e+02 6.38e-11 2.59e-06  -7.0 3.94e-05    -  1.00e+00 1.00e+00h  1
 347  1.1952247e+02 1.34e-09 3.10e-06  -7.0 1.81e-04    -  1.00e+00 1.00e+00h  1
 348  1.1952247e+02 1.19e-10 3.23e-05  -7.0 1.31e-03    -  1.00e+00 1.00e+00H  1
 349  1.1952247e+02 1.24e-10 7.67e-05  -7.0 1.86e-03    -  1.00e+00 1.56e-02h  7
iter    objective    inf_pr   inf_du lg(mu)  ||d||  lg(rg) alpha_du alpha_pr  ls
 350  1.1952247e+02 1.49e-10 7.36e-05  -7.0 8.83e-04    -  1.00e+00 1.00e+00H  1
 351  1.1952247e+02 4.28e-09 8.32e-05  -7.0 3.53e-04    -  1.00e+00 1.00e+00h  1
 352  1.1952247e+02 4.10e-09 9.60e-05  -7.0 5.38e-04    -  1.00e+00 5.00e-01h  2
 353  1.1952247e+02 5.33e-11 3.90e-05  -7.0 2.79e-03    -  1.00e+00 1.00e+00H  1
 354  1.1952247e+02 4.92e-09 8.45e-05  -7.0 1.08e-02    -  1.00e+00 3.12e-02h  6
 355  1.1952247e+02 9.03e-09 1.19e-04  -7.0 9.94e-03    -  1.00e+00 3.12e-02h  6
 356  1.1952247e+02 1.38e-08 2.64e-04  -7.0 2.11e-02    -  1.00e+00 1.56e-02h  7
 357  1.1952247e+02 4.99e-11 6.66e-05  -7.0 5.30e-03    -  1.00e+00 1.00e+00H  1
 358  1.1952247e+02 5.10e-11 1.55e-04  -7.0 6.16e-03    -  1.00e+00 1.53e-05h 17
 359  1.1952247e+02 5.34e-06 4.92e-04  -7.0 1.12e-02    -  1.00e+00 1.00e+00h  1
iter    objective    inf_pr   inf_du lg(mu)  ||d||  lg(rg) alpha_du alpha_pr  ls
 360  1.1952246e+02 2.24e-06 4.53e-04  -7.0 2.33e-03    -  1.00e+00 1.00e+00h  1
 361  1.1952247e+02 1.94e-06 5.73e-04  -7.0 2.08e-03    -  1.00e+00 1.00e+00h  1
 362  1.1952247e+02 2.38e-08 1.90e-04  -7.0 1.05e-03    -  1.00e+00 1.00e+00h  1
 363  1.1952247e+02 3.92e-08 1.43e-04  -7.0 9.31e-04    -  1.00e+00 1.00e+00h  1
 364  1.1952247e+02 2.14e-09 1.95e-05  -7.0 2.38e-04    -  1.00e+00 1.00e+00h  1
 365  1.1952247e+02 2.04e-10 1.18e-05  -7.0 4.30e-05    -  1.00e+00 1.00e+00h  1
 366  1.1952247e+02 1.31e-10 2.72e-06  -7.0 5.90e-05    -  1.00e+00 1.00e+00h  1
 367  1.1952247e+02 5.29e-11 4.92e-05  -7.0 2.49e-03    -  1.00e+00 1.00e+00H  1
 368  1.1952247e+02 5.51e-10 1.55e-04  -7.0 2.95e-03    -  1.00e+00 1.00e+00H  1
 369  1.1952247e+02 3.08e-10 1.83e-04  -7.0 2.43e-03    -  1.00e+00 1.00e+00H  1
iter    objective    inf_pr   inf_du lg(mu)  ||d||  lg(rg) alpha_du alpha_pr  ls
 370  1.1952247e+02 7.99e-11 3.35e-04  -7.0 3.38e-03    -  1.00e+00 1.00e+00H  1
 371  1.1952247e+02 3.45e-07 8.89e-05  -7.0 3.00e-03    -  1.00e+00 1.00e+00h  1
 372  1.1952247e+02 3.20e-11 2.10e-04  -7.0 3.52e-03    -  1.00e+00 1.00e+00H  1
 373  1.1952247e+02 1.91e-07 4.77e-05  -7.0 2.29e-03    -  1.00e+00 1.00e+00h  1
 374  1.1952247e+02 4.48e-08 9.97e-05  -7.0 1.09e-03    -  1.00e+00 1.00e+00h  1
 375  1.1952247e+02 3.56e-08 1.70e-05  -7.0 9.76e-04    -  1.00e+00 1.00e+00h  1
 376  1.1952247e+02 6.22e-10 2.40e-05  -7.0 1.26e-04    -  1.00e+00 1.00e+00h  1
 377  1.1952247e+02 1.49e-10 3.97e-06  -7.0 5.49e-05    -  1.00e+00 1.00e+00h  1
 378  1.1952247e+02 3.71e-11 2.01e-06  -7.0 3.16e-05    -  1.00e+00 1.00e+00h  1
 379  1.1952247e+02 2.49e-11 7.96e-05  -7.0 1.29e-03    -  1.00e+00 1.00e+00H  1
iter    objective    inf_pr   inf_du lg(mu)  ||d||  lg(rg) alpha_du alpha_pr  ls
 380  1.1952247e+02 2.49e-11 8.32e-05  -7.0 1.81e-03    -  1.00e+00 1.00e+00H  1
 381  1.1952247e+02 7.11e-09 8.37e-05  -7.0 4.92e-04    -  1.00e+00 1.00e+00h  1
 382  1.1952247e+02 1.78e-09 2.00e-05  -7.0 2.17e-04    -  1.00e+00 1.00e+00h  1
 383  1.1952247e+02 3.56e-11 6.54e-06  -7.0 4.66e-04    -  1.00e+00 1.00e+00H  1
 384  1.1952247e+02 5.10e-11 1.39e-04  -7.0 7.30e-03    -  1.00e+00 1.00e+00H  1
 385  1.1952247e+02 3.88e-11 1.39e-04  -7.0 2.04e-02    -  1.00e+00 5.96e-08h 25
 386  1.1952247e+02 4.44e-11 2.77e-04  -7.0 2.77e-02    -  1.00e+00 1.49e-08h 27
 387  1.1952247e+02 5.05e-11 1.77e-04  -7.0 3.66e-03    -  1.00e+00 1.46e-11h 37
 388  1.1952247e+02 5.51e-11 2.05e-04  -7.0 2.63e-03    -  1.00e+00 1.00e+00H  1
 389  1.1952247e+02 7.01e-11 1.78e-04  -7.0 1.96e-02    -  1.00e+00 1.00e+00H  1
iter    objective    inf_pr   inf_du lg(mu)  ||d||  lg(rg) alpha_du alpha_pr  ls
 390  1.1952247e+02 6.80e-11 5.50e-04  -7.0 2.62e-02    -  1.00e+00 7.45e-09h 28
 391  1.1952247e+02 5.26e-11 5.52e-04  -7.0 9.03e-03    -  1.00e+00 3.64e-12h 39
 392  1.1952247e+02 5.15e-11 5.65e-04  -7.0 9.04e-03    -  1.00e+00 9.31e-10h 31
 393  1.1952247e+02 3.20e-11 3.01e-04  -7.0 4.25e-03    -  1.00e+00 1.00e+00H  1
 394  1.1952247e+02 1.90e-07 2.89e-04  -7.0 2.30e-03    -  1.00e+00 1.00e+00h  1
 395  1.1952247e+02 4.36e-08 1.21e-04  -7.0 6.15e-04    -  1.00e+00 1.00e+00h  1
 396  1.1952247e+02 4.08e-09 7.04e-05  -7.0 3.39e-04    -  1.00e+00 1.00e+00h  1
 397  1.1952247e+02 2.40e-10 1.63e-05  -7.0 7.27e-05    -  1.00e+00 1.00e+00h  1
 398  1.1952247e+02 1.44e-10 6.13e-06  -7.0 6.62e-05    -  1.00e+00 1.00e+00h  1
 399  1.1952247e+02 1.11e-09 6.41e-06  -7.0 1.61e-04    -  1.00e+00 1.00e+00h  1
iter    objective    inf_pr   inf_du lg(mu)  ||d||  lg(rg) alpha_du alpha_pr  ls
 400  1.1952247e+02 4.99e-11 5.41e-05  -7.0 1.54e-03    -  1.00e+00 1.00e+00H  1
 401  1.1952247e+02 7.38e-09 6.10e-05  -7.0 9.26e-04    -  1.00e+00 5.00e-01h  2
 402  1.1952247e+02 3.02e-11 7.87e-05  -7.0 6.85e-04    -  1.00e+00 1.00e+00H  1
 403  1.1952247e+02 6.54e-09 5.54e-05  -7.0 1.90e-04    -  1.00e+00 1.00e+00h  1
 404  1.1952247e+02 2.84e-11 1.02e-05  -7.0 3.57e-04    -  1.00e+00 1.00e+00H  1
 405  1.1952247e+02 3.02e-11 2.45e-05  -7.0 5.33e-04    -  1.00e+00 1.00e+00H  1
 406  1.1952247e+02 1.76e-09 2.56e-05  -7.0 1.83e-03    -  1.00e+00 1.25e-01h  4
 407  1.1952247e+02 2.93e-09 8.68e-05  -7.0 6.27e-03    -  1.00e+00 3.12e-02h  6
 408  1.1952247e+02 4.14e-11 3.66e-04  -7.0 3.15e-03    -  1.00e+00 1.00e+00H  1
 409  1.1952247e+02 1.18e-10 1.39e-05  -7.0 2.19e-03    -  1.00e+00 1.00e+00H  1
iter    objective    inf_pr   inf_du lg(mu)  ||d||  lg(rg) alpha_du alpha_pr  ls
 410  1.1952247e+02 2.49e-11 4.72e-05  -7.0 8.55e-04    -  1.00e+00 1.00e+00H  1
 411  1.1952247e+02 1.97e-08 1.61e-05  -7.0 7.94e-04    -  1.00e+00 1.00e+00h  1
 412  1.1952247e+02 1.43e-09 4.55e-05  -7.0 1.77e-04    -  1.00e+00 1.00e+00h  1
 413  1.1952247e+02 7.73e-10 2.30e-06  -7.0 1.02e-04    -  1.00e+00 1.00e+00h  1
 414  1.1952247e+02 3.55e-11 2.90e-06  -7.0 3.04e-05    -  1.00e+00 1.00e+00h  1
 415  1.1952247e+02 3.55e-11 7.33e-06  -7.0 3.16e-04    -  1.00e+00 1.00e+00H  1
 416  1.1952247e+02 2.66e-11 3.86e-04  -7.0 1.26e-02    -  1.00e+00 1.00e+00H  1
 417  1.1952247e+02 1.19e-06 2.52e-04  -7.0 6.01e-03    -  1.00e+00 1.00e+00h  1
 418  1.1952246e+02 3.18e-05 9.41e-04  -7.0 3.16e-02    -  1.00e+00 1.00e+00h  1
 419  1.1952246e+02 1.85e-05 3.56e-04  -7.0 2.39e-02    -  1.00e+00 1.00e+00h  1
iter    objective    inf_pr   inf_du lg(mu)  ||d||  lg(rg) alpha_du alpha_pr  ls
 420  1.1952246e+02 1.17e-04 1.89e-03  -7.0 6.18e-02    -  1.00e+00 1.00e+00h  1
 421  1.1952243e+02 7.79e-05 2.01e-04  -7.0 5.03e-02    -  1.00e+00 1.00e+00h  1
 422  1.1952244e+02 4.63e-05 1.60e-03  -7.0 2.43e-02    -  1.00e+00 6.14e-01h  1
 423  1.1952244e+02 3.59e-05 8.00e-04  -7.0 1.11e-02    -  5.60e-01 2.50e-01f  3
 424  1.1952245e+02 4.20e-05 9.74e-04  -7.0 8.96e-03    -  1.00e+00 1.00e+00h  1
 425  1.1952246e+02 3.88e-05 4.41e-04  -7.0 8.06e-03    -  1.00e+00 1.00e+00h  1
 426  1.1952247e+02 5.09e-08 4.44e-05  -7.0 1.32e-03    -  1.00e+00 1.00e+00h  1
 427  1.1952247e+02 6.15e-10 1.30e-05  -7.0 2.69e-04    -  1.00e+00 1.00e+00h  1
 428  1.1952247e+02 3.49e-11 1.23e-05  -7.0 4.96e-05    -  1.00e+00 1.00e+00h  1
 429  1.1952247e+02 6.02e-11 7.52e-06  -7.0 6.65e-05    -  1.00e+00 1.00e+00h  1
iter    objective    inf_pr   inf_du lg(mu)  ||d||  lg(rg) alpha_du alpha_pr  ls
 430  1.1952247e+02 3.45e-11 3.98e-05  -7.0 3.70e-04    -  1.00e+00 1.00e+00H  1
 431  1.1952247e+02 2.76e-11 2.81e-05  -7.0 4.33e-04    -  1.00e+00 1.00e+00H  1
 432  1.1952247e+02 6.95e-10 2.57e-05  -7.0 1.70e-04    -  1.00e+00 1.00e+00h  1
 433  1.1952247e+02 4.81e-10 2.75e-06  -7.0 1.35e-04    -  1.00e+00 1.00e+00h  1
 434  1.1952247e+02 4.41e-11 3.17e-06  -7.0 3.67e-05    -  1.00e+00 1.00e+00h  1
 435  1.1952247e+02 3.02e-11 2.70e-06  -7.0 1.43e-04    -  1.00e+00 1.00e+00H  1
 436  1.1952247e+02 2.06e-10 8.10e-05  -7.0 2.80e-03    -  1.00e+00 3.12e-02h  6
 437  1.1952247e+02 3.30e-10 1.23e-04  -7.0 4.46e-03    -  1.00e+00 1.56e-02h  7
 438  1.1952247e+02 4.46e-10 1.74e-04  -7.0 8.66e-03    -  1.00e+00 7.81e-03h  8
 439  1.1952247e+02 2.66e-11 6.54e-05  -7.0 7.73e-03    -  1.00e+00 1.00e+00H  1
iter    objective    inf_pr   inf_du lg(mu)  ||d||  lg(rg) alpha_du alpha_pr  ls
 440  1.1952247e+02 3.57e-08 9.51e-05  -7.0 1.23e-03    -  1.00e+00 1.00e+00h  1
 441  1.1952247e+02 4.89e-10 9.38e-05  -7.0 5.85e-03    -  1.00e+00 1.00e+00H  1
 442  1.1952247e+02 7.01e-06 6.75e-04  -7.0 1.67e-02    -  1.00e+00 1.00e+00h  1
 443  1.1952246e+02 7.02e-06 4.04e-05  -7.0 1.66e-02    -  1.00e+00 1.00e+00h  1
 444  1.1952247e+02 4.93e-07 3.83e-04  -7.0 3.63e-03    -  1.00e+00 1.00e+00h  1
 445  1.1952246e+02 4.04e-07 1.29e-05  -7.0 3.15e-03    -  1.00e+00 1.00e+00h  1
 446  1.1952247e+02 7.84e-11 1.06e-05  -7.0 5.31e-05    -  1.00e+00 1.00e+00h  1
 447  1.1952247e+02 1.05e-10 1.09e-06  -7.0 6.45e-05    -  1.00e+00 1.00e+00h  1
 448  1.1952247e+02 2.60e-10 4.68e-06  -7.0 9.92e-05    -  1.00e+00 1.00e+00h  1
 449  1.1952247e+02 2.51e-08 8.78e-06  -7.0 9.73e-04    -  1.00e+00 1.00e+00h  1
iter    objective    inf_pr   inf_du lg(mu)  ||d||  lg(rg) alpha_du alpha_pr  ls
 450  1.1952247e+02 1.23e-10 2.71e-05  -7.0 3.78e-03    -  1.00e+00 1.00e+00H  1
 451  1.1952247e+02 2.09e-10 9.02e-05  -7.0 4.60e-03    -  1.00e+00 1.00e+00H  1
 452  1.1952247e+02 7.32e-07 5.78e-05  -7.0 5.25e-03    -  1.00e+00 1.00e+00h  1
 453  1.1952247e+02 1.76e-07 1.39e-04  -7.0 2.63e-03    -  1.00e+00 1.00e+00h  1
 454  1.1952247e+02 3.73e-11 4.65e-05  -7.0 7.36e-03    -  1.00e+00 1.00e+00H  1
 455  1.1952247e+02 2.25e-08 3.82e-04  -7.0 1.80e-03    -  1.00e+00 2.50e-01h  3
 456  1.1952247e+02 1.82e-08 3.44e-05  -7.0 8.41e-04    -  1.00e+00 1.00e+00h  1
 457  1.1952247e+02 8.48e-10 4.54e-05  -7.0 1.51e-04    -  1.00e+00 1.00e+00h  1
 458  1.1952247e+02 4.37e-10 3.26e-06  -7.0 9.60e-05    -  1.00e+00 1.00e+00h  1
 459  1.1952247e+02 4.65e-11 1.62e-06  -7.0 4.17e-05    -  1.00e+00 1.00e+00h  1
iter    objective    inf_pr   inf_du lg(mu)  ||d||  lg(rg) alpha_du alpha_pr  ls
 460  1.1952247e+02 2.84e-11 1.70e-04  -7.0 5.12e-03    -  1.00e+00 1.00e+00H  1
 461  1.1952247e+02 2.66e-11 1.70e-04  -7.0 2.49e-03    -  1.00e+00 2.44e-04h 13
 462  1.1952247e+02 3.89e-08 8.43e-05  -7.0 1.54e-03    -  1.00e+00 1.00e+00h  1
 463  1.1952247e+02 6.39e-08 1.55e-05  -7.0 1.54e-03    -  1.00e+00 1.00e+00h  1
 464  1.1952247e+02 3.96e-08 1.16e-04  -7.0 1.06e-03    -  1.00e+00 5.00e-01h  2
 465  1.1952247e+02 1.88e-08 6.02e-06  -7.0 8.40e-04    -  1.00e+00 1.00e+00h  1
 466  1.1952247e+02 2.66e-11 4.13e-05  -7.0 8.83e-04    -  1.00e+00 1.00e+00H  1
 467  1.1952247e+02 5.43e-09 1.09e-05  -7.0 4.64e-04    -  1.00e+00 1.00e+00h  1
 468  1.1952247e+02 1.98e-09 9.43e-06  -7.0 2.74e-04    -  1.00e+00 1.00e+00h  1
 469  1.1952247e+02 4.97e-11 1.84e-05  -7.0 1.31e-03    -  1.00e+00 1.00e+00H  1
iter    objective    inf_pr   inf_du lg(mu)  ||d||  lg(rg) alpha_du alpha_pr  ls
 470  1.1952247e+02 5.05e-09 8.91e-05  -7.0 2.82e-02    -  1.00e+00 1.56e-02h  7
 471  1.1952247e+02 9.87e-09 1.23e-04  -7.0 5.61e-02    -  1.00e+00 7.81e-03h  8
 472  1.1952247e+02 1.35e-08 1.81e-04  -7.0 9.99e-02    -  1.00e+00 3.91e-03h  9
 473  1.1952247e+02 1.41e-08 3.10e-04  -7.0 8.39e-02    -  1.00e+00 1.95e-03h 10
 474  1.1952247e+02 2.03e-04 5.11e-04  -7.0 9.53e-02    -  1.00e+00 1.00e+00h  1
 475  1.1952246e+02 9.09e-07 2.32e-04  -7.0 2.60e-03    -  1.00e+00 1.00e+00h  1
 476  1.1952247e+02 2.40e-10 3.39e-04  -7.0 4.45e-02    -  1.00e+00 1.00e+00H  1
 477  1.1952246e+02 6.90e-04 6.06e-03  -7.0 1.89e-01    -  1.00e+00 1.00e+00h  1
 478  1.1952224e+02 7.11e-04 7.01e-04  -7.0 1.90e-01    -  1.00e+00 1.00e+00h  1
 479  1.1952244e+02 2.12e-04 6.76e-03  -7.0 3.77e-02    -  6.15e-01 1.00e+00h  1
iter    objective    inf_pr   inf_du lg(mu)  ||d||  lg(rg) alpha_du alpha_pr  ls
 480  1.1952238e+02 1.83e-04 2.71e-04  -7.0 3.19e-02    -  1.00e+00 1.00e+00h  1
 481  1.1952244e+02 5.07e-05 1.50e-03  -7.0 2.57e-03    -  1.00e+00 7.21e-01h  1
 482  1.1952244e+02 4.91e-05 8.78e-03  -7.0 3.61e-03    -  1.00e+00 3.12e-02f  6
 483  1.1952245e+02 2.42e-05 5.96e-04  -7.0 7.74e-03    -  1.00e+00 5.00e-01h  2
 484  1.1952247e+02 1.20e-06 1.52e-04  -7.0 2.83e-03    -  1.00e+00 1.00e+00h  1
 485  1.1952247e+02 6.93e-08 6.20e-05  -7.0 1.89e-03    -  1.00e+00 1.00e+00h  1
 486  1.1952247e+02 5.02e-09 6.20e-05  -7.0 4.99e-04    -  1.00e+00 1.00e+00h  1
 487  1.1952247e+02 1.15e-09 5.81e-06  -7.0 3.11e-04    -  1.00e+00 1.00e+00h  1
 488  1.1952247e+02 1.81e-10 4.44e-06  -7.0 5.78e-05    -  1.00e+00 1.00e+00h  1
 489  1.1952247e+02 3.73e-11 1.72e-05  -7.0 6.07e-04    -  1.00e+00 1.00e+00H  1
iter    objective    inf_pr   inf_du lg(mu)  ||d||  lg(rg) alpha_du alpha_pr  ls
 490  1.1952247e+02 3.19e-11 3.76e-05  -7.0 5.27e-04    -  1.00e+00 1.00e+00H  1
 491  1.1952247e+02 5.57e-09 3.38e-05  -7.0 3.59e-04    -  1.00e+00 1.00e+00h  1
 492  1.1952247e+02 2.53e-09 3.39e-05  -7.0 2.95e-04    -  1.00e+00 1.00e+00h  1
 493  1.1952247e+02 6.35e-10 1.10e-05  -7.0 1.46e-04    -  1.00e+00 1.00e+00h  1
 494  1.1952247e+02 4.47e-10 7.62e-06  -7.0 8.02e-05    -  1.00e+00 1.00e+00h  1
 495  1.1952247e+02 4.63e-11 5.72e-06  -7.0 3.08e-05    -  1.00e+00 1.00e+00h  1
 496  1.1952247e+02 1.07e-10 6.58e-06  -7.0 6.99e-05    -  1.00e+00 1.00e+00h  1
 497  1.1952247e+02 4.20e-11 1.58e-05  -7.0 2.49e-04    -  1.00e+00 1.00e+00H  1
 498  1.1952247e+02 3.67e-11 1.96e-05  -7.0 5.08e-04    -  1.00e+00 1.00e+00H  1
 499  1.1952247e+02 3.19e-11 7.74e-05  -7.0 8.14e-04    -  1.00e+00 1.00e+00H  1
iter    objective    inf_pr   inf_du lg(mu)  ||d||  lg(rg) alpha_du alpha_pr  ls
 500  1.1952247e+02 1.12e-10 7.84e-05  -7.0 5.16e-04    -  1.00e+00 1.00e+00H  1
 501  1.1952247e+02 3.02e-11 1.30e-04  -7.0 6.24e-04    -  1.00e+00 1.00e+00H  1
 502  1.1952247e+02 2.66e-11 9.86e-05  -7.0 6.55e-04    -  1.00e+00 1.00e+00H  1
 503  1.1952247e+02 4.99e-11 1.34e-04  -7.0 6.84e-04    -  1.00e+00 1.00e+00H  1
 504  1.1952247e+02 3.55e-11 3.74e-05  -7.0 6.88e-04    -  1.00e+00 1.00e+00H  1
 505  1.1952247e+02 2.13e-11 7.62e-05  -7.0 5.27e-04    -  1.00e+00 1.00e+00H  1
 506  1.1952247e+02 2.31e-11 1.82e-05  -7.0 4.84e-04    -  1.00e+00 1.00e+00H  1
 507  1.1952247e+02 1.21e-09 3.57e-05  -7.0 1.23e-04    -  1.00e+00 1.00e+00h  1
 508  1.1952247e+02 6.14e-10 2.45e-06  -7.0 8.32e-05    -  1.00e+00 1.00e+00h  1
 509  1.1952247e+02 2.49e-11 4.22e-06  -7.0 1.19e-05    -  1.00e+00 1.00e+00h  1
iter    objective    inf_pr   inf_du lg(mu)  ||d||  lg(rg) alpha_du alpha_pr  ls
 510  1.1952247e+02 2.84e-11 1.69e-06  -7.0 2.12e-05    -  1.00e+00 1.00e+00h  1
 511  1.1952247e+02 3.75e-11 2.78e-05  -7.0 1.82e-03    -  1.00e+00 1.00e+00H  1
 512  1.1952247e+02 2.84e-11 6.59e-05  -7.0 3.90e-04    -  1.00e+00 2.98e-08h 26
 513  1.1952247e+02 2.84e-11 2.40e-05  -7.0 1.28e-03    -  1.00e+00 1.00e+00H  1
 514  1.1952247e+02 2.84e-11 1.64e-04  -7.0 7.09e-04    -  1.00e+00 1.00e+00H  1
 515  1.1952247e+02 4.29e-08 2.81e-06  -7.0 7.55e-04    -  1.00e+00 1.00e+00h  1
 516  1.1952247e+02 8.48e-11 4.23e-06  -7.0 3.16e-05    -  1.00e+00 1.00e+00h  1
 517  1.1952247e+02 2.66e-11 3.59e-07  -7.0 2.09e-05    -  1.00e+00 1.00e+00h  1

Number of Iterations....: 517

                                   (scaled)                 (unscaled)
Objective...............:   1.1952246580642772e+02    1.1952246580642772e+02
Dual infeasibility......:   3.5927978236927061e-07    3.5927978236927061e-07
Constraint violation....:   2.6645350240724497e-11    2.6645350240724497e-11
Complementarity.........:   9.0909090924064895e-08    9.0909090924064895e-08
Overall NLP error.......:   3.5927978236927061e-07    3.5927978236927061e-07


Number of objective function evaluations             = 1446
Number of objective gradient evaluations             = 518
Number of equality constraint evaluations            = 1446
Number of inequality constraint evaluations          = 1446
Number of equality constraint Jacobian evaluations   = 518
Number of inequality constraint Jacobian evaluations = 518
Number of Lagrangian Hessian evaluations             = 0
Total CPU secs in IPOPT (w/o function evaluations)   =    352.229
Total CPU secs in NLP function evaluations           =   5193.233

EXIT: Optimal Solution Found.
