# This file contains information about inputs as read by the program

 Population size = 100
 Number of generations = 1000
 Number of objective functions = 1
 Number of constraints = 274
 Number of variables = 142
 Number of real variables = 142
 Lower limit of real variable 1 = 5.000000e-01
 Upper limit of real variable 1 = 3.000000e+01
 Lower limit of real variable 2 = -1.000000e+21
 Upper limit of real variable 2 = 1.000000e+21
 Lower limit of real variable 3 = -1.000000e+21
 Upper limit of real variable 3 = 1.000000e+21
 Lower limit of real variable 4 = -1.000000e+21
 Upper limit of real variable 4 = 1.000000e+21
 Lower limit of real variable 5 = -1.000000e+21
 Upper limit of real variable 5 = 1.000000e+21
 Lower limit of real variable 6 = -1.000000e+21
 Upper limit of real variable 6 = 1.000000e+21
 Lower limit of real variable 7 = -1.000000e+21
 Upper limit of real variable 7 = 1.000000e+21
 Lower limit of real variable 8 = -1.000000e+21
 Upper limit of real variable 8 = 1.000000e+21
 Lower limit of real variable 9 = -1.000000e+21
 Upper limit of real variable 9 = 1.000000e+21
 Lower limit of real variable 10 = -1.000000e+21
 Upper limit of real variable 10 = 1.000000e+21
 Lower limit of real variable 11 = -1.000000e+21
 Upper limit of real variable 11 = 1.000000e+21
 Lower limit of real variable 12 = -1.000000e+21
 Upper limit of real variable 12 = 1.000000e+21
 Lower limit of real variable 13 = -1.000000e+21
 Upper limit of real variable 13 = 1.000000e+21
 Lower limit of real variable 14 = -1.000000e+21
 Upper limit of real variable 14 = 1.000000e+21
 Lower limit of real variable 15 = -1.000000e+21
 Upper limit of real variable 15 = 1.000000e+21
 Lower limit of real variable 16 = -1.000000e+21
 Upper limit of real variable 16 = 1.000000e+21
 Lower limit of real variable 17 = -1.000000e+21
 Upper limit of real variable 17 = 1.000000e+21
 Lower limit of real variable 18 = -1.000000e+21
 Upper limit of real variable 18 = 1.000000e+21
 Lower limit of real variable 19 = -1.000000e+21
 Upper limit of real variable 19 = 1.000000e+21
 Lower limit of real variable 20 = -1.000000e+21
 Upper limit of real variable 20 = 1.000000e+21
 Lower limit of real variable 21 = -1.000000e+21
 Upper limit of real variable 21 = 1.000000e+21
 Lower limit of real variable 22 = -1.000000e+21
 Upper limit of real variable 22 = 1.000000e+21
 Lower limit of real variable 23 = -1.000000e+21
 Upper limit of real variable 23 = 1.000000e+21
 Lower limit of real variable 24 = -1.000000e+21
 Upper limit of real variable 24 = 1.000000e+21
 Lower limit of real variable 25 = -1.000000e+21
 Upper limit of real variable 25 = 1.000000e+21
 Lower limit of real variable 26 = -1.000000e+21
 Upper limit of real variable 26 = 1.000000e+21
 Lower limit of real variable 27 = -1.000000e+21
 Upper limit of real variable 27 = 1.000000e+21
 Lower limit of real variable 28 = -1.000000e+21
 Upper limit of real variable 28 = 1.000000e+21
 Lower limit of real variable 29 = -1.000000e+21
 Upper limit of real variable 29 = 1.000000e+21
 Lower limit of real variable 30 = -1.000000e+21
 Upper limit of real variable 30 = 1.000000e+21
 Lower limit of real variable 31 = -1.000000e+21
 Upper limit of real variable 31 = 1.000000e+21
 Lower limit of real variable 32 = -1.000000e+21
 Upper limit of real variable 32 = 1.000000e+21
 Lower limit of real variable 33 = -1.000000e+21
 Upper limit of real variable 33 = 1.000000e+21
 Lower limit of real variable 34 = -1.000000e+21
 Upper limit of real variable 34 = 1.000000e+21
 Lower limit of real variable 35 = -1.000000e+21
 Upper limit of real variable 35 = 1.000000e+21
 Lower limit of real variable 36 = -1.000000e+21
 Upper limit of real variable 36 = 1.000000e+21
 Lower limit of real variable 37 = -1.000000e+21
 Upper limit of real variable 37 = 1.000000e+21
 Lower limit of real variable 38 = -1.000000e+21
 Upper limit of real variable 38 = 1.000000e+21
 Lower limit of real variable 39 = -1.000000e+21
 Upper limit of real variable 39 = 1.000000e+21
 Lower limit of real variable 40 = -1.000000e+21
 Upper limit of real variable 40 = 1.000000e+21
 Lower limit of real variable 41 = -1.000000e+21
 Upper limit of real variable 41 = 1.000000e+21
 Lower limit of real variable 42 = -1.000000e+21
 Upper limit of real variable 42 = 1.000000e+21
 Lower limit of real variable 43 = -1.000000e+21
 Upper limit of real variable 43 = 1.000000e+21
 Lower limit of real variable 44 = -1.000000e+21
 Upper limit of real variable 44 = 1.000000e+21
 Lower limit of real variable 45 = -1.000000e+21
 Upper limit of real variable 45 = 1.000000e+21
 Lower limit of real variable 46 = -1.000000e+21
 Upper limit of real variable 46 = 1.000000e+21
 Lower limit of real variable 47 = -1.000000e+21
 Upper limit of real variable 47 = 1.000000e+21
 Lower limit of real variable 48 = -1.000000e+21
 Upper limit of real variable 48 = 1.000000e+21
 Lower limit of real variable 49 = -1.000000e+21
 Upper limit of real variable 49 = 1.000000e+21
 Lower limit of real variable 50 = -1.000000e+21
 Upper limit of real variable 50 = 1.000000e+21
 Lower limit of real variable 51 = -1.000000e+21
 Upper limit of real variable 51 = 1.000000e+21
 Lower limit of real variable 52 = -1.000000e+21
 Upper limit of real variable 52 = 1.000000e+21
 Lower limit of real variable 53 = -1.000000e+21
 Upper limit of real variable 53 = 1.000000e+21
 Lower limit of real variable 54 = -1.000000e+21
 Upper limit of real variable 54 = 1.000000e+21
 Lower limit of real variable 55 = -1.000000e+21
 Upper limit of real variable 55 = 1.000000e+21
 Lower limit of real variable 56 = -1.000000e+21
 Upper limit of real variable 56 = 1.000000e+21
 Lower limit of real variable 57 = -1.000000e+21
 Upper limit of real variable 57 = 1.000000e+21
 Lower limit of real variable 58 = -1.000000e+21
 Upper limit of real variable 58 = 1.000000e+21
 Lower limit of real variable 59 = -1.000000e+21
 Upper limit of real variable 59 = 1.000000e+21
 Lower limit of real variable 60 = -1.000000e+21
 Upper limit of real variable 60 = 1.000000e+21
 Lower limit of real variable 61 = -1.000000e+21
 Upper limit of real variable 61 = 1.000000e+21
 Lower limit of real variable 62 = -1.000000e+21
 Upper limit of real variable 62 = 1.000000e+21
 Lower limit of real variable 63 = -1.000000e+21
 Upper limit of real variable 63 = 1.000000e+21
 Lower limit of real variable 64 = -1.000000e+21
 Upper limit of real variable 64 = 1.000000e+21
 Lower limit of real variable 65 = -1.000000e+21
 Upper limit of real variable 65 = 1.000000e+21
 Lower limit of real variable 66 = -1.000000e+21
 Upper limit of real variable 66 = 1.000000e+21
 Lower limit of real variable 67 = -1.000000e+21
 Upper limit of real variable 67 = 1.000000e+21
 Lower limit of real variable 68 = -1.000000e+21
 Upper limit of real variable 68 = 1.000000e+21
 Lower limit of real variable 69 = -1.000000e+21
 Upper limit of real variable 69 = 1.000000e+21
 Lower limit of real variable 70 = -1.000000e+21
 Upper limit of real variable 70 = 1.000000e+21
 Lower limit of real variable 71 = -1.000000e+21
 Upper limit of real variable 71 = 1.000000e+21
 Lower limit of real variable 72 = -1.000000e+21
 Upper limit of real variable 72 = 1.000000e+21
 Lower limit of real variable 73 = -1.000000e+21
 Upper limit of real variable 73 = 1.000000e+21
 Lower limit of real variable 74 = -1.000000e+21
 Upper limit of real variable 74 = 1.000000e+21
 Lower limit of real variable 75 = -1.000000e+21
 Upper limit of real variable 75 = 1.000000e+21
 Lower limit of real variable 76 = -1.000000e+21
 Upper limit of real variable 76 = 1.000000e+21
 Lower limit of real variable 77 = -1.000000e+21
 Upper limit of real variable 77 = 1.000000e+21
 Lower limit of real variable 78 = -1.000000e+21
 Upper limit of real variable 78 = 1.000000e+21
 Lower limit of real variable 79 = -1.000000e+21
 Upper limit of real variable 79 = 1.000000e+21
 Lower limit of real variable 80 = -1.000000e+21
 Upper limit of real variable 80 = 1.000000e+21
 Lower limit of real variable 81 = -1.570796e+00
 Upper limit of real variable 81 = 1.570796e+00
 Lower limit of real variable 82 = -1.570796e+00
 Upper limit of real variable 82 = 1.570796e+00
 Lower limit of real variable 83 = -1.570796e+00
 Upper limit of real variable 83 = 1.570796e+00
 Lower limit of real variable 84 = -1.570796e+00
 Upper limit of real variable 84 = 1.570796e+00
 Lower limit of real variable 85 = -1.570796e+00
 Upper limit of real variable 85 = 1.570796e+00
 Lower limit of real variable 86 = -1.570796e+00
 Upper limit of real variable 86 = 1.570796e+00
 Lower limit of real variable 87 = -1.570796e+00
 Upper limit of real variable 87 = 1.570796e+00
 Lower limit of real variable 88 = -1.570796e+00
 Upper limit of real variable 88 = 1.570796e+00
 Lower limit of real variable 89 = -1.570796e+00
 Upper limit of real variable 89 = 1.570796e+00
 Lower limit of real variable 90 = -1.570796e+00
 Upper limit of real variable 90 = 1.570796e+00
 Lower limit of real variable 91 = -1.570796e+00
 Upper limit of real variable 91 = 1.570796e+00
 Lower limit of real variable 92 = -1.570796e+00
 Upper limit of real variable 92 = 1.570796e+00
 Lower limit of real variable 93 = -1.570796e+00
 Upper limit of real variable 93 = 1.570796e+00
 Lower limit of real variable 94 = -1.570796e+00
 Upper limit of real variable 94 = 1.570796e+00
 Lower limit of real variable 95 = -1.570796e+00
 Upper limit of real variable 95 = 1.570796e+00
 Lower limit of real variable 96 = -1.570796e+00
 Upper limit of real variable 96 = 1.570796e+00
 Lower limit of real variable 97 = -1.570796e+00
 Upper limit of real variable 97 = 1.570796e+00
 Lower limit of real variable 98 = -1.570796e+00
 Upper limit of real variable 98 = 1.570796e+00
 Lower limit of real variable 99 = -1.570796e+00
 Upper limit of real variable 99 = 1.570796e+00
 Lower limit of real variable 100 = -1.570796e+00
 Upper limit of real variable 100 = 1.570796e+00
 Lower limit of real variable 101 = 0.000000e+00
 Upper limit of real variable 101 = 1.000000e+00
 Lower limit of real variable 102 = 0.000000e+00
 Upper limit of real variable 102 = 1.000000e+00
 Lower limit of real variable 103 = 0.000000e+00
 Upper limit of real variable 103 = 1.000000e+00
 Lower limit of real variable 104 = 0.000000e+00
 Upper limit of real variable 104 = 1.000000e+00
 Lower limit of real variable 105 = 0.000000e+00
 Upper limit of real variable 105 = 1.000000e+00
 Lower limit of real variable 106 = 0.000000e+00
 Upper limit of real variable 106 = 1.000000e+00
 Lower limit of real variable 107 = 0.000000e+00
 Upper limit of real variable 107 = 1.000000e+00
 Lower limit of real variable 108 = 0.000000e+00
 Upper limit of real variable 108 = 1.000000e+00
 Lower limit of real variable 109 = 0.000000e+00
 Upper limit of real variable 109 = 1.000000e+00
 Lower limit of real variable 110 = 0.000000e+00
 Upper limit of real variable 110 = 1.000000e+00
 Lower limit of real variable 111 = 0.000000e+00
 Upper limit of real variable 111 = 1.000000e+00
 Lower limit of real variable 112 = 0.000000e+00
 Upper limit of real variable 112 = 1.000000e+00
 Lower limit of real variable 113 = 0.000000e+00
 Upper limit of real variable 113 = 1.000000e+00
 Lower limit of real variable 114 = 0.000000e+00
 Upper limit of real variable 114 = 1.000000e+00
 Lower limit of real variable 115 = 0.000000e+00
 Upper limit of real variable 115 = 1.000000e+00
 Lower limit of real variable 116 = 0.000000e+00
 Upper limit of real variable 116 = 1.000000e+00
 Lower limit of real variable 117 = 0.000000e+00
 Upper limit of real variable 117 = 1.000000e+00
 Lower limit of real variable 118 = 0.000000e+00
 Upper limit of real variable 118 = 1.000000e+00
 Lower limit of real variable 119 = 0.000000e+00
 Upper limit of real variable 119 = 1.000000e+00
 Lower limit of real variable 120 = 0.000000e+00
 Upper limit of real variable 120 = 1.000000e+00
 Lower limit of real variable 121 = 0.000000e+00
 Upper limit of real variable 121 = 1.000000e+00
 Lower limit of real variable 122 = 0.000000e+00
 Upper limit of real variable 122 = 1.000000e+00
 Lower limit of real variable 123 = 0.000000e+00
 Upper limit of real variable 123 = 1.000000e+00
 Lower limit of real variable 124 = 0.000000e+00
 Upper limit of real variable 124 = 1.000000e+00
 Lower limit of real variable 125 = 0.000000e+00
 Upper limit of real variable 125 = 1.000000e+00
 Lower limit of real variable 126 = 0.000000e+00
 Upper limit of real variable 126 = 1.000000e+00
 Lower limit of real variable 127 = 0.000000e+00
 Upper limit of real variable 127 = 1.000000e+00
 Lower limit of real variable 128 = 0.000000e+00
 Upper limit of real variable 128 = 1.000000e+00
 Lower limit of real variable 129 = 0.000000e+00
 Upper limit of real variable 129 = 1.000000e+00
 Lower limit of real variable 130 = 0.000000e+00
 Upper limit of real variable 130 = 1.000000e+00
 Lower limit of real variable 131 = 0.000000e+00
 Upper limit of real variable 131 = 1.000000e+00
 Lower limit of real variable 132 = 0.000000e+00
 Upper limit of real variable 132 = 1.000000e+00
 Lower limit of real variable 133 = 0.000000e+00
 Upper limit of real variable 133 = 1.000000e+00
 Lower limit of real variable 134 = 0.000000e+00
 Upper limit of real variable 134 = 1.000000e+00
 Lower limit of real variable 135 = 0.000000e+00
 Upper limit of real variable 135 = 1.000000e+00
 Lower limit of real variable 136 = 0.000000e+00
 Upper limit of real variable 136 = 1.000000e+00
 Lower limit of real variable 137 = 0.000000e+00
 Upper limit of real variable 137 = 1.000000e+00
 Lower limit of real variable 138 = 0.000000e+00
 Upper limit of real variable 138 = 1.000000e+00
 Lower limit of real variable 139 = 0.000000e+00
 Upper limit of real variable 139 = 1.000000e+00
 Lower limit of real variable 140 = 0.000000e+00
 Upper limit of real variable 140 = 1.000000e+00
 Lower limit of real variable 141 = 0.000000e+00
 Upper limit of real variable 141 = 1.000000e+00
 Lower limit of real variable 142 = 0.000000e+00
 Upper limit of real variable 142 = 1.000000e+00
 Probability of crossover of real variable = 6.000000e-01
 Probability of mutation of real variable = 2.000000e-01
 Distribution index for crossover = 1.000000e+01
 Distribution index for mutation = 2.000000e+01
 Number of binary variables = 0
 Seed for random number generator = 1.590501e+09
 Number of crossover of real variable = 0
 Number of mutation of real variable = 0