



   ---------------------------------------------------------------------------
     START OF THE SEQUENTIAL LEAST SQUARES PROGRAMMING ALGORIT  
   ---------------------------------------------------------------------------

     PARAMETERS:
        ACC =   0.1000D-08
        MAXITER =***
        IPRINT =   1
IOUT =   6


     ITER =    1     OBJ =  0.16289657E+01
     ITER =    2     OBJ =  0.51913295E+01
     ITER =    3     OBJ =  0.54056711E+01
     ITER =    4     OBJ =  0.54022989E+01
     ITER =    5     OBJ =  0.54009581E+01
     ITER =    6     OBJ =  0.53942577E+01
     ITER =    7     OBJ =  0.53669693E+01
     ITER =    8     OBJ =  0.53274359E+01
     ITER =    9     OBJ =  0.52649026E+01
     ITER =   10     OBJ =  0.50863167E+01
     ITER =   11     OBJ =  0.50277688E+01
     ITER =   12     OBJ =  0.49768965E+01
     ITER =   13     OBJ =  0.47302145E+01
     ITER =   14     OBJ =  0.46863808E+01
     ITER =   15     OBJ =  0.46658593E+01
     ITER =   16     OBJ =  0.46513258E+01
     ITER =   17     OBJ =  0.46017126E+01
     ITER =   18     OBJ =  0.43972683E+01
     ITER =   19     OBJ =  0.42216565E+01
     ITER =   20     OBJ =  0.42222268E+01
     ITER =   21     OBJ =  0.42153157E+01
     ITER =   22     OBJ =  0.41960691E+01
     ITER =   23     OBJ =  0.41609769E+01
     ITER =   24     OBJ =  0.41317139E+01
     ITER =   25     OBJ =  0.40933983E+01
     ITER =   26     OBJ =  0.40598755E+01
     ITER =   27     OBJ =  0.40423668E+01
     ITER =   28     OBJ =  0.40247576E+01
     ITER =   29     OBJ =  0.40115153E+01
     ITER =   30     OBJ =  0.39960133E+01
     ITER =   31     OBJ =  0.39739286E+01
     ITER =   32     OBJ =  0.39653126E+01
     ITER =   33     OBJ =  0.39410411E+01
     ITER =   34     OBJ =  0.39356251E+01
     ITER =   35     OBJ =  0.39261656E+01
     ITER =   36     OBJ =  0.39228889E+01
     ITER =   37     OBJ =  0.39167390E+01
     ITER =   38     OBJ =  0.39100560E+01
     ITER =   39     OBJ =  0.39033331E+01
     ITER =   40     OBJ =  0.38912910E+01
     ITER =   41     OBJ =  0.38878228E+01
     ITER =   42     OBJ =  0.38824340E+01
     ITER =   43     OBJ =  0.38744153E+01
     ITER =   44     OBJ =  0.38697790E+01
     ITER =   45     OBJ =  0.38682740E+01
     ITER =   46     OBJ =  0.38682090E+01
     ITER =   47     OBJ =  0.38680169E+01
     ITER =   48     OBJ =  0.38677194E+01
     ITER =   49     OBJ =  0.38666357E+01
     ITER =   50     OBJ =  0.38608357E+01
     ITER =   51     OBJ =  0.38600927E+01
     ITER =   52     OBJ =  0.38597019E+01
     ITER =   53     OBJ =  0.38582141E+01
     ITER =   54     OBJ =  0.38546690E+01
     ITER =   55     OBJ =  0.38472129E+01
     ITER =   56     OBJ =  0.38467766E+01
     ITER =   57     OBJ =  0.38457498E+01
     ITER =   58     OBJ =  0.38414208E+01
     ITER =   59     OBJ =  0.38362254E+01
     ITER =   60     OBJ =  0.38315295E+01
     ITER =   61     OBJ =  0.38307743E+01
     ITER =   62     OBJ =  0.38286295E+01
     ITER =   63     OBJ =  0.38218828E+01
     ITER =   64     OBJ =  0.38140757E+01
     ITER =   65     OBJ =  0.38133944E+01
     ITER =   66     OBJ =  0.38116407E+01
     ITER =   67     OBJ =  0.38041907E+01
     ITER =   68     OBJ =  0.37983690E+01
     ITER =   69     OBJ =  0.37939097E+01
     ITER =   70     OBJ =  0.37927048E+01
     ITER =   71     OBJ =  0.37898618E+01
     ITER =   72     OBJ =  0.37802326E+01
     ITER =   73     OBJ =  0.37786122E+01
     ITER =   74     OBJ =  0.37764310E+01
     ITER =   75     OBJ =  0.37731094E+01
     ITER =   76     OBJ =  0.37721408E+01
     ITER =   77     OBJ =  0.37699444E+01
     ITER =   78     OBJ =  0.37621084E+01
     ITER =   79     OBJ =  0.37565467E+01
     ITER =   80     OBJ =  0.37556428E+01
     ITER =   81     OBJ =  0.37545011E+01
     ITER =   82     OBJ =  0.37521545E+01
     ITER =   83     OBJ =  0.37507016E+01
     ITER =   84     OBJ =  0.37473823E+01
     ITER =   85     OBJ =  0.37429275E+01
     ITER =   86     OBJ =  0.37384135E+01
     ITER =   87     OBJ =  0.37384466E+01
     ITER =   88     OBJ =  0.37378815E+01
     ITER =   89     OBJ =  0.37368437E+01
     ITER =   90     OBJ =  0.37359056E+01
     ITER =   91     OBJ =  0.37322407E+01
     ITER =   92     OBJ =  0.37301806E+01
     ITER =   93     OBJ =  0.37272287E+01
     ITER =   94     OBJ =  0.37260342E+01
     ITER =   95     OBJ =  0.37246682E+01
     ITER =   96     OBJ =  0.37243389E+01
     ITER =   97     OBJ =  0.37236026E+01
     ITER =   98     OBJ =  0.37200303E+01
     ITER =   99     OBJ =  0.37173127E+01
     ITER =  100     OBJ =  0.37121298E+01
     ITER =  101     OBJ =  0.37102667E+01
     ITER =  102     OBJ =  0.37099489E+01
     ITER =  103     OBJ =  0.37093993E+01
     ITER =  104     OBJ =  0.37082561E+01
     ITER =  105     OBJ =  0.37052108E+01
     ITER =  106     OBJ =  0.37054659E+01
     ITER =  107     OBJ =  0.37050021E+01
     ITER =  108     OBJ =  0.37044451E+01
     ITER =  109     OBJ =  0.37041918E+01
     ITER =  110     OBJ =  0.37036094E+01
     ITER =  111     OBJ =  0.37010114E+01
     ITER =  112     OBJ =  0.37002807E+01
     ITER =  113     OBJ =  0.36999138E+01
     ITER =  114     OBJ =  0.36991361E+01
     ITER =  115     OBJ =  0.36979032E+01
     ITER =  116     OBJ =  0.36970215E+01
     ITER =  117     OBJ =  0.36962676E+01
     ITER =  118     OBJ =  0.36950541E+01
     ITER =  119     OBJ =  0.36947151E+01
     ITER =  120     OBJ =  0.36939803E+01
     ITER =  121     OBJ =  0.36937306E+01
     ITER =  122     OBJ =  0.36931785E+01
     ITER =  123     OBJ =  0.36928057E+01
     ITER =  124     OBJ =  0.36924357E+01
     ITER =  125     OBJ =  0.36921071E+01
     ITER =  126     OBJ =  0.36916950E+01
     ITER =  127     OBJ =  0.36912337E+01
     ITER =  128     OBJ =  0.36907178E+01
     ITER =  129     OBJ =  0.36896987E+01
     ITER =  130     OBJ =  0.36884818E+01
     ITER =  131     OBJ =  0.36881728E+01
     ITER =  132     OBJ =  0.36877227E+01
     ITER =  133     OBJ =  0.36872723E+01
     ITER =  134     OBJ =  0.36868237E+01
     ITER =  135     OBJ =  0.36864149E+01
     ITER =  136     OBJ =  0.36859664E+01
     ITER =  137     OBJ =  0.36854706E+01
     ITER =  138     OBJ =  0.36848702E+01
     ITER =  139     OBJ =  0.36842913E+01
     ITER =  140     OBJ =  0.36837588E+01
     ITER =  141     OBJ =  0.36830857E+01
     ITER =  142     OBJ =  0.36821297E+01
     ITER =  143     OBJ =  0.36812937E+01
     ITER =  144     OBJ =  0.36809310E+01
     ITER =  145     OBJ =  0.36803173E+01
     ITER =  146     OBJ =  0.36800260E+01
     ITER =  147     OBJ =  0.36795890E+01
     ITER =  148     OBJ =  0.36779817E+01
     ITER =  149     OBJ =  0.36752227E+01
     ITER =  150     OBJ =  0.36735534E+01
     ITER =  151     OBJ =  0.36721488E+01
     ITER =  152     OBJ =  0.36694528E+01
     ITER =  153     OBJ =  0.36595072E+01
     ITER =  154     OBJ =  0.36514112E+01
     ITER =  155     OBJ =  0.36394844E+01
     ITER =  156     OBJ =  0.36342102E+01
     ITER =  157     OBJ =  0.36306011E+01
     ITER =  158     OBJ =  0.36249209E+01
     ITER =  159     OBJ =  0.36172267E+01
     ITER =  160     OBJ =  0.36121366E+01
     ITER =  161     OBJ =  0.35981314E+01
     ITER =  162     OBJ =  0.35965984E+01
     ITER =  163     OBJ =  0.35941526E+01
     ITER =  164     OBJ =  0.35861634E+01
     ITER =  165     OBJ =  0.35729983E+01
     ITER =  166     OBJ =  0.35651127E+01
     ITER =  167     OBJ =  0.35581420E+01
     ITER =  168     OBJ =  0.35509594E+01
     ITER =  169     OBJ =  0.35484814E+01
     ITER =  170     OBJ =  0.35462293E+01
     ITER =  171     OBJ =  0.35462218E+01
     ITER =  172     OBJ =  0.35462117E+01
     ITER =  173     OBJ =  0.35461967E+01
     ITER =  174     OBJ =  0.35461824E+01
     ITER =  175     OBJ =  0.35461683E+01
     ITER =  176     OBJ =  0.35461536E+01
     ITER =  177     OBJ =  0.35461385E+01
     ITER =  178     OBJ =  0.35461231E+01
     ITER =  179     OBJ =  0.35461072E+01
     ITER =  180     OBJ =  0.35460906E+01
     ITER =  181     OBJ =  0.35460316E+01
     ITER =  182     OBJ =  0.35449532E+01
     ITER =  183     OBJ =  0.35449527E+01
     ITER =  184     OBJ =  0.35449490E+01
     ITER =  185     OBJ =  0.35449485E+01
     ITER =  186     OBJ =  0.35449482E+01
     ITER =  187     OBJ =  0.35449480E+01
     ITER =  188     OBJ =  0.35449478E+01
     ITER =  189     OBJ =  0.35449477E+01
     ITER =  190     OBJ =  0.35449475E+01
     ITER =  191     OBJ =  0.35449473E+01
     ITER =  192     OBJ =  0.35449471E+01
     ITER =  193     OBJ =  0.35449469E+01
     ITER =  194     OBJ =  0.35449468E+01
     ITER =  195     OBJ =  0.35449466E+01
     ITER =  196     OBJ =  0.35449464E+01
     ITER =  197     OBJ =  0.35449462E+01
     ITER =  198     OBJ =  0.35449460E+01
     ITER =  199     OBJ =  0.35449459E+01
     ITER =  200     OBJ =  0.35449457E+01
     ITER =  201     OBJ =  0.35449455E+01
     ITER =  202     OBJ =  0.35449453E+01
     ITER =  203     OBJ =  0.35449451E+01
     ITER =  204     OBJ =  0.35449449E+01
     ITER =  205     OBJ =  0.35449447E+01
     ITER =  206     OBJ =  0.35449445E+01
     ITER =  207     OBJ =  0.35449442E+01
     ITER =  208     OBJ =  0.35449440E+01
     ITER =  209     OBJ =  0.35449438E+01
     ITER =  210     OBJ =  0.35449435E+01
     ITER =  211     OBJ =  0.35449433E+01
     ITER =  212     OBJ =  0.35449431E+01
     ITER =  213     OBJ =  0.35449429E+01
     ITER =  214     OBJ =  0.35449427E+01
     ITER =  215     OBJ =  0.35449425E+01
     ITER =  216     OBJ =  0.35449423E+01
     ITER =  217     OBJ =  0.35449421E+01
     ITER =  218     OBJ =  0.35449419E+01
     ITER =  219     OBJ =  0.35449418E+01
     ITER =  220     OBJ =  0.35449416E+01
     ITER =  221     OBJ =  0.35449414E+01
     ITER =  222     OBJ =  0.35449412E+01
     ITER =  223     OBJ =  0.35449410E+01
     ITER =  224     OBJ =  0.35449408E+01
     ITER =  225     OBJ =  0.35449406E+01
     ITER =  226     OBJ =  0.35449404E+01
     ITER =  227     OBJ =  0.35449402E+01
     ITER =  228     OBJ =  0.35449400E+01
     ITER =  229     OBJ =  0.35449398E+01
     ITER =  230     OBJ =  0.35449397E+01
     ITER =  231     OBJ =  0.35449395E+01
     ITER =  232     OBJ =  0.35449393E+01
     ITER =  233     OBJ =  0.35449391E+01
     ITER =  234     OBJ =  0.35449389E+01
     ITER =  235     OBJ =  0.35449387E+01
     ITER =  236     OBJ =  0.35449385E+01
     ITER =  237     OBJ =  0.35449383E+01
     ITER =  238     OBJ =  0.35449382E+01
     ITER =  239     OBJ =  0.35449380E+01
     ITER =  240     OBJ =  0.35449378E+01
     ITER =  241     OBJ =  0.35449376E+01
     ITER =  242     OBJ =  0.35449374E+01
     ITER =  243     OBJ =  0.35449372E+01
     ITER =  244     OBJ =  0.35449370E+01
     ITER =  245     OBJ =  0.35449368E+01
     ITER =  246     OBJ =  0.35449366E+01
     ITER =  247     OBJ =  0.35449364E+01
     ITER =  248     OBJ =  0.35449362E+01
     ITER =  249     OBJ =  0.35449360E+01
     ITER =  250     OBJ =  0.35449358E+01
     ITER =  251     OBJ =  0.35449356E+01
     ITER =  252     OBJ =  0.35449355E+01
     ITER =  253     OBJ =  0.35449353E+01
     ITER =  254     OBJ =  0.35449351E+01
     ITER =  255     OBJ =  0.35449349E+01
     ITER =  256     OBJ =  0.35449348E+01
     ITER =  257     OBJ =  0.35449346E+01
     ITER =  258     OBJ =  0.35449344E+01
     ITER =  259     OBJ =  0.35449342E+01
     ITER =  260     OBJ =  0.35449340E+01
     ITER =  261     OBJ =  0.35449339E+01
     ITER =  262     OBJ =  0.35449337E+01
     ITER =  263     OBJ =  0.35449336E+01
     ITER =  264     OBJ =  0.35449335E+01
     ITER =  265     OBJ =  0.35449335E+01
     ITER =  266     OBJ =  0.35449334E+01
     ITER =  267     OBJ =  0.35449333E+01
     ITER =  268     OBJ =  0.35449332E+01
     ITER =  269     OBJ =  0.35449331E+01
     ITER =  270     OBJ =  0.35449331E+01
     ITER =  271     OBJ =  0.35449330E+01
     ITER =  272     OBJ =  0.35449329E+01
     ITER =  273     OBJ =  0.35449328E+01
     ITER =  274     OBJ =  0.35449327E+01
     ITER =  275     OBJ =  0.35449327E+01
     ITER =  276     OBJ =  0.35449326E+01
     ITER =  277     OBJ =  0.35449325E+01
     ITER =  278     OBJ =  0.35449325E+01
     ITER =  279     OBJ =  0.35449324E+01
     ITER =  280     OBJ =  0.35449324E+01
     ITER =  281     OBJ =  0.35449323E+01
     ITER =  282     OBJ =  0.35449322E+01
     ITER =  283     OBJ =  0.35449322E+01
     ITER =  284     OBJ =  0.35449322E+01
     ITER =  285     OBJ =  0.35449321E+01
     ITER =  286     OBJ =  0.35449321E+01
     ITER =  287     OBJ =  0.35449320E+01
     ITER =  288     OBJ =  0.35449320E+01
     ITER =  289     OBJ =  0.35449319E+01
     ITER =  290     OBJ =  0.35449319E+01
     ITER =  291     OBJ =  0.35449318E+01
     ITER =  292     OBJ =  0.35449318E+01
     ITER =  293     OBJ =  0.35449318E+01
     ITER =  294     OBJ =  0.35449317E+01
     ITER =  295     OBJ =  0.35449317E+01
     ITER =  296     OBJ =  0.35449316E+01
     ITER =  297     OBJ =  0.35449316E+01
     ITER =  298     OBJ =  0.35449316E+01
     ITER =  299     OBJ =  0.35449315E+01
     ITER =  300     OBJ =  0.35449315E+01
     ITER =  301     OBJ =  0.35449314E+01
     ITER =  302     OBJ =  0.35449314E+01
     ITER =  303     OBJ =  0.35449313E+01
     ITER =  304     OBJ =  0.35449313E+01
     ITER =  305     OBJ =  0.35449313E+01
     ITER =  306     OBJ =  0.35449312E+01
     ITER =  307     OBJ =  0.35449312E+01
     ITER =  308     OBJ =  0.35449311E+01
     ITER =  309     OBJ =  0.35449305E+01
     ITER =  310     OBJ =  0.35449305E+01
     ITER =  311     OBJ =  0.35449304E+01
     ITER =  312     OBJ =  0.35449304E+01
     ITER =  313     OBJ =  0.35449304E+01
     ITER =  314     OBJ =  0.35449304E+01
     ITER =  315     OBJ =  0.35449304E+01
     ITER =  316     OBJ =  0.35449303E+01
     ITER =  317     OBJ =  0.35449303E+01
     ITER =  318     OBJ =  0.35449302E+01
     ITER =  319     OBJ =  0.35449302E+01
     ITER =  320     OBJ =  0.35449301E+01
     ITER =  321     OBJ =  0.35449301E+01
     ITER =  322     OBJ =  0.35449300E+01
     ITER =  323     OBJ =  0.35449300E+01
     ITER =  324     OBJ =  0.35449299E+01
     ITER =  325     OBJ =  0.35449299E+01
     ITER =  326     OBJ =  0.35449298E+01
     ITER =  327     OBJ =  0.35449298E+01
     ITER =  328     OBJ =  0.35449297E+01
     ITER =  329     OBJ =  0.35449296E+01
     ITER =  330     OBJ =  0.35449296E+01
     ITER =  331     OBJ =  0.35449295E+01
     ITER =  332     OBJ =  0.35449293E+01
     ITER =  333     OBJ =  0.35449290E+01
     ITER =  334     OBJ =  0.35449286E+01
     ITER =  335     OBJ =  0.35449280E+01
     ITER =  336     OBJ =  0.35449274E+01
     ITER =  337     OBJ =  0.35449268E+01
     ITER =  338     OBJ =  0.35449261E+01
     ITER =  339     OBJ =  0.35449257E+01
     ITER =  340     OBJ =  0.35449251E+01
     ITER =  341     OBJ =  0.35449244E+01
     ITER =  342     OBJ =  0.35449236E+01
     ITER =  343     OBJ =  0.35449229E+01
     ITER =  344     OBJ =  0.35449222E+01
     ITER =  345     OBJ =  0.35449216E+01
     ITER =  346     OBJ =  0.35449210E+01
     ITER =  347     OBJ =  0.35449204E+01
     ITER =  348     OBJ =  0.35449198E+01
     ITER =  349     OBJ =  0.35449192E+01
     ITER =  350     OBJ =  0.35449186E+01
     ITER =  351     OBJ =  0.35449180E+01
     ITER =  352     OBJ =  0.35449174E+01
     ITER =  353     OBJ =  0.35449168E+01
     ITER =  354     OBJ =  0.35449164E+01
     ITER =  355     OBJ =  0.35449152E+01
     ITER =  356     OBJ =  0.35449144E+01
     ITER =  357     OBJ =  0.35449139E+01
     ITER =  358     OBJ =  0.35449134E+01
     ITER =  359     OBJ =  0.35449129E+01
     ITER =  360     OBJ =  0.35449123E+01
     ITER =  361     OBJ =  0.35449118E+01
     ITER =  362     OBJ =  0.35449113E+01
     ITER =  363     OBJ =  0.35449109E+01
     ITER =  364     OBJ =  0.35449107E+01
     ITER =  365     OBJ =  0.35449104E+01
     ITER =  366     OBJ =  0.35449101E+01
     ITER =  367     OBJ =  0.35449098E+01
     ITER =  368     OBJ =  0.35449094E+01
     ITER =  369     OBJ =  0.35449090E+01
     ITER =  370     OBJ =  0.35449086E+01
     ITER =  371     OBJ =  0.35449083E+01
     ITER =  372     OBJ =  0.35449079E+01
     ITER =  373     OBJ =  0.35449075E+01
     ITER =  374     OBJ =  0.35449071E+01
     ITER =  375     OBJ =  0.35449067E+01
     ITER =  376     OBJ =  0.35449063E+01
     ITER =  377     OBJ =  0.35449058E+01
     ITER =  378     OBJ =  0.35449054E+01
     ITER =  379     OBJ =  0.35449050E+01
     ITER =  380     OBJ =  0.35449045E+01
     ITER =  381     OBJ =  0.35449041E+01
     ITER =  382     OBJ =  0.35449036E+01
     ITER =  383     OBJ =  0.35449031E+01
     ITER =  384     OBJ =  0.35449025E+01
     ITER =  385     OBJ =  0.35449020E+01
     ITER =  386     OBJ =  0.35449014E+01
     ITER =  387     OBJ =  0.35449008E+01
     ITER =  388     OBJ =  0.35449003E+01
     ITER =  389     OBJ =  0.35448999E+01
     ITER =  390     OBJ =  0.35448995E+01
     ITER =  391     OBJ =  0.35448990E+01
     ITER =  392     OBJ =  0.35448986E+01
     ITER =  393     OBJ =  0.35448984E+01
     ITER =  394     OBJ =  0.35448966E+01
     ITER =  395     OBJ =  0.35448963E+01
     ITER =  396     OBJ =  0.35448960E+01
     ITER =  397     OBJ =  0.35448958E+01
     ITER =  398     OBJ =  0.35448954E+01
     ITER =  399     OBJ =  0.35448950E+01
     ITER =  400     OBJ =  0.35448946E+01
     ITER =  401     OBJ =  0.35448942E+01
     ITER =  402     OBJ =  0.35448937E+01
     ITER =  403     OBJ =  0.35448933E+01
     ITER =  404     OBJ =  0.35448929E+01
     ITER =  405     OBJ =  0.35448925E+01
     ITER =  406     OBJ =  0.35448924E+01
     ITER =  407     OBJ =  0.35448921E+01
     ITER =  408     OBJ =  0.35448919E+01
     ITER =  409     OBJ =  0.35448916E+01
     ITER =  410     OBJ =  0.35448913E+01
     ITER =  411     OBJ =  0.35448910E+01
     ITER =  412     OBJ =  0.35448908E+01
     ITER =  413     OBJ =  0.35448905E+01
     ITER =  414     OBJ =  0.35448902E+01
     ITER =  415     OBJ =  0.35448899E+01
     ITER =  416     OBJ =  0.35448896E+01
     ITER =  417     OBJ =  0.35448893E+01
     ITER =  418     OBJ =  0.35448890E+01
     ITER =  419     OBJ =  0.35448887E+01
     ITER =  420     OBJ =  0.35448884E+01
     ITER =  421     OBJ =  0.35448881E+01
     ITER =  422     OBJ =  0.35448878E+01
     ITER =  423     OBJ =  0.35448876E+01
     ITER =  424     OBJ =  0.35448873E+01
     ITER =  425     OBJ =  0.35448870E+01
     ITER =  426     OBJ =  0.35448867E+01
     ITER =  427     OBJ =  0.35448864E+01
     ITER =  428     OBJ =  0.35448861E+01
     ITER =  429     OBJ =  0.35448858E+01
     ITER =  430     OBJ =  0.35448854E+01
     ITER =  431     OBJ =  0.35448851E+01
     ITER =  432     OBJ =  0.35448847E+01
     ITER =  433     OBJ =  0.35448844E+01
     ITER =  434     OBJ =  0.35448839E+01
     ITER =  435     OBJ =  0.35448835E+01
     ITER =  436     OBJ =  0.35448830E+01
     ITER =  437     OBJ =  0.35448826E+01
     ITER =  438     OBJ =  0.35448821E+01
     ITER =  439     OBJ =  0.35448817E+01
     ITER =  440     OBJ =  0.35448815E+01
     ITER =  441     OBJ =  0.35448813E+01
     ITER =  442     OBJ =  0.35448809E+01
     ITER =  443     OBJ =  0.35448807E+01
     ITER =  444     OBJ =  0.35448805E+01
     ITER =  445     OBJ =  0.35448804E+01
     ITER =  446     OBJ =  0.35448802E+01
     ITER =  447     OBJ =  0.35448800E+01
     ITER =  448     OBJ =  0.35448798E+01
     ITER =  449     OBJ =  0.35448796E+01
     ITER =  450     OBJ =  0.35448795E+01
     ITER =  451     OBJ =  0.35448793E+01
     ITER =  452     OBJ =  0.35448791E+01
     ITER =  453     OBJ =  0.35448789E+01
     ITER =  454     OBJ =  0.35448788E+01
     ITER =  455     OBJ =  0.35448786E+01
     ITER =  456     OBJ =  0.35448784E+01
     ITER =  457     OBJ =  0.35448783E+01
     ITER =  458     OBJ =  0.35448783E+01
     ITER =  459     OBJ =  0.35448782E+01
     ITER =  460     OBJ =  0.35448781E+01
     ITER =  461     OBJ =  0.35448780E+01
     ITER =  462     OBJ =  0.35448780E+01
     ITER =  463     OBJ =  0.35448779E+01
     ITER =  464     OBJ =  0.35448778E+01
     ITER =  465     OBJ =  0.35448777E+01
     ITER =  466     OBJ =  0.35448777E+01
     ITER =  467     OBJ =  0.35448776E+01
     ITER =  468     OBJ =  0.35448775E+01
     ITER =  469     OBJ =  0.35448774E+01
     ITER =  470     OBJ =  0.35448774E+01
     ITER =  471     OBJ =  0.35448773E+01
     ITER =  472     OBJ =  0.35448772E+01
     ITER =  473     OBJ =  0.35448772E+01
     ITER =  474     OBJ =  0.35448771E+01
     ITER =  475     OBJ =  0.35448771E+01
     ITER =  476     OBJ =  0.35448770E+01
     ITER =  477     OBJ =  0.35448770E+01
     ITER =  478     OBJ =  0.35448770E+01
     ITER =  479     OBJ =  0.35448770E+01
     ITER =  480     OBJ =  0.35448769E+01
     ITER =  481     OBJ =  0.35448769E+01
     ITER =  482     OBJ =  0.35448769E+01
     ITER =  483     OBJ =  0.35448769E+01
     ITER =  484     OBJ =  0.35448769E+01
     ITER =  485     OBJ =  0.35448769E+01
     ITER =  486     OBJ =  0.35448769E+01
     ITER =  487     OBJ =  0.35448769E+01
     ITER =  488     OBJ =  0.35448769E+01
     ITER =  489     OBJ =  0.35448769E+01
     ITER =  490     OBJ =  0.35448769E+01
     ITER =  491     OBJ =  0.35448769E+01
     ITER =  492     OBJ =  0.35448769E+01
     ITER =  493     OBJ =  0.35448769E+01
     ITER =  494     OBJ =  0.35448769E+01
     ITER =  495     OBJ =  0.35448769E+01
     ITER =  496     OBJ =  0.35448769E+01
     ITER =  497     OBJ =  0.35448769E+01
     ITER =  498     OBJ =  0.35448769E+01
     ITER =  499     OBJ =  0.35448769E+01
     ITER =  500     OBJ =  0.35448769E+01
     ITER =  501     OBJ =  0.35448769E+01
     ITER =  502     OBJ =  0.35448769E+01
     ITER =  503     OBJ =  0.35448769E+01
     ITER =  504     OBJ =  0.35448769E+01
     ITER =  505     OBJ =  0.35448769E+01
     ITER =  506     OBJ =  0.35448769E+01
     ITER =  507     OBJ =  0.35448769E+01
     ITER =  508     OBJ =  0.35448768E+01
     ITER =  509     OBJ =  0.35448768E+01
     ITER =  510     OBJ =  0.35448768E+01
     ITER =  511     OBJ =  0.35448768E+01
     ITER =  512     OBJ =  0.35448768E+01
     ITER =  513     OBJ =  0.35448768E+01
     ITER =  514     OBJ =  0.35448768E+01
     ITER =  515     OBJ =  0.35448768E+01
     ITER =  516     OBJ =  0.35448768E+01
     ITER =  517     OBJ =  0.35448768E+01
     ITER =  518     OBJ =  0.35448768E+01
     ITER =  519     OBJ =  0.35448768E+01
     ITER =  520     OBJ =  0.35448768E+01
     ITER =  521     OBJ =  0.35448768E+01
     ITER =  522     OBJ =  0.35448768E+01
     ITER =  523     OBJ =  0.35448768E+01
     ITER =  524     OBJ =  0.35448768E+01
     ITER =  525     OBJ =  0.35448768E+01
     ITER =  526     OBJ =  0.35448768E+01
     ITER =  527     OBJ =  0.35448768E+01
     ITER =  528     OBJ =  0.35448768E+01
     ITER =  529     OBJ =  0.35448768E+01
     ITER =  530     OBJ =  0.35448768E+01
     ITER =  531     OBJ =  0.35448768E+01
     ITER =  532     OBJ =  0.35448768E+01
     ITER =  533     OBJ =  0.35448768E+01
     ITER =  534     OBJ =  0.35448768E+01
     ITER =  535     OBJ =  0.35448768E+01
     ITER =  536     OBJ =  0.35448767E+01
     ITER =  537     OBJ =  0.35448767E+01
     ITER =  538     OBJ =  0.35448767E+01
     ITER =  539     OBJ =  0.35448767E+01
     ITER =  540     OBJ =  0.35448767E+01
     ITER =  541     OBJ =  0.35448767E+01
     ITER =  542     OBJ =  0.35448767E+01
     ITER =  543     OBJ =  0.35448767E+01
     ITER =  544     OBJ =  0.35448767E+01
     ITER =  545     OBJ =  0.35448767E+01
     ITER =  546     OBJ =  0.35448767E+01
     ITER =  547     OBJ =  0.35448767E+01
     ITER =  548     OBJ =  0.35448767E+01
     ITER =  549     OBJ =  0.35448767E+01
     ITER =  550     OBJ =  0.35448767E+01
     ITER =  551     OBJ =  0.35448767E+01
     ITER =  552     OBJ =  0.35448767E+01
     ITER =  553     OBJ =  0.35448767E+01
     ITER =  554     OBJ =  0.35448767E+01
     ITER =  555     OBJ =  0.35448767E+01
     ITER =  556     OBJ =  0.35448767E+01
     ITER =  557     OBJ =  0.35448767E+01
     ITER =  558     OBJ =  0.35448767E+01
     ITER =  559     OBJ =  0.35448767E+01
     ITER =  560     OBJ =  0.35448767E+01
     ITER =  561     OBJ =  0.35448767E+01
     ITER =  562     OBJ =  0.35448767E+01
     ITER =  563     OBJ =  0.35448767E+01
     ITER =  564     OBJ =  0.35448767E+01
     ITER =  565     OBJ =  0.35448767E+01
     ITER =  566     OBJ =  0.35448767E+01
     ITER =  567     OBJ =  0.35448767E+01
     ITER =  568     OBJ =  0.35448767E+01
     ITER =  569     OBJ =  0.35448767E+01
     ITER =  570     OBJ =  0.35448767E+01
     ITER =  571     OBJ =  0.35448767E+01
     ITER =  572     OBJ =  0.35448766E+01
     ITER =  573     OBJ =  0.35448765E+01
     ITER =  574     OBJ =  0.35448763E+01
     ITER =  575     OBJ =  0.35448761E+01
     ITER =  576     OBJ =  0.35448760E+01
     ITER =  577     OBJ =  0.35448757E+01
     ITER =  578     OBJ =  0.35448755E+01
     ITER =  579     OBJ =  0.35448753E+01
     ITER =  580     OBJ =  0.35448750E+01
     ITER =  581     OBJ =  0.35448749E+01
     ITER =  582     OBJ =  0.35448747E+01
     ITER =  583     OBJ =  0.35448746E+01
     ITER =  584     OBJ =  0.35448744E+01
     ITER =  585     OBJ =  0.35448742E+01
     ITER =  586     OBJ =  0.35448741E+01
     ITER =  587     OBJ =  0.35448741E+01
     ITER =  588     OBJ =  0.35448740E+01
     ITER =  589     OBJ =  0.35448739E+01
     ITER =  590     OBJ =  0.35448738E+01
     ITER =  591     OBJ =  0.35448737E+01
     ITER =  592     OBJ =  0.35448736E+01
     ITER =  593     OBJ =  0.35448735E+01
     ITER =  594     OBJ =  0.35448735E+01
     ITER =  595     OBJ =  0.35448734E+01
     ITER =  596     OBJ =  0.35448733E+01
     ITER =  597     OBJ =  0.35448732E+01
     ITER =  598     OBJ =  0.35448731E+01
     ITER =  599     OBJ =  0.35448730E+01
     ITER =  600     OBJ =  0.35448730E+01
     ITER =  601     OBJ =  0.35448729E+01
     ITER =  602     OBJ =  0.35448728E+01
     ITER =  603     OBJ =  0.35448727E+01
     ITER =  604     OBJ =  0.35448726E+01
     ITER =  605     OBJ =  0.35448726E+01
     ITER =  606     OBJ =  0.35448725E+01
     ITER =  607     OBJ =  0.35448724E+01
     ITER =  608     OBJ =  0.35448724E+01
     ITER =  609     OBJ =  0.35448723E+01
     ITER =  610     OBJ =  0.35448723E+01
     ITER =  611     OBJ =  0.35448722E+01
     ITER =  612     OBJ =  0.35448722E+01
     ITER =  613     OBJ =  0.35448722E+01
     ITER =  614     OBJ =  0.35448722E+01
     ITER =  615     OBJ =  0.35448722E+01
     ITER =  616     OBJ =  0.35448722E+01
     ITER =  617     OBJ =  0.35448722E+01
     ITER =  618     OBJ =  0.35448722E+01
     ITER =  619     OBJ =  0.35448722E+01
     ITER =  620     OBJ =  0.35448722E+01
     ITER =  621     OBJ =  0.35448722E+01
     ITER =  622     OBJ =  0.35448721E+01
     ITER =  623     OBJ =  0.35448721E+01
     ITER =  624     OBJ =  0.35448721E+01
     ITER =  625     OBJ =  0.35448721E+01
     ITER =  626     OBJ =  0.35448721E+01
     ITER =  627     OBJ =  0.35448721E+01
     ITER =  628     OBJ =  0.35448721E+01
     ITER =  629     OBJ =  0.35448721E+01
     ITER =  630     OBJ =  0.35448721E+01
     ITER =  631     OBJ =  0.35448721E+01
     ITER =  632     OBJ =  0.35448721E+01
     ITER =  633     OBJ =  0.35448721E+01
     ITER =  634     OBJ =  0.35448720E+01
     ITER =  635     OBJ =  0.35448720E+01
     ITER =  636     OBJ =  0.35448720E+01
     ITER =  637     OBJ =  0.35448720E+01
     ITER =  638     OBJ =  0.35448720E+01
     ITER =  639     OBJ =  0.35448720E+01
     ITER =  640     OBJ =  0.35448720E+01
     ITER =  641     OBJ =  0.35448720E+01
     ITER =  642     OBJ =  0.35448720E+01
     ITER =  643     OBJ =  0.35448720E+01
     ITER =  644     OBJ =  0.35448720E+01
     ITER =  645     OBJ =  0.35448720E+01
     ITER =  646     OBJ =  0.35448720E+01
     ITER =  647     OBJ =  0.35448719E+01
     ITER =  648     OBJ =  0.35448719E+01
     ITER =  649     OBJ =  0.35448719E+01
     ITER =  650     OBJ =  0.35448719E+01
     ITER =  651     OBJ =  0.35448719E+01
     ITER =  652     OBJ =  0.35448719E+01
     ITER =  653     OBJ =  0.35448719E+01
     ITER =  654     OBJ =  0.35448719E+01
     ITER =  655     OBJ =  0.35448719E+01
     ITER =  656     OBJ =  0.35448719E+01
     ITER =  657     OBJ =  0.35448719E+01
     ITER =  658     OBJ =  0.35448719E+01
     ITER =  659     OBJ =  0.35448719E+01
     ITER =  660     OBJ =  0.35448719E+01
     ITER =  661     OBJ =  0.35448719E+01
     ITER =  662     OBJ =  0.35448719E+01
     ITER =  663     OBJ =  0.35448719E+01
     ITER =  664     OBJ =  0.35448719E+01
     ITER =  665     OBJ =  0.35448719E+01
     ITER =  666     OBJ =  0.35448719E+01
     ITER =  667     OBJ =  0.35448719E+01
     ITER =  668     OBJ =  0.35448719E+01
     ITER =  669     OBJ =  0.35448719E+01
     ITER =  670     OBJ =  0.35448719E+01
     ITER =  671     OBJ =  0.35448719E+01
     ITER =  672     OBJ =  0.35448719E+01
     ITER =  673     OBJ =  0.35448719E+01
     ITER =  674     OBJ =  0.35448719E+01
     ITER =  675     OBJ =  0.35448719E+01
     ITER =  676     OBJ =  0.35448719E+01
     ITER =  677     OBJ =  0.35448719E+01
     ITER =  678     OBJ =  0.35448719E+01
     ITER =  679     OBJ =  0.35448719E+01
     ITER =  680     OBJ =  0.35448719E+01
     ITER =  681     OBJ =  0.35448719E+01
     ITER =  682     OBJ =  0.35448719E+01
     ITER =  683     OBJ =  0.35448719E+01
     ITER =  684     OBJ =  0.35448719E+01
     ITER =  685     OBJ =  0.35448719E+01
     ITER =  686     OBJ =  0.35448719E+01
     ITER =  687     OBJ =  0.35448719E+01
     ITER =  688     OBJ =  0.35448719E+01
     ITER =  689     OBJ =  0.35448719E+01
     ITER =  690     OBJ =  0.35448719E+01
     ITER =  691     OBJ =  0.35448719E+01
     ITER =  692     OBJ =  0.35448719E+01
     ITER =  693     OBJ =  0.35448719E+01
     ITER =  694     OBJ =  0.35448719E+01
     ITER =  695     OBJ =  0.35448719E+01
     ITER =  696     OBJ =  0.35448719E+01
     ITER =  697     OBJ =  0.35448719E+01
     ITER =  698     OBJ =  0.35448719E+01
     ITER =  699     OBJ =  0.35448719E+01
     ITER =  700     OBJ =  0.35448719E+01
     ITER =  701     OBJ =  0.35448719E+01
     ITER =  702     OBJ =  0.35448719E+01
     ITER =  703     OBJ =  0.35448719E+01
     ITER =  704     OBJ =  0.35448719E+01
     ITER =  705     OBJ =  0.35448719E+01
     ITER =  706     OBJ =  0.35448719E+01
     ITER =  707     OBJ =  0.35448719E+01
     ITER =  708     OBJ =  0.35448719E+01
     ITER =  709     OBJ =  0.35448719E+01
     ITER =  710     OBJ =  0.35448719E+01
     ITER =  711     OBJ =  0.35448719E+01
     ITER =  712     OBJ =  0.35448719E+01
     ITER =  713     OBJ =  0.35448719E+01
     ITER =  714     OBJ =  0.35448719E+01
     ITER =  715     OBJ =  0.35448719E+01
     ITER =  716     OBJ =  0.35448719E+01
     ITER =  717     OBJ =  0.35448719E+01
     ITER =  718     OBJ =  0.35448719E+01
     ITER =  719     OBJ =  0.35448719E+01
     ITER =  720     OBJ =  0.35448719E+01
     ITER =  721     OBJ =  0.35448719E+01
     ITER =  722     OBJ =  0.35448719E+01
     ITER =  723     OBJ =  0.35448719E+01
     ITER =  724     OBJ =  0.35448719E+01
     ITER =  725     OBJ =  0.35448719E+01
     ITER =  726     OBJ =  0.35448719E+01
     ITER =  727     OBJ =  0.35448719E+01
     ITER =  728     OBJ =  0.35448719E+01
     ITER =  729     OBJ =  0.35448719E+01
     ITER =  730     OBJ =  0.35448719E+01
     ITER =  731     OBJ =  0.35448719E+01
     ITER =  732     OBJ =  0.35448719E+01
     ITER =  733     OBJ =  0.35448719E+01
     ITER =  734     OBJ =  0.35448719E+01
     ITER =  735     OBJ =  0.35448719E+01
     ITER =  736     OBJ =  0.35448719E+01
     ITER =  737     OBJ =  0.35448719E+01
     ITER =  738     OBJ =  0.35448719E+01
     ITER =  739     OBJ =  0.35448719E+01
     ITER =  740     OBJ =  0.35448719E+01
     ITER =  741     OBJ =  0.35448719E+01
     ITER =  742     OBJ =  0.35448719E+01
     ITER =  743     OBJ =  0.35448719E+01
     ITER =  744     OBJ =  0.35448719E+01
     ITER =  745     OBJ =  0.35448719E+01
     ITER =  746     OBJ =  0.35448719E+01
     ITER =  747     OBJ =  0.35448719E+01
     ITER =  748     OBJ =  0.35448719E+01
     ITER =  749     OBJ =  0.35448719E+01
     ITER =  750     OBJ =  0.35448719E+01
     ITER =  751     OBJ =  0.35448719E+01
     ITER =  752     OBJ =  0.35448719E+01
     ITER =  753     OBJ =  0.35448719E+01
     ITER =  754     OBJ =  0.35448719E+01
     ITER =  755     OBJ =  0.35448719E+01
     ITER =  756     OBJ =  0.35448719E+01
     ITER =  757     OBJ =  0.35448719E+01
     ITER =  758     OBJ =  0.35448719E+01
     ITER =  759     OBJ =  0.35448719E+01
     ITER =  760     OBJ =  0.35448719E+01
     ITER =  761     OBJ =  0.35448719E+01
     ITER =  762     OBJ =  0.35448719E+01
     ITER =  763     OBJ =  0.35448719E+01
     ITER =  764     OBJ =  0.35448719E+01
     ITER =  765     OBJ =  0.35448719E+01
     ITER =  766     OBJ =  0.35448719E+01
     ITER =  767     OBJ =  0.35448719E+01
     ITER =  768     OBJ =  0.35448719E+01
     ITER =  769     OBJ =  0.35448719E+01
     ITER =  770     OBJ =  0.35448719E+01
     ITER =  771     OBJ =  0.35448719E+01
     ITER =  772     OBJ =  0.35448719E+01
     ITER =  773     OBJ =  0.35448719E+01
     ITER =  774     OBJ =  0.35448719E+01
     ITER =  775     OBJ =  0.35448719E+01
     ITER =  776     OBJ =  0.35448719E+01
