
 ==============================
 S N O P T  7.7.1    (Nov 2018)
 ==============================
 
 SNMEMB EXIT 100 -- finished successfully
 SNMEMB INFO 104 -- memory requirements estimated

 ==============================
 S N O P T  7.7.1    (Nov 2018)
 ==============================
 
 

 Nonlinear constraints    7601     Linear constraints       0
 Nonlinear variables      4013     Linear variables         0
 Jacobian  variables      4013     Objective variables   4013
 Total constraints        7601     Total variables       4013
 

 
 The user has defined  506112   out of  506112   constraint gradients.
 The user has defined    4013   out of    4013   objective  gradients.
 

        Minor NumInf  FP mult  FP step   rgNorm         SumInf     nS
          100    894  5.4E+00  2.5E-02           1.6500295E+02

        Minor NumInf  FP mult  FP step   rgNorm         SumInf     nS
          200    801  3.4E+00  5.8E-02           1.4976663E+02

        Minor NumInf  FP mult  FP step   rgNorm         SumInf     nS
          300    779 -1.4E+04  1.0E-11           1.4755860E+02

        Minor NumInf  FP mult  FP step   rgNorm         SumInf     nS
          400    733 -2.0E+03  9.2E-08           1.2065170E+02

        Minor NumInf  FP mult  FP step   rgNorm         SumInf     nS
          500    686 -1.7E+00  1.1E-03           1.0482210E+02

        Minor NumInf  FP mult  FP step   rgNorm         SumInf     nS
          600    652 -2.0E+03  1.3E-04           9.1492233E+01

        Minor NumInf  FP mult  FP step   rgNorm         SumInf     nS
          700    615 -1.6E+01  3.9E-12           8.1791623E+01

        Minor NumInf  FP mult  FP step   rgNorm         SumInf     nS
          800    591 -1.5E+01  7.6E-04           7.5254884E+01

        Minor NumInf  FP mult  FP step   rgNorm         SumInf     nS
          900    516  4.8E+00  4.3E-11           4.8159537E+01

        Minor NumInf  FP mult  FP step   rgNorm         SumInf     nS
         1000    437 -2.4E+01  1.6E-03           1.1537754E+01

        Minor NumInf  FP mult  FP step   rgNorm         SumInf     nS
         1100    357 -7.5E-01  1.1E-02           1.9463387E+00

        Minor NumInf  FP mult  FP step   rgNorm         SumInf     nS
         1200    257 -7.5E-01  4.8E-03           1.3803404E+00

        Minor NumInf  FP mult  FP step   rgNorm         SumInf     nS
         1300    158  6.9E-01  3.0E-03           1.0173364E+00

        Minor NumInf  FP mult  FP step   rgNorm         SumInf     nS
         1400     59  5.7E-01  7.0E-03           5.6189495E-01

        Minor NonOpt  QP mult  QP step   rgNorm   QP objective     nS
         1500   1193  8.1E+00  1.0E+00  6.1E-11  4.4823794E+02     14

        Minor NonOpt  QP mult  QP step   rgNorm   QP objective     nS
         1600   1158           1.0E+00  3.2E-10  3.6809340E+02     50

        Minor NonOpt  QP mult  QP step   rgNorm   QP objective     nS
         1700   1136  2.0E+00  1.0E+00  1.4E-06  3.4808149E+02     74

 Major Minors     Step   nCon Feasible  Optimal  MeritFunction     nS Penalty
     0   1792               1  2.0E+01  1.3E+00  1.0000000E+02     99           r  T

        Minor NumInf  FP mult  FP step   rgNorm         SumInf     nS
          100     39 -9.7E+01  1.2E-04           5.3311549E+01

        Minor NonOpt  QP mult  QP step   rgNorm   QP objective     nS
          200   1149           1.0E+00  1.3E-10  4.6101488E+02     15

        Minor NonOpt  QP mult  QP step   rgNorm   QP objective     nS
          300   1124           1.0E+00  8.1E-11  3.7353149E+02     43

        Minor NonOpt  QP mult  QP step   rgNorm   QP objective     nS
          400   1116 -2.9E+00  1.0E+00  1.3E-05  3.3883566E+02     64

        Minor NonOpt  QP mult  QP step   rgNorm   QP objective     nS
          500   1108 -1.9E+00  3.2E-01  1.3E+00  3.2353899E+02     89

 Major Minors     Step   nCon Feasible  Optimal  MeritFunction     nS Penalty
     1    589  3.7E-01      2  2.4E+01  2.3E-02  4.0514911E+02    122 2.2E+00   rl T

        Minor NumInf  FP mult  FP step   rgNorm         SumInf     nS
          100      7           8.8E+02  6.5E-05  1.2957111E+00     22

        Minor NonOpt  QP mult  QP step   rgNorm   QP objective     nS
          200   1106           1.0E+00  3.1E-12  2.6142981E+02     21

        Minor NonOpt  QP mult  QP step   rgNorm   QP objective     nS
          300   1078  2.3E+00  1.0E+00  1.3E-07  2.2949831E+02     38

        Minor NonOpt  QP mult  QP step   rgNorm   QP objective     nS
          400   1067  3.0E+00  1.0E+00  7.2E-06  2.1874662E+02     43

        Minor NonOpt  QP mult  QP step   rgNorm   QP objective     nS
          500   1054           2.1E-01  1.7E+00  2.1397118E+02     51

        Minor NonOpt  QP mult  QP step   rgNorm   QP objective     nS
          600   1018           1.0E+00  1.2E-08  2.0743134E+02     79

        Minor NonOpt  QP mult  QP step   rgNorm   QP objective     nS
          700     15           1.0E+00  1.3E-12  2.0282522E+02    118

 Major Minors     Step   nCon Feasible  Optimal  MeritFunction     nS Penalty
     2    732  5.6E-01      3  1.1E+01  2.0E-02  4.4627938E+02    132 2.3E+00 s  l T

        Minor NumInf  FP mult  FP step   rgNorm         SumInf     nS
          100      5           5.7E+03  9.4E-06  5.3514482E-01     32

        Minor NonOpt  QP mult  QP step   rgNorm   QP objective     nS
          200   1086           1.0E+00  8.7E-10  2.4660383E+02     30

        Minor NonOpt  QP mult  QP step   rgNorm   QP objective     nS
          300   1062  3.5E+00  1.0E+00  4.4E-10  2.0131087E+02     53

        Minor NonOpt  QP mult  QP step   rgNorm   QP objective     nS
          400   1029  1.7E+00  1.2E-01  1.5E+00  1.7769693E+02     78

        Minor NonOpt  QP mult  QP step   rgNorm   QP objective     nS
          500   1006           1.0E+00  1.2E-12  1.7368329E+02    103

        Minor NonOpt  QP mult  QP step   rgNorm   QP objective     nS
          600     29           1.0E+00  6.8E-13  1.7173146E+02    129

 Major Minors     Step   nCon Feasible  Optimal  MeritFunction     nS Penalty
     3    656  6.0E-01      6  3.5E+00  3.0E-01  2.0980523E+02    152 2.3E+00  M   T

        Minor NonOpt  QP mult  QP step   rgNorm   QP objective     nS
          100   1030  3.8E+01  4.2E-01  2.2E+01  1.8779252E+02     68

        Minor NonOpt  QP mult  QP step   rgNorm   QP objective     nS
          200   1009  3.0E+00  4.0E-01  1.8E+00  1.6330146E+02     79

        Minor NonOpt  QP mult  QP step   rgNorm   QP objective     nS
          300    977           1.0E+00  1.0E-08  1.5880363E+02    106

        Minor NonOpt  QP mult  QP step   rgNorm   QP objective     nS
          400    953           1.0E+00  6.4E-09  1.5752032E+02    135

        Minor NonOpt  QP mult  QP step   rgNorm   QP objective     nS
          500    927 -2.7E-01  1.0E+00  2.3E-07  1.5681033E+02    159

        Minor NonOpt  QP mult  QP step   rgNorm   QP objective     nS
          600      5  4.8E-02  1.0E+00  1.1E-07  1.5629921E+02    193

 Major Minors     Step   nCon Feasible  Optimal  MeritFunction     nS Penalty
     4    612  1.0E+00      7  6.0E-01  1.7E-01  1.6145158E+02    197 2.3E+00      T

        Minor NonOpt  QP mult  QP step   rgNorm   QP objective     nS
          100    908           1.0E+00  6.9E-12  1.4817262E+02    123

        Minor NonOpt  QP mult  QP step   rgNorm   QP objective     nS
          200    884           1.0E+00  5.5E-13  1.4715169E+02    136

        Minor NonOpt  QP mult  QP step   rgNorm   QP objective     nS
          300    849  2.1E-01  6.2E-01  8.2E-02  1.4653213E+02    160

        Minor NonOpt  QP mult  QP step   rgNorm   QP objective     nS
          400    804  1.6E-01  1.0E+00  1.8E-08  1.4614446E+02    208

        Minor NonOpt  QP mult  QP step   rgNorm   QP objective     nS
          500    758           1.0E+00  4.8E-13  1.4592404E+02    252

        Minor NonOpt  QP mult  QP step   rgNorm   QP objective     nS
          600      6  7.2E-02  1.0E+00  2.4E-09  1.4576455E+02    298

 Major Minors     Step   nCon Feasible  Optimal  MeritFunction     nS Penalty
     5    612  1.0E+00      8  3.0E-01  1.2E-01  1.5275205E+02    302 2.3E+00      T

        Minor NonOpt  QP mult  QP step   rgNorm   QP objective     nS
          100    757  1.9E+00  1.0E+00  5.1E-07  1.4008660E+02    242

        Minor NonOpt  QP mult  QP step   rgNorm   QP objective     nS
          200    723           1.0E+00  2.0E-12  1.3970951E+02    260

        Minor NonOpt  QP mult  QP step   rgNorm   QP objective     nS
          300    691           1.0E+00  5.0E-10  1.3951779E+02    293

        Minor NonOpt  QP mult  QP step   rgNorm   QP objective     nS
          400    655           1.0E+00  9.4E-11  1.3941379E+02    325

        Minor NonOpt  QP mult  QP step   rgNorm   QP objective     nS
          500    620           1.0E+00  2.4E-11  1.3934648E+02    359

        Minor NonOpt  QP mult  QP step   rgNorm   QP objective     nS
          600    587           1.0E+00  6.5E-11  1.3928729E+02    391

 Major Minors     Step   nCon Feasible  Optimal  MeritFunction     nS Penalty
     6    639  1.0E+00      9  1.9E-01  9.7E-02  1.4263021E+02    402 2.3E+00      T

        Minor NonOpt  QP mult  QP step   rgNorm   QP objective     nS
          100    653           1.0E+00  4.7E-13  1.3547612E+02    325

        Minor NonOpt  QP mult  QP step   rgNorm   QP objective     nS
          200    630           1.0E+00  2.3E-12  1.3447799E+02    338

        Minor NonOpt  QP mult  QP step   rgNorm   QP objective     nS
          300    603 -1.4E-01  6.6E-01  4.8E-02  1.3432597E+02    349

        Minor NonOpt  QP mult  QP step   rgNorm   QP objective     nS
          400    608           1.0E+00  1.1E-12  1.3599067E+02    342

        Minor NonOpt  QP mult  QP step   rgNorm   QP objective     nS
          500    584           1.0E+00  4.8E-14  1.3585106E+02    359

        Minor NonOpt  QP mult  QP step   rgNorm   QP objective     nS
          600    534           1.0E+00  6.6E-13  1.3575630E+02    405

        Minor NonOpt  QP mult  QP step   rgNorm   QP objective     nS
          700    502  5.3E-02  1.0E+00  2.7E-05  1.3572267E+02    436

        Minor NonOpt  QP mult  QP step   rgNorm   QP objective     nS
          800                  1.0E+00  4.9E-01  1.3570304E+02    465

 Major Minors     Step   nCon Feasible  Optimal  MeritFunction     nS Penalty
     7    803  1.0E+00     10  2.7E-01  2.0E-02  1.3705839E+02    465 2.3E+00   R  T

        Minor NonOpt  QP mult  QP step   rgNorm   QP objective     nS
          100                  1.4E-03  1.7E+00  1.2981248E+02    365

        Minor NonOpt  QP mult  QP step   rgNorm   QP objective     nS
          200                  9.1E-04  2.8E-01  1.2747830E+02    265

        Minor NonOpt  QP mult  QP step   rgNorm   QP objective     nS
          300    590  1.2E+02  3.5E-02  1.1E+02  1.2720302E+02    211

        Minor NonOpt  QP mult  QP step   rgNorm   QP objective     nS
          400    588           1.0E+00  3.9E-13  1.2708299E+02    210

        Minor NonOpt  QP mult  QP step   rgNorm   QP objective     nS
          500    566  2.1E-01  1.0E+00  1.7E-08  1.2694251E+02    209

        Minor NonOpt  QP mult  QP step   rgNorm   QP objective     nS
          600    539           1.0E+00  4.3E-12  1.2679371E+02    217

        Minor NonOpt  QP mult  QP step   rgNorm   QP objective     nS
          700    520           1.0E+00  5.0E-07  1.2654154E+02    225

        Minor NonOpt  QP mult  QP step   rgNorm   QP objective     nS
          800    506           1.0E+00  6.6E-11  1.2637983E+02    232

        Minor NonOpt  QP mult  QP step   rgNorm   QP objective     nS
          900    484           1.0E+00  7.2E-08  1.2629925E+02    241

        Minor NonOpt  QP mult  QP step   rgNorm   QP objective     nS
         1000    475           1.0E+00  1.1E-12  1.2623731E+02    254

        Minor NonOpt  QP mult  QP step   rgNorm   QP objective     nS
         1100    452           1.0E+00  1.1E-11  1.2617985E+02    269

        Minor NonOpt  QP mult  QP step   rgNorm   QP objective     nS
         1200    438           1.0E+00  1.9E-09  1.2615766E+02    279

        Minor NonOpt  QP mult  QP step   rgNorm   QP objective     nS
         1300    427           1.0E+00  1.3E-13  1.2611431E+02    295

        Minor NonOpt  QP mult  QP step   rgNorm   QP objective     nS
         1400    405  2.1E-02  8.2E-01  5.8E-03  1.2607241E+02    318

        Minor NonOpt  QP mult  QP step   rgNorm   QP objective     nS
         1500    380           1.0E+00  7.3E-11  1.2604404E+02    343

        Minor NonOpt  QP mult  QP step   rgNorm   QP objective     nS
         1600    358           1.0E+00  7.9E-09  1.2602493E+02    360

        Minor NonOpt  QP mult  QP step   rgNorm   QP objective     nS
         1700    339  1.5E-02  1.0E+00  5.5E+00  1.2601144E+02    382

        Minor NonOpt  QP mult  QP step   rgNorm   QP objective     nS
         1800    320           1.0E+00  1.5E-05  1.2599736E+02    401

        Minor NonOpt  QP mult  QP step   rgNorm   QP objective     nS
         1900    295           1.0E+00  1.9E-07  1.2598549E+02    421

        Minor NonOpt  QP mult  QP step   rgNorm   QP objective     nS
         2000    272  1.0E-02  1.0E+00  4.2E-05  1.2597566E+02    445

        Minor NonOpt  QP mult  QP step   rgNorm   QP objective     nS
         2100    240           1.0E+00  9.4E-09  1.2596833E+02    468

        Minor NonOpt  QP mult  QP step   rgNorm   QP objective     nS
         2200    221           1.0E+00  3.1E-04  1.2596365E+02    487

        Minor NonOpt  QP mult  QP step   rgNorm   QP objective     nS
         2300    201 -6.8E-03  4.0E-05  6.8E-03  1.2596053E+02    504

        Minor NonOpt  QP mult  QP step   rgNorm   QP objective     nS
         2400    179           1.0E+00  1.5E-02  1.2595755E+02    526

        Minor NonOpt  QP mult  QP step   rgNorm   QP objective     nS
         2500    159           1.0E+00  9.2E-05  1.2595522E+02    547

        Minor NonOpt  QP mult  QP step   rgNorm   QP objective     nS
         2600     18           1.0E+00  1.9E-06  1.2595393E+02    567

 Major Minors     Step   nCon Feasible  Optimal  MeritFunction     nS Penalty
     8   2677  1.0E+00     11  1.8E-02  7.7E-02  1.3453857E+02    578 2.3E+00 s    T

        Minor NumInf  FP mult  FP step   rgNorm         SumInf     nS
          100     46           6.4E-04  3.2E-01  2.0860042E-01    478

        Minor NumInf  FP mult  FP step   rgNorm         SumInf     nS
          200     25           7.5E+00  6.6E-04  8.8472357E-02    378

        Minor NumInf  FP mult  FP step   rgNorm         SumInf     nS
          300      9  2.0E+00  2.3E-05  9.0E-07  8.6910452E-02    289

        Minor NonOpt  QP mult  QP step   rgNorm   QP objective     nS
          400                  8.4E-03  9.1E-01  1.4009566E+02    208

        Minor NonOpt  QP mult  QP step   rgNorm   QP objective     nS
          500    540           1.0E+00  3.8E-05  1.3862103E+02    194

        Minor NonOpt  QP mult  QP step   rgNorm   QP objective     nS
          600    524  3.3E+02  6.5E-01  1.1E+02  1.3825878E+02    199

        Minor NonOpt  QP mult  QP step   rgNorm   QP objective     nS
          700    523  6.0E+01  1.0E+00  5.4E-08  1.3486018E+02    196

        Minor NonOpt  QP mult  QP step   rgNorm   QP objective     nS
          800    534           1.0E+00  1.2E-03  1.3347466E+02    198

        Minor NonOpt  QP mult  QP step   rgNorm   QP objective     nS
          900    512  1.4E+00  1.0E+00  1.4E-05  1.3220101E+02    208

        Minor NonOpt  QP mult  QP step   rgNorm   QP objective     nS
         1000    513           1.0E+00  4.1E-11  1.3098211E+02    210

        Minor NonOpt  QP mult  QP step   rgNorm   QP objective     nS
         1100    506           1.0E+00  7.6E-07  1.3031272E+02    212

        Minor NonOpt  QP mult  QP step   rgNorm   QP objective     nS
         1200    497           1.0E+00  1.8E-05  1.2928158E+02    217

        Minor NonOpt  QP mult  QP step   rgNorm   QP objective     nS
         1300    474           1.0E+00  5.5E-07  1.2843432E+02    230

        Minor NonOpt  QP mult  QP step   rgNorm   QP objective     nS
         1400    467           1.0E+00  2.2E-05  1.2761016E+02    236

        Minor NonOpt  QP mult  QP step   rgNorm   QP objective     nS
         1500    456           1.0E+00  1.2E-07  1.2734533E+02    241

        Minor NonOpt  QP mult  QP step   rgNorm   QP objective     nS
         1600    448           1.0E+00  8.8E-09  1.2696121E+02    246

        Minor NonOpt  QP mult  QP step   rgNorm   QP objective     nS
         1700    444           1.0E+00  1.2E-14  1.2626688E+02    249

        Minor NonOpt  QP mult  QP step   rgNorm   QP objective     nS
         1800    432           1.0E+00  8.2E-13  1.2560881E+02    253

        Minor NonOpt  QP mult  QP step   rgNorm   QP objective     nS
         1900    433           2.1E-01  8.8E-03  1.2547522E+02    252

        Minor NonOpt  QP mult  QP step   rgNorm   QP objective     nS
         2000    422           1.0E+00  7.3E-05  1.2525363E+02    254

        Minor NonOpt  QP mult  QP step   rgNorm   QP objective     nS
         2100    395           1.0E+00  8.1E-08  1.2465109E+02    264

        Minor NonOpt  QP mult  QP step   rgNorm   QP objective     nS
         2200    387           1.0E+00  5.8E-10  1.2434128E+02    269

        Minor NonOpt  QP mult  QP step   rgNorm   QP objective     nS
         2300    368           1.0E+00  2.5E-11  1.2411421E+02    276

        Minor NonOpt  QP mult  QP step   rgNorm   QP objective     nS
         2400    340           1.0E+00  1.1E-09  1.2380812E+02    290

        Minor NonOpt  QP mult  QP step   rgNorm   QP objective     nS
         2500    145           1.0E+00  2.1E-09  1.2357350E+02    299

        Minor NonOpt  QP mult  QP step   rgNorm   QP objective     nS
         2600    128           6.2E-01  2.9E-05  1.2333556E+02    309

        Minor NonOpt  QP mult  QP step   rgNorm   QP objective     nS
         2700    100           1.0E+00  1.6E-06  1.2316597E+02    332

        Minor NonOpt  QP mult  QP step   rgNorm   QP objective     nS
         2800     76           1.0E+00  2.8E-12  1.2310288E+02    345

        Minor NonOpt  QP mult  QP step   rgNorm   QP objective     nS
         2900     50  1.4E-02  1.0E+00  1.2E-05  1.2306061E+02    368

        Minor NonOpt  QP mult  QP step   rgNorm   QP objective     nS
         3000     14           1.0E+00  7.3E-12  1.2305134E+02    395

 Major Minors     Step   nCon Feasible  Optimal  MeritFunction     nS Penalty
     9   3037  1.0E+00     12  5.8E-01  2.4E-02  1.2427006E+02    405 2.3E+00   R  T

        Minor NumInf  FP mult  FP step   rgNorm         SumInf     nS
          100     21           2.2E+00  6.2E-03  1.0760704E-01    305

        Minor NumInf  FP mult  FP step   rgNorm         SumInf     nS
          200     16  2.3E+01  4.8E-08  3.9E-06  1.0275137E-01    212

        Minor NonOpt  QP mult  QP step   rgNorm   QP objective     nS
          300                  2.4E-02  4.6E-01  1.2943502E+02    138

        Minor NonOpt  QP mult  QP step   rgNorm   QP objective     nS
          400    498           1.0E+00  4.2E-10  1.2928323E+02    108

        Minor NonOpt  QP mult  QP step   rgNorm   QP objective     nS
          500    466           2.8E-01  3.2E+00  1.2410499E+02    111

        Minor NonOpt  QP mult  QP step   rgNorm   QP objective     nS
          600    446  1.5E+00  1.0E+00  1.8E-01  1.2357458E+02    109

        Minor NonOpt  QP mult  QP step   rgNorm   QP objective     nS
          700    440           1.0E+00  2.3E-09  1.2320877E+02    111

        Minor NonOpt  QP mult  QP step   rgNorm   QP objective     nS
          800    412  4.6E-01  1.0E+00  4.1E-04  1.2295673E+02    114

        Minor NonOpt  QP mult  QP step   rgNorm   QP objective     nS
          900    389           1.0E+00  7.3E-11  1.2270137E+02    123

        Minor NonOpt  QP mult  QP step   rgNorm   QP objective     nS
         1000    379           1.0E+00  2.9E-07  1.2260988E+02    128

        Minor NonOpt  QP mult  QP step   rgNorm   QP objective     nS
         1100    367           1.0E+00  1.3E-09  1.2245209E+02    132

        Minor NonOpt  QP mult  QP step   rgNorm   QP objective     nS
         1200    351           1.0E+00  1.8E-14  1.2241817E+02    134

        Minor NonOpt  QP mult  QP step   rgNorm   QP objective     nS
         1300    374  8.5E+01  1.0E+00  1.8E+00  1.2248913E+02    131

        Minor NonOpt  QP mult  QP step   rgNorm   QP objective     nS
         1400    347           6.2E-02  9.4E-03  1.2246172E+02    137

        Minor NonOpt  QP mult  QP step   rgNorm   QP objective     nS
         1500    342  1.1E-01  1.0E+00  6.9E-02  1.2235644E+02    142

        Minor NonOpt  QP mult  QP step   rgNorm   QP objective     nS
         1600    346  7.4E-02  1.1E-01  6.5E-02  1.2226500E+02    148

        Minor NonOpt  QP mult  QP step   rgNorm   QP objective     nS
         1700    325           1.0E+00  5.4E-12  1.2205216E+02    155

        Minor NonOpt  QP mult  QP step   rgNorm   QP objective     nS
         1800    298  4.4E-02  1.0E+00  2.1E-07  1.2183599E+02    172

        Minor NonOpt  QP mult  QP step   rgNorm   QP objective     nS
         1900    284  3.6E-02  3.5E-02  3.5E-02  1.2175501E+02    179

        Minor NonOpt  QP mult  QP step   rgNorm   QP objective     nS
         2000    267           1.0E+00  4.3E-11  1.2172586E+02    190

        Minor NonOpt  QP mult  QP step   rgNorm   QP objective     nS
         2100    258           1.0E+00  3.2E-11  1.2169556E+02    195

        Minor NonOpt  QP mult  QP step   rgNorm   QP objective     nS
         2200    243  9.4E-02  6.3E-04  1.4E-04  1.2166131E+02    207

        Minor NonOpt  QP mult  QP step   rgNorm   QP objective     nS
         2300    216           1.0E+00  5.0E-13  1.2162945E+02    217

        Minor NonOpt  QP mult  QP step   rgNorm   QP objective     nS
         2400    211  1.5E+02  1.0E+00  1.1E-06  1.2158911E+02    229

        Minor NonOpt  QP mult  QP step   rgNorm   QP objective     nS
         2500     49           1.0E+00  1.7E-12  1.2156930E+02    248

        Minor NonOpt  QP mult  QP step   rgNorm   QP objective     nS
         2600     10  1.3E-03  1.0E+00  2.5E-07  1.2156391E+02    279

 Major Minors     Step   nCon Feasible  Optimal  MeritFunction     nS Penalty
    10   2619  1.0E+00     13  3.1E-01  1.3E-02  1.2240087E+02    287 2.3E+00 s R  T

        Minor NumInf  FP mult  FP step   rgNorm         SumInf     nS
          100     17           6.3E+02  4.1E-05  3.9294173E-03    187

        Minor NonOpt  QP mult  QP step   rgNorm   QP objective     nS
          200                  1.2E-01  1.4E-02  1.2250053E+02    108

        Minor NonOpt  QP mult  QP step   rgNorm   QP objective     nS
          300    390           1.0E+00  1.4E-07  1.2231984E+02    115

        Minor NonOpt  QP mult  QP step   rgNorm   QP objective     nS
          400    386           1.0E+00  1.1E-11  1.2218389E+02    116

        Minor NonOpt  QP mult  QP step   rgNorm   QP objective     nS
          500    368           1.0E+00  2.5E-11  1.2187728E+02    114

        Minor NonOpt  QP mult  QP step   rgNorm   QP objective     nS
          600    344  3.1E+02  2.9E-03  1.8E-03  1.2178432E+02    116

        Minor NonOpt  QP mult  QP step   rgNorm   QP objective     nS
          700    324           1.0E+00  9.7E-11  1.2153512E+02    119

        Minor NonOpt  QP mult  QP step   rgNorm   QP objective     nS
          800    304           1.0E+00  4.6E-07  1.2143725E+02    119

        Minor NonOpt  QP mult  QP step   rgNorm   QP objective     nS
          900    283           1.0E+00  5.7E-12  1.2134439E+02    126

        Minor NonOpt  QP mult  QP step   rgNorm   QP objective     nS
         1000    272           1.0E+00  2.6E-04  1.2130851E+02    128

        Minor NonOpt  QP mult  QP step   rgNorm   QP objective     nS
         1100    259           1.0E+00  1.4E-12  1.2121720E+02    136

        Minor NonOpt  QP mult  QP step   rgNorm   QP objective     nS
         1200    247           1.0E+00  2.3E-11  1.2115501E+02    144

        Minor NonOpt  QP mult  QP step   rgNorm   QP objective     nS
         1300    220           7.5E-01  4.3E-03  1.2109068E+02    144

        Minor NonOpt  QP mult  QP step   rgNorm   QP objective     nS
         1400    198           5.3E-02  8.0E-03  1.2102411E+02    142

        Minor NonOpt  QP mult  QP step   rgNorm   QP objective     nS
         1500    208           1.0E+00  1.2E-08  1.2099280E+02    143

        Minor NonOpt  QP mult  QP step   rgNorm   QP objective     nS
         1600    185           1.0E+00  5.8E-06  1.2097043E+02    147

        Minor NonOpt  QP mult  QP step   rgNorm   QP objective     nS
         1700    183           1.0E+00  4.5E-14  1.2095038E+02    150

        Minor NonOpt  QP mult  QP step   rgNorm   QP objective     nS
         1800    157           1.0E+00  9.0E-13  1.2091163E+02    153

        Minor NonOpt  QP mult  QP step   rgNorm   QP objective     nS
         1900    140           1.0E+00  1.1E-10  1.2089627E+02    156

        Minor NonOpt  QP mult  QP step   rgNorm   QP objective     nS
         2000    133           1.0E+00  7.8E-09  1.2088412E+02    165

        Minor NonOpt  QP mult  QP step   rgNorm   QP objective     nS
         2100    111           1.0E+00  5.0E-07  1.2087825E+02    175

        Minor NonOpt  QP mult  QP step   rgNorm   QP objective     nS
         2200     94           1.0E+00  4.5E-11  1.2087465E+02    189

        Minor NonOpt  QP mult  QP step   rgNorm   QP objective     nS
         2300    201           1.0E+00  7.7E-14  1.2085273E+02    171

        Minor NonOpt  QP mult  QP step   rgNorm   QP objective     nS
         2400    181           1.0E+00  1.6E-08  1.2082011E+02    173

        Minor NonOpt  QP mult  QP step   rgNorm   QP objective     nS
         2500    157           1.0E+00  5.4E-06  1.2081343E+02    178

        Minor NonOpt  QP mult  QP step   rgNorm   QP objective     nS
         2600    127           1.0E+00  1.1E-12  1.2080806E+02    190

        Minor NonOpt  QP mult  QP step   rgNorm   QP objective     nS
         2700     99           1.0E+00  1.2E-11  1.2080553E+02    211

        Minor NonOpt  QP mult  QP step   rgNorm   QP objective     nS
         2800     93           1.0E+00  4.3E-10  1.2080477E+02    221

        Minor NonOpt  QP mult  QP step   rgNorm   QP objective     nS
         2900     64           1.0E+00  4.8E-08  1.2080373E+02    244

        Minor NonOpt  QP mult  QP step   rgNorm   QP objective     nS
         3000     37  8.9E-04  1.0E+00  1.0E-03  1.2080346E+02    261

 Major Minors     Step   nCon Feasible  Optimal  MeritFunction     nS Penalty
    11   3096  1.0E+00     14  1.8E-01  7.7E-03  1.2135545E+02    292 2.3E+00 s R

        Minor NumInf  FP mult  FP step   rgNorm         SumInf     nS
          100     40           2.3E-01  1.5E-02  5.4289791E+00    192

        Minor NumInf  FP mult  FP step   rgNorm         SumInf     nS
          200     36  8.2E+04  5.7E-11  6.5E-06  2.6731085E+00    116

        Minor NonOpt  QP mult  QP step   rgNorm   QP objective     nS
          300                  2.3E-01  1.6E-01  1.3054827E+02     61

        Minor NonOpt  QP mult  QP step   rgNorm   QP objective     nS
          400    536           1.0E+00  2.0E-05  1.3012013E+02     45

        Minor NonOpt  QP mult  QP step   rgNorm   QP objective     nS
          500    542           1.0E+00  6.2E-08  1.2954479E+02     47

        Minor NonOpt  QP mult  QP step   rgNorm   QP objective     nS
          600    529           1.0E+00  8.1E-08  1.2916687E+02     51

        Minor NonOpt  QP mult  QP step   rgNorm   QP objective     nS
          700    483  8.3E+01  4.6E-03  8.3E+01  1.2902924E+02     58

        Minor NonOpt  QP mult  QP step   rgNorm   QP objective     nS
          800    440           9.0E-05  7.3E+00  1.2626895E+02     59

        Minor NonOpt  QP mult  QP step   rgNorm   QP objective     nS
          900    307  4.3E+04  1.0E+00  2.0E-03  1.2542508E+02     59

        Minor NonOpt  QP mult  QP step   rgNorm   QP objective     nS
         1000    393           1.0E+00  1.2E-01  1.2454629E+02     61

        Minor NonOpt  QP mult  QP step   rgNorm   QP objective     nS
         1100    358           1.0E+00  1.1E-11  1.2396250E+02     67

        Minor NonOpt  QP mult  QP step   rgNorm   QP objective     nS
         1200    335           1.0E+00  5.0E-10  1.2349490E+02     75

        Minor NonOpt  QP mult  QP step   rgNorm   QP objective     nS
         1300    346           1.0E+00  1.0E-06  1.2293812E+02     75

        Minor NonOpt  QP mult  QP step   rgNorm   QP objective     nS
         1400    327           1.0E+00  1.6E-09  1.2272613E+02     78

        Minor NonOpt  QP mult  QP step   rgNorm   QP objective     nS
         1500    383           1.0E+00  1.7E-08  1.2305727E+02     79

        Minor NonOpt  QP mult  QP step   rgNorm   QP objective     nS
         1600    321           1.0E+00  3.8E-08  1.2293105E+02     82

        Minor NonOpt  QP mult  QP step   rgNorm   QP objective     nS
         1700    371  5.9E-01  1.0E+00  1.9E-06  1.2251185E+02     78

        Minor NonOpt  QP mult  QP step   rgNorm   QP objective     nS
         1800    351           1.0E+00  9.1E-10  1.2233054E+02     82

        Minor NonOpt  QP mult  QP step   rgNorm   QP objective     nS
         1900    323           1.0E+00  7.0E-04  1.2219934E+02     86

        Minor NonOpt  QP mult  QP step   rgNorm   QP objective     nS
         2000    343           1.0E+00  2.2E-11  1.2208176E+02     90

        Minor NonOpt  QP mult  QP step   rgNorm   QP objective     nS
         2100    332           1.0E+00  5.9E-11  1.2175353E+02    100

        Minor NonOpt  QP mult  QP step   rgNorm   QP objective     nS
         2200    334           1.0E+00  6.1E-11  1.2144346E+02     83

        Minor NonOpt  QP mult  QP step   rgNorm   QP objective     nS
         2300    314           1.0E+00  1.6E-10  1.2134351E+02     96

        Minor NonOpt  QP mult  QP step   rgNorm   QP objective     nS
         2400    308  4.1E-01  1.0E+00  7.8E+01  1.2110272E+02     97

        Minor NonOpt  QP mult  QP step   rgNorm   QP objective     nS
         2500    317           1.0E+00  2.7E-13  1.2091276E+02    104

        Minor NonOpt  QP mult  QP step   rgNorm   QP objective     nS
         2600    287  9.1E-02  4.4E-02  2.5E-03  1.2081716E+02    112

        Minor NonOpt  QP mult  QP step   rgNorm   QP objective     nS
         2700    293           1.0E+00  1.1E-12  1.2076474E+02    115

        Minor NonOpt  QP mult  QP step   rgNorm   QP objective     nS
         2800    267           1.0E+00  9.0E-08  1.2068478E+02    121

        Minor NonOpt  QP mult  QP step   rgNorm   QP objective     nS
         2900    252           6.9E-01  1.8E-04  1.2054968E+02    134

        Minor NonOpt  QP mult  QP step   rgNorm   QP objective     nS
         3000    253           1.0E+00  3.1E-13  1.2049747E+02    143

        Minor NonOpt  QP mult  QP step   rgNorm   QP objective     nS
         3100    233  3.7E-02  1.0E+00  5.0E-08  1.2039125E+02    152

        Minor NonOpt  QP mult  QP step   rgNorm   QP objective     nS
         3200    211           1.0E+00  6.1E-04  1.2034404E+02    163

        Minor NonOpt  QP mult  QP step   rgNorm   QP objective     nS
         3300    200           1.0E+00  8.6E-06  1.2029753E+02    171

        Minor NonOpt  QP mult  QP step   rgNorm   QP objective     nS
         3400     87           1.0E+00  1.6E-11  1.2025792E+02    194

        Minor NonOpt  QP mult  QP step   rgNorm   QP objective     nS
         3500     75           1.0E+00  6.5E-04  1.2025128E+02    200

        Minor NonOpt  QP mult  QP step   rgNorm   QP objective     nS
         3600     51           1.0E+00  2.1E-10  1.2024511E+02    213

        Minor NonOpt  QP mult  QP step   rgNorm   QP objective     nS
         3700     33           1.0E+00  1.3E-10  1.2024316E+02    226

        Minor NonOpt  QP mult  QP step   rgNorm   QP objective     nS
         3800     11           1.0E+00  1.7E-10  1.2024267E+02    241

 Major Minors     Step   nCon Feasible  Optimal  MeritFunction     nS Penalty
    12   3838  1.0E+00     15  2.1E-01  8.0E-02  1.2104420E+02    249 2.3E+00 s r  T

        Minor NumInf  FP mult  FP step   rgNorm         SumInf     nS
          100     26           3.1E+01  1.5E-03  4.6200823E-01    149

        Minor NumInf  FP mult  FP step   rgNorm         SumInf     nS
          200     26  8.6E+00  2.4E-06  1.3E-06  4.5788134E-01     81

        Minor NonOpt  QP mult  QP step   rgNorm   QP objective     nS
          300    398  7.4E+04  6.6E-02  1.6E+02  1.3742709E+02     64

        Minor NonOpt  QP mult  QP step   rgNorm   QP objective     nS
          400    461           1.0E+00  6.2E-08  1.3586375E+02     73

        Minor NonOpt  QP mult  QP step   rgNorm   QP objective     nS
          500    438  2.8E+01  4.5E-01  3.7E-03  1.3518754E+02     79

        Minor NonOpt  QP mult  QP step   rgNorm   QP objective     nS
          600    422           1.0E+00  3.0E-11  1.3110444E+02     83

        Minor NonOpt  QP mult  QP step   rgNorm   QP objective     nS
          700    359  3.1E+04  4.0E-06  1.4E-01  1.2825058E+02     79

        Minor NonOpt  QP mult  QP step   rgNorm   QP objective     nS
          800    398  6.2E+03  1.0E+00  1.3E-07  1.2604951E+02     84

        Minor NonOpt  QP mult  QP step   rgNorm   QP objective     nS
          900    396  1.5E+03  3.3E-03  3.6E-02  1.2526934E+02     85

        Minor NonOpt  QP mult  QP step   rgNorm   QP objective     nS
         1000    381           1.0E+00  9.1E-05  1.2487840E+02     87

        Minor NonOpt  QP mult  QP step   rgNorm   QP objective     nS
         1100    347           1.0E+00  3.6E-08  1.2457519E+02     88

        Minor NonOpt  QP mult  QP step   rgNorm   QP objective     nS
         1200    327           1.0E+00  7.1E-09  1.2413859E+02     97

        Minor NonOpt  QP mult  QP step   rgNorm   QP objective     nS
         1300    365  8.5E-01  9.9E-01  9.7E-02  1.2398459E+02     97

        Minor NonOpt  QP mult  QP step   rgNorm   QP objective     nS
         1400    360  2.5E+02  1.0E+00  2.0E-03  1.2389664E+02    102

        Minor NonOpt  QP mult  QP step   rgNorm   QP objective     nS
         1500    316  1.9E+04  1.0E+00  1.5E-07  1.2374398E+02    104

        Minor NonOpt  QP mult  QP step   rgNorm   QP objective     nS
         1600    363           1.0E+00  2.7E-10  1.2329480E+02    109

        Minor NonOpt  QP mult  QP step   rgNorm   QP objective     nS
         1700    354           1.0E+00  2.0E-11  1.2284131E+02    114

        Minor NonOpt  QP mult  QP step   rgNorm   QP objective     nS
         1800    339  2.9E-01  1.0E+00  7.1E-03  1.2209377E+02    119

        Minor NonOpt  QP mult  QP step   rgNorm   QP objective     nS
         1900    310  2.2E-01  3.3E-01  3.2E-01  1.2152289E+02    126

        Minor NonOpt  QP mult  QP step   rgNorm   QP objective     nS
         2000    293  2.8E+00  4.6E-03  1.3E-02  1.2121702E+02    134

        Minor NonOpt  QP mult  QP step   rgNorm   QP objective     nS
         2100    274           1.0E+00  5.7E-11  1.2108860E+02    139

        Minor NonOpt  QP mult  QP step   rgNorm   QP objective     nS
         2200    264           1.0E+00  2.2E-11  1.2097265E+02    146

        Minor NonOpt  QP mult  QP step   rgNorm   QP objective     nS
         2300    227           1.0E+00  6.2E-04  1.2077508E+02    155

        Minor NonOpt  QP mult  QP step   rgNorm   QP objective     nS
         2400    205           1.0E+00  1.9E-11  1.2058752E+02    158

        Minor NonOpt  QP mult  QP step   rgNorm   QP objective     nS
         2500    194           1.0E+00  1.7E-10  1.2053545E+02    163

        Minor NonOpt  QP mult  QP step   rgNorm   QP objective     nS
         2600    203           1.0E+00  2.4E-10  1.2045758E+02    164

        Minor NonOpt  QP mult  QP step   rgNorm   QP objective     nS
         2700    194  2.4E-01  1.5E-01  2.0E-01  1.2038989E+02    172

        Minor NonOpt  QP mult  QP step   rgNorm   QP objective     nS
         2800    163  3.2E-02  1.0E+00  2.5E-06  1.2036925E+02    185

        Minor NonOpt  QP mult  QP step   rgNorm   QP objective     nS
         2900    143           1.0E+00  1.3E-05  1.2033520E+02    196

        Minor NonOpt  QP mult  QP step   rgNorm   QP objective     nS
         3000    135           1.0E+00  2.0E-04  1.2033134E+02    194

        Minor NonOpt  QP mult  QP step   rgNorm   QP objective     nS
         3100    120 -3.1E+02  1.2E-05  4.6E-03  1.2032204E+02    202

        Minor NonOpt  QP mult  QP step   rgNorm   QP objective     nS
         3200     96           1.0E+00  1.5E-13  1.2031745E+02    211

        Minor NonOpt  QP mult  QP step   rgNorm   QP objective     nS
         3300     66           1.0E+00  4.0E-13  1.2031223E+02    225

        Minor NonOpt  QP mult  QP step   rgNorm   QP objective     nS
         3400     29           3.7E-01  1.3E-03  1.2031163E+02    242

 Major Minors     Step   nCon Feasible  Optimal  MeritFunction     nS Penalty
    13   3460  6.0E-01     17  5.8E-01  2.7E-04  1.2051081E+02    255 2.3E+00 s r

        Minor NonOpt  QP mult  QP step   rgNorm   QP objective     nS
          100    255  9.3E+03  4.0E-05  2.7E-04  1.2243708E+02    171

        Minor NonOpt  QP mult  QP step   rgNorm   QP objective     nS
          200    202           1.0E+00  7.9E-11  1.2218027E+02    178

        Minor NonOpt  QP mult  QP step   rgNorm   QP objective     nS
          300    199           1.0E+00  3.3E-09  1.2074083E+02    184

        Minor NonOpt  QP mult  QP step   rgNorm   QP objective     nS
          400    165           1.0E+00  1.2E-08  1.2065592E+02    190

        Minor NonOpt  QP mult  QP step   rgNorm   QP objective     nS
          500    114           1.0E+00  7.2E-11  1.2042753E+02    196

        Minor NonOpt  QP mult  QP step   rgNorm   QP objective     nS
          600    116           1.0E+00  2.4E-10  1.2041450E+02    195

        Minor NonOpt  QP mult  QP step   rgNorm   QP objective     nS
          700    104  6.6E-02  1.4E-02  8.3E-02  1.2039773E+02    202

        Minor NonOpt  QP mult  QP step   rgNorm   QP objective     nS
          800     92           1.0E+00  5.4E-14  1.2032210E+02    203

        Minor NonOpt  QP mult  QP step   rgNorm   QP objective     nS
          900     69           1.0E+00  2.6E-06  1.2027987E+02    209

        Minor NonOpt  QP mult  QP step   rgNorm   QP objective     nS
         1000     56  1.0E-02  2.1E-03  1.5E-06  1.2027548E+02    217

        Minor NonOpt  QP mult  QP step   rgNorm   QP objective     nS
         1100     18 -2.5E-03  1.0E+00  7.9E-08  1.2027435E+02    235

        Minor NonOpt  QP mult  QP step   rgNorm   QP objective     nS
         1200     41           1.0E+00  4.1E-11  1.2027041E+02    229

        Minor NonOpt  QP mult  QP step   rgNorm   QP objective     nS
         1300      7           1.0E+00  6.3E-12  1.2026856E+02    249

 Major Minors     Step   nCon Feasible  Optimal  MeritFunction     nS Penalty
    14   1326  1.0E+00     18  4.6E-01  1.4E-03  1.2035608E+02    253 2.3E+00 s R
    15     69  1.0E+00     19  2.5E-02  4.8E-03  1.2028957E+02    243 2.3E+00 s

        Minor NonOpt  QP mult  QP step   rgNorm   QP objective     nS
          100     14           1.0E+00  4.8E-13  1.2025560E+02    231

 Major Minors     Step   nCon Feasible  Optimal  MeritFunction     nS Penalty
    16    130  1.0E+00     20  5.0E-03  2.5E-03  1.2026693E+02    236 2.3E+00
    17     70  1.0E+00     21  3.3E-03  3.3E-04  1.2024938E+02    221 2.3E+00

        Minor NonOpt  QP mult  QP step   rgNorm   QP objective     nS
          100      8  9.9E-04  1.0E+00  2.1E-07  1.2023288E+02    213

 Major Minors     Step   nCon Feasible  Optimal  MeritFunction     nS Penalty
    18    144  1.0E+00     22  1.2E-03  4.2E-04  1.2023762E+02    219 2.3E+00
    19     78  1.0E+00     23  9.7E-04  2.4E-04  1.2022990E+02    203 2.3E+00

 Major Minors     Step   nCon Feasible  Optimal  MeritFunction     nS Penalty
    20     69  1.0E+00     24  1.5E-03  1.4E-04  1.2022453E+02    190 2.3E+00
    21     77  1.0E+00     25  1.0E-03  9.7E-05  1.2022094E+02    185 2.3E+00
    22     73  1.0E+00     26  4.0E-04  1.1E-04  1.2021882E+02    178 2.3E+00
    23     53  1.0E+00     27  8.1E-04  1.7E-04  1.2021635E+02    180 2.3E+00
    24     28  1.0E+00     28  2.1E-04  1.4E-04  1.2021511E+02    173 2.3E+00
    25     19  1.0E+00     29  7.0E-04  5.1E-05  1.2021364E+02    170 2.3E+00   R
    26     50  1.0E+00     30  1.8E-05  7.8E-05  1.2021332E+02    158 2.3E+00 s
    27     58  1.0E+00     31  3.6E-03  8.8E-05  1.2021185E+02    148 2.3E+00
    28     68  1.0E+00     32  3.8E-03  1.2E-04  1.2021017E+02    150 2.3E+00
    29     50  7.6E-01     34  6.3E-04  3.8E-05  1.2020941E+02    150 2.3E+00

 Major Minors     Step   nCon Feasible  Optimal  MeritFunction     nS Penalty
    30     36  6.2E-01     36  8.8E-04  1.6E-05  1.2020887E+02    149 2.3E+00
    31     10  4.6E-01     38  7.6E-04  1.2E-05  1.2020866E+02    148 2.3E+00
    32     13  7.6E-01     40  2.1E-04  2.8E-05  1.2020853E+02    145 2.3E+00
    33     11  7.0E-01     42  6.6E-05  2.4E-05  1.2020842E+02    145 2.3E+00
    34      7  1.0E+00     43  8.2E-05  3.7E-05  1.2020834E+02    144 2.3E+00
    35     21  1.0E+00     44  2.4E-04  2.5E-05  1.2020821E+02    143 2.3E+00
    36     31  7.7E-01     46  8.6E-05  9.0E-06  1.2020809E+02    146 2.3E+00   R
    37     14  4.8E-01     48  4.4E-05  5.2E-06  1.2020803E+02    149 2.3E+00 s
    38      6  1.0E+00     49  4.5E-06  5.1E-06  1.2020801E+02    145 2.3E+00
    39      4  1.0E+00     50  4.5E-06  8.4E-06  1.2020798E+02    143 2.3E+00

 Major Minors     Step   nCon Feasible  Optimal  MeritFunction     nS Penalty
    40      6  1.0E+00     51  1.3E-05  8.9E-06  1.2020796E+02    142 2.3E+00
    41     28  1.0E+00     52  5.5E-06  6.5E-06  1.2020794E+02    141 2.3E+00
    42      4  1.0E+00     53  9.8E-06  6.4E-06  1.2020793E+02    139 2.3E+00
    43      7  1.0E+00     54  5.6E-05  9.3E-06  1.2020791E+02    141 2.3E+00
    44     11  1.0E+00     55  1.2E-04  8.1E-06  1.2020788E+02    140 2.3E+00
    45      6  1.0E+00     56  2.1E-04  1.2E-05  1.2020785E+02    140 2.3E+00
    46      7  1.0E+00     57  2.2E-04  1.2E-05  1.2020781E+02    140 2.3E+00
    47      5  1.0E+00     58  2.4E-04  6.0E-06  1.2020777E+02    141 2.3E+00   R
    48      9  1.0E+00     59  2.7E-06  4.8E-06  1.2020775E+02    143 2.3E+00 s
    49      7  1.0E+00     60  3.1E-05  4.8E-06  1.2020773E+02    144 2.3E+00

 Major Minors     Step   nCon Feasible  Optimal  MeritFunction     nS Penalty
    50      9  1.0E+00     61  2.8E-05  5.3E-06  1.2020771E+02    142 2.3E+00
    51      5  1.0E+00     62  3.8E-05  4.0E-06  1.2020769E+02    143 2.3E+00
    52      2  1.0E+00     63  1.1E-05  1.9E-06  1.2020769E+02    143 2.3E+00
    53      3  1.0E+00     64  4.1E-06  4.5E-06  1.2020768E+02    142 2.3E+00
    54      7  1.0E+00     65  3.7E-06  9.2E-06  1.2020767E+02    143 2.3E+00
    55      3  1.0E+00     66  3.2E-05  4.9E-06  1.2020765E+02    142 2.3E+00
    56      6  1.0E+00     67  3.1E-05  8.4E-06  1.2020764E+02    143 2.3E+00
    57     10  1.0E+00     68  1.3E-05  2.4E-05  1.2020762E+02    141 2.3E+00
    58      6  1.0E+00     69  1.3E-04  2.3E-06  1.2020760E+02    143 2.3E+00   R
    59      4  6.3E-01     71  5.0E-05  1.4E-06  1.2020759E+02    144 2.3E+00 s

 Major Minors     Step   nCon Feasible  Optimal  MeritFunction     nS Penalty
    60      5  1.0E+00     72 (3.1E-07) 9.5E-06  1.2020758E+02    144 2.3E+00
    61      5  1.0E+00     73  4.1E-06  1.5E-06  1.2020757E+02    144 2.3E+00
    62     10  1.0E+00     74  1.3E-06  1.0E-05  1.2020757E+02    144 2.3E+00
    63      3  1.0E+00     75  1.3E-05  9.0E-06  1.2020756E+02    144 2.3E+00
    64      4  1.0E+00     76  9.5E-06  4.1E-06  1.2020755E+02    144 2.3E+00
    65      3  1.0E+00     77  7.9E-06  4.6E-06  1.2020755E+02    143 2.3E+00
    66      3  1.0E+00     78  5.1E-06  4.4E-06  1.2020754E+02    142 2.3E+00
    67      7  1.0E+00     79  4.6E-06  3.4E-06  1.2020754E+02    141 2.3E+00
    68      3  1.0E+00     80  2.7E-06  2.1E-06  1.2020754E+02    140 2.3E+00
    69      4  1.0E+00     81  2.0E-06  1.6E-06  1.2020753E+02    142 2.3E+00   R

 Major Minors     Step   nCon Feasible  Optimal  MeritFunction     nS Penalty
    70      6  1.0E+00     82 (1.6E-07) 9.1E-06  1.2020753E+02    141 2.3E+00 s
    71      6  3.2E-01     84  3.0E-06  7.1E-06  1.2020753E+02    142 2.3E+00
    72      5  5.2E-01     86  6.3E-06  2.2E-06  1.2020752E+02    142 2.3E+00
    73      4  4.0E-01     88  3.8E-06  3.9E-06  1.2020752E+02    142 2.3E+00
    74      2  4.4E-01     90  4.0E-06  5.4E-06  1.2020752E+02    142 2.3E+00
    75      5  7.6E-01     92  8.8E-06  4.0E-06  1.2020751E+02    142 2.3E+00
    76      5  3.4E-01     94  9.9E-06  1.9E-06  1.2020751E+02    142 2.3E+00
    77      2  4.4E-01     96  7.4E-06  2.9E-06  1.2020751E+02    142 2.3E+00
    78      4  5.6E-01     98  4.4E-06  3.1E-06  1.2020750E+02    143 2.3E+00
    79      5  4.5E-01    100  2.0E-06  4.8E-06  1.2020750E+02    142 2.3E+00

 Major Minors     Step   nCon Feasible  Optimal  MeritFunction     nS Penalty
    80      5  6.0E-01    102  3.5E-06  2.9E-06  1.2020749E+02    143 2.3E+00   R
    81      7  3.6E-01    104  2.3E-06  1.2E-06  1.2020749E+02    144 2.3E+00 s
    82      2  1.0E+00    105 (3.8E-07) 2.1E-06  1.2020749E+02    144 2.3E+00
    83      2  1.0E+00    106 (3.5E-07) 1.4E-06  1.2020748E+02    144 2.3E+00
    84      3  1.0E+00    107 (4.3E-07) 3.2E-06  1.2020748E+02    142 2.3E+00
    85      2  1.0E+00    108  1.2E-06  5.2E-06  1.2020748E+02    142 2.3E+00
    86      2  1.0E+00    109  1.1E-06  1.1E-06  1.2020748E+02    142 2.3E+00
    87      2  1.0E+00    110 (2.9E-07) 1.6E-06  1.2020748E+02    142 2.3E+00
    88      2  1.0E+00    111 (2.5E-07) 1.9E-06  1.2020748E+02    142 2.3E+00
    89      1  1.0E+00    112 (6.7E-07)(1.0E-06) 1.2020748E+02    142 2.3E+00
 
 SNOPTC EXIT   0 -- finished successfully
 SNOPTC INFO   1 -- optimality conditions satisfied

 Problem name                 Optimiza
 No. of iterations               27941   Objective            1.2020747890E+02
 No. of major iterations            89   Linear    obj. term  0.0000000000E+00
 Penalty parameter           2.268E+00   Nonlinear obj. term  1.2020747890E+02
 User function calls (total)       112
 No. of superbasics                142   No. of basic nonlinears          3633
 No. of degenerate steps          2023   Percentage                       7.24
 Max x                     986 2.8E+00   Max pi                    192 1.3E+02
 Max Primal infeas        5195 1.9E-06   Max Dual infeas         10536 2.2E-01
 Nonlinear constraint violn    1.9E-06
 
 

 Solution printed on file  18
 
 Time for MPS input                             0.00 seconds
 Time for solving problem                     316.31 seconds
 Time for solution output                       0.06 seconds
 Time for constraint functions                261.81 seconds
 Time for objective function                    0.00 seconds
