This is Ipopt version 3.13.2, running with linear solver mumps.
NOTE: Other linear solvers might be more efficient (see Ipopt documentation).

Number of nonzeros in equality constraint Jacobian...:    65320
Number of nonzeros in inequality constraint Jacobian.:   135541
Number of nonzeros in Lagrangian Hessian.............:        0

Total number of variables............................:     2004
                     variables with only lower bounds:      200
                variables with lower and upper bounds:      300
                     variables with only upper bounds:        0
Total number of equality constraints.................:     1394
Total number of inequality constraints...............:     2400
        inequality constraints with only lower bounds:        0
   inequality constraints with lower and upper bounds:     1200
        inequality constraints with only upper bounds:     1200

iter    objective    inf_pr   inf_du lg(mu)  ||d||  lg(rg) alpha_du alpha_pr  ls
   0  1.0000000e+02 6.16e+00 1.07e+01  -3.0 0.00e+00    -  0.00e+00 0.00e+00   0
   1  9.2421169e+01 5.93e+00 1.71e+01  -3.0 5.72e+00    -  3.79e-02 3.46e-02f  1
   2  9.2108821e+01 9.73e+00 5.16e+01  -3.0 5.14e+00    -  2.56e-02 5.42e-02h  1
   3  8.5780566e+01 1.30e+01 1.28e+01  -3.0 3.82e+00    -  3.27e-02 7.47e-02f  1
   4  8.9219793e+01 1.31e+01 1.17e+01  -3.0 2.62e+00    -  5.68e-02 6.93e-02h  2
   5  9.0855922e+01 1.30e+01 1.10e+01  -3.0 2.30e+00    -  7.03e-02 2.28e-02h  4
   6  9.1769656e+01 1.28e+01 1.09e+01  -3.0 2.96e+00    -  8.25e-02 1.21e-02h  5
   7  9.2262810e+01 1.28e+01 1.08e+01  -3.0 2.65e+00    -  7.16e-02 6.61e-03h  6
   8  9.2398450e+01 1.27e+01 1.07e+01  -3.0 2.48e+00    -  9.75e-02 1.85e-03h  8
   9  3.1664959e+01 6.41e+01 2.72e+02  -3.0 3.48e+00    -  1.90e-02 5.36e-01f  1
iter    objective    inf_pr   inf_du lg(mu)  ||d||  lg(rg) alpha_du alpha_pr  ls
  10  3.6926833e+01 6.12e+01 2.53e+02  -3.0 5.38e+00    -  2.74e-02 4.51e-02h  1
  11  3.7395403e+01 6.10e+01 2.52e+02  -3.0 4.18e+00    -  1.31e-02 4.01e-03h  1
  12  5.3702557e+01 5.27e+01 2.19e+02  -3.0 4.54e+00    -  1.59e-02 1.36e-01h  1
  13  5.6492163e+01 5.11e+01 2.11e+02  -3.0 3.21e+00    -  9.90e-02 2.92e-02h  1
  14  5.7656645e+01 5.05e+01 2.06e+02  -3.0 6.83e+00    -  9.34e-04 1.32e-02h  1
  15  6.3721270e+01 4.74e+01 1.86e+02  -3.0 9.60e+00    -  2.23e-02 6.13e-02h  1
  16  8.2053416e+01 3.82e+01 1.31e+02  -3.0 7.41e+00    -  1.05e-01 1.99e-01h  1
  17  8.4024445e+01 3.72e+01 1.25e+02  -3.0 2.13e+00    -  1.26e-01 2.73e-02h  4
  18  8.5085468e+01 3.66e+01 1.22e+02  -3.0 1.60e+00    -  2.58e-01 1.53e-02h  6
  19  8.5088933e+01 3.66e+01 1.22e+02  -3.0 1.11e+00    -  1.20e-02 6.41e-05H  1
iter    objective    inf_pr   inf_du lg(mu)  ||d||  lg(rg) alpha_du alpha_pr  ls
  20  8.5432561e+01 3.64e+01 1.21e+02  -3.0 2.92e+00    -  2.63e-02 5.75e-03h  5
  21  8.5534649e+01 3.63e+01 1.20e+02  -3.0 3.81e+00    -  3.52e-02 1.82e-03h  8
  22  8.5561531e+01 3.63e+01 1.20e+02  -3.0 3.76e+00    -  9.26e-03 4.82e-04h 10
  23  8.5563272e+01 3.63e+01 1.20e+02  -3.0 3.79e+00    -  1.80e-01 3.13e-05h 14
  24  8.5564070e+01 3.63e+01 1.20e+02  -3.0 1.16e+00    -  1.09e-01 1.23e-05h 17
  25  8.6563925e+01 3.57e+01 1.17e+02  -3.0 1.16e+00    -  3.20e-02 1.56e-02H  1
  26  1.0200667e+02 2.72e+01 8.00e+01  -3.0 1.34e+00    -  1.33e-03 2.42e-01h  1
  27  1.1457733e+02 2.00e+01 6.74e+01  -3.0 1.29e+00    -  2.63e-01 2.66e-01h  1
  28  1.2791246e+02 1.18e+01 7.34e+01  -3.0 8.49e-01    -  5.05e-01 4.15e-01h  1
  29  1.4001516e+02 4.37e+00 1.69e+01  -3.0 6.00e-01    -  6.39e-01 8.70e-01h  1
iter    objective    inf_pr   inf_du lg(mu)  ||d||  lg(rg) alpha_du alpha_pr  ls
  30  1.3380055e+02 1.90e+00 4.91e+00  -3.0 6.76e-01    -  2.46e-01 5.99e-01f  1
  31  1.3134520e+02 1.46e+00 3.76e+00  -3.0 1.25e+00    -  2.76e-01 2.32e-01h  1
  32  1.2750518e+02 1.29e+00 2.12e+00  -3.0 1.90e+00    -  2.35e-01 3.49e-01f  1
  33  1.2531040e+02 1.02e+00 2.01e+00  -3.0 1.74e+00    -  3.89e-01 2.84e-01h  1
  34  1.2463804e+02 8.11e-01 1.48e+00  -3.0 1.01e+00    -  2.42e-01 2.13e-01h  1
  35  1.2361624e+02 5.73e-01 1.05e+00  -3.0 1.04e+00    -  2.27e-01 3.08e-01h  1
  36  1.2250336e+02 6.63e-01 1.47e+00  -3.0 8.10e-01    -  3.20e-01 5.57e-01h  1
  37  1.2233418e+02 5.53e-01 1.20e+00  -3.0 5.80e-01    -  4.08e-01 1.84e-01h  1
  38  1.2192606e+02 3.13e-01 2.51e+00  -3.0 8.69e-01    -  7.03e-01 5.17e-01h  1
  39  1.2172087e+02 2.12e-01 2.47e+00  -3.0 5.54e-01    -  8.27e-01 5.79e-01h  1
iter    objective    inf_pr   inf_du lg(mu)  ||d||  lg(rg) alpha_du alpha_pr  ls
  40  1.2162590e+02 2.65e-01 1.77e+00  -3.0 4.49e-01    -  8.52e-01 8.12e-01h  1
  41  1.2163089e+02 5.77e-02 4.77e-01  -3.0 1.53e-01    -  9.99e-01 1.00e+00h  1
  42  1.2162862e+02 1.71e-02 3.42e-01  -3.0 8.80e-02    -  1.00e+00 1.00e+00h  1
  43  1.2163478e+02 6.77e-03 1.57e-01  -3.0 4.46e-02    -  1.00e+00 1.00e+00h  1
  44  1.2163748e+02 1.25e-03 6.08e-02  -3.0 5.57e-02    -  1.00e+00 1.00e+00h  1
  45  1.2163913e+02 1.53e-03 1.03e-01  -3.0 3.32e-01    -  1.00e+00 1.00e+00H  1
  46  1.2163154e+02 7.62e-03 1.19e-01  -3.0 1.89e-01    -  1.00e+00 1.00e+00h  1
  47  1.2163199e+02 1.07e-03 1.50e-01  -3.0 2.06e-01    -  1.00e+00 1.00e+00h  1
  48  1.2163512e+02 3.14e-03 2.33e-01  -3.0 6.44e-02    -  1.00e+00 1.00e+00h  1
  49  1.2163508e+02 2.65e-03 7.47e-02  -3.0 6.04e-02    -  1.00e+00 1.00e+00h  1
iter    objective    inf_pr   inf_du lg(mu)  ||d||  lg(rg) alpha_du alpha_pr  ls
  50  1.2163724e+02 8.75e-05 3.12e-02  -3.0 9.58e-03    -  1.00e+00 1.00e+00h  1
  51  1.2163742e+02 6.99e-06 9.50e-03  -3.0 7.92e-03    -  1.00e+00 1.00e+00h  1
  52  1.2109326e+02 2.11e-02 2.62e-01  -4.5 3.77e-01    -  8.12e-01 6.22e-01f  1
  53  1.2089270e+02 2.52e-02 1.59e-01  -4.5 4.09e-01    -  6.64e-01 5.64e-01h  1
  54  1.2081244e+02 3.79e-02 1.33e-01  -4.5 3.16e-01    -  5.55e-01 4.73e-01h  1
  55  1.2077964e+02 4.00e-02 1.23e-01  -4.5 3.93e-01    -  5.78e-01 3.63e-01h  1
  56  1.2076744e+02 3.01e-02 1.20e-01  -4.5 3.22e-01    -  8.79e-01 2.30e-01h  1
  57  1.2075152e+02 1.65e-02 1.95e-01  -4.5 3.49e-01    -  8.44e-01 3.59e-01h  1
  58  1.2074057e+02 1.07e-02 2.41e-01  -4.5 2.70e-01    -  1.00e+00 4.32e-01h  1
  59  1.2073249e+02 1.32e-02 1.29e-01  -4.5 1.50e-01    -  7.12e-01 7.20e-01h  1
iter    objective    inf_pr   inf_du lg(mu)  ||d||  lg(rg) alpha_du alpha_pr  ls
  60  1.2073073e+02 2.72e-03 1.26e-01  -4.5 6.62e-02    -  8.87e-01 1.00e+00h  1
  61  1.2073133e+02 1.12e-03 7.91e-02  -4.5 4.41e-02    -  1.00e+00 1.00e+00h  1
  62  1.2073274e+02 2.67e-04 1.90e-02  -4.5 1.71e-02    -  1.00e+00 1.00e+00h  1
  63  1.2073237e+02 4.66e-04 1.72e-02  -4.5 2.97e-02    -  1.00e+00 1.00e+00h  1
  64  1.2073202e+02 4.21e-04 2.68e-02  -4.5 2.63e-01    -  1.00e+00 9.48e-02h  4
  65  1.2073184e+02 3.87e-04 2.88e-02  -4.5 2.93e-01    -  1.00e+00 5.67e-02h  5
  66  1.2073100e+02 4.26e-04 5.91e-02  -4.5 3.05e-01    -  1.00e+00 1.00e+00H  1
  67  1.2072702e+02 4.49e-03 1.73e-01  -4.5 1.55e-01    -  1.00e+00 1.00e+00h  1
  68  1.2072612e+02 8.41e-03 2.26e-01  -4.5 1.00e-01    -  1.00e+00 1.00e+00h  1
  69  1.2072676e+02 2.56e-03 2.11e-01  -4.5 6.45e-02    -  7.94e-01 1.00e+00h  1
iter    objective    inf_pr   inf_du lg(mu)  ||d||  lg(rg) alpha_du alpha_pr  ls
  70  1.2072819e+02 5.61e-04 5.42e-02  -4.5 5.70e-02    -  1.00e+00 1.00e+00h  1
  71  1.2072917e+02 8.12e-04 6.68e-02  -4.5 3.92e-02    -  1.00e+00 1.00e+00h  1
  72  1.2072934e+02 2.78e-04 6.84e-03  -4.5 2.46e-02    -  1.00e+00 1.00e+00h  1
  73  1.2072963e+02 9.91e-06 4.04e-03  -4.5 3.92e-03    -  1.00e+00 1.00e+00h  1
  74  1.2072957e+02 7.93e-05 7.86e-03  -4.5 1.92e-02    -  1.00e+00 1.00e+00h  1
  75  1.2072953e+02 5.20e-06 2.00e-02  -4.5 6.54e-02    -  1.00e+00 1.00e+00H  1
  76  1.2072920e+02 3.81e-04 1.82e-02  -4.5 2.80e-02    -  1.00e+00 1.00e+00h  1
  77  1.2072929e+02 1.65e-04 1.20e-02  -4.5 2.08e-02    -  1.00e+00 1.00e+00h  1
  78  1.2072938e+02 2.08e-05 2.35e-02  -4.5 9.18e-03    -  1.00e+00 1.00e+00h  1
  79  1.2072937e+02 1.39e-05 8.77e-03  -4.5 8.63e-03    -  1.00e+00 1.00e+00h  1
iter    objective    inf_pr   inf_du lg(mu)  ||d||  lg(rg) alpha_du alpha_pr  ls
  80  1.2072933e+02 5.89e-05 3.24e-03  -4.5 1.33e-02    -  1.00e+00 1.00e+00h  1
  81  1.2072932e+02 1.17e-05 1.15e-02  -4.5 5.76e-03    -  1.00e+00 1.00e+00h  1
  82  1.2072932e+02 1.01e-05 1.72e-03  -4.5 6.40e-03    -  1.00e+00 1.00e+00h  1
  83  1.2072932e+02 9.68e-06 9.92e-04  -4.5 5.17e-03    -  1.00e+00 1.00e+00h  1
  84  1.2072929e+02 1.44e-04 1.17e-02  -4.5 1.72e-02    -  1.00e+00 1.00e+00h  1
  85  1.2072927e+02 4.81e-05 1.13e-02  -4.5 1.11e-02    -  1.00e+00 1.00e+00h  1
  86  1.2072928e+02 2.52e-05 2.24e-02  -4.5 6.57e-03    -  1.00e+00 1.00e+00h  1
  87  1.2072929e+02 1.02e-05 7.89e-03  -4.5 4.21e-03    -  1.00e+00 1.00e+00h  1
  88  1.2072929e+02 1.39e-05 7.62e-03  -4.5 5.57e-03    -  1.00e+00 1.00e+00h  1
  89  1.2072927e+02 3.47e-07 2.51e-03  -4.5 1.68e-02    -  1.00e+00 1.00e+00H  1
iter    objective    inf_pr   inf_du lg(mu)  ||d||  lg(rg) alpha_du alpha_pr  ls
  90  1.2072962e+02 1.80e-09 3.79e-02  -4.5 8.92e-02    -  1.00e+00 1.00e+00H  1
  91  1.2072877e+02 1.06e-03 5.78e-03  -4.5 4.99e-02    -  1.00e+00 1.00e+00f  1
  92  1.2072908e+02 1.65e-04 3.97e-02  -4.5 2.07e-02    -  1.00e+00 1.00e+00h  1
  93  1.2072891e+02 1.14e-04 2.12e-03  -4.5 2.24e-02    -  1.00e+00 1.00e+00h  1
  94  1.2072922e+02 1.60e-05 4.81e-03  -4.5 4.23e-03    -  1.00e+00 1.00e+00h  1
  95  1.2072921e+02 5.64e-06 7.60e-04  -4.5 3.27e-03    -  1.00e+00 1.00e+00h  1
  96  1.2072922e+02 5.57e-08 4.98e-04  -4.5 8.33e-04    -  1.00e+00 1.00e+00h  1
  97  1.2072921e+02 2.31e-08 4.37e-03  -4.5 2.09e-02    -  1.00e+00 1.00e+00H  1
  98  1.2072938e+02 4.45e-09 7.69e-02  -4.5 6.26e-02    -  1.00e+00 1.00e+00H  1
  99  1.2072920e+02 2.24e-09 3.58e-03  -4.5 4.49e-02    -  1.00e+00 1.00e+00F  1
iter    objective    inf_pr   inf_du lg(mu)  ||d||  lg(rg) alpha_du alpha_pr  ls
 100  1.2072938e+02 4.68e-10 1.65e-02  -4.5 3.96e-02    -  1.00e+00 1.00e+00H  1
 101  1.2072920e+02 4.57e-08 8.75e-03  -4.5 3.55e-02    -  1.00e+00 1.00e+00F  1
 102  1.2072914e+02 1.84e-04 6.03e-02  -4.5 1.29e-02    -  1.00e+00 1.00e+00h  1
 103  1.2072904e+02 1.29e-04 1.09e-03  -4.5 1.11e-02    -  1.00e+00 1.00e+00h  1
 104  1.2072919e+02 7.05e-08 8.87e-04  -4.5 4.50e-04    -  1.00e+00 1.00e+00h  1
 105  1.2072920e+02 4.56e-07 8.31e-04  -4.5 1.85e-03    -  1.00e+00 1.00e+00h  1
 106  1.2072920e+02 3.30e-05 6.13e-03  -4.5 1.84e-02    -  1.00e+00 1.00e+00h  1
 107  1.2072919e+02 2.95e-05 6.16e-03  -4.5 6.25e-03    -  1.00e+00 1.00e+00h  1
 108  1.2072919e+02 5.29e-06 8.15e-03  -4.5 4.23e-03    -  1.00e+00 1.00e+00h  1
 109  1.2072920e+02 2.11e-06 5.53e-03  -4.5 2.01e-03    -  1.00e+00 1.00e+00h  1
iter    objective    inf_pr   inf_du lg(mu)  ||d||  lg(rg) alpha_du alpha_pr  ls
 110  1.2072920e+02 6.60e-07 2.78e-03  -4.5 1.25e-03    -  1.00e+00 1.00e+00h  1
 111  1.2072920e+02 1.32e-07 1.81e-03  -4.5 1.07e-03    -  1.00e+00 1.00e+00h  1
 112  1.2072920e+02 9.85e-08 1.66e-04  -4.5 4.58e-04    -  1.00e+00 1.00e+00h  1
 113  1.2070805e+02 2.36e-04 1.85e-02  -6.8 1.95e-02    -  8.58e-01 7.79e-01f  1
 114  1.2070438e+02 3.30e-04 4.32e-02  -6.8 5.72e-02    -  7.43e-01 4.43e-01h  1
 115  1.2070270e+02 7.57e-04 5.30e-02  -6.8 1.11e-01    -  6.12e-01 2.99e-01h  1
 116  1.2070225e+02 6.56e-04 3.83e-02  -6.8 6.39e-02    -  5.28e-01 1.61e-01h  1
 117  1.2070174e+02 6.22e-04 4.08e-02  -6.8 6.97e-02    -  4.64e-01 2.21e-01h  1
 118  1.2070130e+02 5.69e-04 1.92e-02  -6.8 9.25e-02    -  2.91e-01 2.26e-01h  1
 119  1.2070103e+02 5.37e-04 1.73e-02  -6.8 6.24e-02    -  5.06e-01 2.18e-01h  1
iter    objective    inf_pr   inf_du lg(mu)  ||d||  lg(rg) alpha_du alpha_pr  ls
 120  1.2070067e+02 4.75e-04 1.30e-02  -6.8 9.10e-02    -  1.00e+00 3.60e-01f  1
 121  1.2070042e+02 1.37e-03 3.44e-02  -6.8 2.27e-01    -  6.03e-01 2.35e-01h  1
 122  1.2070028e+02 1.65e-03 2.09e-02  -6.8 2.65e-01    -  5.69e-01 1.37e-01h  1
 123  1.2070022e+02 1.60e-03 2.24e-02  -6.8 1.65e-01    -  3.58e-01 8.85e-02h  1
 124  1.2070005e+02 1.87e-03 2.62e-02  -6.8 1.91e-01    -  2.50e-01 2.27e-01f  1
 125  1.2070003e+02 1.81e-03 2.62e-02  -6.8 1.60e-01    -  3.49e-01 2.97e-02h  1
 126  1.2069997e+02 1.11e-03 1.65e-02  -6.8 5.02e-02    -  5.44e-01 3.91e-01f  1
 127  1.2069990e+02 8.60e-04 1.73e-02  -6.8 1.56e-01    -  2.25e-01 2.18e-01h  1
 128  1.2069982e+02 2.71e-04 1.90e-02  -6.8 8.23e-02    -  5.22e-01 6.84e-01f  1
 129  1.2069975e+02 1.72e-04 9.19e-03  -6.8 1.52e-02    -  1.00e+00 1.00e+00f  1
iter    objective    inf_pr   inf_du lg(mu)  ||d||  lg(rg) alpha_du alpha_pr  ls
 130  1.2069984e+02 4.51e-05 7.97e-03  -6.8 5.60e-03    -  8.61e-01 8.15e-01h  1
 131  1.2069984e+02 4.22e-05 7.04e-03  -6.8 8.45e-03    -  1.00e+00 6.25e-02f  5
 132  1.2069983e+02 2.91e-05 1.49e-02  -6.8 8.12e-02    -  6.99e-01 3.13e-01h  2
 133  1.2069981e+02 2.94e-05 6.41e-03  -6.8 7.18e-01    -  2.37e-01 3.68e-02h  2
 134  1.2069981e+02 2.90e-05 9.33e-03  -6.8 7.43e-01    -  6.54e-01 1.38e-02h  4
 135  1.2069974e+02 9.18e-05 1.09e-02  -6.8 2.28e-01    -  9.11e-01 4.63e-01h  1
 136  1.2069970e+02 6.74e-05 1.61e-02  -6.8 6.54e-02    -  8.39e-01 2.64e-01h  1
 137  1.2069964e+02 1.40e-04 1.48e-02  -6.8 1.49e-02    -  4.28e-01 8.67e-01f  1
 138  1.2069964e+02 1.36e-04 1.44e-02  -6.8 7.25e-03    -  1.00e+00 3.12e-02f  6
 139  1.2069967e+02 9.60e-05 9.34e-03  -6.8 1.71e-02    -  7.64e-02 3.14e-01h  1
iter    objective    inf_pr   inf_du lg(mu)  ||d||  lg(rg) alpha_du alpha_pr  ls
 140  1.2069967e+02 9.30e-05 9.55e-03  -6.8 5.05e-03    -  9.69e-01 3.12e-02f  6
 141  1.2069974e+02 1.70e-05 2.02e-02  -6.8 5.01e-03    -  1.00e+00 1.00e+00h  1
 142  1.2069975e+02 1.81e-05 1.32e-02  -6.8 4.83e-03    -  4.96e-01 8.48e-01h  1
 143  1.2069975e+02 1.37e-05 1.02e-02  -6.8 2.14e-03    -  1.00e+00 2.50e-01f  3
 144  1.2069975e+02 3.76e-06 4.38e-03  -6.8 2.75e-03    -  1.00e+00 1.00e+00h  1
 145  1.2069975e+02 5.11e-06 3.10e-03  -6.8 5.32e-03    -  1.00e+00 1.00e+00h  1
 146  1.2069973e+02 7.29e-05 2.15e-02  -6.8 4.19e-02    -  1.00e+00 4.86e-01h  2
 147  1.2069972e+02 3.88e-05 6.04e-03  -6.8 7.67e-03    -  1.00e+00 1.00e+00h  1
 148  1.2069972e+02 1.64e-05 9.84e-03  -6.8 5.48e-03    -  1.00e+00 1.00e+00h  1
 149  1.2069973e+02 1.94e-05 9.16e-03  -6.8 6.26e-03    -  1.00e+00 1.00e+00h  1
iter    objective    inf_pr   inf_du lg(mu)  ||d||  lg(rg) alpha_du alpha_pr  ls
 150  1.2069973e+02 1.90e-08 5.32e-03  -6.8 1.27e-02    -  1.00e+00 1.00e+00H  1
 151  1.2069971e+02 4.62e-05 7.46e-03  -6.8 3.09e-02    -  1.00e+00 1.00e+00h  1
 152  1.2069970e+02 5.00e-05 3.46e-03  -6.8 8.93e-02    -  5.86e-01 2.14e-01H  1
 153  1.2069968e+02 3.24e-05 6.31e-03  -6.8 2.15e-02    -  1.00e+00 3.62e-01f  1
 154  1.2069969e+02 2.85e-05 5.61e-03  -6.8 4.59e-03    -  7.94e-01 1.25e-01f  4
 155  1.2069970e+02 3.43e-05 3.73e-03  -6.8 5.89e-03    -  8.54e-01 1.00e+00h  1
 156  1.2069970e+02 1.03e-05 3.55e-03  -6.8 3.98e-03    -  1.00e+00 1.00e+00h  1
 157  1.2069970e+02 7.51e-06 3.27e-03  -6.8 2.97e-03    -  1.00e+00 1.00e+00h  1
 158  1.2069971e+02 1.31e-06 4.95e-03  -6.8 1.16e-03    -  1.00e+00 1.00e+00h  1
 159  1.2069971e+02 1.85e-07 2.94e-04  -6.8 5.39e-04    -  1.00e+00 1.00e+00h  1
iter    objective    inf_pr   inf_du lg(mu)  ||d||  lg(rg) alpha_du alpha_pr  ls
 160  1.2069971e+02 7.93e-07 1.16e-03  -6.8 1.26e-03    -  1.00e+00 1.00e+00h  1
 161  1.2069971e+02 8.79e-08 1.52e-02  -6.8 1.13e-02    -  1.00e+00 1.00e+00H  1
 162  1.2069969e+02 2.37e-05 7.64e-03  -6.8 7.65e-03    -  1.00e+00 1.00e+00h  1
 163  1.2069969e+02 1.98e-05 1.39e-02  -6.8 6.80e-03    -  1.00e+00 1.00e+00h  1
 164  1.2069969e+02 6.13e-06 7.14e-03  -6.8 3.25e-03    -  1.00e+00 1.00e+00h  1
 165  1.2069970e+02 1.82e-06 4.29e-03  -6.8 3.38e-03    -  1.00e+00 1.00e+00h  1
 166  1.2069970e+02 6.57e-09 1.51e-03  -6.8 6.61e-03    -  1.00e+00 1.00e+00H  1
 167  1.2069986e+02 5.17e-10 2.62e-02  -6.8 5.86e-02    -  1.00e+00 1.00e+00H  1
 168  1.2069954e+02 2.20e-04 1.16e-02  -6.8 3.45e-02    -  1.00e+00 1.00e+00f  1
 169  1.2069956e+02 1.54e-04 2.79e-02  -6.8 3.16e-02    -  1.60e-01 3.78e-01h  2
iter    objective    inf_pr   inf_du lg(mu)  ||d||  lg(rg) alpha_du alpha_pr  ls
 170  1.2069966e+02 2.77e-05 5.84e-03  -6.8 1.57e-02    -  1.00e+00 1.00e+00h  1
 171  1.2069967e+02 2.13e-05 4.80e-03  -6.8 2.41e-02    -  9.63e-01 4.01e-01h  2
 172  1.2069968e+02 1.84e-05 8.32e-03  -6.8 2.07e-02    -  1.00e+00 1.00e+00h  1
 173  1.2069968e+02 1.62e-05 4.14e-03  -6.8 9.77e-02    -  9.95e-01 1.45e-01h  3
 174  1.2069966e+02 1.27e-04 3.95e-02  -6.8 4.01e-02    -  6.13e-01 5.00e-01h  2
 175  1.2069961e+02 9.63e-05 6.45e-03  -6.8 1.56e-02    -  1.00e+00 1.00e+00h  1
 176  1.2069968e+02 1.16e-05 1.11e-02  -6.8 1.14e-02    -  1.00e+00 8.94e-01H  1
 177  1.2069967e+02 1.65e-05 5.65e-03  -6.8 1.06e-02    -  1.00e+00 1.00e+00f  1
 178  1.2069973e+02 1.67e-10 1.16e-02  -6.8 1.47e-02    -  1.00e+00 1.00e+00H  1
 179  1.2069963e+02 6.08e-05 4.34e-03  -6.8 8.36e-03    -  1.00e+00 1.00e+00f  1
iter    objective    inf_pr   inf_du lg(mu)  ||d||  lg(rg) alpha_du alpha_pr  ls
 180  1.2069968e+02 3.71e-06 1.31e-02  -6.8 2.57e-03    -  1.00e+00 1.00e+00h  1
 181  1.2069968e+02 1.36e-06 1.68e-04  -6.8 1.60e-03    -  1.00e+00 1.00e+00h  1
 182  1.2069968e+02 6.23e-08 6.85e-04  -6.8 8.33e-04    -  1.00e+00 1.00e+00h  1
 183  1.2069970e+02 1.19e-09 1.18e-02  -6.8 7.21e-02    -  1.00e+00 1.00e+00H  1
 184  1.2069970e+02 2.01e-08 1.19e-02  -6.8 1.77e-01    -  1.00e+00 2.40e-03h  9
 185  1.2069969e+02 1.55e-08 3.86e-03  -6.8 4.69e-02    -  1.00e+00 1.00e+00H  1
 186  1.2069969e+02 3.17e-08 3.85e-03  -6.8 2.96e-01    -  4.32e-01 2.06e-03h  9
 187  1.2069969e+02 4.59e-08 3.60e-03  -6.8 3.44e-02    -  5.84e-01 7.81e-03h  8
 188  1.2069966e+02 9.29e-05 4.25e-03  -6.8 6.17e-03    -  1.00e+00 1.00e+00h  1
 189  1.2069967e+02 2.21e-05 6.45e-03  -6.8 6.16e-03    -  1.00e+00 1.00e+00h  1
iter    objective    inf_pr   inf_du lg(mu)  ||d||  lg(rg) alpha_du alpha_pr  ls
 190  1.2069967e+02 8.68e-06 8.23e-04  -6.8 3.95e-03    -  1.00e+00 1.00e+00h  1
 191  1.2069968e+02 1.15e-08 5.82e-05  -6.8 4.92e-04    -  1.00e+00 1.00e+00h  1
 192  1.2069968e+02 1.92e-06 1.63e-03  -6.8 3.05e-03    -  1.00e+00 1.00e+00h  1
 193  1.2069968e+02 1.01e-08 3.45e-03  -6.8 8.85e-03    -  1.00e+00 1.00e+00H  1
 194  1.2069973e+02 6.49e-11 3.87e-02  -6.8 5.52e-02    -  1.00e+00 1.00e+00H  1
 195  1.2069963e+02 6.74e-05 1.41e-02  -6.8 3.82e-02    -  6.05e-01 1.00e+00f  1
 196  1.2069962e+02 8.17e-05 6.86e-03  -6.8 1.05e-01    -  1.00e+00 1.72e-01h  1
 197  1.2069962e+02 7.68e-05 6.39e-03  -6.8 8.42e-03    -  1.00e+00 6.03e-02f  5
 198  1.2069965e+02 4.03e-05 2.17e-03  -6.8 1.28e-02    -  1.00e+00 5.00e-01h  2
 199  1.2069973e+02 6.24e-11 1.28e-02  -6.8 3.97e-02    -  1.00e+00 1.00e+00H  1
iter    objective    inf_pr   inf_du lg(mu)  ||d||  lg(rg) alpha_du alpha_pr  ls
 200  1.2069962e+02 1.39e-04 1.64e-03  -6.8 2.46e-02    -  1.00e+00 1.00e+00f  1
 201  1.2069965e+02 7.41e-05 4.78e-03  -6.8 1.55e-02    -  1.00e+00 5.00e-01h  2
 202  1.2069967e+02 9.37e-06 7.52e-04  -6.8 4.49e-03    -  1.00e+00 1.00e+00h  1
 203  1.2069968e+02 1.53e-07 1.39e-03  -6.8 9.52e-04    -  1.00e+00 1.00e+00h  1
 204  1.2069968e+02 4.33e-08 1.23e-03  -6.8 3.41e-04    -  1.00e+00 1.00e+00h  1
 205  1.2069968e+02 4.82e-08 8.33e-04  -6.8 2.08e-04    -  1.00e+00 1.00e+00h  1
 206  1.2069968e+02 1.77e-09 1.61e-05  -6.8 1.88e-04    -  1.00e+00 1.00e+00h  1
 207  1.2069968e+02 6.75e-12 1.66e-04  -6.8 1.63e-03    -  1.00e+00 1.00e+00H  1
 208  1.2069968e+02 4.62e-12 6.45e-03  -6.8 1.82e-02    -  1.00e+00 1.00e+00H  1
 209  1.2069968e+02 1.11e-11 6.60e-04  -6.8 1.21e-02    -  1.00e+00 1.00e+00H  1
iter    objective    inf_pr   inf_du lg(mu)  ||d||  lg(rg) alpha_du alpha_pr  ls
 210  1.2069968e+02 4.57e-06 3.11e-03  -6.8 4.37e-03    -  1.00e+00 1.00e+00h  1
 211  1.2069968e+02 3.23e-06 2.60e-04  -6.8 4.96e-03    -  1.00e+00 1.00e+00h  1
 212  1.2069968e+02 3.87e-08 9.38e-05  -6.8 1.51e-03    -  1.00e+00 1.00e+00h  1
 213  1.2069968e+02 6.77e-12 7.98e-03  -6.8 4.10e-02    -  1.00e+00 1.00e+00H  1
 214  1.2069968e+02 4.62e-12 7.98e-03  -6.8 4.45e-02    -  1.00e+00 1.53e-05h 17
 215  1.2069968e+02 4.65e-12 7.98e-03  -6.8 1.29e-02    -  1.00e+00 1.53e-05h 17
 216  1.2069968e+02 3.55e-12 3.17e-03  -6.8 1.93e-02    -  1.00e+00 1.00e+00H  1
 217  1.2069967e+02 3.03e-05 1.18e-02  -6.8 1.58e-02    -  1.00e+00 1.00e+00h  1
 218  1.2069965e+02 2.77e-05 1.59e-03  -6.8 2.36e-02    -  1.00e+00 1.00e+00h  1
 219  1.2069968e+02 3.09e-06 5.29e-03  -6.8 2.44e-03    -  1.00e+00 1.00e+00h  1
iter    objective    inf_pr   inf_du lg(mu)  ||d||  lg(rg) alpha_du alpha_pr  ls
 220  1.2069967e+02 2.02e-06 1.13e-04  -6.8 2.03e-03    -  1.00e+00 1.00e+00h  1
 221  1.2069968e+02 1.23e-08 2.27e-04  -6.8 1.68e-04    -  1.00e+00 1.00e+00h  1
 222  1.2069968e+02 5.52e-10 6.05e-04  -6.8 2.10e-03    -  1.00e+00 1.00e+00H  1
 223  1.2069968e+02 4.52e-12 2.75e-03  -6.8 6.95e-03    -  1.00e+00 1.00e+00H  1
 224  1.2069968e+02 5.06e-11 3.36e-03  -6.8 6.24e-03    -  1.00e+00 1.00e+00H  1
 225  1.2069968e+02 5.43e-07 2.51e-03  -6.8 7.95e-03    -  1.00e+00 1.25e-01h  4
 226  1.2069968e+02 4.25e-12 4.38e-03  -6.8 2.29e-03    -  1.00e+00 1.00e+00H  1
 227  1.2069968e+02 2.85e-06 1.47e-03  -6.8 2.29e-03    -  1.00e+00 1.00e+00h  1
 228  1.2069968e+02 4.87e-06 5.43e-03  -6.8 1.94e-03    -  1.00e+00 1.00e+00h  1
 229  1.2069968e+02 1.45e-06 2.48e-04  -6.8 1.39e-03    -  1.00e+00 1.00e+00h  1
iter    objective    inf_pr   inf_du lg(mu)  ||d||  lg(rg) alpha_du alpha_pr  ls
 230  1.2069968e+02 3.73e-08 3.42e-04  -6.8 1.22e-04    -  1.00e+00 1.00e+00h  1
 231  1.2069968e+02 7.37e-09 2.66e-05  -6.8 1.03e-04    -  1.00e+00 1.00e+00h  1
 232  1.2069968e+02 1.21e-08 1.68e-04  -6.8 4.96e-04    -  1.00e+00 1.00e+00h  1
 233  1.2069968e+02 7.06e-09 3.97e-03  -6.8 7.54e-03    -  1.00e+00 1.00e+00H  1
 234  1.2069968e+02 1.12e-11 1.19e-03  -6.8 3.03e-03    -  1.00e+00 1.00e+00H  1
 235  1.2069968e+02 2.07e-09 5.46e-04  -6.8 5.28e-03    -  1.00e+00 1.00e+00H  1
 236  1.2069968e+02 4.89e-07 5.09e-04  -6.8 2.64e-03    -  1.00e+00 1.00e+00h  1
 237  1.2069968e+02 1.98e-07 4.58e-04  -6.8 2.46e-03    -  1.00e+00 1.00e+00h  1
 238  1.2069968e+02 6.22e-12 1.31e-03  -6.8 9.48e-03    -  1.00e+00 1.00e+00H  1
 239  1.2069968e+02 5.24e-10 1.30e-03  -6.8 2.18e-02    -  1.00e+00 3.91e-03h  9
iter    objective    inf_pr   inf_du lg(mu)  ||d||  lg(rg) alpha_du alpha_pr  ls
 240  1.2069967e+02 1.25e-04 2.03e-02  -6.8 1.47e-01    -  1.00e+00 1.00e+00h  1
 241  1.2069961e+02 1.04e-03 5.35e-02  -6.8 1.59e-02    -  1.00e+00 1.00e+00h  1
 242  1.2069958e+02 5.72e-04 8.52e-03  -6.8 7.96e-02    -  1.00e+00 5.23e-01h  1
 243  1.2069958e+02 5.55e-04 9.76e-03  -6.8 1.34e-02    -  3.44e-01 3.12e-02h  6
 244  1.2069959e+02 4.80e-04 1.15e-02  -6.8 5.32e-02    -  1.00e+00 1.34e-01h  1
 245  1.2069960e+02 4.24e-04 2.89e-03  -6.8 1.51e-01    -  1.00e+00 1.25e-01f  4
 246  1.2069959e+02 3.38e-04 2.64e-02  -6.8 1.08e-01    -  7.33e-01 2.47e-01h  2
 247  1.2069963e+02 1.21e-04 8.29e-03  -6.8 1.33e-02    -  1.00e+00 6.53e-01h  1
 248  1.2069963e+02 1.13e-04 7.36e-03  -6.8 1.16e-02    -  7.48e-01 6.25e-02h  5
 249  1.2069963e+02 1.10e-04 1.53e-02  -6.8 5.62e-01    -  5.27e-01 2.06e-02h  2
iter    objective    inf_pr   inf_du lg(mu)  ||d||  lg(rg) alpha_du alpha_pr  ls
 250  1.2069964e+02 9.63e-05 7.01e-03  -6.8 7.48e-02    -  8.92e-01 1.25e-01h  4
 251  1.2069967e+02 7.15e-06 3.98e-03  -6.8 2.80e-02    -  1.00e+00 1.00e+00h  1
 252  1.2069967e+02 5.75e-05 1.37e-02  -6.8 7.72e-03    -  1.00e+00 1.00e+00h  1
 253  1.2069964e+02 5.98e-05 3.66e-03  -6.8 9.65e-03    -  1.00e+00 1.00e+00h  1
 254  1.2069968e+02 2.44e-06 1.34e-03  -6.8 8.54e-04    -  1.00e+00 1.00e+00h  1
 255  1.2069968e+02 3.89e-08 1.28e-03  -6.8 3.10e-03    -  1.00e+00 1.00e+00h  1
 256  1.2069968e+02 3.06e-06 7.32e-03  -6.8 2.46e-02    -  1.00e+00 1.00e+00h  1
 257  1.2069967e+02 1.17e-05 1.63e-03  -6.8 2.68e-03    -  1.00e+00 1.00e+00h  1
 258  1.2069968e+02 3.31e-06 1.03e-03  -6.8 1.80e-03    -  1.00e+00 1.00e+00h  1
 259  1.2069968e+02 1.86e-07 7.90e-04  -6.8 2.90e-03    -  1.00e+00 1.00e+00h  1
iter    objective    inf_pr   inf_du lg(mu)  ||d||  lg(rg) alpha_du alpha_pr  ls
 260  1.2069968e+02 2.14e-07 1.02e-03  -6.8 6.47e-02    -  1.00e+00 3.12e-02h  6
 261  1.2069968e+02 2.24e-07 2.17e-03  -6.8 3.94e-01    -  1.00e+00 4.03e-03h  8
 262  1.2069968e+02 2.34e-07 6.15e-03  -6.8 7.11e-01    -  1.00e+00 2.43e-03h  8
 263  1.2069968e+02 2.36e-07 2.93e-03  -6.8 3.22e-01    -  1.00e+00 3.49e-03h  9
 264  1.2069968e+02 2.37e-07 4.50e-03  -6.8 3.90e-01    -  1.00e+00 3.43e-03h  9
 265  1.2069967e+02 2.99e-04 1.64e-02  -6.8 3.82e-01    -  1.00e+00 1.00e+00h  1
 266  1.2069958e+02 2.81e-04 2.22e-02  -6.8 6.02e-02    -  1.00e+00 1.00e+00h  1
 267  1.2069945e+02 2.88e-04 1.18e-02  -6.8 2.73e-01    -  2.67e-01 5.35e-01h  1
 268  1.2069914e+02 1.72e-03 4.43e-02  -6.8 6.14e-01    -  2.39e-01 6.88e-01f  1
 269  1.2069884e+02 1.11e-03 3.82e-02  -6.8 5.09e-01    -  9.94e-03 3.83e-01f  1
iter    objective    inf_pr   inf_du lg(mu)  ||d||  lg(rg) alpha_du alpha_pr  ls
 270  1.2069868e+02 1.12e-03 1.56e-02  -6.8 1.84e+00    -  7.39e-02 3.44e-02h  1
 271  1.2069835e+02 4.20e-03 2.03e-01  -6.8 1.70e-01    -  8.70e-03 5.95e-01f  1
 272  1.2069830e+02 1.79e-03 2.57e-02  -6.8 1.73e-01    -  4.50e-03 8.20e-01f  1
 273  1.2069830e+02 1.79e-03 2.67e-02  -6.8 1.88e+00    -  5.86e-02 2.78e-03h  1
 274  1.2069917e+02 6.54e-04 3.34e-02  -6.8 1.24e-01    -  3.88e-01 8.23e-01h  1
 275  1.2069925e+02 4.24e-04 2.98e-02  -6.8 4.48e-02    -  2.44e-01 5.83e-01h  1
 276  1.2069927e+02 3.94e-04 2.65e-02  -6.8 3.96e-02    -  1.00e+00 7.19e-02h  1
 277  1.2069963e+02 1.10e-04 4.65e-03  -6.8 3.37e-02    -  8.51e-01 1.00e+00h  1
 278  1.2069964e+02 1.46e-04 1.79e-02  -6.8 1.58e-02    -  1.00e+00 1.00e+00h  1
 279  1.2069962e+02 9.11e-05 8.85e-04  -6.8 1.25e-02    -  1.00e+00 1.00e+00h  1
iter    objective    inf_pr   inf_du lg(mu)  ||d||  lg(rg) alpha_du alpha_pr  ls
 280  1.2069967e+02 8.19e-08 6.07e-04  -6.8 1.55e-04    -  1.00e+00 1.00e+00h  1
 281  1.2069967e+02 2.85e-06 9.21e-04  -6.8 7.52e-04    -  1.00e+00 1.00e+00h  1
 282  1.2069967e+02 1.18e-07 2.82e-03  -6.8 1.04e-03    -  1.00e+00 1.00e+00h  1
 283  1.2069967e+02 1.74e-07 8.80e-04  -6.8 4.75e-04    -  1.00e+00 1.00e+00h  1
 284  1.2069967e+02 3.49e-08 2.62e-04  -6.8 2.64e-04    -  1.00e+00 1.00e+00h  1
 285  1.2069967e+02 2.25e-11 1.20e-03  -6.8 1.16e-03    -  1.00e+00 1.00e+00H  1
 286  1.2069967e+02 4.06e-07 8.50e-04  -6.8 3.19e-03    -  1.00e+00 1.00e+00h  1
 287  1.2069967e+02 1.17e-06 1.70e-03  -6.8 3.49e-03    -  1.00e+00 1.00e+00h  1
 288  1.2069967e+02 1.21e-06 3.30e-04  -6.8 3.44e-03    -  1.00e+00 1.00e+00h  1
 289  1.2069967e+02 7.95e-07 1.01e-03  -6.8 7.88e-04    -  1.00e+00 1.00e+00h  1
iter    objective    inf_pr   inf_du lg(mu)  ||d||  lg(rg) alpha_du alpha_pr  ls
 290  1.2069967e+02 5.15e-07 8.73e-05  -6.8 6.62e-04    -  1.00e+00 1.00e+00h  1
 291  1.2069967e+02 2.78e-09 9.74e-05  -6.8 1.73e-04    -  1.00e+00 1.00e+00h  1
 292  1.2069967e+02 4.32e-08 3.83e-04  -6.8 7.99e-04    -  1.00e+00 1.00e+00h  1
 293  1.2069967e+02 6.57e-12 5.42e-03  -6.8 1.33e-02    -  1.00e+00 1.00e+00H  1
 294  1.2069967e+02 3.43e-06 4.79e-03  -6.8 5.52e-03    -  1.00e+00 1.00e+00h  1
 295  1.2069968e+02 6.75e-12 1.08e-02  -6.8 1.81e-02    -  1.00e+00 1.00e+00H  1
 296  1.2069966e+02 1.37e-05 7.35e-03  -6.8 7.57e-03    -  1.00e+00 1.00e+00h  1
 297  1.2069967e+02 3.91e-12 6.02e-03  -6.8 1.36e-02    -  1.00e+00 1.00e+00H  1
 298  1.2069967e+02 6.66e-06 3.41e-03  -6.8 5.27e-03    -  1.00e+00 1.00e+00h  1
 299  1.2069967e+02 7.74e-06 2.45e-03  -6.8 2.26e-03    -  1.00e+00 1.00e+00h  1
iter    objective    inf_pr   inf_du lg(mu)  ||d||  lg(rg) alpha_du alpha_pr  ls
 300  1.2069967e+02 3.30e-07 9.38e-04  -6.8 1.48e-03    -  1.00e+00 1.00e+00h  1
 301  1.2069967e+02 3.61e-07 6.67e-04  -6.8 5.38e-04    -  1.00e+00 1.00e+00h  1
 302  1.2069967e+02 1.27e-07 1.60e-04  -6.8 3.09e-04    -  1.00e+00 1.00e+00h  1
 303  1.2069967e+02 1.31e-09 7.42e-05  -6.8 8.03e-05    -  1.00e+00 1.00e+00h  1
 304  1.2069967e+02 1.66e-08 2.37e-04  -6.8 5.05e-04    -  1.00e+00 1.00e+00h  1
 305  1.2069967e+02 3.45e-12 4.97e-03  -6.8 9.01e-03    -  1.00e+00 1.00e+00H  1
 306  1.2069967e+02 3.86e-06 8.88e-04  -6.8 3.01e-03    -  1.00e+00 1.00e+00h  1
 307  1.2069967e+02 3.72e-12 1.41e-03  -6.8 6.83e-03    -  1.00e+00 1.00e+00H  1
 308  1.2069967e+02 4.20e-06 1.96e-03  -6.8 5.32e-03    -  1.00e+00 1.00e+00h  1
 309  1.2069968e+02 2.92e-12 5.70e-03  -6.8 8.13e-03    -  1.00e+00 1.00e+00H  1
iter    objective    inf_pr   inf_du lg(mu)  ||d||  lg(rg) alpha_du alpha_pr  ls
 310  1.2069967e+02 3.79e-06 3.68e-04  -6.8 5.14e-03    -  1.00e+00 1.00e+00h  1
 311  1.2069967e+02 1.01e-07 7.32e-04  -6.8 1.04e-03    -  1.00e+00 1.00e+00h  1
 312  1.2069967e+02 3.56e-08 4.48e-04  -6.8 4.03e-04    -  1.00e+00 1.00e+00h  1
 313  1.2069967e+02 2.93e-09 2.81e-04  -6.8 2.15e-04    -  1.00e+00 1.00e+00h  1
 314  1.2069967e+02 3.98e-12 2.98e-04  -6.8 3.68e-04    -  1.00e+00 1.00e+00H  1
 315  1.2069967e+02 7.11e-12 3.76e-04  -6.8 1.84e-03    -  1.00e+00 1.00e+00H  1
 316  1.2069967e+02 3.24e-09 5.39e-04  -6.8 9.16e-02    -  1.00e+00 7.81e-03h  8
 317  1.2069967e+02 4.66e-09 4.45e-04  -6.8 1.22e-01    -  1.00e+00 3.91e-03h  9
 318  1.2069968e+02 2.92e-12 5.77e-03  -6.8 5.97e-02    -  1.00e+00 1.00e+00H  1
 319  1.2069968e+02 3.20e-12 5.77e-03  -6.8 1.43e-01    -  1.00e+00 4.66e-10h 32
iter    objective    inf_pr   inf_du lg(mu)  ||d||  lg(rg) alpha_du alpha_pr  ls
 320  1.2069962e+02 6.61e-04 3.36e-02  -6.8 2.91e-02    -  5.88e-01 1.00e+00f  1
 321  1.2069948e+02 5.85e-04 5.87e-03  -6.8 2.94e-02    -  1.00e+00 1.00e+00h  1
 322  1.2069965e+02 1.55e-04 3.88e-02  -6.8 6.97e-02    -  4.31e-01 1.00e+00h  1
 323  1.2069965e+02 9.35e-05 9.39e-03  -6.8 3.75e-02    -  1.00e+00 4.33e-01h  1
 324  1.2069963e+02 9.47e-05 8.92e-03  -6.8 2.82e-02    -  1.00e+00 1.00e+00f  1
 325  1.2069966e+02 2.52e-05 5.72e-03  -6.8 4.89e-03    -  1.00e+00 1.00e+00h  1
 326  1.2069967e+02 2.07e-05 6.46e-03  -6.8 5.34e-03    -  1.00e+00 1.00e+00h  1
 327  1.2069967e+02 1.69e-07 6.48e-04  -6.8 4.65e-04    -  1.00e+00 1.00e+00h  1
 328  1.2069967e+02 3.49e-08 3.46e-04  -6.8 2.60e-04    -  1.00e+00 1.00e+00h  1
 329  1.2069967e+02 4.17e-09 2.34e-04  -6.8 7.95e-05    -  1.00e+00 1.00e+00h  1
iter    objective    inf_pr   inf_du lg(mu)  ||d||  lg(rg) alpha_du alpha_pr  ls
 330  1.2069967e+02 1.36e-08 2.51e-04  -6.8 1.62e-04    -  1.00e+00 1.00e+00h  1
 331  1.2069967e+02 3.97e-11 1.17e-03  -6.8 9.04e-04    -  1.00e+00 1.00e+00H  1
 332  1.2069967e+02 1.12e-10 5.12e-04  -6.8 1.11e-03    -  1.00e+00 1.00e+00H  1
 333  1.2069967e+02 3.85e-12 1.31e-03  -6.8 1.18e-03    -  1.00e+00 1.00e+00H  1
 334  1.2069967e+02 3.02e-07 1.42e-04  -6.8 8.62e-04    -  1.00e+00 1.00e+00h  1
 335  1.2069967e+02 5.15e-09 3.21e-04  -6.8 2.94e-04    -  1.00e+00 1.00e+00h  1
 336  1.2069967e+02 3.72e-12 3.85e-03  -6.8 6.51e-03    -  1.00e+00 1.00e+00H  1
 337  1.2069967e+02 1.07e-06 6.61e-04  -6.8 1.34e-03    -  1.00e+00 1.00e+00h  1
 338  1.2069967e+02 5.71e-12 8.91e-04  -6.8 5.98e-03    -  1.00e+00 1.00e+00H  1
 339  1.2069967e+02 7.90e-08 1.86e-03  -6.8 8.97e-03    -  1.00e+00 6.25e-02h  5
iter    objective    inf_pr   inf_du lg(mu)  ||d||  lg(rg) alpha_du alpha_pr  ls
 340  1.2069967e+02 1.72e-10 1.78e-04  -6.8 2.52e-03    -  1.00e+00 1.00e+00H  1
 341  1.2069967e+02 1.61e-08 7.70e-04  -6.8 8.39e-03    -  1.00e+00 6.25e-02h  5
 342  1.2069967e+02 1.01e-07 3.30e-04  -6.8 3.90e-04    -  1.00e+00 1.00e+00h  1
 343  1.2069967e+02 1.59e-11 2.25e-04  -6.8 7.86e-04    -  1.00e+00 1.00e+00H  1
 344  1.2069967e+02 7.11e-12 2.05e-03  -6.8 1.47e-03    -  1.00e+00 1.00e+00H  1
 345  1.2069967e+02 9.97e-08 2.61e-04  -6.8 4.58e-04    -  1.00e+00 1.00e+00h  1
 346  1.2069967e+02 2.14e-08 2.61e-04  -6.8 4.59e-04    -  1.00e+00 1.00e+00h  1
 347  1.2069967e+02 3.16e-08 1.97e-04  -6.8 5.77e-04    -  1.00e+00 1.00e+00h  1
 348  1.2069967e+02 3.43e-08 1.43e-04  -6.8 1.89e-04    -  1.00e+00 1.00e+00h  1
 349  1.2069967e+02 1.17e-09 7.34e-05  -6.8 9.83e-05    -  1.00e+00 1.00e+00h  1
iter    objective    inf_pr   inf_du lg(mu)  ||d||  lg(rg) alpha_du alpha_pr  ls
 350  1.2069967e+02 2.78e-09 1.25e-04  -6.8 3.57e-04    -  1.00e+00 1.00e+00h  1
 351  1.2069967e+02 8.53e-10 9.12e-04  -6.8 2.70e-02    -  1.00e+00 1.00e+00H  1
 352  1.2069967e+02 4.17e-09 9.02e-04  -6.8 4.62e-01    -  1.00e+00 1.54e-03h 10
 353  1.2069967e+02 3.21e-08 7.46e-04  -6.8 8.82e-02    -  1.00e+00 1.56e-02h  7
 354  1.2069967e+02 4.68e-08 7.76e-04  -6.8 4.97e-02    -  1.00e+00 1.56e-02h  7
 355  1.2069967e+02 4.98e-08 7.08e-04  -6.8 4.67e-02    -  1.00e+00 7.81e-03h  8
 356  1.2069967e+02 1.37e-05 5.38e-03  -6.8 1.24e-01    -  1.00e+00 1.00e+00h  1
 357  1.2069965e+02 1.88e-04 1.53e-02  -6.8 1.32e-01    -  1.00e+00 1.00e+00h  1
 358  1.2069959e+02 3.77e-04 4.10e-02  -6.8 8.28e-01    -  4.84e-01 2.32e-01h  1
 359  1.2069947e+02 5.92e-04 4.20e-02  -6.8 6.17e-01    -  2.31e-01 2.98e-01h  1
iter    objective    inf_pr   inf_du lg(mu)  ||d||  lg(rg) alpha_du alpha_pr  ls
 360  1.2069944e+02 5.50e-04 3.76e-02  -6.8 2.87e-01    -  6.56e-02 8.12e-02h  1
 361  1.2069913e+02 7.70e-04 3.73e-02  -6.8 1.93e+00    -  1.12e-01 1.63e-01f  1
 362  1.2069881e+02 1.67e-03 6.64e-02  -6.8 1.90e+00    -  1.88e-01 1.87e-01f  1
 363  1.2069859e+02 1.27e-03 4.35e-02  -6.8 3.75e-01    -  2.74e-02 3.52e-01f  1
 364  1.2069842e+02 1.23e-03 3.34e-02  -6.8 5.85e-01    -  1.73e-01 3.38e-02f  1
 365  1.2069878e+02 5.92e-04 1.82e-02  -6.8 2.36e-01    -  6.75e-01 5.73e-01h  1
 366  1.2069864e+02 7.19e-04 6.58e-02  -6.8 9.19e-02    -  1.62e-01 2.50e-01h  1
 367  1.2069935e+02 3.05e-04 8.11e-03  -6.8 1.97e-02    -  1.00e+00 1.00e+00h  1
 368  1.2069967e+02 9.65e-06 5.87e-03  -6.8 4.09e-03    -  1.00e+00 1.00e+00h  1
 369  1.2069967e+02 4.85e-06 2.98e-03  -6.8 1.24e-03    -  1.00e+00 5.00e-01h  2
iter    objective    inf_pr   inf_du lg(mu)  ||d||  lg(rg) alpha_du alpha_pr  ls
 370  1.2069967e+02 2.32e-06 1.38e-03  -6.8 8.24e-04    -  1.00e+00 5.00e-01h  2
 371  1.2069967e+02 9.95e-07 5.37e-04  -6.8 1.04e-03    -  1.00e+00 5.00e-01h  2
 372  1.2069967e+02 3.59e-09 9.51e-04  -6.8 2.24e-03    -  1.00e+00 1.00e+00H  1
 373  1.2069967e+02 6.05e-11 1.22e-02  -6.8 2.89e-03    -  1.00e+00 1.00e+00H  1
 374  1.2069967e+02 6.48e-06 8.33e-04  -6.8 1.83e-03    -  1.00e+00 1.00e+00h  1
 375  1.2069967e+02 1.65e-07 9.60e-04  -6.8 4.05e-04    -  1.00e+00 1.00e+00h  1
 376  1.2069967e+02 2.29e-08 1.48e-04  -6.8 4.44e-04    -  1.00e+00 1.00e+00h  1
 377  1.2069967e+02 1.37e-11 6.06e-04  -6.8 1.82e-03    -  1.00e+00 1.00e+00H  1
 378  1.2069967e+02 6.93e-12 7.14e-04  -6.8 3.68e-03    -  1.00e+00 1.00e+00H  1
 379  1.2069967e+02 6.14e-07 1.34e-03  -6.8 1.95e-03    -  1.00e+00 1.00e+00h  1
iter    objective    inf_pr   inf_du lg(mu)  ||d||  lg(rg) alpha_du alpha_pr  ls
 380  1.2069967e+02 8.19e-07 6.90e-04  -6.8 1.49e-03    -  1.00e+00 1.00e+00h  1
 381  1.2069967e+02 1.98e-07 4.98e-04  -6.8 1.09e-03    -  1.00e+00 1.00e+00h  1
 382  1.2069967e+02 5.39e-08 3.37e-04  -6.8 8.58e-04    -  1.00e+00 1.00e+00h  1
 383  1.2069967e+02 9.52e-11 4.85e-04  -6.8 1.63e-03    -  1.00e+00 1.00e+00H  1
 384  1.2069967e+02 5.61e-08 2.29e-04  -6.8 3.83e-04    -  1.00e+00 1.00e+00h  1
 385  1.2069967e+02 3.15e-08 1.97e-04  -6.8 2.64e-04    -  1.00e+00 1.00e+00h  1
 386  1.2069967e+02 6.05e-09 1.50e-04  -6.8 7.02e-04    -  1.00e+00 1.00e+00h  1
 387  1.2069967e+02 4.52e-12 2.44e-03  -6.8 1.38e-02    -  1.00e+00 1.00e+00H  1
 388  1.2069967e+02 4.65e-12 2.44e-03  -6.8 2.68e-02    -  1.00e+00 3.81e-06h 19
 389  1.2069967e+02 4.62e-12 2.44e-03  -6.8 1.37e-02    -  1.00e+00 4.77e-07h 22
iter    objective    inf_pr   inf_du lg(mu)  ||d||  lg(rg) alpha_du alpha_pr  ls
 390  1.2069967e+02 7.88e-07 2.77e-03  -6.8 3.18e-03    -  1.00e+00 1.00e+00h  1
 391  1.2069967e+02 8.04e-07 3.88e-03  -6.8 1.03e-03    -  1.00e+00 1.00e+00h  1
 392  1.2069967e+02 5.46e-07 2.07e-04  -6.8 1.32e-03    -  1.00e+00 1.00e+00h  1
 393  1.2069967e+02 2.18e-09 1.00e-04  -6.8 3.23e-04    -  1.00e+00 1.00e+00h  1
 394  1.2069967e+02 3.59e-12 1.68e-03  -6.8 9.06e-03    -  1.00e+00 1.00e+00H  1
 395  1.2069967e+02 3.66e-06 1.74e-03  -6.8 2.06e-03    -  1.00e+00 1.00e+00h  1
 396  1.2069967e+02 1.02e-09 1.55e-03  -6.8 5.04e-03    -  1.00e+00 1.00e+00H  1
 397  1.2069967e+02 4.12e-07 1.33e-03  -6.8 5.76e-03    -  1.00e+00 2.50e-01h  3
 398  1.2069967e+02 1.53e-07 2.82e-04  -6.8 7.64e-04    -  1.00e+00 1.00e+00h  1
 399  1.2069967e+02 1.75e-08 1.46e-04  -6.8 4.00e-04    -  1.00e+00 1.00e+00h  1
iter    objective    inf_pr   inf_du lg(mu)  ||d||  lg(rg) alpha_du alpha_pr  ls
 400  1.2069967e+02 1.45e-08 2.98e-04  -6.8 3.82e-04    -  1.00e+00 1.00e+00h  1
 401  1.2069967e+02 1.39e-10 9.89e-04  -6.8 1.14e-03    -  1.00e+00 1.00e+00H  1
 402  1.2069967e+02 1.73e-08 6.13e-04  -6.8 3.08e-04    -  1.00e+00 1.00e+00h  1
 403  1.2069967e+02 5.04e-08 1.02e-04  -6.8 3.14e-04    -  1.00e+00 1.00e+00h  1
 404  1.2069967e+02 1.39e-08 3.22e-04  -6.8 2.76e-04    -  1.00e+00 1.00e+00h  1
 405  1.2069967e+02 2.42e-09 4.73e-05  -6.8 3.57e-04    -  1.00e+00 1.00e+00h  1
 406  1.2069967e+02 2.35e-11 7.87e-04  -6.8 1.26e-03    -  1.00e+00 1.00e+00H  1
 407  1.2069967e+02 2.55e-11 1.91e-04  -6.8 3.55e-04    -  1.00e+00 1.00e+00H  1
 408  1.2069967e+02 1.48e-11 4.11e-04  -6.8 1.66e-04    -  1.00e+00 1.00e+00H  1
 409  1.2069967e+02 5.19e-08 1.10e-04  -6.8 2.46e-04    -  1.00e+00 1.00e+00h  1
iter    objective    inf_pr   inf_du lg(mu)  ||d||  lg(rg) alpha_du alpha_pr  ls
 410  1.2069967e+02 2.33e-09 3.75e-04  -6.8 3.21e-04    -  1.00e+00 1.00e+00h  1
 411  1.2069967e+02 4.97e-12 9.43e-05  -6.8 1.22e-03    -  1.00e+00 1.00e+00H  1
 412  1.2069967e+02 1.92e-09 3.18e-04  -6.8 1.29e-02    -  1.00e+00 3.12e-02h  6
 413  1.2069967e+02 3.19e-12 7.31e-04  -6.8 4.92e-04    -  1.00e+00 1.00e+00H  1
 414  1.2069967e+02 2.35e-08 1.83e-04  -6.8 3.72e-04    -  1.00e+00 1.00e+00h  1
 415  1.2069967e+02 4.99e-12 2.51e-04  -6.8 2.18e-04    -  1.00e+00 1.00e+00H  1
 416  1.2069967e+02 1.80e-08 7.96e-05  -6.8 3.16e-04    -  1.00e+00 1.00e+00h  1
 417  1.2069967e+02 5.05e-12 3.91e-04  -6.8 5.63e-04    -  1.00e+00 1.00e+00H  1
 418  1.2069967e+02 4.40e-09 8.26e-05  -6.8 6.81e-04    -  1.00e+00 1.00e+00h  1
 419  1.2069967e+02 2.66e-12 3.24e-04  -6.8 1.63e-03    -  1.00e+00 1.00e+00H  1
iter    objective    inf_pr   inf_du lg(mu)  ||d||  lg(rg) alpha_du alpha_pr  ls
 420  1.2069967e+02 3.30e-07 7.66e-04  -6.8 3.81e-04    -  1.00e+00 1.00e+00h  1
 421  1.2069967e+02 2.14e-08 3.02e-04  -6.8 3.89e-04    -  1.00e+00 1.00e+00h  1
 422  1.2069967e+02 5.33e-09 4.90e-05  -6.8 6.21e-04    -  1.00e+00 1.00e+00h  1
 423  1.2069967e+02 5.31e-09 2.02e-04  -6.8 5.14e-03    -  1.00e+00 6.25e-02h  5
 424  1.2069967e+02 1.02e-11 1.87e-04  -6.8 5.86e-03    -  1.00e+00 1.00e+00H  1
 425  1.2069967e+02 1.41e-09 3.92e-04  -6.8 9.22e-02    -  1.00e+00 3.91e-03h  9
 426  1.2069967e+02 2.53e-09 7.60e-04  -6.8 1.42e-01    -  1.00e+00 1.95e-03h 10
 427  1.2069967e+02 4.01e-09 2.27e-04  -6.8 5.61e-02    -  1.00e+00 7.81e-03h  8
 428  1.2069967e+02 1.05e-05 2.33e-03  -6.8 6.71e-02    -  1.00e+00 1.00e+00h  1
 429  1.2069967e+02 1.20e-04 6.41e-03  -6.8 1.23e-01    -  1.00e+00 1.00e+00h  1
iter    objective    inf_pr   inf_du lg(mu)  ||d||  lg(rg) alpha_du alpha_pr  ls
 430  1.2069959e+02 1.33e-03 7.22e-02  -6.8 2.29e-01    -  6.24e-01 1.00e+00h  1
 431  1.2069856e+02 1.86e-03 2.26e-02  -6.8 5.47e-02    -  4.32e-02 1.00e+00h  1
 432  1.2069881e+02 1.39e-03 7.13e-03  -6.8 7.81e-02    -  1.00e+00 2.55e-01h  1
 433  1.2069966e+02 4.44e-05 1.52e-02  -6.8 4.14e-02    -  8.82e-01 1.00e+00h  1
 434  1.2069965e+02 7.73e-05 1.40e-02  -6.8 2.84e-02    -  1.00e+00 8.40e-01h  1
 435  1.2069963e+02 1.49e-04 1.24e-02  -6.8 2.03e-02    -  1.00e+00 1.00e+00f  1
 436  1.2069967e+02 3.10e-05 1.02e-02  -6.8 6.38e-03    -  1.00e+00 1.00e+00h  1
 437  1.2069967e+02 1.01e-05 1.29e-03  -6.8 2.01e-03    -  1.00e+00 1.00e+00h  1
 438  1.2069967e+02 1.82e-08 2.80e-04  -6.8 6.82e-04    -  1.00e+00 1.00e+00h  1
 439  1.2069967e+02 3.11e-07 1.76e-03  -6.8 3.57e-04    -  1.00e+00 1.00e+00h  1
iter    objective    inf_pr   inf_du lg(mu)  ||d||  lg(rg) alpha_du alpha_pr  ls
 440  1.2069967e+02 1.05e-07 1.84e-04  -6.8 3.94e-04    -  1.00e+00 1.00e+00h  1
 441  1.2069967e+02 1.98e-08 1.37e-04  -6.8 7.05e-05    -  1.00e+00 1.00e+00h  1
 442  1.2069967e+02 3.79e-09 4.17e-05  -6.8 4.76e-05    -  1.00e+00 1.00e+00h  1
 443  1.2069967e+02 1.51e-11 3.18e-04  -6.8 3.33e-04    -  1.00e+00 1.00e+00H  1
 444  1.2069967e+02 4.91e-12 5.45e-04  -6.8 7.50e-04    -  1.00e+00 1.00e+00H  1
 445  1.2069967e+02 1.39e-07 5.76e-04  -6.8 3.23e-04    -  1.00e+00 1.00e+00h  1
 446  1.2069967e+02 7.37e-08 1.24e-04  -6.8 2.75e-04    -  1.00e+00 5.00e-01h  2
 447  1.2069967e+02 5.63e-08 2.62e-04  -6.8 1.08e-04    -  1.00e+00 1.00e+00h  1
 448  1.2069967e+02 1.74e-08 1.25e-04  -6.8 6.96e-05    -  1.00e+00 1.00e+00h  1
 449  1.2069967e+02 4.33e-10 2.71e-05  -6.8 4.33e-05    -  1.00e+00 1.00e+00h  1
iter    objective    inf_pr   inf_du lg(mu)  ||d||  lg(rg) alpha_du alpha_pr  ls
 450  1.2069967e+02 5.05e-12 1.32e-04  -6.8 4.40e-04    -  1.00e+00 1.00e+00H  1
 451  1.2069967e+02 2.84e-12 1.23e-03  -6.8 6.93e-03    -  1.00e+00 1.00e+00H  1
 452  1.2069967e+02 2.37e-06 9.25e-04  -6.8 2.99e-03    -  1.00e+00 1.00e+00h  1
 453  1.2069967e+02 2.27e-06 6.50e-04  -6.8 1.37e-02    -  1.00e+00 1.25e-01h  4
 454  1.2069967e+02 2.02e-06 6.19e-04  -6.8 1.01e-02    -  1.00e+00 1.25e-01h  4
 455  1.2069967e+02 4.43e-06 6.51e-03  -6.8 2.27e-03    -  1.00e+00 1.00e+00h  1
 456  1.2069967e+02 1.46e-06 2.10e-03  -6.8 2.00e-03    -  1.00e+00 1.00e+00h  1
 457  1.2069967e+02 2.76e-06 2.99e-03  -6.8 8.29e-04    -  1.00e+00 1.00e+00h  1
 458  1.2069967e+02 1.28e-06 9.79e-05  -6.8 5.19e-04    -  1.00e+00 1.00e+00h  1
 459  1.2069967e+02 5.10e-10 4.61e-05  -6.8 2.54e-05    -  1.00e+00 1.00e+00h  1
iter    objective    inf_pr   inf_du lg(mu)  ||d||  lg(rg) alpha_du alpha_pr  ls
 460  1.2069967e+02 1.85e-08 1.89e-04  -6.8 2.06e-04    -  1.00e+00 1.00e+00h  1
 461  1.2069967e+02 5.98e-09 7.69e-05  -6.8 5.75e-04    -  1.00e+00 1.00e+00h  1
 462  1.2069967e+02 5.60e-09 6.42e-05  -6.8 2.68e-03    -  1.00e+00 1.25e-01h  4
 463  1.2069967e+02 4.26e-12 6.16e-04  -6.8 4.25e-04    -  1.00e+00 1.00e+00H  1
 464  1.2069967e+02 1.02e-07 2.71e-04  -6.8 3.78e-04    -  1.00e+00 1.00e+00h  1
 465  1.2069967e+02 4.93e-08 6.23e-04  -6.8 2.00e-04    -  1.00e+00 1.00e+00h  1
 466  1.2069967e+02 5.95e-08 4.35e-05  -6.8 2.52e-04    -  1.00e+00 1.00e+00h  1
 467  1.2069967e+02 1.21e-09 6.84e-05  -6.8 9.24e-05    -  1.00e+00 1.00e+00h  1
 468  1.2069967e+02 6.72e-10 5.04e-05  -6.8 2.10e-04    -  1.00e+00 1.00e+00h  1
 469  1.2069967e+02 1.88e-09 7.84e-05  -6.8 5.47e-03    -  1.00e+00 6.25e-02h  5
iter    objective    inf_pr   inf_du lg(mu)  ||d||  lg(rg) alpha_du alpha_pr  ls
 470  1.2069967e+02 3.19e-12 4.54e-04  -6.8 4.54e-03    -  1.00e+00 1.00e+00H  1
 471  1.2069967e+02 3.51e-07 4.31e-04  -6.8 7.11e-04    -  1.00e+00 1.00e+00h  1
 472  1.2069967e+02 1.99e-07 7.38e-05  -6.8 2.54e-03    -  1.00e+00 5.00e-01h  2
 473  1.2069967e+02 1.25e-07 6.95e-04  -6.8 1.18e-03    -  1.00e+00 5.00e-01h  2
 474  1.2069967e+02 2.13e-08 5.13e-04  -6.8 6.39e-04    -  1.00e+00 1.00e+00h  1
 475  1.2069967e+02 4.37e-11 6.64e-04  -6.8 2.68e-04    -  1.00e+00 1.00e+00H  1
 476  1.2069967e+02 2.09e-08 1.64e-04  -6.8 1.91e-04    -  1.00e+00 1.00e+00h  1
 477  1.2069967e+02 7.43e-10 9.52e-05  -6.8 3.55e-05    -  1.00e+00 1.00e+00h  1
 478  1.2069967e+02 1.50e-10 1.73e-05  -6.8 2.73e-05    -  1.00e+00 1.00e+00h  1
 479  1.2069967e+02 4.64e-10 3.47e-05  -6.8 4.59e-05    -  1.00e+00 1.00e+00h  1
iter    objective    inf_pr   inf_du lg(mu)  ||d||  lg(rg) alpha_du alpha_pr  ls
 480  1.2069967e+02 4.65e-12 9.63e-05  -6.8 5.42e-04    -  1.00e+00 1.00e+00H  1
 481  1.2069967e+02 3.19e-12 1.28e-04  -6.8 3.50e-04    -  1.00e+00 1.00e+00H  1
 482  1.2069967e+02 6.67e-09 6.87e-05  -6.8 2.67e-04    -  1.00e+00 5.00e-01h  2
 483  1.2069967e+02 3.19e-12 3.20e-05  -6.8 1.89e-04    -  1.00e+00 1.00e+00H  1
 484  1.2069967e+02 1.96e-09 1.88e-04  -6.8 1.01e-04    -  1.00e+00 1.00e+00h  1
 485  1.2069967e+02 7.48e-10 2.87e-05  -6.8 6.82e-05    -  1.00e+00 1.00e+00h  1
 486  1.2069967e+02 3.70e-10 3.36e-05  -6.8 6.38e-05    -  1.00e+00 1.00e+00h  1
 487  1.2069967e+02 4.80e-12 1.37e-04  -6.8 7.81e-04    -  1.00e+00 1.00e+00H  1
 488  1.2069967e+02 1.49e-09 1.61e-04  -6.8 1.59e-02    -  1.00e+00 1.56e-02h  7
 489  1.2069967e+02 1.91e-09 1.40e-04  -6.8 5.15e-03    -  1.00e+00 1.56e-02h  7
iter    objective    inf_pr   inf_du lg(mu)  ||d||  lg(rg) alpha_du alpha_pr  ls
 490  1.2069967e+02 2.38e-09 1.42e-04  -6.8 6.02e-03    -  1.00e+00 1.56e-02h  7
 491  1.2069967e+02 2.59e-09 1.30e-04  -6.8 3.57e-03    -  1.00e+00 1.56e-02h  7
 492  1.2069967e+02 9.82e-07 2.01e-03  -6.8 8.61e-03    -  1.00e+00 1.00e+00h  1
 493  1.2069967e+02 5.24e-07 3.20e-04  -6.8 1.34e-03    -  1.00e+00 1.00e+00h  1
 494  1.2069967e+02 9.40e-10 2.58e-03  -6.8 9.36e-03    -  1.00e+00 1.00e+00H  1
 495  1.2069967e+02 1.35e-06 3.91e-03  -6.8 9.43e-03    -  1.00e+00 1.00e+00h  1
 496  1.2069967e+02 4.22e-06 8.47e-04  -6.8 1.62e-02    -  1.00e+00 1.00e+00h  1
 497  1.2069967e+02 3.36e-05 4.22e-03  -6.8 5.15e-02    -  1.00e+00 1.00e+00h  1
 498  1.2069966e+02 4.37e-05 1.25e-02  -6.8 1.29e-02    -  1.00e+00 1.00e+00h  1
 499  1.2069961e+02 5.15e-05 1.47e-03  -6.8 4.89e-02    -  1.00e+00 1.00e+00h  1
iter    objective    inf_pr   inf_du lg(mu)  ||d||  lg(rg) alpha_du alpha_pr  ls
 500  1.2069967e+02 1.52e-05 1.43e-02  -6.8 4.90e-03    -  1.00e+00 1.00e+00h  1
 501  1.2069966e+02 1.18e-05 4.48e-04  -6.8 4.09e-03    -  1.00e+00 1.00e+00h  1
 502  1.2069967e+02 2.87e-08 1.19e-04  -6.8 1.33e-03    -  1.00e+00 1.00e+00h  1
 503  1.2069967e+02 6.81e-10 1.88e-03  -6.8 1.14e-02    -  1.00e+00 1.00e+00H  1
 504  1.2069967e+02 1.05e-06 1.61e-03  -6.8 6.77e-03    -  1.00e+00 1.00e+00h  1
 505  1.2069967e+02 3.05e-11 1.82e-03  -6.8 1.97e-02    -  1.00e+00 1.00e+00H  1
 506  1.2069975e+02 6.11e-12 5.55e-02  -6.8 4.54e-02    -  1.00e+00 1.00e+00H  1
 507  1.2069959e+02 2.19e-04 8.61e-04  -6.8 4.78e-02    -  8.16e-01 1.00e+00f  1
 508  1.2069967e+02 5.41e-06 2.34e-03  -6.8 4.46e-03    -  1.00e+00 1.00e+00h  1
 509  1.2069967e+02 8.50e-07 1.06e-03  -6.8 2.36e-03    -  1.00e+00 1.00e+00h  1
iter    objective    inf_pr   inf_du lg(mu)  ||d||  lg(rg) alpha_du alpha_pr  ls
 510  1.2069967e+02 3.91e-06 1.02e-03  -6.8 1.88e-03    -  1.00e+00 1.00e+00h  1
 511  1.2069967e+02 8.47e-08 8.28e-04  -6.8 1.20e-03    -  1.00e+00 1.00e+00h  1
 512  1.2069967e+02 3.90e-08 2.38e-04  -6.8 3.62e-04    -  1.00e+00 1.00e+00h  1
 513  1.2069967e+02 5.63e-09 8.60e-05  -6.8 1.26e-04    -  1.00e+00 1.00e+00h  1
 514  1.2069967e+02 2.27e-10 2.98e-05  -6.8 2.65e-05    -  1.00e+00 1.00e+00h  1
 515  1.2069967e+02 1.53e-10 2.05e-05  -6.8 2.70e-05    -  1.00e+00 1.00e+00h  1
 516  1.2069967e+02 5.15e-12 1.70e-04  -6.8 4.77e-04    -  1.00e+00 1.00e+00H  1
 517  1.2069967e+02 1.98e-08 3.66e-04  -6.8 1.07e-04    -  1.00e+00 1.00e+00h  1
 518  1.2069967e+02 2.68e-09 6.44e-05  -6.8 8.28e-05    -  1.00e+00 1.00e+00h  1
 519  1.2069967e+02 8.65e-10 4.13e-05  -6.8 5.66e-05    -  1.00e+00 1.00e+00h  1
iter    objective    inf_pr   inf_du lg(mu)  ||d||  lg(rg) alpha_du alpha_pr  ls
 520  1.2069967e+02 6.84e-10 2.96e-05  -6.8 9.37e-05    -  1.00e+00 1.00e+00h  1
 521  1.2069967e+02 4.25e-12 7.69e-05  -6.8 1.86e-04    -  1.00e+00 1.00e+00H  1
 522  1.2069967e+02 2.92e-12 7.47e-05  -6.8 5.27e-04    -  1.00e+00 1.00e+00H  1
 523  1.2069967e+02 2.84e-12 4.92e-04  -6.8 7.83e-04    -  1.00e+00 1.00e+00H  1
 524  1.2069967e+02 4.78e-12 4.82e-04  -6.8 7.09e-04    -  1.00e+00 1.00e+00H  1
 525  1.2069967e+02 3.20e-12 2.70e-03  -6.8 1.70e-03    -  1.00e+00 1.00e+00H  1
 526  1.2069967e+02 1.17e-07 9.90e-05  -6.8 1.74e-03    -  1.00e+00 1.00e+00h  1
 527  1.2069967e+02 1.03e-07 9.10e-05  -6.8 4.47e-04    -  1.00e+00 1.25e-01h  4
 528  1.2069967e+02 2.40e-09 8.18e-05  -6.8 4.99e-05    -  1.00e+00 1.00e+00h  1
 529  1.2069967e+02 6.13e-10 3.89e-05  -6.8 3.22e-05    -  1.00e+00 1.00e+00h  1
iter    objective    inf_pr   inf_du lg(mu)  ||d||  lg(rg) alpha_du alpha_pr  ls
 530  1.2069967e+02 1.06e-10 5.46e-06  -6.8 1.17e-05    -  1.00e+00 1.00e+00h  1
 531  1.2069967e+02 4.38e-11 3.20e-06  -6.8 1.09e-05    -  1.00e+00 1.00e+00h  1
 532  1.2069967e+02 4.25e-12 3.92e-05  -6.8 4.12e-04    -  1.00e+00 1.00e+00H  1
 533  1.2069967e+02 3.16e-11 6.26e-05  -6.8 2.83e-03    -  1.00e+00 3.91e-03h  9
 534  1.2069967e+02 5.28e-11 4.75e-05  -6.8 2.85e-03    -  1.00e+00 1.95e-03h 10
 535  1.2069967e+02 3.85e-12 1.37e-04  -6.8 1.83e-03    -  1.00e+00 1.00e+00H  1
 536  1.2069967e+02 3.72e-12 4.25e-04  -6.8 1.74e-03    -  1.00e+00 1.00e+00H  1
 537  1.2069967e+02 3.32e-12 1.61e-04  -6.8 2.70e-03    -  1.00e+00 1.00e+00H  1
 538  1.2069967e+02 3.19e-12 7.68e-04  -6.8 1.01e-03    -  1.00e+00 1.00e+00H  1
 539  1.2069967e+02 3.32e-07 1.82e-04  -6.8 7.30e-04    -  1.00e+00 1.00e+00h  1
iter    objective    inf_pr   inf_du lg(mu)  ||d||  lg(rg) alpha_du alpha_pr  ls
 540  1.2069967e+02 8.51e-09 3.92e-04  -6.8 8.41e-05    -  1.00e+00 1.00e+00h  1
 541  1.2069967e+02 2.62e-09 1.45e-05  -6.8 5.18e-05    -  1.00e+00 1.00e+00h  1
 542  1.2069967e+02 8.91e-11 1.01e-05  -6.8 2.13e-05    -  1.00e+00 1.00e+00h  1
 543  1.2069967e+02 3.20e-12 1.35e-04  -6.8 6.20e-04    -  1.00e+00 1.00e+00H  1
 544  1.2069967e+02 4.04e-10 1.48e-04  -6.8 1.37e-02    -  1.00e+00 7.81e-03h  8
 545  1.2069967e+02 3.19e-12 6.89e-04  -6.8 6.64e-03    -  1.00e+00 1.00e+00H  1
 546  1.2069967e+02 7.58e-08 2.16e-04  -6.8 1.20e-03    -  1.00e+00 1.00e+00h  1
 547  1.2069967e+02 3.55e-12 3.83e-04  -6.8 3.96e-03    -  1.00e+00 1.00e+00H  1
 548  1.2069967e+02 3.55e-12 3.83e-04  -6.8 2.39e-03    -  1.00e+00 1.16e-10h 34
 549  1.2069967e+02 5.05e-12 2.33e-04  -6.8 2.08e-03    -  1.00e+00 1.00e+00H  1
iter    objective    inf_pr   inf_du lg(mu)  ||d||  lg(rg) alpha_du alpha_pr  ls
 550  1.2069967e+02 1.04e-08 4.01e-04  -6.8 3.31e-04    -  1.00e+00 2.50e-01h  3
 551  1.2069967e+02 1.42e-08 1.93e-04  -6.8 1.99e-04    -  1.00e+00 1.00e+00h  1
 552  1.2069967e+02 1.20e-09 2.41e-04  -6.8 7.93e-05    -  1.00e+00 1.00e+00h  1
 553  1.2069967e+02 3.49e-10 3.75e-06  -6.8 7.90e-05    -  1.00e+00 1.00e+00h  1
 554  1.2069967e+02 2.19e-10 8.69e-06  -6.8 4.51e-05    -  1.00e+00 1.00e+00h  1
 555  1.2069967e+02 3.72e-12 7.51e-05  -6.8 9.85e-04    -  1.00e+00 1.00e+00H  1
 556  1.2069967e+02 1.59e-10 7.64e-05  -6.8 2.00e-03    -  1.00e+00 1.56e-02h  7
 557  1.2069967e+02 4.62e-12 5.32e-05  -6.8 4.51e-04    -  1.00e+00 1.00e+00H  1
 558  1.2069967e+02 3.55e-12 2.18e-04  -6.8 6.53e-04    -  1.00e+00 1.00e+00H  1
 559  1.2069967e+02 7.49e-12 2.26e-05  -6.8 6.90e-04    -  1.00e+00 1.00e+00H  1
iter    objective    inf_pr   inf_du lg(mu)  ||d||  lg(rg) alpha_du alpha_pr  ls
 560  1.2069967e+02 2.00e-09 1.89e-04  -6.8 2.21e-04    -  1.00e+00 1.00e+00h  1
 561  1.2069967e+02 1.34e-09 4.50e-05  -6.8 8.98e-05    -  1.00e+00 1.00e+00h  1
 562  1.2069967e+02 7.39e-10 3.99e-05  -6.8 2.85e-05    -  1.00e+00 1.00e+00h  1
 563  1.2069967e+02 1.39e-10 2.84e-05  -6.8 2.04e-05    -  1.00e+00 1.00e+00h  1
 564  1.2069967e+02 1.41e-10 1.89e-05  -6.8 2.63e-05    -  1.00e+00 1.00e+00h  1
 565  1.2069967e+02 1.69e-10 8.86e-06  -6.8 6.74e-05    -  1.00e+00 1.00e+00h  1
 566  1.2069967e+02 1.33e-07 3.79e-04  -6.8 4.56e-03    -  1.00e+00 1.00e+00h  1
 567  1.2069967e+02 4.91e-08 7.12e-04  -6.8 1.87e-03    -  1.00e+00 1.00e+00h  1
 568  1.2069967e+02 2.13e-07 3.90e-04  -6.8 5.83e-03    -  1.00e+00 1.00e+00h  1
 569  1.2069967e+02 3.38e-06 1.80e-03  -6.8 1.37e-02    -  1.00e+00 1.00e+00h  1
iter    objective    inf_pr   inf_du lg(mu)  ||d||  lg(rg) alpha_du alpha_pr  ls
 570  1.2069967e+02 3.48e-06 1.29e-04  -6.8 1.51e-02    -  1.00e+00 1.00e+00h  1
 571  1.2069967e+02 1.04e-06 1.04e-03  -6.8 3.90e-03    -  1.00e+00 1.00e+00h  1
 572  1.2069967e+02 6.85e-07 1.46e-04  -6.8 3.87e-03    -  1.00e+00 1.00e+00h  1
 573  1.2069967e+02 1.25e-08 1.75e-04  -6.8 1.20e-04    -  1.00e+00 1.00e+00h  1
 574  1.2069967e+02 8.19e-09 2.44e-05  -6.8 1.03e-04    -  1.00e+00 1.00e+00h  1
 575  1.2069967e+02 9.09e-11 6.24e-06  -6.8 4.96e-06    -  1.00e+00 1.00e+00h  1
 576  1.2069967e+02 6.71e-11 4.68e-06  -6.8 1.59e-05    -  1.00e+00 1.00e+00h  1
 577  1.2069967e+02 3.95e-10 8.67e-06  -6.8 8.84e-05    -  1.00e+00 1.00e+00h  1
 578  1.2069967e+02 3.19e-12 6.31e-05  -6.8 8.28e-04    -  1.00e+00 1.00e+00H  1
 579  1.2069967e+02 4.26e-12 2.13e-04  -6.8 7.27e-04    -  1.00e+00 1.00e+00H  1
iter    objective    inf_pr   inf_du lg(mu)  ||d||  lg(rg) alpha_du alpha_pr  ls
 580  1.2069967e+02 3.92e-08 3.87e-04  -6.8 1.01e-03    -  1.00e+00 1.00e+00h  1
 581  1.2069967e+02 1.19e-07 1.21e-03  -6.8 2.33e-03    -  1.00e+00 5.00e-01h  2
 582  1.2069967e+02 8.52e-08 1.40e-04  -6.8 1.49e-03    -  1.00e+00 1.00e+00h  1
 583  1.2069967e+02 4.78e-08 4.59e-04  -6.8 4.69e-04    -  1.00e+00 1.00e+00h  1
 584  1.2069967e+02 3.53e-08 3.63e-05  -6.8 4.09e-04    -  1.00e+00 1.00e+00h  1
 585  1.2069967e+02 1.02e-09 3.01e-05  -6.8 2.84e-05    -  1.00e+00 1.00e+00h  1
 586  1.2069967e+02 6.14e-11 2.01e-06  -6.8 1.25e-05    -  1.00e+00 1.00e+00h  1
 587  1.2069967e+02 2.23e-11 1.49e-06  -6.8 4.45e-06    -  1.00e+00 1.00e+00h  1
 588  1.2069960e+02 1.18e-06 2.78e-03  -7.0 3.54e-03    -  1.00e+00 1.00e+00f  1
 589  1.2069960e+02 9.45e-07 1.31e-03  -7.0 1.08e-03    -  1.00e+00 1.00e+00h  1
iter    objective    inf_pr   inf_du lg(mu)  ||d||  lg(rg) alpha_du alpha_pr  ls
 590  1.2069960e+02 1.87e-06 3.63e-04  -7.0 5.21e-04    -  1.00e+00 1.00e+00h  1
 591  1.2069960e+02 5.20e-08 4.98e-04  -7.0 3.72e-04    -  1.00e+00 1.00e+00h  1
 592  1.2069960e+02 1.61e-07 2.17e-04  -7.0 6.61e-04    -  1.00e+00 1.00e+00h  1
 593  1.2069960e+02 5.70e-11 1.59e-03  -7.0 2.41e-03    -  1.00e+00 1.00e+00H  1
 594  1.2069960e+02 3.72e-12 1.08e-03  -7.0 2.82e-03    -  1.00e+00 1.00e+00H  1
 595  1.2069960e+02 4.99e-07 1.07e-03  -7.0 1.34e-03    -  1.00e+00 1.00e+00h  1
 596  1.2069960e+02 2.38e-07 7.50e-04  -7.0 7.49e-04    -  1.00e+00 1.00e+00h  1
 597  1.2069960e+02 6.25e-08 2.02e-04  -7.0 7.26e-04    -  1.00e+00 1.00e+00h  1
 598  1.2069960e+02 4.10e-09 4.67e-05  -7.0 8.28e-05    -  1.00e+00 1.00e+00h  1
 599  1.2069960e+02 1.69e-08 1.72e-04  -7.0 1.92e-04    -  1.00e+00 1.00e+00h  1
iter    objective    inf_pr   inf_du lg(mu)  ||d||  lg(rg) alpha_du alpha_pr  ls
 600  1.2069960e+02 1.14e-11 3.80e-04  -7.0 8.06e-04    -  1.00e+00 1.00e+00H  1
 601  1.2069960e+02 2.92e-12 3.09e-04  -7.0 9.76e-04    -  1.00e+00 1.00e+00H  1
 602  1.2069960e+02 4.62e-12 8.06e-04  -7.0 6.14e-04    -  1.00e+00 1.00e+00H  1
 603  1.2069960e+02 8.05e-08 2.22e-03  -7.0 4.55e-04    -  1.00e+00 1.00e+00h  1
 604  1.2069960e+02 4.48e-08 2.69e-04  -7.0 4.65e-04    -  1.00e+00 1.00e+00h  1
 605  1.2069960e+02 1.07e-09 5.36e-05  -7.0 6.30e-05    -  1.00e+00 1.00e+00h  1
 606  1.2069960e+02 7.73e-10 5.30e-05  -7.0 5.84e-05    -  1.00e+00 1.00e+00h  1
 607  1.2069960e+02 1.37e-09 7.47e-05  -7.0 2.13e-04    -  1.00e+00 1.00e+00h  1
 608  1.2069960e+02 6.75e-12 2.06e-04  -7.0 1.18e-03    -  1.00e+00 1.00e+00H  1
 609  1.2069960e+02 1.10e-11 1.27e-04  -7.0 1.11e-03    -  1.00e+00 1.00e+00H  1
iter    objective    inf_pr   inf_du lg(mu)  ||d||  lg(rg) alpha_du alpha_pr  ls
 610  1.2069960e+02 3.98e-12 8.06e-04  -7.0 6.17e-04    -  1.00e+00 1.00e+00H  1
 611  1.2069960e+02 1.12e-07 4.87e-04  -7.0 2.82e-04    -  1.00e+00 1.00e+00h  1
 612  1.2069960e+02 3.63e-09 4.03e-04  -7.0 4.88e-04    -  1.00e+00 1.00e+00h  1
 613  1.2069960e+02 4.08e-12 1.73e-04  -7.0 1.86e-03    -  1.00e+00 1.00e+00H  1
 614  1.2069960e+02 2.29e-09 1.38e-04  -7.0 4.32e-03    -  1.00e+00 6.25e-02h  5
 615  1.2069960e+02 3.19e-12 1.05e-03  -7.0 3.07e-03    -  1.00e+00 1.00e+00H  1
 616  1.2069960e+02 3.19e-12 1.05e-03  -7.0 1.98e-03    -  1.00e+00 1.82e-12h 40
 617  1.2069960e+02 8.46e-07 4.04e-04  -7.0 2.08e-03    -  1.00e+00 1.00e+00s 45
 618  1.2069960e+02 3.91e-06 1.41e-03  -7.0 2.39e-03    -  1.00e+00 0.00e+00S 45
 619  1.2069960e+02 3.34e-06 7.82e-04  -7.0 2.17e-03    -  1.00e+00 1.00e+00h  1
iter    objective    inf_pr   inf_du lg(mu)  ||d||  lg(rg) alpha_du alpha_pr  ls
 620  1.2069960e+02 2.99e-07 3.29e-03  -7.0 7.32e-04    -  1.00e+00 1.00e+00h  1
 621  1.2069960e+02 2.31e-07 2.70e-04  -7.0 5.70e-04    -  1.00e+00 1.00e+00h  1
 622  1.2069960e+02 1.29e-09 1.07e-04  -7.0 4.65e-05    -  1.00e+00 1.00e+00h  1
 623  1.2069960e+02 2.82e-10 2.18e-05  -7.0 1.51e-05    -  1.00e+00 1.00e+00h  1
 624  1.2069960e+02 3.15e-09 1.17e-04  -7.0 1.38e-04    -  1.00e+00 1.00e+00h  1
 625  1.2069960e+02 2.68e-08 2.60e-04  -7.0 8.20e-04    -  1.00e+00 1.00e+00h  1
 626  1.2069960e+02 1.89e-08 2.04e-04  -7.0 3.48e-04    -  1.00e+00 1.00e+00h  1
 627  1.2069960e+02 1.15e-08 1.98e-04  -7.0 4.56e-04    -  1.00e+00 1.00e+00h  1
 628  1.2069960e+02 2.22e-08 3.95e-04  -7.0 1.92e-04    -  1.00e+00 1.00e+00h  1
 629  1.2069960e+02 1.36e-08 5.46e-05  -7.0 2.08e-04    -  1.00e+00 1.00e+00h  1
iter    objective    inf_pr   inf_du lg(mu)  ||d||  lg(rg) alpha_du alpha_pr  ls
 630  1.2069960e+02 8.18e-10 9.59e-05  -7.0 1.20e-04    -  1.00e+00 1.00e+00h  1
 631  1.2069960e+02 1.91e-09 1.71e-04  -7.0 3.63e-04    -  1.00e+00 1.00e+00h  1
 632  1.2069960e+02 1.22e-10 9.84e-04  -7.0 6.57e-03    -  1.00e+00 1.00e+00H  1
 633  1.2069960e+02 4.55e-10 8.75e-04  -7.0 2.70e-03    -  1.00e+00 1.00e+00H  1
 634  1.2069960e+02 3.32e-12 1.91e-03  -7.0 7.93e-03    -  1.00e+00 1.00e+00H  1
 635  1.2069960e+02 2.92e-06 2.28e-03  -7.0 2.32e-03    -  1.00e+00 1.00e+00h  1
 636  1.2069959e+02 1.32e-06 7.60e-04  -7.0 5.48e-03    -  1.00e+00 1.00e+00h  1
 637  1.2069960e+02 9.94e-07 4.21e-04  -7.0 6.37e-04    -  1.00e+00 2.50e-01h  3
 638  1.2069960e+02 4.40e-09 1.89e-04  -7.0 5.68e-05    -  1.00e+00 1.00e+00h  1
 639  1.2069960e+02 8.46e-10 1.01e-04  -7.0 1.07e-04    -  1.00e+00 1.00e+00h  1
iter    objective    inf_pr   inf_du lg(mu)  ||d||  lg(rg) alpha_du alpha_pr  ls
 640  1.2069960e+02 3.91e-12 1.56e-04  -7.0 2.86e-04    -  1.00e+00 1.00e+00H  1
 641  1.2069960e+02 2.86e-12 4.10e-04  -7.0 6.87e-04    -  1.00e+00 1.00e+00H  1
 642  1.2069960e+02 1.07e-08 1.50e-04  -7.0 2.41e-04    -  1.00e+00 1.00e+00h  1
 643  1.2069960e+02 2.13e-08 3.14e-04  -7.0 3.53e-04    -  1.00e+00 1.00e+00h  1
 644  1.2069960e+02 6.33e-09 9.01e-05  -7.0 3.26e-04    -  1.00e+00 1.00e+00h  1
 645  1.2069960e+02 3.32e-09 8.87e-05  -7.0 2.88e-04    -  1.00e+00 1.00e+00h  1
 646  1.2069960e+02 3.45e-09 2.77e-05  -7.0 6.60e-05    -  1.00e+00 1.00e+00h  1
 647  1.2069960e+02 2.77e-10 2.53e-05  -7.0 3.49e-05    -  1.00e+00 1.00e+00h  1
 648  1.2069960e+02 2.08e-10 2.58e-05  -7.0 5.95e-05    -  1.00e+00 1.00e+00h  1
 649  1.2069960e+02 3.45e-12 1.27e-03  -7.0 4.30e-03    -  1.00e+00 1.00e+00H  1
iter    objective    inf_pr   inf_du lg(mu)  ||d||  lg(rg) alpha_du alpha_pr  ls
 650  1.2069960e+02 3.19e-12 1.27e-03  -7.0 1.39e-02    -  1.00e+00 7.45e-09h 28
 651  1.2069960e+02 4.12e-12 1.27e-03  -7.0 4.48e-02    -  1.00e+00 7.45e-09h 28
 652  1.2069960e+02 4.12e-12 1.27e-03  -7.0 2.18e-02    -  1.00e+00 2.27e-13h 43
 653  1.2069960e+02 3.59e-12 1.27e-03  -7.0 2.11e-02    -  1.00e+00 1.49e-08h 27
 654  1.2069960e+02 8.46e-07 1.40e-03  -7.0 1.09e-02    -  1.00e+00 1.00e+00h  1
 655  1.2069960e+02 7.09e-06 5.04e-03  -7.0 4.29e-02    -  1.00e+00 1.00e+00h  1
 656  1.2069959e+02 1.17e-05 3.04e-03  -7.0 3.78e-02    -  1.00e+00 1.00e+00h  1
 657  1.2069957e+02 8.47e-05 2.09e-02  -7.0 7.03e-02    -  7.05e-01 1.00e+00h  1
 658  1.2069952e+02 9.33e-05 1.57e-02  -7.0 5.51e-02    -  1.00e+00 1.00e+00h  1
 659  1.2069952e+02 9.22e-05 3.50e-02  -7.0 1.65e-02    -  2.30e-01 5.22e-01h  1
iter    objective    inf_pr   inf_du lg(mu)  ||d||  lg(rg) alpha_du alpha_pr  ls
 660  1.2069952e+02 8.93e-05 3.40e-02  -7.0 1.01e-02    -  1.00e+00 3.12e-02f  6
 661  1.2069956e+02 5.55e-05 6.89e-03  -7.0 7.01e-03    -  2.76e-01 9.17e-01h  1
 662  1.2069957e+02 5.20e-05 6.35e-03  -7.0 7.77e-03    -  1.00e+00 6.25e-02f  5
 663  1.2069959e+02 6.51e-06 1.42e-03  -7.0 5.32e-03    -  4.25e-01 1.00e+00h  1
 664  1.2069960e+02 2.55e-06 2.39e-03  -7.0 1.39e-03    -  1.00e+00 1.00e+00h  1
 665  1.2069960e+02 4.69e-07 9.73e-04  -7.0 1.09e-03    -  1.00e+00 1.00e+00h  1
 666  1.2069960e+02 6.06e-08 4.48e-04  -7.0 1.49e-04    -  1.00e+00 1.00e+00h  1
 667  1.2069960e+02 6.59e-10 1.27e-03  -7.0 6.50e-04    -  1.00e+00 1.00e+00H  1
 668  1.2069960e+02 1.13e-07 1.06e-03  -7.0 3.39e-04    -  1.00e+00 1.00e+00h  1
 669  1.2069960e+02 1.28e-07 9.08e-05  -7.0 2.18e-04    -  1.00e+00 1.00e+00h  1
iter    objective    inf_pr   inf_du lg(mu)  ||d||  lg(rg) alpha_du alpha_pr  ls
 670  1.2069960e+02 1.71e-09 2.06e-04  -7.0 3.79e-05    -  1.00e+00 1.00e+00h  1
 671  1.2069960e+02 1.09e-09 4.20e-05  -7.0 3.34e-05    -  1.00e+00 1.00e+00h  1
 672  1.2069960e+02 6.98e-11 5.59e-06  -7.0 1.47e-05    -  1.00e+00 1.00e+00h  1
 673  1.2069960e+02 5.15e-12 1.24e-04  -7.0 1.91e-04    -  1.00e+00 1.00e+00H  1
 674  1.2069960e+02 2.78e-09 8.41e-05  -7.0 2.78e-04    -  1.00e+00 1.00e+00h  1
 675  1.2069960e+02 4.33e-09 1.25e-04  -7.0 3.42e-04    -  1.00e+00 1.00e+00h  1
 676  1.2069960e+02 7.67e-09 8.56e-05  -7.0 2.04e-04    -  1.00e+00 1.00e+00h  1
 677  1.2069960e+02 2.97e-09 7.44e-05  -7.0 1.26e-04    -  1.00e+00 1.00e+00h  1
 678  1.2069960e+02 8.69e-10 4.14e-05  -7.0 1.77e-04    -  1.00e+00 1.00e+00h  1
 679  1.2069960e+02 3.20e-12 3.21e-04  -7.0 5.35e-04    -  1.00e+00 1.00e+00H  1
iter    objective    inf_pr   inf_du lg(mu)  ||d||  lg(rg) alpha_du alpha_pr  ls
 680  1.2069960e+02 1.12e-08 1.09e-04  -7.0 1.21e-04    -  1.00e+00 1.00e+00h  1
 681  1.2069960e+02 8.44e-09 3.64e-04  -7.0 9.20e-05    -  1.00e+00 1.00e+00h  1
 682  1.2069960e+02 2.15e-09 2.82e-05  -7.0 1.34e-04    -  1.00e+00 1.00e+00h  1
 683  1.2069960e+02 4.76e-10 4.03e-05  -7.0 2.39e-04    -  1.00e+00 1.00e+00h  1
 684  1.2069960e+02 1.04e-11 4.27e-04  -7.0 8.12e-03    -  1.00e+00 1.00e+00H  1
 685  1.2069960e+02 2.60e-10 4.36e-04  -7.0 8.73e-02    -  1.00e+00 9.77e-04h 11
 686  1.2069960e+02 4.55e-10 4.35e-04  -7.0 3.36e-02    -  1.00e+00 1.95e-03h 10
 687  1.2069960e+02 7.54e-10 4.29e-04  -7.0 2.42e-02    -  1.00e+00 3.91e-03h  9
 688  1.2069960e+02 2.66e-12 3.26e-03  -7.0 1.06e-02    -  1.00e+00 1.00e+00H  1
 689  1.2069960e+02 4.73e-06 4.86e-03  -7.0 6.29e-02    -  1.00e+00 1.00e+00h  1
iter    objective    inf_pr   inf_du lg(mu)  ||d||  lg(rg) alpha_du alpha_pr  ls
 690  1.2069959e+02 3.02e-04 2.64e-02  -7.0 9.17e-02    -  1.00e+00 3.81e-01h  1
 691  1.2069943e+02 1.33e-04 1.14e-02  -7.0 3.64e-02    -  1.38e-02 1.00e+00f  1
 692  1.2069958e+02 7.60e-05 1.22e-02  -7.0 4.34e-02    -  1.00e+00 1.00e+00h  1
 693  1.2069958e+02 7.09e-05 2.13e-02  -7.0 1.35e-01    -  4.96e-01 2.02e-01h  3
 694  1.2069959e+02 1.56e-05 8.85e-03  -7.0 1.10e-02    -  1.00e+00 1.00e+00h  1
 695  1.2069958e+02 9.26e-06 4.24e-03  -7.0 2.17e-02    -  1.00e+00 1.00e+00h  1
 696  1.2069959e+02 9.20e-06 6.51e-03  -7.0 3.48e-03    -  1.00e+00 1.00e+00h  1
 697  1.2069959e+02 6.16e-06 9.79e-04  -7.0 2.86e-03    -  1.00e+00 1.00e+00h  1
 698  1.2069960e+02 1.16e-08 3.27e-04  -7.0 4.94e-04    -  1.00e+00 1.00e+00h  1
 699  1.2069960e+02 2.42e-08 6.42e-04  -7.0 1.14e-03    -  1.00e+00 1.00e+00h  1
iter    objective    inf_pr   inf_du lg(mu)  ||d||  lg(rg) alpha_du alpha_pr  ls
 700  1.2069960e+02 5.48e-07 1.12e-03  -7.0 5.47e-03    -  1.00e+00 1.00e+00h  1
 701  1.2069960e+02 1.60e-06 2.21e-03  -7.0 8.61e-04    -  1.00e+00 1.00e+00h  1
 702  1.2069960e+02 4.07e-07 1.02e-03  -7.0 4.19e-03    -  1.00e+00 1.00e+00h  1
 703  1.2069960e+02 2.33e-07 2.93e-03  -7.0 1.14e-03    -  1.00e+00 1.00e+00h  1
 704  1.2069960e+02 2.10e-07 3.39e-05  -7.0 1.12e-03    -  1.00e+00 1.00e+00h  1
 705  1.2069960e+02 1.43e-09 8.35e-05  -7.0 4.51e-05    -  1.00e+00 1.00e+00h  1
 706  1.2069960e+02 4.42e-10 2.21e-05  -7.0 2.62e-05    -  1.00e+00 1.00e+00h  1
 707  1.2069960e+02 2.61e-08 7.22e-04  -7.0 4.19e-04    -  1.00e+00 1.00e+00h  1
 708  1.2069960e+02 1.25e-07 4.46e-04  -7.0 3.32e-04    -  1.00e+00 1.00e+00h  1
 709  1.2069960e+02 5.13e-08 2.58e-04  -7.0 2.25e-04    -  1.00e+00 1.00e+00h  1
iter    objective    inf_pr   inf_du lg(mu)  ||d||  lg(rg) alpha_du alpha_pr  ls
 710  1.2069960e+02 7.11e-08 2.60e-04  -7.0 1.42e-04    -  1.00e+00 1.00e+00h  1
 711  1.2069960e+02 5.60e-08 9.82e-05  -7.0 1.13e-04    -  1.00e+00 1.00e+00h  1
 712  1.2069960e+02 6.20e-10 9.18e-05  -7.0 4.53e-05    -  1.00e+00 1.00e+00h  1
 713  1.2069960e+02 3.81e-10 1.54e-05  -7.0 4.90e-05    -  1.00e+00 1.00e+00h  1
 714  1.2069960e+02 3.65e-09 2.33e-04  -7.0 1.39e-04    -  1.00e+00 1.00e+00h  1
 715  1.2069960e+02 2.55e-09 5.01e-05  -7.0 1.39e-04    -  1.00e+00 1.00e+00h  1
 716  1.2069960e+02 4.83e-09 2.25e-04  -7.0 1.11e-04    -  1.00e+00 1.00e+00h  1
 717  1.2069960e+02 3.70e-09 1.63e-05  -7.0 9.05e-05    -  1.00e+00 1.00e+00h  1
 718  1.2069960e+02 2.64e-10 1.66e-05  -7.0 3.47e-05    -  1.00e+00 1.00e+00h  1
 719  1.2069960e+02 6.85e-11 1.42e-03  -7.0 2.38e-03    -  1.00e+00 1.00e+00H  1
iter    objective    inf_pr   inf_du lg(mu)  ||d||  lg(rg) alpha_du alpha_pr  ls
 720  1.2069960e+02 1.09e-07 6.08e-04  -7.0 4.26e-04    -  1.00e+00 1.00e+00h  1
 721  1.2069960e+02 8.58e-11 1.85e-04  -7.0 2.13e-03    -  1.00e+00 1.00e+00H  1
 722  1.2069960e+02 7.27e-08 1.16e-03  -7.0 1.39e-03    -  1.00e+00 2.50e-01h  3
 723  1.2069960e+02 4.83e-08 2.00e-05  -7.0 3.28e-04    -  1.00e+00 1.00e+00h  1
 724  1.2069960e+02 1.28e-10 3.01e-05  -7.0 1.37e-05    -  1.00e+00 1.00e+00h  1
 725  1.2069960e+02 3.67e-09 6.21e-05  -7.0 9.25e-05    -  1.00e+00 1.00e+00h  1
 726  1.2069960e+02 4.61e-09 7.37e-05  -7.0 3.56e-05    -  1.00e+00 1.00e+00h  1
 727  1.2069960e+02 1.01e-09 8.99e-05  -7.0 6.43e-05    -  1.00e+00 1.00e+00h  1
 728  1.2069960e+02 3.76e-09 1.54e-04  -7.0 4.22e-05    -  1.00e+00 1.00e+00h  1
 729  1.2069960e+02 1.42e-09 7.71e-06  -7.0 3.73e-05    -  1.00e+00 1.00e+00h  1
iter    objective    inf_pr   inf_du lg(mu)  ||d||  lg(rg) alpha_du alpha_pr  ls
 730  1.2069960e+02 1.48e-10 9.90e-06  -7.0 7.95e-06    -  1.00e+00 1.00e+00h  1
 731  1.2069960e+02 6.42e-11 2.38e-06  -7.0 4.82e-06    -  1.00e+00 1.00e+00h  1
 732  1.2069960e+02 1.45e-10 1.79e-05  -7.0 1.76e-05    -  1.00e+00 1.00e+00h  1
 733  1.2069960e+02 3.55e-12 1.23e-04  -7.0 1.97e-04    -  1.00e+00 1.00e+00H  1
 734  1.2069960e+02 2.61e-09 1.38e-04  -7.0 6.07e-05    -  1.00e+00 1.00e+00h  1
 735  1.2069960e+02 4.62e-12 4.12e-05  -7.0 1.51e-04    -  1.00e+00 1.00e+00H  1
 736  1.2069960e+02 4.78e-12 1.60e-04  -7.0 4.11e-05    -  1.00e+00 1.00e+00H  1
 737  1.2069960e+02 1.59e-09 7.57e-06  -7.0 3.55e-05    -  1.00e+00 1.00e+00h  1
 738  1.2069960e+02 6.31e-11 3.56e-06  -7.0 6.65e-06    -  1.00e+00 1.00e+00h  1
 739  1.2069960e+02 3.91e-12 1.00e-04  -7.0 1.25e-04    -  1.00e+00 1.00e+00H  1
iter    objective    inf_pr   inf_du lg(mu)  ||d||  lg(rg) alpha_du alpha_pr  ls
 740  1.2069960e+02 1.55e-09 3.36e-05  -7.0 3.76e-05    -  1.00e+00 1.00e+00h  1
 741  1.2069960e+02 3.85e-12 2.56e-05  -7.0 7.69e-05    -  1.00e+00 1.00e+00H  1
 742  1.2069960e+02 3.45e-12 3.80e-04  -7.0 1.24e-04    -  1.00e+00 1.00e+00H  1
 743  1.2069960e+02 6.98e-09 6.21e-06  -7.0 1.26e-04    -  1.00e+00 1.00e+00h  1
 744  1.2069960e+02 6.13e-09 1.51e-05  -7.0 3.00e-05    -  1.00e+00 1.25e-01h  4
 745  1.2069960e+02 6.12e-11 1.74e-05  -7.0 7.28e-06    -  1.00e+00 1.00e+00h  1
 746  1.2069960e+02 5.56e-11 1.17e-05  -7.0 3.67e-06    -  1.00e+00 1.00e+00h  1
 747  1.2069960e+02 4.39e-11 6.23e-07  -7.0 1.64e-06    -  1.00e+00 1.00e+00h  1

Number of Iterations....: 747

                                   (scaled)                 (unscaled)
Objective...............:   1.2069959614217476e+02    1.2069959614217476e+02
Dual infeasibility......:   6.2335624573250925e-07    6.2335624573250925e-07
Constraint violation....:   4.3942309252030211e-11    4.3942309252030211e-11
Complementarity.........:   9.0909090936951165e-08    9.0909090936951165e-08
Overall NLP error.......:   6.2335624573250925e-07    6.2335624573250925e-07


Number of objective function evaluations             = 2033
Number of objective gradient evaluations             = 748
Number of equality constraint evaluations            = 2033
Number of inequality constraint evaluations          = 2033
Number of equality constraint Jacobian evaluations   = 748
Number of inequality constraint Jacobian evaluations = 748
Number of Lagrangian Hessian evaluations             = 0
Total CPU secs in IPOPT (w/o function evaluations)   =     78.330
Total CPU secs in NLP function evaluations           =   1413.300

EXIT: Optimal Solution Found.
