
 ==============================
 S N O P T  7.7.1    (Nov 2018)
 ==============================
 
 SNMEMB EXIT 100 -- finished successfully
 SNMEMB INFO 104 -- memory requirements estimated

 ==============================
 S N O P T  7.7.1    (Nov 2018)
 ==============================
 
 

 Nonlinear constraints    3794     Linear constraints       0
 Nonlinear variables      2004     Linear variables         0
 Jacobian  variables      2004     Objective variables   2004
 Total constraints        3794     Total variables       2004
 

 
 The user has defined  200861   out of  200861   constraint gradients.
 The user has defined    2004   out of    2004   objective  gradients.
 

        Minor NumInf  FP mult  FP step   rgNorm         SumInf     nS
          100    424 -7.5E+03  1.2E-11           1.7326547E+02

        Minor NumInf  FP mult  FP step   rgNorm         SumInf     nS
          200    402  4.9E+00  1.3E-01           1.5762915E+02

        Minor NumInf  FP mult  FP step   rgNorm         SumInf     nS
          300    338 -6.6E+01  3.1E-02           9.8264826E+01

        Minor NumInf  FP mult  FP step   rgNorm         SumInf     nS
          400    287  7.0E+00  2.9E-02           4.5802972E+01

        Minor NumInf  FP mult  FP step   rgNorm         SumInf     nS
          500    239  9.3E+00  4.5E-02           1.7570017E+01

        Minor NumInf  FP mult  FP step   rgNorm         SumInf     nS
          600    147  7.9E-01  5.4E-04           1.2452847E+00

        Minor NumInf  FP mult  FP step   rgNorm         SumInf     nS
          700     48  6.7E-01  1.2E-02           7.0622784E-01

        Minor NonOpt  QP mult  QP step   rgNorm   QP objective     nS
          800    562  2.8E+01  2.7E-01  3.9E-10  6.5686569E+02      4

        Minor NonOpt  QP mult  QP step   rgNorm   QP objective     nS
          900    541  3.8E+00  1.0E+00  1.4E-09  4.7120934E+02     26

        Minor NonOpt  QP mult  QP step   rgNorm   QP objective     nS
         1000    509 -1.6E+00  1.0E+00  3.3E-06  4.4501884E+02     66

        Minor NonOpt  QP mult  QP step   rgNorm   QP objective     nS
         1100    482           1.0E+00  8.0E-11  4.3848692E+02     95

 Major Minors     Step   nCon Feasible  Optimal  MeritFunction     nS Penalty
     0   1149               1  4.4E+00  1.4E+00  1.0000000E+02    108           r  T

        Minor NumInf  FP mult  FP step   rgNorm         SumInf     nS
          100     56           2.0E-01  3.8E-01  4.9063453E+01      8

        Minor NumInf  FP mult  FP step   rgNorm         SumInf     nS
          200      7  6.1E-01  1.7E-02           4.0326468E+00

        Minor NumInf  FP mult  FP step   rgNorm         SumInf     nS
          300      7  3.0E-03  1.3E+01           3.8082433E+00

        Minor NumInf  FP mult  FP step   rgNorm         SumInf     nS
          400      7  3.4E-05  5.4E+04           3.7951062E+00

        Minor NonOpt  QP mult  QP step   rgNorm Elastic QP obj     nS
          500    490           9.1E-01  1.3E+01  2.3880869E+05      2

        Minor NonOpt  QP mult  QP step   rgNorm Elastic QP obj     nS
          600    453 -1.8E+01  1.0E+00  1.5E-08  2.3735631E+05     22

        Minor NonOpt  QP mult  QP step   rgNorm Elastic QP obj     nS
          700    377           1.0E+00  8.3E-10  2.3719881E+05     50

        Minor NonOpt  QP mult  QP step   rgNorm Elastic QP obj     nS
          800    339           1.0E+00  1.3E-08  2.3716858E+05     82

        Minor NonOpt  QP mult  QP step   rgNorm Elastic QP obj     nS
          900     60           1.0E+00  2.2E-09  2.3715994E+05    122

        Minor NonOpt  QP mult  QP step   rgNorm Elastic QP obj     nS
         1000     16  2.4E-01  1.0E+00  4.8E-07  2.3715814E+05    163

 Major Minors     Step   nCon Feasible  Optimal  MeritFunction     nS Penalty
     1   1028  2.2E-01      2  2.3E+01  2.1E+00  6.3596824E+02    176 1.2E+01   rliT

        Minor NonOpt  QP mult  QP step   rgNorm Elastic QP obj     nS
          100                  9.3E-06  1.5E+01  2.3599905E+05     76

        Minor NonOpt  QP mult  QP step   rgNorm Elastic QP obj     nS
          200    103 -3.9E-01  1.9E-01  3.1E-01  2.3595362E+05     33

 Major Minors     Step   nCon Feasible  Optimal  MeritFunction     nS Penalty
     2    231  2.7E-05      5  2.3E+01  2.1E+00  1.1628360E+06     35 1.8E+03 sM  i

        Minor NonOpt  QP mult  QP step   rgNorm Elastic QP obj     nS
          100    172  2.7E+00  5.2E-02           2.2582969E+05

        Minor NonOpt  QP mult  QP step   rgNorm Elastic QP obj     nS
          200    112  1.2E+00  3.2E-02  1.2E+00  2.2581211E+05      1

        Minor NonOpt  QP mult  QP step   rgNorm Elastic QP obj     nS
          300     50  2.2E-01  6.5E-02  1.3E-08  2.2580595E+05      5

        Minor NonOpt  QP mult  QP step   rgNorm Elastic QP obj     nS
          400     13           1.0E+00  7.7E-12  2.2580265E+05      7

 Major Minors     Step   nCon Feasible  Optimal  MeritFunction     nS Penalty
     3    437  4.2E-03      8  2.3E+01  2.2E+00  1.1625085E+06     14 1.8E+03  M  i

        Minor NonOpt  QP mult  QP step   rgNorm Elastic QP obj     nS
          100    272 -6.6E+00  3.9E-03           2.1873892E+05

        Minor NonOpt  QP mult  QP step   rgNorm Elastic QP obj     nS
          200    105  5.8E-01  2.7E-01  3.0E-06  2.1869552E+05      2

        Minor NonOpt  QP mult  QP step   rgNorm Elastic QP obj     nS
          300     16  1.9E-01  5.0E-01  9.4E-02  2.1869123E+05     14

 Major Minors     Step   nCon Feasible  Optimal  MeritFunction     nS Penalty
     4    353  2.8E-03     11  2.2E+01  2.2E+00  1.1622929E+06     21 1.8E+03  M  i

        Minor NonOpt  QP mult  QP step   rgNorm Elastic QP obj     nS
          100    412  7.0E+05  3.6E-06           2.6875172E+05

        Minor NonOpt  QP mult  QP step   rgNorm Elastic QP obj     nS
          200     75  1.4E+00  2.6E-02  1.4E+00  2.0186951E+05      3

        Minor NonOpt  QP mult  QP step   rgNorm Elastic QP obj     nS
          300     61           1.0E+00  8.0E-12  2.0186322E+05      6

        Minor NonOpt  QP mult  QP step   rgNorm Elastic QP obj     nS
          400     40  2.7E-01  3.0E-02  2.6E-01  2.0185863E+05     13

        Minor NonOpt  QP mult  QP step   rgNorm Elastic QP obj     nS
          500      1           1.0E+00  2.6E-10  2.0185668E+05     20

 Major Minors     Step   nCon Feasible  Optimal  MeritFunction     nS Penalty
     5    503  6.6E-03     14  2.2E+01  2.2E+00  1.1619381E+06     20 1.8E+03  M  i

        Minor NonOpt  QP mult  QP step   rgNorm Elastic QP obj     nS
          100    117 -4.9E+00  3.3E-09  5.8E-10  1.9284118E+05      1

        Minor NonOpt  QP mult  QP step   rgNorm Elastic QP obj     nS
          200     29 -3.4E-01  5.2E-01  1.6E-01  1.9281584E+05      6

 Major Minors     Step   nCon Feasible  Optimal  MeritFunction     nS Penalty
     6    288  3.7E-03     17  2.2E+01  2.2E+00  1.1615861E+06     21 1.8E+03  M  i

        Minor NonOpt  QP mult  QP step   rgNorm Elastic QP obj     nS
          100     55  2.9E+03  1.9E-03           1.8300288E+05

        Minor NonOpt  QP mult  QP step   rgNorm Elastic QP obj     nS
          200     91           1.0E+00  1.0E-07  1.8159941E+05      8

        Minor NonOpt  QP mult  QP step   rgNorm Elastic QP obj     nS
          300     15           1.0E+00  5.8E-08  1.8159666E+05     20

 Major Minors     Step   nCon Feasible  Optimal  MeritFunction     nS Penalty
     7    348  4.5E-03     20  2.2E+01  2.3E+00  1.1611477E+06     26 1.8E+03  M  i

        Minor NonOpt  QP mult  QP step   rgNorm Elastic QP obj     nS
          100    223  3.4E+04  2.3E-02           1.6273539E+05

        Minor NonOpt  QP mult  QP step   rgNorm Elastic QP obj     nS
          200     81           1.0E+00  5.5E-10  1.6272370E+05      2

        Minor NonOpt  QP mult  QP step   rgNorm Elastic QP obj     nS
          300     56 -2.1E-01  1.5E-02  2.6E-01  1.6271954E+05      9

        Minor NonOpt  QP mult  QP step   rgNorm Elastic QP obj     nS
          400     17           1.0E+00  2.8E-11  1.6271764E+05     11

 Major Minors     Step   nCon Feasible  Optimal  MeritFunction     nS Penalty
     8    450  7.5E-03     23  2.2E+01  2.3E+00  1.1604654E+06     14 1.8E+03  M  i

        Minor NonOpt  QP mult  QP step   rgNorm Elastic QP obj     nS
          100    435  9.4E+05  1.6E-06           3.0459497E+05

        Minor NonOpt  QP mult  QP step   rgNorm Elastic QP obj     nS
          200    118  2.8E+02  1.9E-03  2.2E-04  1.3701517E+05      1

        Minor NonOpt  QP mult  QP step   rgNorm Elastic QP obj     nS
          300     91  2.7E+00  1.8E-03  1.1E-04  1.3698278E+05      2

        Minor NonOpt  QP mult  QP step   rgNorm Elastic QP obj     nS
          400     31  9.9E-01  1.0E+00  1.9E-09  1.3697848E+05     13

        Minor NonOpt  QP mult  QP step   rgNorm Elastic QP obj     nS
          500      5  2.7E-01  5.2E-02  1.2E-03  1.3697651E+05     27

 Major Minors     Step   nCon Feasible  Optimal  MeritFunction     nS Penalty
     9    508  1.0E-02     26  2.2E+01  2.4E+00  1.1589439E+06     27 1.8E+03  M  i

        Minor NumInf  FP mult  FP step   rgNorm         SumInf     nS
          100      4  1.4E+01  4.8E-02           3.0093736E+00

        Minor NonOpt  QP mult  QP step   rgNorm Elastic QP obj     nS
          200    473  4.1E+05  3.3E-09           3.5908473E+05

        Minor NonOpt  QP mult  QP step   rgNorm Elastic QP obj     nS
          300    233  8.2E+02  3.9E-02  4.6E-05  1.0229074E+05      1

        Minor NonOpt  QP mult  QP step   rgNorm Elastic QP obj     nS
          400    104  3.3E+00  8.2E-02  1.1E-01  1.0224348E+05      3

        Minor NonOpt  QP mult  QP step   rgNorm Elastic QP obj     nS
          500     64  9.1E+01  2.3E-01  1.0E-01  1.0223848E+05      4

        Minor NonOpt  QP mult  QP step   rgNorm Elastic QP obj     nS
          600     22           1.0E+00  1.1E-11  1.0223551E+05      9

        Minor NonOpt  QP mult  QP step   rgNorm Elastic QP obj     nS
          700      2  1.2E-01  9.6E-02  1.3E-02  1.0223386E+05     17

 Major Minors     Step   nCon Feasible  Optimal  MeritFunction     nS Penalty
    10    704  1.4E-02     29  2.1E+01  2.5E+00  1.1569544E+06     18 1.8E+03  M  i

        Minor NonOpt  QP mult  QP step   rgNorm Elastic QP obj     nS
          100    375  2.2E+05  1.5E-16           1.2199278E+05

        Minor NonOpt  QP mult  QP step   rgNorm Elastic QP obj     nS
          200    252  2.0E+04  1.2E-01  1.0E+00  6.9427942E+04      1

        Minor NonOpt  QP mult  QP step   rgNorm Elastic QP obj     nS
          300    180           1.0E+00  1.3E-11  6.9326767E+04      1

        Minor NonOpt  QP mult  QP step   rgNorm Elastic QP obj     nS
          400    164 -1.4E+00  2.1E-02  6.6E-07  6.9306417E+04      2

        Minor NonOpt  QP mult  QP step   rgNorm Elastic QP obj     nS
          500    152  7.5E-01  4.7E-03  7.0E-07  6.9301101E+04      1

        Minor NonOpt  QP mult  QP step   rgNorm Elastic QP obj     nS
          600    140 -7.3E-01  1.1E-02  7.2E-01  6.9294961E+04      2

        Minor NonOpt  QP mult  QP step   rgNorm Elastic QP obj     nS
          700    113  4.0E-01  4.8E-02  1.2E-01  6.9288835E+04      1

        Minor NonOpt  QP mult  QP step   rgNorm Elastic QP obj     nS
          800     68           1.0E+00  1.1E-06  6.9284537E+04      2

        Minor NonOpt  QP mult  QP step   rgNorm Elastic QP obj     nS
          900     59           1.0E+00  2.5E-06  6.9282584E+04      3

        Minor NonOpt  QP mult  QP step   rgNorm Elastic QP obj     nS
         1000     43  1.7E+00  2.4E-01  1.0E-07  6.9281267E+04      3

        Minor NonOpt  QP mult  QP step   rgNorm Elastic QP obj     nS
         1100     11           1.0E+00  4.8E-06  6.9277872E+04      9

 Major Minors     Step   nCon Feasible  Optimal  MeritFunction     nS Penalty
    11   1148  1.5E-02     32  2.1E+01  2.6E+00  1.1550912E+06     12 1.8E+03  M  i

        Minor NumInf  FP mult  FP step   rgNorm         SumInf     nS
          100     10  7.7E+00  1.1E-04           1.4102859E+01

        Minor NonOpt  QP mult  QP step   rgNorm Elastic QP obj     nS
          200    216 -3.7E+06  1.8E-07           2.0480876E+07

        Minor NonOpt  QP mult  QP step   rgNorm Elastic QP obj     nS
          300    460  4.4E+05  9.3E-05           2.3501233E+06

        Minor NonOpt  QP mult  QP step   rgNorm Elastic QP obj     nS
          400    374 -1.7E+05  1.5E-07           9.6659984E+05

        Minor NonOpt  QP mult  QP step   rgNorm Elastic QP obj     nS
          500    289 -1.3E+07  4.2E-06           2.2655492E+05

        Minor NonOpt  QP mult  QP step   rgNorm Elastic QP obj     nS
          600    220  2.8E+03  1.2E-02  1.5E-04  1.0880820E+04      1

        Minor NonOpt  QP mult  QP step   rgNorm Elastic QP obj     nS
          700    161  3.2E+02  9.0E-03  2.3E-03  1.0793621E+04      1

        Minor NonOpt  QP mult  QP step   rgNorm Elastic QP obj     nS
          800    142  1.1E+00  2.9E-03  4.6E-03  1.0772586E+04      5

        Minor NonOpt  QP mult  QP step   rgNorm Elastic QP obj     nS
          900     96           1.0E+00  1.1E-08  1.0763316E+04      6

        Minor NonOpt  QP mult  QP step   rgNorm Elastic QP obj     nS
         1000     73           1.0E+00  5.8E-09  1.0760801E+04     16

        Minor NonOpt  QP mult  QP step   rgNorm Elastic QP obj     nS
         1100     32           1.0E+00  6.6E-10  1.0758427E+04     30

        Minor NonOpt  QP mult  QP step   rgNorm Elastic QP obj     nS
         1200      1  1.1E-01  4.1E-01  7.3E-02  1.0756209E+04     45

 Major Minors     Step   nCon Feasible  Optimal  MeritFunction     nS Penalty
    12   1206  2.4E-02     35  2.1E+01  2.7E+00  1.1489793E+06     47 1.8E+03  MR i

        Minor NumInf  FP mult  FP step   rgNorm         SumInf     nS
          100      3  1.3E+01  9.3E-04           1.5055872E+00

        Minor NonOpt  QP mult  QP step   rgNorm Elastic QP obj     nS
          200    413 -9.4E+05  2.5E-06           2.1026530E+06

        Minor NonOpt  QP mult  QP step   rgNorm Elastic QP obj     nS
          300    388 -6.4E+06  2.0E-05           1.0116298E+06

        Minor NonOpt  QP mult  QP step   rgNorm Elastic QP obj     nS
          400    386 -1.1E+07  2.5E-12           4.0540464E+05

        Minor NonOpt  QP mult  QP step   rgNorm Elastic QP obj     nS
          500    378           1.0E+00  6.3E-11  1.9995493E+04      3

        Minor NonOpt  QP mult  QP step   rgNorm Elastic QP obj     nS
          600    366 -1.1E+03  3.6E-02  3.7E-05  1.7734623E+04      9

        Minor NonOpt  QP mult  QP step   rgNorm Elastic QP obj     nS
          700    349           1.0E+00  7.4E-10  1.7608131E+04     10

        Minor NonOpt  QP mult  QP step   rgNorm Elastic QP obj     nS
          800    362           1.0E+00  1.1E-06  1.7491126E+04     18

        Minor NonOpt  QP mult  QP step   rgNorm Elastic QP obj     nS
          900    328  1.3E+05  1.0E+00  4.2E-06  1.9714878E+04     14

        Minor NonOpt  QP mult  QP step   rgNorm Elastic QP obj     nS
         1000    362           1.0E+00  1.4E-06  1.9422807E+04     23

        Minor NonOpt  QP mult  QP step   rgNorm Elastic QP obj     nS
         1100    342           1.0E+00  2.9E-09  1.9399930E+04     28

        Minor NonOpt  QP mult  QP step   rgNorm Elastic QP obj     nS
         1200    323           1.0E+00  3.3E-09  1.9388624E+04     29

        Minor NonOpt  QP mult  QP step   rgNorm Elastic QP obj     nS
         1300    314 -1.6E+00  3.2E-01  6.5E+00  1.9376516E+04     38

        Minor NonOpt  QP mult  QP step   rgNorm Elastic QP obj     nS
         1400    296           2.8E-01  2.4E-01  1.9363826E+04     46

        Minor NonOpt  QP mult  QP step   rgNorm Elastic QP obj     nS
         1500    277  4.6E+00  1.0E+00  1.5E-05  1.9359664E+04     59

        Minor NonOpt  QP mult  QP step   rgNorm Elastic QP obj     nS
         1600    228  6.1E-01  8.8E-03  3.6E-03  1.9352437E+04     70

        Minor NonOpt  QP mult  QP step   rgNorm Elastic QP obj     nS
         1700    203  8.1E-01  1.0E+00  2.4E-04  1.9348657E+04     89

        Minor NonOpt  QP mult  QP step   rgNorm Elastic QP obj     nS
         1800    191  3.3E-01  9.8E-01  7.9E-03  1.9345843E+04     98

        Minor NonOpt  QP mult  QP step   rgNorm Elastic QP obj     nS
         1900    156           1.0E+00  1.0E-10  1.9342302E+04    113

        Minor NonOpt  QP mult  QP step   rgNorm Elastic QP obj     nS
         2000    109  5.4E-01  5.7E-02  8.5E-04  1.9341179E+04    123

        Minor NonOpt  QP mult  QP step   rgNorm Elastic QP obj     nS
         2100     76           1.0E+00  2.6E-11  1.9340506E+04    139

        Minor NonOpt  QP mult  QP step   rgNorm Elastic QP obj     nS
         2200     52  5.9E-02  1.0E+00  1.7E-05  1.9339980E+04    163

        Minor NonOpt  QP mult  QP step   rgNorm Elastic QP obj     nS
         2300     24  2.5E-02  1.0E+00  3.6E-06  1.9339901E+04    186

 Major Minors     Step   nCon Feasible  Optimal  MeritFunction     nS Penalty
    13   2358  3.6E-02     38  2.0E+01  1.5E+01  1.1384389E+06    205 1.8E+03 sMR  T

        Minor NumInf  FP mult  FP step   rgNorm         SumInf     nS
          100      8           1.9E+00  1.6E-01  7.0526581E+00    105

        Minor NumInf  FP mult  FP step   rgNorm         SumInf     nS
          200      6 -1.4E+02  1.3E-05  2.2E-06  3.8983184E+00     33

        Minor NonOpt  QP mult  QP step   rgNorm Elastic QP obj     nS
          300                  3.5E-04  4.1E+04  9.1617311E+07      4

        Minor NonOpt  QP mult  QP step   rgNorm Elastic QP obj     nS
          400    577 -1.4E+08  1.3E-15           3.0965900E+07

        Minor NonOpt  QP mult  QP step   rgNorm Elastic QP obj     nS
          500    526  7.3E+07  1.5E-15           1.7935407E+07

        Minor NonOpt  QP mult  QP step   rgNorm Elastic QP obj     nS
          600    556  9.0E+05  1.4E-07           9.9260779E+06

        Minor NonOpt  QP mult  QP step   rgNorm Elastic QP obj     nS
          700    467  5.7E+05  2.0E-17           5.8961034E+06

        Minor NonOpt  QP mult  QP step   rgNorm Elastic QP obj     nS
          800    441 -3.1E+06  5.6E-17           3.4182388E+06

        Minor NonOpt  QP mult  QP step   rgNorm Elastic QP obj     nS
          900    414  2.9E+05  4.5E-16           2.4222444E+06

        Minor NonOpt  QP mult  QP step   rgNorm Elastic QP obj     nS
         1000    415  1.9E+05  2.3E-16           2.1111326E+06

        Minor NonOpt  QP mult  QP step   rgNorm Elastic QP obj     nS
         1100    363 -7.2E+07  9.0E-07           1.0214690E+06

        Minor NonOpt  QP mult  QP step   rgNorm Elastic QP obj     nS
         1200    355  1.3E+07  2.1E-07           4.5359384E+05

        Minor NonOpt  QP mult  QP step   rgNorm Elastic QP obj     nS
         1300    370  9.6E+04  1.2E-06           1.3239072E+05

        Minor NonOpt  QP mult  QP step   rgNorm Elastic QP obj     nS
         1400    347           7.1E-01  4.3E+01  1.1727486E+03      7

        Minor NonOpt  QP mult  QP step   rgNorm Elastic QP obj     nS
         1500    344           1.0E+00  9.8E-11  9.1884959E+02     15

        Minor NonOpt  QP mult  QP step   rgNorm Elastic QP obj     nS
         1600    314           1.0E+00  5.5E-10  8.9114039E+02     25

        Minor NonOpt  QP mult  QP step   rgNorm Elastic QP obj     nS
         1700    317           1.0E+00  5.6E-09  8.8367778E+02     28

        Minor NonOpt  QP mult  QP step   rgNorm Elastic QP obj     nS
         1800    294 -1.9E+00  1.0E+00  2.9E-06  8.7846906E+02     28

        Minor NonOpt  QP mult  QP step   rgNorm Elastic QP obj     nS
         1900    295  1.0E+02  8.3E-02  4.8E-04  8.7479472E+02     31

        Minor NonOpt  QP mult  QP step   rgNorm Elastic QP obj     nS
         2000    287  6.6E-01  4.6E-03  3.4E-02  8.6957586E+02     44

        Minor NonOpt  QP mult  QP step   rgNorm Elastic QP obj     nS
         2100    273  5.9E-01  9.9E-01  3.2E-03  8.6602087E+02     45

        Minor NonOpt  QP mult  QP step   rgNorm Elastic QP obj     nS
         2200    257           1.0E+00  4.1E-10  8.6469431E+02     50

        Minor NonOpt  QP mult  QP step   rgNorm Elastic QP obj     nS
         2300    232  7.4E+00  1.0E+00  5.1E-06  8.6261064E+02     51

        Minor NonOpt  QP mult  QP step   rgNorm Elastic QP obj     nS
         2400    215           1.0E+00  4.8E-11  8.5982961E+02     57

        Minor NonOpt  QP mult  QP step   rgNorm Elastic QP obj     nS
         2500    204  1.9E-01  1.0E+00  2.2E-08  8.5842906E+02     65

        Minor NonOpt  QP mult  QP step   rgNorm Elastic QP obj     nS
         2600    180           1.0E+00  3.0E-10  8.5725002E+02     78

        Minor NonOpt  QP mult  QP step   rgNorm Elastic QP obj     nS
         2700    156           1.0E+00  4.5E-10  8.5636028E+02     89

        Minor NonOpt  QP mult  QP step   rgNorm Elastic QP obj     nS
         2800    143           1.0E+00  1.2E-11  8.5586903E+02     95

        Minor NonOpt  QP mult  QP step   rgNorm Elastic QP obj     nS
         2900    118           1.0E+00  1.2E-11  8.5513648E+02    112

        Minor NonOpt  QP mult  QP step   rgNorm Elastic QP obj     nS
         3000     93  4.0E-02  1.0E+00  1.2E-07  8.5473154E+02    128

        Minor NonOpt  QP mult  QP step   rgNorm Elastic QP obj     nS
         3100     46           1.0E+00  9.6E-11  8.5462375E+02    146

        Minor NonOpt  QP mult  QP step   rgNorm Elastic QP obj     nS
         3200      7           1.0E+00  6.6E-11  8.5459621E+02    170

 Major Minors     Step   nCon Feasible  Optimal  MeritFunction     nS Penalty
    14   3216  4.1E-01     41  2.1E+01  1.6E+02  1.0730940E+05    174 7.8E+01 sM   T

        Minor NumInf  FP mult  FP step   rgNorm         SumInf     nS
          100     22           9.9E-02  8.7E-01  7.1753416E+01     74

        Minor NumInf  FP mult  FP step   rgNorm         SumInf     nS
          200     22 -1.8E+02  8.6E-08  6.6E-06  6.7780879E+01      1

        Minor NumInf  FP mult  FP step   rgNorm         SumInf     nS
          300     14  2.2E+01  2.2E-12           7.1713463E+00

        Minor NonOpt  QP mult  QP step   rgNorm Elastic QP obj     nS
          400    638  1.1E+07  7.6E-08           7.1198848E+07

        Minor NonOpt  QP mult  QP step   rgNorm Elastic QP obj     nS
          500    614  7.4E+06  1.6E-08           3.5624585E+07

        Minor NonOpt  QP mult  QP step   rgNorm Elastic QP obj     nS
          600    558  3.5E+07  8.9E-09           2.1081871E+07

        Minor NonOpt  QP mult  QP step   rgNorm Elastic QP obj     nS
          700    524 -2.9E+08  3.4E-05           1.0274468E+07

        Minor NonOpt  QP mult  QP step   rgNorm Elastic QP obj     nS
          800    472  6.6E+05  1.9E-09           5.1658646E+06

        Minor NonOpt  QP mult  QP step   rgNorm Elastic QP obj     nS
          900    480  5.2E+05  3.1E-12           4.1024521E+06

        Minor NonOpt  QP mult  QP step   rgNorm Elastic QP obj     nS
         1000    429  4.3E+05  9.2E-09           3.4183448E+06

        Minor NonOpt  QP mult  QP step   rgNorm Elastic QP obj     nS
         1100    421 -1.6E+07  4.9E-15           2.4620079E+06

        Minor NonOpt  QP mult  QP step   rgNorm Elastic QP obj     nS
         1200    369  2.4E+05  3.3E-17           1.2034902E+06

        Minor NonOpt  QP mult  QP step   rgNorm Elastic QP obj     nS
         1300    377 -1.1E+07  1.8E-09           1.0093874E+06

        Minor NonOpt  QP mult  QP step   rgNorm Elastic QP obj     nS
         1400    352  3.8E+05  2.9E-06           6.1385921E+05

        Minor NonOpt  QP mult  QP step   rgNorm Elastic QP obj     nS
         1500    348  2.1E+05  5.6E-04           2.0109837E+05

        Minor NonOpt  QP mult  QP step   rgNorm Elastic QP obj     nS
         1600    303  1.4E+05  6.9E-06  1.8E-01  1.5967397E+04      1

        Minor NonOpt  QP mult  QP step   rgNorm Elastic QP obj     nS
         1700    319           3.1E-02  1.2E+02  6.3734150E+02      8

        Minor NonOpt  QP mult  QP step   rgNorm Elastic QP obj     nS
         1800    314           1.0E+00  2.8E-08  3.9984711E+02     17

        Minor NonOpt  QP mult  QP step   rgNorm Elastic QP obj     nS
         1900    293           1.0E+00  1.0E-02  3.7514753E+02     27

        Minor NonOpt  QP mult  QP step   rgNorm Elastic QP obj     nS
         2000    269           1.0E+00  2.0E-08  3.8684643E+04      5

        Minor NonOpt  QP mult  QP step   rgNorm Elastic QP obj     nS
         2100    263           1.9E-01  5.3E+02  3.4252038E+04     10

        Minor NonOpt  QP mult  QP step   rgNorm Elastic QP obj     nS
         2200    291           1.0E+00  1.1E-04  3.2538494E+04     16

        Minor NonOpt  QP mult  QP step   rgNorm Elastic QP obj     nS
         2300    287           1.0E+00  3.5E-04  3.2414026E+04     25

        Minor NonOpt  QP mult  QP step   rgNorm Elastic QP obj     nS
         2400    247           1.0E+00  3.1E-08  3.2405941E+04     26

        Minor NonOpt  QP mult  QP step   rgNorm Elastic QP obj     nS
         2500    215           1.0E+00  7.7E-06  3.2402234E+04     28

        Minor NonOpt  QP mult  QP step   rgNorm Elastic QP obj     nS
         2600    189  5.3E-01  4.5E-01  1.2E+00  3.2398007E+04     38

        Minor NonOpt  QP mult  QP step   rgNorm Elastic QP obj     nS
         2700    163           1.0E+00  1.0E-09  3.2396944E+04     46

        Minor NonOpt  QP mult  QP step   rgNorm Elastic QP obj     nS
         2800    143           1.0E+00  1.2E-07  3.2395082E+04     44

        Minor NonOpt  QP mult  QP step   rgNorm Elastic QP obj     nS
         2900    142           1.0E+00  1.5E-07  3.2394639E+04     43

        Minor NonOpt  QP mult  QP step   rgNorm Elastic QP obj     nS
         3000    123           1.0E+00  1.5E-07  3.2394114E+04     49

        Minor NonOpt  QP mult  QP step   rgNorm Elastic QP obj     nS
         3100    124           1.0E+00  3.0E-07  3.2393681E+04     54

        Minor NonOpt  QP mult  QP step   rgNorm Elastic QP obj     nS
         3200    341  3.4E+03  1.6E-01  2.9E+03  8.1430747E+03     51

        Minor NonOpt  QP mult  QP step   rgNorm Elastic QP obj     nS
         3300    369  3.3E+02  1.0E+00  2.9E-03  6.2694021E+03     66

        Minor NonOpt  QP mult  QP step   rgNorm Elastic QP obj     nS
         3400    356           1.0E+00  7.1E-10  5.6437387E+03     79

        Minor NonOpt  QP mult  QP step   rgNorm Elastic QP obj     nS
         3500    352           1.0E+00  3.7E-05  4.5104852E+03     95

        Minor NonOpt  QP mult  QP step   rgNorm Elastic QP obj     nS
         3600    356           1.0E+00  1.5E-03  3.8964601E+03    108

        Minor NonOpt  QP mult  QP step   rgNorm Elastic QP obj     nS
         3700    351           1.0E+00  3.3E-06  3.4062480E+03    122

        Minor NonOpt  QP mult  QP step   rgNorm Elastic QP obj     nS
         3800    346           1.0E+00  1.5E-04  2.9968645E+03    135

        Minor NonOpt  QP mult  QP step   rgNorm Elastic QP obj     nS
         3900    331           1.0E+00  1.5E-09  2.7317137E+03    151

        Minor NonOpt  QP mult  QP step   rgNorm Elastic QP obj     nS
         4000    294           1.0E+00  4.6E-10  2.4851358E+03    170

        Minor NonOpt  QP mult  QP step   rgNorm Elastic QP obj     nS
         4100    278           1.0E+00  1.3E-09  2.2531829E+03    185

        Minor NonOpt  QP mult  QP step   rgNorm Elastic QP obj     nS
         4200    261           1.0E+00  1.4E-08  2.0612492E+03    205

        Minor NonOpt  QP mult  QP step   rgNorm Elastic QP obj     nS
         4300    258 -4.4E+02  1.0E+00  2.3E-03  1.9717377E+03    216

        Minor NonOpt  QP mult  QP step   rgNorm Elastic QP obj     nS
         4400    245           1.0E+00  5.5E-08  1.8263484E+03    233

        Minor NonOpt  QP mult  QP step   rgNorm Elastic QP obj     nS
         4500    228  4.2E+01  1.0E+00  5.2E+00  1.6890942E+03    251

        Minor NonOpt  QP mult  QP step   rgNorm Elastic QP obj     nS
         4600    206           1.0E+00  1.8E-06  1.5933459E+03    273

        Minor NonOpt  QP mult  QP step   rgNorm Elastic QP obj     nS
         4700    179  2.7E+01  1.0E+00  2.1E-09  1.4502850E+03    309

        Minor NonOpt  QP mult  QP step   rgNorm Elastic QP obj     nS
         4800    146           1.0E+00  2.7E-11  1.3624950E+03    349

        Minor NonOpt  QP mult  QP step   rgNorm Elastic QP obj     nS
         4900    131           1.0E+00  1.8E-07  1.3347104E+03    369

        Minor NonOpt  QP mult  QP step   rgNorm Elastic QP obj     nS
         5000    112           1.0E+00  5.2E-03  1.3106313E+03    389

        Minor NonOpt  QP mult  QP step   rgNorm Elastic QP obj     nS
         5100     92  1.7E+01  1.0E+00  7.5E-06  1.2890375E+03    411

        Minor NonOpt  QP mult  QP step   rgNorm Elastic QP obj     nS
         5200     50  6.3E+00  1.0E+00  8.1E-06  1.2720081E+03    458

 Major Minors     Step   nCon Feasible  Optimal  MeritFunction     nS Penalty
    15   5299  4.9E-01     43  1.6E+01  1.6E+02  2.6302682E+04    507 3.9E+01   r  T

        Minor NumInf  FP mult  FP step   rgNorm         SumInf     nS
          100      2           1.4E+00  1.2E-03  4.1902423E+00    407

        Minor NumInf  FP mult  FP step   rgNorm         SumInf     nS
          200      2           8.4E+03  5.7E-07  4.1854168E+00    308

        Minor NonOpt  QP mult  QP step   rgNorm Elastic QP obj     nS
          300                  4.3E-04  1.7E+04  2.2337949E+06    231

        Minor NonOpt  QP mult  QP step   rgNorm Elastic QP obj     nS
          400    255           7.7E-03  1.7E+03  1.6570526E+06    156

        Minor NonOpt  QP mult  QP step   rgNorm Elastic QP obj     nS
          500    286           1.0E+00  4.4E-07  6.2351744E+05    135

        Minor NonOpt  QP mult  QP step   rgNorm Elastic QP obj     nS
          600    284           1.0E+00  2.2E-07  1.4034933E+05    128

        Minor NonOpt  QP mult  QP step   rgNorm Elastic QP obj     nS
          700    290           1.0E+00  1.9E-08  5.1078769E+03    128

        Minor NonOpt  QP mult  QP step   rgNorm Elastic QP obj     nS
          800    310           1.0E+00  1.4E-09  4.1946542E+03    135

        Minor NonOpt  QP mult  QP step   rgNorm Elastic QP obj     nS
          900    310           1.0E+00  1.7E-08  3.5562573E+03    139

        Minor NonOpt  QP mult  QP step   rgNorm Elastic QP obj     nS
         1000    314  2.5E+02  2.9E-01  8.9E+02  3.1616800E+03    140

        Minor NonOpt  QP mult  QP step   rgNorm Elastic QP obj     nS
         1100    315           1.0E+00  4.6E-03  2.6121596E+03    149

        Minor NonOpt  QP mult  QP step   rgNorm Elastic QP obj     nS
         1200    306  1.1E+02  1.0E+00  1.5E-04  2.1446836E+03    160

        Minor NonOpt  QP mult  QP step   rgNorm Elastic QP obj     nS
         1300    296           1.0E+00  1.1E-06  1.5552407E+03    175

        Minor NonOpt  QP mult  QP step   rgNorm Elastic QP obj     nS
         1400    287           1.0E+00  9.0E-11  1.2881296E+03    196

        Minor NonOpt  QP mult  QP step   rgNorm Elastic QP obj     nS
         1500    277           1.0E+00  5.6E-11  1.0477614E+03    213

        Minor NonOpt  QP mult  QP step   rgNorm Elastic QP obj     nS
         1600    264  1.6E+02  1.4E-02  1.2E+01  7.8622824E+02    238

        Minor NonOpt  QP mult  QP step   rgNorm Elastic QP obj     nS
         1700    253 -2.7E+01  1.0E+00  1.5E-03  5.5494145E+02    266

        Minor NonOpt  QP mult  QP step   rgNorm Elastic QP obj     nS
         1800    237           1.0E+00  8.6E-08  4.3863373E+02    291

        Minor NonOpt  QP mult  QP step   rgNorm Elastic QP obj     nS
         1900    223           1.0E+00  2.1E-08  3.6221143E+02    310

        Minor NonOpt  QP mult  QP step   rgNorm Elastic QP obj     nS
         2000    209           1.0E+00  1.9E-09  2.9500420E+02    329

        Minor NonOpt  QP mult  QP step   rgNorm Elastic QP obj     nS
         2100    194           1.0E+00  1.5E-11  2.5679792E+02    346

        Minor NonOpt  QP mult  QP step   rgNorm Elastic QP obj     nS
         2200    176           1.0E+00  3.2E-07  2.1650399E+02    370

        Minor NonOpt  QP mult  QP step   rgNorm Elastic QP obj     nS
         2300    161           1.0E+00  9.4E-05  1.9702603E+02    394

        Minor NonOpt  QP mult  QP step   rgNorm Elastic QP obj     nS
         2400    107  6.9E+00  1.0E+00  1.3E-04  1.8056676E+02    418

        Minor NonOpt  QP mult  QP step   rgNorm Elastic QP obj     nS
         2500     89           1.0E+00  4.2E-10  1.7064995E+02    439

        Minor NonOpt  QP mult  QP step   rgNorm Elastic QP obj     nS
         2600     62 -4.2E+00  1.0E+00  5.2E-04  1.6230102E+02    465

        Minor NonOpt  QP mult  QP step   rgNorm Elastic QP obj     nS
         2700     42           1.0E+00  2.3E-06  1.5918559E+02    489

        Minor NonOpt  QP mult  QP step   rgNorm Elastic QP obj     nS
         2800     17 -2.3E+00  1.0E+00  8.9E-06  1.5770557E+02    513

 Major Minors     Step   nCon Feasible  Optimal  MeritFunction     nS Penalty
    16   2878  5.8E-01     45  6.0E+00  1.4E+03  7.3890086E+03    532 3.8E+01 s    T

        Minor NonOpt  QP mult  QP step   rgNorm Elastic QP obj     nS
          100                  4.5E-03  1.5E+03  1.8101910E+05    432

        Minor NonOpt  QP mult  QP step   rgNorm Elastic QP obj     nS
          200    131  2.2E+05  1.8E-13  5.7E-08  5.9433848E+04    355

        Minor NonOpt  QP mult  QP step   rgNorm Elastic QP obj     nS
          300    163           1.0E+00  2.6E-11  2.0899856E+03    362

        Minor NonOpt  QP mult  QP step   rgNorm Elastic QP obj     nS
          400    155           1.0E+00  3.4E-11  9.0899320E+02    374

        Minor NonOpt  QP mult  QP step   rgNorm Elastic QP obj     nS
          500    150           1.0E+00  7.3E-11  4.5664452E+02    393

        Minor NonOpt  QP mult  QP step   rgNorm Elastic QP obj     nS
          600    132 -1.9E+01  3.2E-01  1.3E+01  2.2359789E+02    425

        Minor NonOpt  QP mult  QP step   rgNorm Elastic QP obj     nS
          700     99           1.0E+00  1.4E-11  1.6629841E+02    461

        Minor NonOpt  QP mult  QP step   rgNorm Elastic QP obj     nS
          800     70  4.7E+00  1.0E+00  1.2E-06  1.4304346E+02    502

        Minor NonOpt  QP mult  QP step   rgNorm Elastic QP obj     nS
          900     34           1.0E+00  8.8E-12  1.3984006E+02    546

 Major Minors     Step   nCon Feasible  Optimal  MeritFunction     nS Penalty
    17    970  1.0E+00     46  1.8E+00  1.7E+03  3.4022086E+02    581 3.8E+01
    18     33  1.0E+00     47  3.2E-01  1.2E+03  1.4102489E+02    576 3.8E+01
    19     55  1.0E+00     48  8.6E-03  3.2E+01  1.3548093E+02    567 3.8E+01

 Major Minors     Step   nCon Feasible  Optimal  MeritFunction     nS Penalty
    20     58  1.0E+00     49  1.0E-01  3.7E+02  1.3406176E+02    558 3.8E+01
    21     63  1.0E+00     50  2.5E-01  9.1E+02  1.3240831E+02    562 3.8E+01

        Minor NonOpt  QP mult  QP step   rgNorm Elastic QP obj     nS
          100      6           1.0E+00  4.8E-10  1.2984370E+02    520

 Major Minors     Step   nCon Feasible  Optimal  MeritFunction     nS Penalty
    22    115  1.0E+00     51  7.3E-02  2.7E+02  1.3073624E+02    525 3.8E+01

        Minor NonOpt  QP mult  QP step   rgNorm Elastic QP obj     nS
          100     17           1.0E+00  2.0E-12  1.2884758E+02    501

        Minor NonOpt  QP mult  QP step   rgNorm Elastic QP obj     nS
          200      2           1.0E+00  1.0E-06  1.2884238E+02    516

 Major Minors     Step   nCon Feasible  Optimal  MeritFunction     nS Penalty
    23    208  1.0E+00     52  1.4E-01  5.1E+02  1.2971822E+02    516 3.8E+01

        Minor NonOpt  QP mult  QP step   rgNorm Elastic QP obj     nS
          100     25  2.2E-01  1.0E+00  4.4E-08  1.2787453E+02    501

        Minor NonOpt  QP mult  QP step   rgNorm Elastic QP obj     nS
          200      7           1.0E+00  7.7E-10  1.2787207E+02    515

 Major Minors     Step   nCon Feasible  Optimal  MeritFunction     nS Penalty
    24    230  1.0E+00     53  1.4E-01  5.1E+02  1.2869466E+02    520 3.8E+01

        Minor NonOpt  QP mult  QP step   rgNorm Elastic QP obj     nS
          100      1           1.0E+00  1.8E-09  1.2699199E+02    497

 Major Minors     Step   nCon Feasible  Optimal  MeritFunction     nS Penalty
    25    101  1.0E+00     54  1.1E-01  4.0E+02  1.2773190E+02    497 3.8E+01
    26     31  1.0E+00     55  8.9E-02  3.3E+02  1.2686118E+02    487 3.8E+01   R

        Minor NonOpt  QP mult  QP step   rgNorm Elastic QP obj     nS
          100                  3.9E-03  1.6E+01  1.2529616E+02    387

        Minor NonOpt  QP mult  QP step   rgNorm Elastic QP obj     nS
          200                  4.0E-03  8.5E+00  1.2341847E+02    287

        Minor NonOpt  QP mult  QP step   rgNorm Elastic QP obj     nS
          300     56           1.0E+00  2.8E-06  1.2309257E+02    242

        Minor NonOpt  QP mult  QP step   rgNorm Elastic QP obj     nS
          400     30           1.0E+00  9.2E-12  1.2301902E+02    251

 Major Minors     Step   nCon Feasible  Optimal  MeritFunction     nS Penalty
    27    490  1.0E+00     56  2.1E-04  7.5E-01  1.2663390E+02    267 3.8E+01 s

        Minor NonOpt  QP mult  QP step   rgNorm Elastic QP obj     nS
          100     45           1.0E+00  8.0E-11  1.2176484E+02    194

        Minor NonOpt  QP mult  QP step   rgNorm Elastic QP obj     nS
          200                  1.0E+00  2.4E-12  1.2175214E+02    213

 Major Minors     Step   nCon Feasible  Optimal  MeritFunction     nS Penalty
    28    200  1.8E-01     58  8.3E-02  3.1E+02  1.2598934E+02    213 3.8E+01

        Minor NonOpt  QP mult  QP step   rgNorm Elastic QP obj     nS
          100                  8.6E-06  2.3E+01  1.3341883E+05    113

        Minor NonOpt  QP mult  QP step   rgNorm Elastic QP obj     nS
          200    217           2.8E-06  1.2E-01  1.2178026E+03     58

        Minor NonOpt  QP mult  QP step   rgNorm Elastic QP obj     nS
          300    200           1.0E+00  1.0E-12  1.3213089E+02     60

        Minor NonOpt  QP mult  QP step   rgNorm Elastic QP obj     nS
          400    186           1.0E+00  1.7E-10  1.2845627E+02     65

        Minor NonOpt  QP mult  QP step   rgNorm Elastic QP obj     nS
          500    192           1.0E+00  1.2E-10  1.2578278E+02     67

        Minor NonOpt  QP mult  QP step   rgNorm Elastic QP obj     nS
          600    170           1.0E+00  6.7E-12  1.2468773E+02     74

        Minor NonOpt  QP mult  QP step   rgNorm Elastic QP obj     nS
          700    144           1.0E+00  3.6E-10  1.2388742E+02     88

        Minor NonOpt  QP mult  QP step   rgNorm Elastic QP obj     nS
          800    135           1.0E+00  3.5E-08  1.2327479E+02     96

        Minor NonOpt  QP mult  QP step   rgNorm Elastic QP obj     nS
          900    123  3.5E+01  1.6E-01  5.4E+01  1.2240227E+02    113

        Minor NonOpt  QP mult  QP step   rgNorm Elastic QP obj     nS
         1000     97  1.4E-01  1.0E+00  7.7E-05  1.2193749E+02    119

        Minor NonOpt  QP mult  QP step   rgNorm Elastic QP obj     nS
         1100     81  1.2E-01  4.0E-01  6.9E-02  1.2164142E+02    128

        Minor NonOpt  QP mult  QP step   rgNorm Elastic QP obj     nS
         1200     53           1.0E+00  6.8E-09  1.2138409E+02    149

        Minor NonOpt  QP mult  QP step   rgNorm Elastic QP obj     nS
         1300     42           1.0E+00  3.6E-10  1.2136425E+02    157

        Minor NonOpt  QP mult  QP step   rgNorm Elastic QP obj     nS
         1400      8 -4.3E-03  1.0E+00  1.3E-07  1.2135539E+02    179

 Major Minors     Step   nCon Feasible  Optimal  MeritFunction     nS Penalty
    29   1418  2.8E-01     60  1.4E-01  5.1E+02  1.2535720E+02    186 3.8E+01

        Minor NonOpt  QP mult  QP step   rgNorm Elastic QP obj     nS
          100                  6.8E-04  3.3E+02  1.3476440E+06     86

        Minor NonOpt  QP mult  QP step   rgNorm Elastic QP obj     nS
          200    247  6.6E+05  1.4E-07  3.1E-06  6.4313728E+05     52

        Minor NonOpt  QP mult  QP step   rgNorm Elastic QP obj     nS
          300    226  3.5E+03  5.5E-06  7.0E-08  1.3055245E+02     53

        Minor NonOpt  QP mult  QP step   rgNorm Elastic QP obj     nS
          400    229           1.0E+00  7.6E-11  1.2845847E+02     58

        Minor NonOpt  QP mult  QP step   rgNorm Elastic QP obj     nS
          500    195           6.2E-02  1.0E+00  1.2640860E+02     68

        Minor NonOpt  QP mult  QP step   rgNorm Elastic QP obj     nS
          600    183  6.7E-01  7.8E-01  7.8E-01  1.2526206E+02     73

        Minor NonOpt  QP mult  QP step   rgNorm Elastic QP obj     nS
          700    169           4.6E-01  1.1E-01  1.2378459E+02     81

        Minor NonOpt  QP mult  QP step   rgNorm Elastic QP obj     nS
          800    151           1.0E+00  2.1E-09  1.2281762E+02     92

        Minor NonOpt  QP mult  QP step   rgNorm Elastic QP obj     nS
          900    128  2.4E-01  1.0E+00  4.9E-03  1.2205257E+02    104

        Minor NonOpt  QP mult  QP step   rgNorm Elastic QP obj     nS
         1000    114           1.0E+00  5.0E-04  1.2167868E+02    114

        Minor NonOpt  QP mult  QP step   rgNorm Elastic QP obj     nS
         1100     79  7.6E-02  1.0E+00  1.0E-06  1.2136259E+02    130

        Minor NonOpt  QP mult  QP step   rgNorm Elastic QP obj     nS
         1200     46           1.0E+00  1.9E-11  1.2125147E+02    152

        Minor NonOpt  QP mult  QP step   rgNorm Elastic QP obj     nS
         1300     10  5.6E-03  1.0E+00  1.9E-10  1.2123551E+02    177

 Major Minors     Step   nCon Feasible  Optimal  MeritFunction     nS Penalty
    30   1316  2.9E-01     62  1.8E-01  6.9E+02  1.2480061E+02    184 3.8E+01

        Minor NonOpt  QP mult  QP step   rgNorm Elastic QP obj     nS
          100     19           1.0E+00  1.9E-08  1.2112403E+02    161

 Major Minors     Step   nCon Feasible  Optimal  MeritFunction     nS Penalty
    31    135  3.1E-01     64  2.0E-01  7.7E+02  1.2419094E+02    173 3.8E+01

        Minor NonOpt  QP mult  QP step   rgNorm Elastic QP obj     nS
          100     15           1.0E+00  8.6E-05  1.2107178E+02    142

 Major Minors     Step   nCon Feasible  Optimal  MeritFunction     nS Penalty
    32    145  4.5E-01     66  1.8E-01  7.1E+02  1.2318693E+02    153 3.8E+01
    33     80  1.0E+00     67  6.8E-02  2.7E+02  1.2134705E+02    143 3.8E+01

        Minor NonOpt  QP mult  QP step   rgNorm Elastic QP obj     nS
          100      7  1.7E-03  1.0E+00  6.4E-07  1.2094611E+02    136

 Major Minors     Step   nCon Feasible  Optimal  MeritFunction     nS Penalty
    34    117  1.0E+00     68  1.0E-02  4.2E+01  1.2099582E+02    143 3.8E+01

        Minor NonOpt  QP mult  QP step   rgNorm Elastic QP obj     nS
          100     78  3.3E+05  1.2E-13  3.3E-08  1.2112769E+02    103

        Minor NonOpt  QP mult  QP step   rgNorm Elastic QP obj     nS
          200     81           1.0E+00  3.9E-10  1.2100589E+02    105

        Minor NonOpt  QP mult  QP step   rgNorm Elastic QP obj     nS
          300     34           1.0E+00  3.7E-09  1.2089929E+02    114

        Minor NonOpt  QP mult  QP step   rgNorm Elastic QP obj     nS
          400      5           1.0E+00  7.7E-10  1.2089463E+02    131

 Major Minors     Step   nCon Feasible  Optimal  MeritFunction     nS Penalty
    35    429  1.0E+00     69  7.3E-03  3.0E+01  1.2092729E+02    136 3.8E+01

        Minor NonOpt  QP mult  QP step   rgNorm Elastic QP obj     nS
          100     33           1.0E+00  4.7E-10  1.2084860E+02    111

 Major Minors     Step   nCon Feasible  Optimal  MeritFunction     nS Penalty
    36    163  1.0E+00     70  1.1E-02  4.4E+01  1.2088137E+02    129 3.8E+01

        Minor NonOpt  QP mult  QP step   rgNorm Elastic QP obj     nS
          100      9           1.0E+00  2.9E-11  1.2082437E+02    123

 Major Minors     Step   nCon Feasible  Optimal  MeritFunction     nS Penalty
    37    166  1.0E+00     71  3.4E-02  1.4E+02  1.2084975E+02    127 3.8E+01   R
    38     54  1.0E+00     72  3.9E-03  1.6E+01  1.2081984E+02    117 3.8E+01 s
    39     35  5.3E-01     74  9.7E-03  3.9E+01  1.2080939E+02    104 3.8E+01

 Major Minors     Step   nCon Feasible  Optimal  MeritFunction     nS Penalty
    40     93  4.9E-01     76  1.3E-02  5.4E+01  1.2079586E+02    103 3.8E+01
    41     65  4.3E-01     78  2.1E-02  8.5E+01  1.2078584E+02     95 3.8E+01
    42     55  3.4E-01     80  2.8E-02  1.1E+02  1.2077927E+02     95 3.8E+01
    43     38  3.0E-01     82  3.5E-02  1.4E+02  1.2077405E+02     87 3.8E+01
    44     83  3.4E-01     84  3.8E-02  1.5E+02  1.2076436E+02     92 3.8E+01

        Minor NonOpt  QP mult  QP step   rgNorm Elastic QP obj     nS
          100    124           1.0E+00  6.3E-11  1.2352305E+02     38

        Minor NonOpt  QP mult  QP step   rgNorm Elastic QP obj     nS
          200    109           1.0E+00  2.8E-07  1.2309372E+02     41

        Minor NonOpt  QP mult  QP step   rgNorm Elastic QP obj     nS
          300    101           1.0E+00  6.1E-09  1.2293788E+02     44

        Minor NonOpt  QP mult  QP step   rgNorm Elastic QP obj     nS
          400     90  4.5E-01  1.0E+00  3.5E-06  1.2091897E+02     44

        Minor NonOpt  QP mult  QP step   rgNorm Elastic QP obj     nS
          500     75           1.0E+00  9.2E-05  1.2085325E+02     51

        Minor NonOpt  QP mult  QP step   rgNorm Elastic QP obj     nS
          600     71           1.0E+00  2.6E-09  1.2080554E+02     54

        Minor NonOpt  QP mult  QP step   rgNorm Elastic QP obj     nS
          700     75           1.0E+00  2.8E-11  1.2078946E+02     58

        Minor NonOpt  QP mult  QP step   rgNorm Elastic QP obj     nS
          800     68  8.7E-02  1.0E+00  2.3E-04  1.2076421E+02     60

        Minor NonOpt  QP mult  QP step   rgNorm Elastic QP obj     nS
          900     59           1.0E+00  3.4E-10  1.2074058E+02     61

        Minor NonOpt  QP mult  QP step   rgNorm Elastic QP obj     nS
         1000     40           1.0E+00  1.8E-12  1.2072766E+02     70

        Minor NonOpt  QP mult  QP step   rgNorm Elastic QP obj     nS
         1100     27  1.3E-02  8.9E-03  1.3E-02  1.2071901E+02     75

        Minor NonOpt  QP mult  QP step   rgNorm Elastic QP obj     nS
         1200      1  1.1E-03  1.0E+00  2.2E-04  1.2071787E+02     91

 Major Minors     Step   nCon Feasible  Optimal  MeritFunction     nS Penalty
    45   1204  1.0E+00     85  5.3E-02  2.1E+02  1.2074770E+02     91 3.8E+01

        Minor NonOpt  QP mult  QP step   rgNorm Elastic QP obj     nS
          100    145           1.0E+00  7.9E-14  3.9298432E+03     27

        Minor NonOpt  QP mult  QP step   rgNorm Elastic QP obj     nS
          200    148           1.0E+00  5.7E-04  1.2539593E+02     33

        Minor NonOpt  QP mult  QP step   rgNorm Elastic QP obj     nS
          300     99           1.0E+00  1.8E-13  1.2125728E+02     39

        Minor NonOpt  QP mult  QP step   rgNorm Elastic QP obj     nS
          400     87  6.4E-01  1.0E-01  5.3E-02  1.2081976E+02     44

        Minor NonOpt  QP mult  QP step   rgNorm Elastic QP obj     nS
          500     63  8.8E-02  1.0E+00  8.6E-07  1.2074902E+02     55

        Minor NonOpt  QP mult  QP step   rgNorm Elastic QP obj     nS
          600     50  2.8E-02  1.0E+00  1.2E-08  1.2072443E+02     61

        Minor NonOpt  QP mult  QP step   rgNorm Elastic QP obj     nS
          700     30           1.0E+00  2.0E-13  1.2071423E+02     71

 Major Minors     Step   nCon Feasible  Optimal  MeritFunction     nS Penalty
    46    771  1.0E+00     86  3.3E-03  1.3E+01  1.2071785E+02     90 3.8E+01

        Minor NumInf  FP mult  FP step   rgNorm         SumInf     nS
          100      3  3.8E+02  3.1E-08  3.8E-07  3.2646982E+00     37

        Minor NumInf  FP mult  FP step   rgNorm         SumInf     nS
          200      1 -1.7E+00  4.7E-03  1.8E-08  1.2754429E-01     33

        Minor NonOpt  QP mult  QP step   rgNorm Elastic QP obj     nS
          300    242  2.0E+06  4.3E-18  1.2E-07  3.0112368E+06     14

        Minor NonOpt  QP mult  QP step   rgNorm Elastic QP obj     nS
          400    216  1.1E+06  8.8E-08  1.2E-07  6.4482900E+05     14

        Minor NonOpt  QP mult  QP step   rgNorm Elastic QP obj     nS
          500    270  2.3E+05  3.1E-17  5.3E-08  2.0669743E+05     14

        Minor NonOpt  QP mult  QP step   rgNorm Elastic QP obj     nS
          600    187  7.9E+04  1.2E-05  6.4E-08  9.8977541E+04     14

        Minor NonOpt  QP mult  QP step   rgNorm Elastic QP obj     nS
          700    152  2.2E+05  1.3E-16  1.5E-09  1.3429364E+02     14

        Minor NonOpt  QP mult  QP step   rgNorm Elastic QP obj     nS
          800    203           1.0E+00  7.3E-12  1.2674524E+02     21

        Minor NonOpt  QP mult  QP step   rgNorm Elastic QP obj     nS
          900    156           1.0E+00  2.6E-12  1.2393202E+02     25

        Minor NonOpt  QP mult  QP step   rgNorm Elastic QP obj     nS
         1000    134           1.0E+00  9.6E-14  1.2222251E+02     20

        Minor NonOpt  QP mult  QP step   rgNorm Elastic QP obj     nS
         1100    101  1.7E+01  1.4E-03  4.3E-03  1.2126615E+02     24

        Minor NonOpt  QP mult  QP step   rgNorm Elastic QP obj     nS
         1200    104  3.6E+01  1.0E+00  3.0E-08  1.2093693E+02     29

        Minor NonOpt  QP mult  QP step   rgNorm Elastic QP obj     nS
         1300     84  6.3E-02  1.0E+00  3.4E-07  1.2081794E+02     33

        Minor NonOpt  QP mult  QP step   rgNorm Elastic QP obj     nS
         1400     77           1.0E+00  1.2E-10  1.2075417E+02     35

        Minor NonOpt  QP mult  QP step   rgNorm Elastic QP obj     nS
         1500     54           1.0E+00  2.7E-06  1.2073721E+02     44

        Minor NonOpt  QP mult  QP step   rgNorm Elastic QP obj     nS
         1600     48           1.0E+00  4.1E-11  1.2072748E+02     47

        Minor NonOpt  QP mult  QP step   rgNorm Elastic QP obj     nS
         1700     43           1.0E+00  2.5E-09  1.2069982E+02     55

        Minor NonOpt  QP mult  QP step   rgNorm Elastic QP obj     nS
         1800     24           1.0E+00  7.8E-13  1.2069175E+02     66

        Minor NonOpt  QP mult  QP step   rgNorm Elastic QP obj     nS
         1900      4           1.0E+00  4.4E-12  1.2069017E+02     86

 Major Minors     Step   nCon Feasible  Optimal  MeritFunction     nS Penalty
    47   1915  1.0E+00     87  5.3E-03  2.2E+01  1.2071235E+02     89 3.8E+01   r
    48     24  1.2E-01     90  8.9E-03  3.6E+01  1.2070960E+02     97 3.8E+01 s
    49      3  4.7E-01     92  8.8E-03  3.5E+01  1.2070779E+02     96 3.8E+01

 Major Minors     Step   nCon Feasible  Optimal  MeritFunction     nS Penalty
    50      3  1.0E+00     93  8.7E-03  3.5E+01  1.2070609E+02     95 3.8E+01
    51      9  1.0E+00     94  2.6E-03  1.0E+01  1.2070396E+02     88 3.8E+01
    52     11  1.0E+00     95  7.3E-04  3.0E+00  1.2070243E+02     89 3.8E+01
    53      6  1.0E+00     96  6.7E-04  2.7E+00  1.2070183E+02     90 3.8E+01
    54      2  1.0E+00     97  1.5E-03  6.3E+00  1.2070153E+02     90 3.8E+01
    55     13  1.0E+00     98  3.8E-04  1.5E+00  1.2070135E+02     87 3.8E+01
    56      8  1.0E+00     99  3.4E-04  1.4E+00  1.2070110E+02     85 3.8E+01
    57     15  1.0E+00    100  2.1E-04  8.4E-01  1.2070083E+02     85 3.8E+01
    58      6  1.0E+00    101  9.2E-04  3.7E+00  1.2070047E+02     86 3.8E+01   R
    59      4  1.0E+00    102  1.2E-05  4.7E-02  1.2070040E+02     83 3.8E+01 s

 Major Minors     Step   nCon Feasible  Optimal  MeritFunction     nS Penalty
    60      5  1.0E+00    103  1.9E-04  7.5E-01  1.2070030E+02     85 3.8E+01
    61      2  1.0E+00    104  1.1E-04  4.5E-01  1.2070026E+02     85 3.8E+01
    62      4  1.0E+00    105  1.5E-05  6.0E-02  1.2070022E+02     83 3.8E+01
    63      3  1.0E+00    106  9.3E-05  3.8E-01  1.2070017E+02     82 3.8E+01
    64      5  1.0E+00    107  2.2E-04  8.9E-01  1.2070011E+02     81 3.8E+01
    65     27  1.0E+00    108  2.5E-03  1.0E+01  1.2069996E+02     80 3.8E+01
    66      9  1.0E+00    109  2.4E-03  9.5E+00  1.2069982E+02     82 3.8E+01
    67      4  1.0E+00    110  1.4E-04  5.6E-01  1.2069975E+02     83 3.8E+01
    68      1  1.0E+00    111  4.0E-04  1.6E+00  1.2069970E+02     83 3.8E+01
    69      2  1.0E+00    112  2.9E-05  1.2E-01  1.2069968E+02     84 3.8E+01   R

 Major Minors     Step   nCon Feasible  Optimal  MeritFunction     nS Penalty
    70      3  1.0E+00    113  4.8E-06  1.9E-02  1.2069967E+02     82 3.8E+01 s
    71     15  1.0E+00    114  2.5E-05  1.0E-01  1.2069964E+02     80 3.8E+01
    72      2  1.0E+00    115  1.9E-05  7.7E-02  1.2069962E+02     81 3.8E+01
    73      2  1.0E+00    116  1.1E-05  4.5E-02  1.2069961E+02     80 3.8E+01
    74      1  1.0E+00    117  2.3E-05  9.4E-02  1.2069960E+02     80 3.8E+01
    75      2  1.0E+00    118  9.6E-06  3.9E-02  1.2069959E+02     80 3.8E+01
    76      2  1.0E+00    119  1.3E-06  5.2E-03  1.2069958E+02     81 3.8E+01
    77      3  1.0E+00    120  7.5E-06  3.0E-02  1.2069957E+02     80 3.8E+01
    78     16  1.0E+00    121  1.1E-05  4.6E-02  1.2069956E+02     78 3.8E+01
    79      2  1.0E+00    122  1.4E-05  5.7E-02  1.2069955E+02     79 3.8E+01

 Major Minors     Step   nCon Feasible  Optimal  MeritFunction     nS Penalty
    80      2  1.0E+00    123  3.6E-06  1.5E-02  1.2069955E+02     78 3.8E+01   R
    81      2  1.0E+00    124  1.4E-06  5.7E-03  1.2069954E+02     77 3.8E+01 s
    82      9  1.0E+00    125  1.6E-05  6.3E-02  1.2069954E+02     77 3.8E+01
    83      1  1.0E+00    126  7.0E-06  2.8E-02  1.2069954E+02     77 3.8E+01
    84      3  1.0E+00    127  2.3E-06  9.4E-03  1.2069953E+02     75 3.8E+01
    85      3  1.0E+00    128  1.5E-06  5.9E-03  1.2069953E+02     75 3.8E+01
    86      2  1.0E+00    129  8.1E-06  3.3E-02  1.2069953E+02     76 3.8E+01
    87      1  1.0E+00    130  6.5E-06  2.6E-02  1.2069953E+02     76 3.8E+01
    88      1  1.0E+00    131 (2.2E-07) 3.5E-06  1.2069953E+02     76 3.8E+01
    89      1  1.0E+00    132 (6.5E-07) 2.6E-03  1.2069953E+02     76 3.8E+01

 Major Minors     Step   nCon Feasible  Optimal  MeritFunction     nS Penalty
    90      1  1.0E+00    133 (6.5E-07) 2.6E-03  1.2069953E+02     76 3.8E+01
    91      1  1.0E+00    134 (1.8E-07)(8.7E-07) 1.2069953E+02     76 3.8E+01   R
 
 SNOPTC EXIT   0 -- finished successfully
 SNOPTC INFO   1 -- optimality conditions satisfied

 Problem name                 Optimiza
 No. of iterations               33181   Objective            1.2069952589E+02
 No. of major iterations            91   Linear    obj. term  0.0000000000E+00
 Penalty parameter           3.844E+01   Nonlinear obj. term  1.2069952589E+02
 User function calls (total)       134
 No. of superbasics                 76   No. of basic nonlinears          1794
 No. of degenerate steps          2705   Percentage                       8.15
 Max x                     380 2.4E+00   Max pi                     97 1.3E+02
 Max Primal infeas        3433 4.4E-07   Max Dual infeas          4657 5.2E-01
 Nonlinear constraint violn    4.4E-07
 
 

 Solution printed on file  18
 
 Time for MPS input                             0.00 seconds
 Time for solving problem                     156.38 seconds
 Time for solution output                       0.06 seconds
 Time for constraint functions                128.56 seconds
 Time for objective function                    0.00 seconds
