This is Ipopt version 3.13.2, running with linear solver mumps.
NOTE: Other linear solvers might be more efficient (see Ipopt documentation).

Number of nonzeros in equality constraint Jacobian...:   199368
Number of nonzeros in inequality constraint Jacobian.:   306297
Number of nonzeros in Lagrangian Hessian.............:        0

Total number of variables............................:     4004
                     variables with only lower bounds:      400
                variables with lower and upper bounds:      600
                     variables with only upper bounds:        0
Total number of equality constraints.................:     2794
Total number of inequality constraints...............:     4800
        inequality constraints with only lower bounds:        0
   inequality constraints with lower and upper bounds:     2400
        inequality constraints with only upper bounds:     2400

iter    objective    inf_pr   inf_du lg(mu)  ||d||  lg(rg) alpha_du alpha_pr  ls
   0  1.0000000e+02 4.48e+00 5.81e+00  -3.0 0.00e+00    -  0.00e+00 0.00e+00   0
   1  9.5297451e+01 4.31e+00 7.33e+00  -3.0 5.63e+00    -  7.19e-02 5.49e-02f  1
   2  9.6936888e+01 4.20e+00 5.25e+00  -3.0 4.15e+00    -  1.42e-02 2.67e-02h  2
   3  9.2835572e+01 4.40e+00 5.23e+00  -3.0 3.45e+00    -  2.40e-02 5.22e-02f  1
   4  9.5613144e+01 4.11e+00 4.85e+00  -3.0 3.22e+00    -  4.05e-02 3.85e-02h  3
   5  1.0158241e+02 3.66e+00 4.53e+00  -3.0 3.25e+00    -  6.76e-02 6.88e-02h  2
   6  1.0753159e+02 3.73e+00 5.81e+00  -3.0 3.20e+00    -  8.75e-02 7.04e-02h  3
   7  1.1549894e+02 3.35e+00 6.45e+00  -3.0 2.99e+00    -  9.83e-02 9.85e-02h  3
   8  1.2389537e+02 2.54e+00 8.18e+00  -3.0 2.90e+00    -  9.47e-02 1.14e-01h  3
   9  1.2889653e+02 6.10e+00 9.68e+00  -3.0 1.55e+00    -  1.33e-01 2.13e-01h  1
iter    objective    inf_pr   inf_du lg(mu)  ||d||  lg(rg) alpha_du alpha_pr  ls
  10  1.4733709e+02 2.99e+00 2.31e+01  -3.0 1.49e+00    -  2.26e-01 3.73e-01h  1
  11  1.5606467e+02 2.38e+00 6.21e+00  -3.0 1.95e+00    -  9.79e-02 4.47e-01H  1
  12  1.6704695e+02 4.55e+00 5.32e+00  -3.0 9.56e-01    -  3.32e-01 8.63e-01h  1
  13  1.6554780e+02 4.20e+00 9.25e+00  -3.0 1.54e+00    -  2.30e-01 2.58e-01h  1
  14  1.6413254e+02 5.32e+00 6.72e+00  -3.0 2.58e+00    -  2.23e-01 1.78e-01h  1
  15  1.6272391e+02 7.40e+00 3.59e+00  -3.0 3.80e+00    -  9.71e-02 1.37e-01h  1
  16  1.5978915e+02 1.52e+01 1.82e+01  -3.0 3.82e+00    -  1.96e-01 2.71e-01H  1
  17  1.5814821e+02 1.44e+01 4.78e+00  -3.0 2.85e+00    -  1.64e-01 9.86e-02h  1
  18  1.5722242e+02 1.39e+01 3.99e+00  -3.0 1.31e+00    -  1.22e-01 6.08e-02h  1
  19  1.4958619e+02 1.11e+01 1.11e+01  -3.0 1.42e+00    -  7.30e-02 4.25e-01f  1
iter    objective    inf_pr   inf_du lg(mu)  ||d||  lg(rg) alpha_du alpha_pr  ls
  20  1.4497567e+02 1.03e+01 1.10e+01  -3.0 9.37e-01    -  1.54e-01 3.93e-01h  1
  21  1.3711998e+02 1.12e+01 1.76e+01  -3.0 1.16e+00    -  2.44e-01 8.08e-01f  1
  22  1.3539450e+02 8.68e+00 5.71e+00  -3.0 8.03e-01    -  2.61e-01 2.84e-01h  1
  23  1.3129801e+02 5.01e+00 7.74e+00  -3.0 8.91e-01    -  2.27e-01 6.70e-01h  1
  24  1.2955715e+02 3.49e+00 4.54e+00  -3.0 7.11e-01    -  3.74e-01 4.15e-01h  1
  25  1.2728635e+02 3.18e+00 5.10e+00  -3.0 8.68e-01    -  3.89e-01 5.50e-01h  1
  26  1.2578841e+02 2.45e+00 1.70e+00  -3.0 8.18e-01    -  6.50e-01 4.75e-01h  1
  27  1.2437161e+02 1.94e+00 1.80e+00  -3.0 7.10e-01    -  5.09e-01 4.83e-01h  1
  28  1.2283902e+02 9.44e-01 6.35e-01  -3.0 7.04e-01    -  7.37e-01 7.59e-01h  1
  29  1.2240467e+02 4.22e-01 8.81e-01  -3.0 3.53e-01    -  9.99e-01 6.05e-01h  1
iter    objective    inf_pr   inf_du lg(mu)  ||d||  lg(rg) alpha_du alpha_pr  ls
  30  1.2223609e+02 3.57e-02 2.16e-01  -3.0 2.11e-01    -  9.99e-01 1.00e+00h  1
  31  1.2222434e+02 6.88e-03 1.24e-01  -3.0 1.34e-01    -  1.00e+00 1.00e+00h  1
  32  1.2224276e+02 8.18e-03 2.41e-01  -3.0 2.01e-01    -  1.00e+00 1.00e+00h  1
  33  1.2224739e+02 3.26e-03 3.57e-02  -3.0 8.60e-02    -  1.00e+00 1.00e+00h  1
  34  1.2224937e+02 1.10e-03 1.77e-02  -3.0 5.66e-02    -  1.00e+00 1.00e+00h  1
  35  1.2225393e+02 1.11e-03 5.02e-02  -3.0 1.08e-01    -  1.00e+00 1.00e+00h  1
  36  1.2225756e+02 1.82e-04 1.95e-02  -3.0 1.33e-01    -  1.00e+00 1.00e+00H  1
  37  1.2225376e+02 4.72e-03 5.87e-02  -3.0 7.46e-02    -  1.00e+00 1.00e+00h  1
  38  1.2225431e+02 2.11e-03 2.19e-02  -3.0 3.86e-02    -  1.00e+00 1.00e+00h  1
  39  1.2225531e+02 6.38e-05 1.41e-02  -3.0 1.10e-02    -  1.00e+00 1.00e+00h  1
iter    objective    inf_pr   inf_du lg(mu)  ||d||  lg(rg) alpha_du alpha_pr  ls
  40  1.2225513e+02 1.94e-05 2.75e-03  -3.0 1.15e-02    -  1.00e+00 1.00e+00h  1
  41  1.2104951e+02 2.00e-02 6.71e-02  -4.5 5.12e-01    -  7.70e-01 5.77e-01f  1
  42  1.2053274e+02 1.96e-02 1.21e-01  -4.5 6.24e-01    -  7.82e-01 5.77e-01h  1
  43  1.2033194e+02 1.62e-02 4.70e-02  -4.5 8.20e-01    -  6.54e-01 4.32e-01h  1
  44  1.2026386e+02 1.82e-02 4.64e-02  -4.5 4.12e-01    -  7.90e-01 3.42e-01h  1
  45  1.2019944e+02 8.62e-03 3.78e-02  -4.5 4.12e-01    -  1.00e+00 4.97e-01h  1
  46  1.2016792e+02 8.32e-03 1.71e-01  -4.5 3.81e-01    -  3.88e-01 4.56e-01h  1
  47  1.2015052e+02 1.31e-02 1.44e-01  -4.5 2.49e-01    -  1.00e+00 5.73e-01h  1
  48  1.2014122e+02 9.91e-03 6.04e-02  -4.5 1.00e-01    -  1.00e+00 1.00e+00h  1
  49  1.2014437e+02 1.57e-03 3.28e-02  -4.5 2.74e-02    -  1.00e+00 1.00e+00h  1
iter    objective    inf_pr   inf_du lg(mu)  ||d||  lg(rg) alpha_du alpha_pr  ls
  50  1.2014417e+02 8.27e-04 1.04e-02  -4.5 6.20e-02    -  1.00e+00 1.00e+00h  1
  51  1.2014329e+02 7.41e-04 2.07e-02  -4.5 4.54e-01    -  1.00e+00 1.89e-01h  3
  52  1.2014262e+02 6.47e-04 1.07e-02  -4.5 7.16e-01    -  1.00e+00 1.23e-01h  4
  53  1.2014211e+02 6.60e-04 2.11e-02  -4.5 8.62e-01    -  1.00e+00 9.43e-02h  4
  54  1.2014095e+02 1.74e-04 4.87e-02  -4.5 4.85e-01    -  1.00e+00 1.00e+00H  1
  55  1.2013813e+02 3.92e-03 6.79e-02  -4.5 1.49e-01    -  1.00e+00 1.00e+00h  1
  56  1.2013740e+02 3.42e-03 7.09e-02  -4.5 9.24e-02    -  1.00e+00 1.00e+00h  1
  57  1.2013919e+02 2.25e-03 7.72e-02  -4.5 6.12e-02    -  1.00e+00 1.00e+00h  1
  58  1.2013948e+02 1.39e-03 3.11e-02  -4.5 4.99e-02    -  1.00e+00 1.00e+00h  1
  59  1.2013994e+02 1.29e-04 8.14e-03  -4.5 1.66e-02    -  1.00e+00 1.00e+00h  1
iter    objective    inf_pr   inf_du lg(mu)  ||d||  lg(rg) alpha_du alpha_pr  ls
  60  1.2014013e+02 5.37e-06 1.70e-03  -4.5 4.36e-03    -  1.00e+00 1.00e+00h  1
  61  1.2014014e+02 8.15e-07 7.90e-04  -4.5 2.96e-03    -  1.00e+00 1.00e+00h  1
  62  1.2014011e+02 2.03e-06 2.01e-02  -4.5 4.85e-02    -  1.00e+00 1.00e+00H  1
  63  1.2014012e+02 1.77e-06 4.25e-03  -4.5 2.44e-02    -  1.00e+00 1.00e+00H  1
  64  1.2014007e+02 8.26e-07 1.24e-02  -4.5 2.63e-02    -  1.00e+00 1.00e+00H  1
  65  1.2014006e+02 4.31e-05 2.89e-02  -4.5 1.53e-02    -  1.00e+00 1.00e+00h  1
  66  1.2014003e+02 3.28e-05 9.63e-04  -4.5 1.56e-02    -  1.00e+00 1.00e+00h  1
  67  1.2014007e+02 1.32e-06 1.32e-03  -4.5 2.47e-03    -  1.00e+00 1.00e+00h  1
  68  1.2014007e+02 3.22e-07 1.08e-03  -4.5 1.66e-03    -  1.00e+00 1.00e+00h  1
  69  1.2014007e+02 1.92e-06 5.62e-04  -4.5 3.96e-03    -  1.00e+00 1.00e+00h  1
iter    objective    inf_pr   inf_du lg(mu)  ||d||  lg(rg) alpha_du alpha_pr  ls
  70  1.2014006e+02 4.08e-05 8.64e-04  -4.5 2.07e-02    -  1.00e+00 1.00e+00h  1
  71  1.2014006e+02 6.55e-06 3.73e-03  -4.5 7.52e-03    -  1.00e+00 1.00e+00h  1
  72  1.2014007e+02 1.06e-05 8.02e-04  -4.5 4.96e-03    -  1.00e+00 1.00e+00h  1
  73  1.2014007e+02 5.99e-07 2.23e-03  -4.5 3.74e-03    -  1.00e+00 1.00e+00h  1
  74  1.2014007e+02 6.68e-07 2.90e-03  -4.5 1.67e-03    -  1.00e+00 1.00e+00h  1
  75  1.2014007e+02 2.41e-07 6.47e-05  -4.5 9.21e-04    -  1.00e+00 1.00e+00h  1
  76  1.2009876e+02 5.34e-05 5.88e-03  -6.8 3.18e-02    -  8.86e-01 6.77e-01f  1
  77  1.2008848e+02 1.40e-04 1.64e-02  -6.8 7.36e-02    -  6.37e-01 3.61e-01h  1
  78  1.2008405e+02 2.42e-04 6.23e-02  -6.8 1.96e-01    -  5.94e-01 2.29e-01h  1
  79  1.2008170e+02 9.99e-04 6.34e-02  -6.8 2.72e-01    -  4.29e-01 1.44e-01h  1
iter    objective    inf_pr   inf_du lg(mu)  ||d||  lg(rg) alpha_du alpha_pr  ls
  80  1.2007933e+02 7.51e-04 5.16e-02  -6.8 4.44e-01    -  2.61e-01 1.75e-01h  1
  81  1.2007853e+02 6.53e-04 4.50e-02  -6.8 1.79e-01    -  4.69e-01 9.73e-02h  1
  82  1.2007696e+02 4.44e-04 3.08e-02  -6.8 8.32e-02    -  6.54e-01 2.38e-01h  1
  83  1.2007516e+02 2.44e-04 2.06e-02  -6.8 9.24e-02    -  5.16e-01 3.60e-01h  1
  84  1.2007339e+02 2.96e-04 2.18e-02  -6.8 6.10e-02    -  5.12e-01 5.90e-01h  1
  85  1.2007288e+02 3.06e-04 1.23e-02  -6.8 3.11e-02    -  9.84e-01 4.24e-01h  1
  86  1.2007249e+02 1.09e-04 7.63e-03  -6.8 1.53e-02    -  1.00e+00 6.51e-01f  1
  87  1.2007241e+02 5.50e-05 4.81e-03  -6.8 3.70e-03    -  1.00e+00 4.93e-01f  2
  88  1.2007233e+02 2.65e-05 2.36e-03  -6.8 1.02e-02    -  1.00e+00 8.35e-01h  1
  89  1.2007229e+02 1.31e-04 7.04e-03  -6.8 3.41e-02    -  3.86e-01 5.81e-01f  1
iter    objective    inf_pr   inf_du lg(mu)  ||d||  lg(rg) alpha_du alpha_pr  ls
  90  1.2007224e+02 6.23e-04 7.38e-03  -6.8 5.04e-02    -  2.49e-01 9.19e-01f  1
  91  1.2007221e+02 4.80e-04 6.27e-03  -6.8 3.18e-02    -  3.61e-01 3.09e-01f  1
  92  1.2007221e+02 4.30e-04 5.74e-03  -6.8 2.31e-02    -  6.29e-01 1.06e-01f  1
  93  1.2007222e+02 1.63e-04 6.16e-03  -6.8 1.87e-02    -  9.68e-01 1.00e+00h  1
  94  1.2007218e+02 3.27e-04 1.54e-02  -6.8 7.35e-02    -  6.91e-01 3.09e-01h  1
  95  1.2007217e+02 2.48e-04 3.01e-03  -6.8 2.60e-02    -  7.65e-01 3.08e-01f  1
  96  1.2007212e+02 1.22e-04 1.28e-02  -6.8 1.53e-02    -  4.19e-01 1.00e+00f  1
  97  1.2007217e+02 3.72e-05 3.15e-03  -6.8 7.86e-03    -  1.00e+00 1.00e+00h  1
  98  1.2007218e+02 3.58e-05 2.48e-03  -6.8 9.96e-03    -  1.00e+00 9.95e-01h  1
  99  1.2007217e+02 3.14e-05 5.47e-03  -6.8 7.55e-02    -  5.27e-01 9.95e-01F  1
iter    objective    inf_pr   inf_du lg(mu)  ||d||  lg(rg) alpha_du alpha_pr  ls
 100  1.2007210e+02 1.32e-03 5.37e-03  -6.8 1.38e+00    -  1.29e-01 5.01e-02f  1
 101  1.2007199e+02 2.58e-03 8.40e-03  -6.8 4.16e-01    -  2.05e-01 2.19e-01f  1
 102  1.2007197e+02 2.48e-03 1.03e-02  -6.8 4.14e-01    -  1.76e-01 4.21e-02h  1
 103  1.2007190e+02 1.68e-03 4.51e-02  -6.8 1.54e-01    -  2.80e-01 4.10e-01f  1
 104  1.2007183e+02 1.29e-03 2.17e-02  -6.8 9.52e-02    -  3.55e-01 3.27e-01f  1
 105  1.2007183e+02 7.38e-04 7.83e-03  -6.8 3.19e-02    -  8.91e-02 4.63e-01h  1
 106  1.2007195e+02 2.57e-04 9.33e-03  -6.8 3.01e-02    -  2.23e-01 8.02e-01h  1
 107  1.2007195e+02 2.38e-04 8.66e-03  -6.8 2.11e-02    -  8.08e-02 7.15e-02f  4
 108  1.2007201e+02 5.91e-05 2.55e-03  -6.8 1.39e-02    -  2.04e-01 1.00e+00h  1
 109  1.2007201e+02 4.70e-05 2.62e-03  -6.8 1.43e-02    -  1.00e+00 5.46e-01h  1
iter    objective    inf_pr   inf_du lg(mu)  ||d||  lg(rg) alpha_du alpha_pr  ls
 110  1.2007201e+02 1.27e-05 2.13e+01  -6.8 7.87e-03    -  1.01e-04 1.00e+00f  1
 111  1.2007200e+02 4.76e-05 7.81e-03  -6.8 1.28e-02    -  8.23e-01 1.00e+00h  1
 112  1.2007199e+02 2.17e-04 1.78e-02  -6.8 1.49e-02    -  1.00e+00 1.00e+00h  1
 113  1.2007196e+02 1.32e-04 4.60e-03  -6.8 1.16e-02    -  1.00e+00 1.00e+00h  1
 114  1.2007200e+02 5.38e-06 1.55e-03  -6.8 4.23e-03    -  1.00e+00 1.00e+00h  1
 115  1.2007200e+02 2.23e-06 1.02e-03  -6.8 4.79e-03    -  1.00e+00 1.00e+00h  1
 116  1.2007200e+02 6.40e-06 9.52e-04  -6.8 3.63e-02    -  1.00e+00 2.18e-01h  3
 117  1.2007202e+02 2.24e-07 2.99e-03  -6.8 3.46e-02    -  1.00e+00 1.00e+00H  1
 118  1.2007201e+02 2.87e-07 4.29e-03  -6.8 1.41e-02    -  1.00e+00 1.00e+00H  1
 119  1.2007202e+02 8.42e-07 9.27e-03  -6.8 1.15e-02    -  1.00e+00 1.00e+00H  1
iter    objective    inf_pr   inf_du lg(mu)  ||d||  lg(rg) alpha_du alpha_pr  ls
 120  1.2007198e+02 3.15e-05 3.72e-03  -6.8 5.70e-03    -  1.00e+00 1.00e+00h  1
 121  1.2007200e+02 6.56e-06 4.55e-03  -6.8 5.30e-03    -  1.00e+00 1.00e+00h  1
 122  1.2007200e+02 2.53e-06 1.02e-03  -6.8 1.72e-03    -  1.00e+00 1.00e+00h  1
 123  1.2007200e+02 2.94e-07 2.25e-04  -6.8 1.24e-03    -  1.00e+00 1.00e+00h  1
 124  1.2007200e+02 2.51e-08 8.91e-05  -6.8 4.96e-04    -  1.00e+00 1.00e+00h  1
 125  1.2007200e+02 4.69e-09 2.94e-03  -6.8 9.45e-03    -  1.00e+00 1.00e+00H  1
 126  1.2007200e+02 2.37e-07 2.87e-03  -6.8 6.03e-02    -  9.29e-01 6.25e-02h  5
 127  1.2007201e+02 3.95e-10 1.40e-02  -6.8 3.59e-02    -  1.00e+00 1.00e+00H  1
 128  1.2007198e+02 1.96e-05 8.25e-03  -6.8 6.85e-03    -  1.00e+00 1.00e+00h  1
 129  1.2007200e+02 2.01e-08 4.10e-03  -6.8 1.52e-02    -  1.00e+00 1.00e+00H  1
iter    objective    inf_pr   inf_du lg(mu)  ||d||  lg(rg) alpha_du alpha_pr  ls
 130  1.2007201e+02 1.57e-09 7.40e-03  -6.8 1.01e-02    -  1.00e+00 1.00e+00H  1
 131  1.2007200e+02 2.51e-07 1.58e-03  -6.8 8.15e-03    -  1.00e+00 1.00e+00H  1
 132  1.2007200e+02 1.57e-06 3.27e-03  -6.8 2.07e-03    -  1.00e+00 1.00e+00h  1
 133  1.2007200e+02 1.05e-06 3.35e-04  -6.8 1.22e-03    -  1.00e+00 1.00e+00h  1
 134  1.2007200e+02 6.52e-09 6.15e-05  -6.8 1.89e-04    -  1.00e+00 1.00e+00h  1
 135  1.2007200e+02 6.08e-11 6.68e-04  -6.8 2.61e-03    -  1.00e+00 1.00e+00H  1
 136  1.2007201e+02 1.70e-11 1.26e-02  -6.8 5.68e-02    -  1.00e+00 1.00e+00H  1
 137  1.2007197e+02 3.12e-05 1.32e-03  -6.8 8.24e-03    -  1.00e+00 1.00e+00h  1
 138  1.2007199e+02 5.98e-08 1.33e-03  -6.8 1.99e-02    -  1.00e+00 1.00e+00H  1
 139  1.2007199e+02 2.86e-05 3.55e-03  -6.8 6.81e-03    -  6.36e-01 1.00e+00h  1
iter    objective    inf_pr   inf_du lg(mu)  ||d||  lg(rg) alpha_du alpha_pr  ls
 140  1.2007198e+02 1.91e-05 7.91e-05  -6.8 5.64e-03    -  1.00e+00 1.00e+00h  1
 141  1.2007199e+02 5.88e-08 1.89e-04  -6.8 1.34e-03    -  1.00e+00 1.00e+00h  1
 142  1.2007199e+02 8.21e-07 2.26e-03  -6.8 1.93e-01    -  6.22e-01 3.12e-02h  6
 143  1.2007199e+02 1.14e-06 9.63e-04  -6.8 3.30e-01    -  1.00e+00 1.56e-02h  7
 144  1.2007199e+02 1.20e-06 2.02e-03  -6.8 1.95e-01    -  1.00e+00 1.56e-02h  7
 145  1.2007199e+02 1.21e-06 1.71e-03  -6.8 6.92e-01    -  1.00e+00 1.96e-03h  9
 146  1.2007199e+02 1.21e-06 2.72e-03  -6.8 5.37e-01    -  6.74e-01 1.95e-03h 10
 147  1.2007197e+02 5.49e-04 1.21e-02  -6.8 1.22e+00    -  6.41e-01 2.98e-01h  1
 148  1.2007190e+02 5.95e-04 6.81e-03  -6.8 4.48e-01    -  8.02e-01 6.74e-01f  1
 149  1.2007145e+02 1.04e-03 3.77e-02  -6.8 1.23e-01    -  6.26e-02 7.51e-01h  1
iter    objective    inf_pr   inf_du lg(mu)  ||d||  lg(rg) alpha_du alpha_pr  ls
 150  1.2007122e+02 6.86e-04 4.58e-02  -6.8 4.09e-01    -  1.64e-01 7.03e-01f  1
 151  1.2007073e+02 1.71e-03 2.30e-02  -6.8 6.60e-01    -  2.13e-01 2.99e-01h  1
 152  1.2007088e+02 1.29e-03 1.28e-02  -6.8 2.39e-01    -  1.81e-02 2.54e-01h  1
 153  1.2007076e+02 1.18e-03 2.21e-02  -6.8 6.93e-01    -  1.30e-01 3.26e-01f  1
 154  1.2007089e+02 1.29e-03 1.13e-02  -6.8 3.77e-01    -  1.70e-01 2.84e-01h  1
 155  1.2007106e+02 9.06e-04 1.68e-02  -6.8 5.39e-02    -  7.30e-01 2.99e-01h  1
 156  1.2007193e+02 2.34e-04 2.55e-02  -6.8 5.68e-02    -  1.95e-01 1.00e+00h  1
 157  1.2007195e+02 2.72e-04 1.03e-02  -6.8 4.13e-02    -  6.10e-01 1.00e+00h  1
 158  1.2007191e+02 1.34e-04 3.38e-03  -6.8 2.63e-02    -  1.00e+00 1.00e+00h  1
 159  1.2007197e+02 1.35e-05 7.25e-03  -6.8 1.17e-02    -  1.00e+00 1.00e+00h  1
iter    objective    inf_pr   inf_du lg(mu)  ||d||  lg(rg) alpha_du alpha_pr  ls
 160  1.2007197e+02 4.57e-06 1.85e-03  -6.8 7.22e-03    -  1.00e+00 1.00e+00h  1
 161  1.2007198e+02 7.69e-06 3.41e-03  -6.8 3.12e-03    -  1.00e+00 1.00e+00h  1
 162  1.2007198e+02 2.76e-06 6.53e-04  -6.8 2.38e-03    -  1.00e+00 1.00e+00h  1
 163  1.2007198e+02 3.84e-08 7.07e-05  -6.8 4.57e-04    -  1.00e+00 1.00e+00h  1
 164  1.2007198e+02 3.18e-07 9.58e-04  -6.8 1.20e-02    -  1.00e+00 1.19e-01h  4
 165  1.2007198e+02 1.11e-08 3.44e-03  -6.8 2.11e-02    -  1.00e+00 1.00e+00H  1
 166  1.2007196e+02 1.49e-05 1.84e-03  -6.8 1.56e-02    -  1.00e+00 1.00e+00h  1
 167  1.2007198e+02 2.91e-09 1.31e-03  -6.8 1.83e-02    -  9.42e-01 1.00e+00H  1
 168  1.2007202e+02 1.02e-10 1.52e-02  -6.8 3.16e-02    -  1.00e+00 1.00e+00H  1
 169  1.2007199e+02 3.05e-10 1.32e-02  -6.8 2.53e-02    -  1.00e+00 1.00e+00H  1
iter    objective    inf_pr   inf_du lg(mu)  ||d||  lg(rg) alpha_du alpha_pr  ls
 170  1.2007199e+02 3.58e-10 1.32e-02  -6.8 6.04e-02    -  5.68e-01 7.44e-04h 10
 171  1.2007201e+02 3.32e-10 6.53e-03  -6.8 2.27e-02    -  1.00e+00 1.00e+00H  1
 172  1.2007192e+02 1.29e-04 1.40e-02  -6.8 1.20e-02    -  1.00e+00 1.00e+00h  1
 173  1.2007196e+02 3.76e-05 2.25e-03  -6.8 7.15e-03    -  1.00e+00 1.00e+00h  1
 174  1.2007198e+02 4.25e-07 3.45e-04  -6.8 6.14e-04    -  1.00e+00 1.00e+00h  1
 175  1.2007198e+02 8.74e-08 1.88e-04  -6.8 4.14e-04    -  1.00e+00 1.00e+00h  1
 176  1.2007198e+02 3.42e-07 2.77e-04  -6.8 1.17e-03    -  1.00e+00 1.00e+00h  1
 177  1.2007198e+02 2.02e-06 4.46e-04  -6.8 3.10e-03    -  1.00e+00 1.00e+00h  1
 178  1.2007198e+02 4.42e-06 8.67e-04  -6.8 2.95e-03    -  1.00e+00 1.00e+00h  1
 179  1.2007197e+02 7.88e-07 1.01e-03  -6.8 1.93e-03    -  1.00e+00 1.00e+00h  1
iter    objective    inf_pr   inf_du lg(mu)  ||d||  lg(rg) alpha_du alpha_pr  ls
 180  1.2007198e+02 2.72e-06 2.70e-03  -6.8 1.44e-03    -  1.00e+00 1.00e+00h  1
 181  1.2007198e+02 5.54e-07 4.60e-04  -6.8 1.26e-03    -  1.00e+00 1.00e+00h  1
 182  1.2007198e+02 4.07e-08 3.45e-04  -6.8 1.05e-03    -  1.00e+00 1.00e+00h  1
 183  1.2007198e+02 6.44e-11 2.53e-04  -6.8 3.68e-03    -  1.00e+00 1.00e+00H  1
 184  1.2007201e+02 9.95e-12 3.23e-03  -6.8 1.59e-01    -  1.00e+00 1.00e+00H  1
 185  1.2007201e+02 5.71e-11 3.23e-03  -6.8 5.32e-02    -  1.00e+00 2.44e-04h 13
 186  1.2007199e+02 4.83e-11 5.37e-03  -6.8 1.32e-01    -  4.09e-01 1.00e+00F  1
 187  1.2007199e+02 5.64e-11 5.36e-03  -6.8 4.33e-01    -  2.87e-01 2.92e-05h 15
 188  1.2007197e+02 7.47e-06 1.98e-03  -6.8 1.39e-02    -  9.49e-01 5.00e-01h  2
 189  1.2007198e+02 1.49e-11 1.46e-03  -6.8 2.05e-02    -  1.00e+00 1.00e+00H  1
iter    objective    inf_pr   inf_du lg(mu)  ||d||  lg(rg) alpha_du alpha_pr  ls
 190  1.2007198e+02 2.09e-11 3.76e-03  -6.8 1.17e-02    -  1.00e+00 1.00e+00H  1
 191  1.2007197e+02 9.34e-06 3.83e-03  -6.8 4.15e-03    -  1.00e+00 1.00e+00h  1
 192  1.2007197e+02 4.80e-06 1.87e-03  -6.8 3.03e-03    -  1.00e+00 1.00e+00h  1
 193  1.2007197e+02 9.08e-07 1.70e-03  -6.8 1.17e-03    -  1.00e+00 1.00e+00h  1
 194  1.2007197e+02 2.35e-07 9.28e-05  -6.8 5.14e-04    -  1.00e+00 1.00e+00h  1
 195  1.2007197e+02 2.88e-09 1.01e-04  -6.8 2.05e-04    -  1.00e+00 1.00e+00h  1
 196  1.2007197e+02 1.38e-07 6.83e-04  -6.8 3.46e-03    -  1.00e+00 1.00e+00h  1
 197  1.2007198e+02 3.26e-11 3.56e-03  -6.8 2.70e-02    -  1.00e+00 1.00e+00H  1
 198  1.2007197e+02 2.13e-06 2.58e-03  -6.8 6.32e-03    -  1.00e+00 5.00e-01h  2
 199  1.2007197e+02 6.66e-09 8.60e-04  -6.8 1.46e-02    -  1.00e+00 1.00e+00H  1
iter    objective    inf_pr   inf_du lg(mu)  ||d||  lg(rg) alpha_du alpha_pr  ls
 200  1.2007198e+02 2.06e-11 4.70e-03  -6.8 7.54e-03    -  1.00e+00 1.00e+00H  1
 201  1.2007197e+02 1.25e-05 4.72e-04  -6.8 7.00e-03    -  1.00e+00 1.00e+00h  1
 202  1.2007197e+02 1.04e-05 5.10e-04  -6.8 8.58e-03    -  1.00e+00 1.25e-01h  4
 203  1.2007197e+02 1.04e-05 5.60e-04  -6.8 1.13e-01    -  1.00e+00 6.11e-03h  8
 204  1.2007197e+02 1.03e-05 1.10e-03  -6.8 1.27e-01    -  1.00e+00 5.95e-03h  8
 205  1.2007197e+02 1.02e-05 1.37e-03  -6.8 9.77e-02    -  1.00e+00 7.81e-03h  8
 206  1.2007200e+02 2.02e-11 3.47e-03  -6.8 7.59e-02    -  1.00e+00 1.00e+00H  1
 207  1.2007198e+02 2.31e-10 1.31e-03  -6.8 1.06e-02    -  1.00e+00 1.00e+00F  1
 208  1.2007198e+02 1.01e-11 1.89e-03  -6.8 3.21e-02    -  7.68e-01 1.00e+00H  1
 209  1.2007198e+02 7.86e-11 4.26e-03  -6.8 1.17e-02    -  1.00e+00 9.77e-04h 11
iter    objective    inf_pr   inf_du lg(mu)  ||d||  lg(rg) alpha_du alpha_pr  ls
 210  1.2007197e+02 3.37e-10 5.64e-03  -6.8 1.41e-02    -  1.00e+00 1.00e+00H  1
 211  1.2007196e+02 1.43e-04 1.83e-02  -6.8 1.22e-02    -  1.00e+00 1.00e+00h  1
 212  1.2007194e+02 1.02e-04 2.72e-04  -6.8 1.42e-02    -  1.00e+00 1.00e+00h  1
 213  1.2007197e+02 3.53e-08 1.98e-04  -6.8 3.70e-04    -  1.00e+00 1.00e+00h  1
 214  1.2007197e+02 3.63e-09 4.04e-05  -6.8 4.05e-04    -  1.00e+00 1.00e+00h  1
 215  1.2007197e+02 5.89e-07 7.04e-04  -6.8 6.47e-03    -  1.00e+00 1.00e+00h  1
 216  1.2007197e+02 1.41e-06 1.71e-03  -6.8 5.09e-03    -  1.00e+00 1.00e+00h  1
 217  1.2007197e+02 7.54e-06 1.86e-03  -6.8 2.96e-03    -  1.00e+00 1.00e+00h  1
 218  1.2007197e+02 8.02e-07 4.72e-04  -6.8 1.37e-03    -  1.00e+00 1.00e+00h  1
 219  1.2007197e+02 2.50e-08 3.83e-04  -6.8 1.26e-03    -  1.00e+00 1.00e+00h  1
iter    objective    inf_pr   inf_du lg(mu)  ||d||  lg(rg) alpha_du alpha_pr  ls
 220  1.2007197e+02 3.14e-08 4.20e-03  -6.8 1.69e-02    -  1.00e+00 1.00e+00H  1
 221  1.2007197e+02 1.21e-10 1.39e-03  -6.8 1.98e-02    -  1.00e+00 1.00e+00H  1
 222  1.2007197e+02 2.81e-10 1.39e-03  -6.8 3.89e-02    -  1.00e+00 9.77e-04h 11
 223  1.2007197e+02 4.06e-10 2.22e-03  -6.8 6.71e-02    -  8.67e-01 2.44e-04h 13
 224  1.2007197e+02 5.09e-10 1.39e-03  -6.8 2.42e-01    -  7.39e-01 5.58e-05h 12
 225  1.2007196e+02 4.35e-05 2.65e-03  -6.8 2.54e-02    -  1.00e+00 1.00e+00h  1
 226  1.2007194e+02 2.53e-05 1.76e-03  -6.8 8.62e-03    -  1.00e+00 1.00e+00h  1
 227  1.2007197e+02 1.33e-08 1.64e-03  -6.8 1.27e-02    -  1.00e+00 1.00e+00H  1
 228  1.2007197e+02 3.50e-06 1.30e-03  -6.8 5.11e-03    -  1.00e+00 1.00e+00h  1
 229  1.2007197e+02 1.92e-06 8.90e-04  -6.8 2.88e-03    -  1.00e+00 1.00e+00h  1
iter    objective    inf_pr   inf_du lg(mu)  ||d||  lg(rg) alpha_du alpha_pr  ls
 230  1.2007197e+02 1.09e-06 2.21e-03  -6.8 1.56e-03    -  1.00e+00 1.00e+00h  1
 231  1.2007197e+02 8.02e-07 4.37e-04  -6.8 9.50e-04    -  1.00e+00 1.00e+00h  1
 232  1.2007197e+02 1.62e-08 1.65e-04  -6.8 3.37e-04    -  1.00e+00 1.00e+00h  1
 233  1.2007197e+02 8.71e-10 1.44e-05  -6.8 1.70e-04    -  1.00e+00 1.00e+00h  1
 234  1.2007197e+02 1.24e-10 1.19e-04  -6.8 2.53e-03    -  1.00e+00 1.00e+00H  1
 235  1.2007197e+02 1.01e-11 9.59e-04  -6.8 3.81e-03    -  1.00e+00 1.00e+00H  1
 236  1.2007197e+02 2.88e-07 3.42e-04  -6.8 1.63e-03    -  1.00e+00 1.00e+00h  1
 237  1.2007197e+02 1.79e-07 1.22e-04  -6.8 2.05e-03    -  1.00e+00 1.00e+00h  1
 238  1.2007197e+02 8.99e-08 3.86e-04  -6.8 1.63e-03    -  1.00e+00 5.00e-01h  2
 239  1.2007197e+02 6.21e-08 1.09e-04  -6.8 2.03e-03    -  1.00e+00 5.00e-01h  2
iter    objective    inf_pr   inf_du lg(mu)  ||d||  lg(rg) alpha_du alpha_pr  ls
 240  1.2007197e+02 6.45e-10 1.88e-04  -6.8 9.59e-03    -  1.00e+00 1.00e+00H  1
 241  1.2007197e+02 2.06e-11 2.00e-03  -6.8 3.05e-02    -  1.00e+00 1.00e+00H  1
 242  1.2007197e+02 6.75e-11 5.28e-04  -6.8 2.21e-02    -  1.00e+00 1.00e+00H  1
 243  1.2007195e+02 7.12e-05 3.75e-03  -6.8 8.31e-02    -  1.00e+00 1.00e+00h  1
 244  1.2007191e+02 5.55e-05 1.56e-03  -6.8 6.33e-02    -  1.00e+00 1.00e+00h  1
 245  1.2007186e+02 3.33e-04 1.37e-02  -6.8 1.32e-01    -  7.55e-01 7.71e-01h  1
 246  1.2007177e+02 2.46e-04 1.25e-02  -6.8 5.16e-02    -  7.97e-01 1.00e+00f  1
 247  1.2007187e+02 2.38e-04 2.60e-02  -6.8 7.92e-02    -  1.00e+00 5.67e-01H  1
 248  1.2007190e+02 1.95e-04 3.11e-03  -6.8 1.79e-02    -  7.79e-01 9.14e-01h  1
 249  1.2007190e+02 1.90e-04 1.42e-02  -6.8 9.20e-03    -  1.00e+00 2.62e-02f  6
iter    objective    inf_pr   inf_du lg(mu)  ||d||  lg(rg) alpha_du alpha_pr  ls
 250  1.2007196e+02 1.10e-05 1.70e-03  -6.8 5.70e-03    -  4.46e-01 1.00e+00h  1
 251  1.2007197e+02 2.38e-07 4.34e-04  -6.8 1.53e-03    -  1.00e+00 1.00e+00h  1
 252  1.2007197e+02 4.16e-08 4.09e-05  -6.8 6.53e-04    -  1.00e+00 1.00e+00h  1
 253  1.2007197e+02 6.45e-09 2.53e-05  -6.8 2.06e-04    -  1.00e+00 1.00e+00h  1
 254  1.2007197e+02 3.58e-10 9.85e-04  -6.8 3.12e-03    -  1.00e+00 1.00e+00H  1
 255  1.2007197e+02 2.12e-11 1.41e-03  -6.8 8.52e-03    -  1.00e+00 1.00e+00H  1
 256  1.2007197e+02 2.06e-06 1.54e-03  -6.8 2.29e-03    -  1.00e+00 1.00e+00h  1
 257  1.2007197e+02 1.06e-06 3.64e-04  -6.8 6.42e-03    -  1.00e+00 1.00e+00h  1
 258  1.2007197e+02 6.30e-08 3.39e-04  -6.8 7.97e-04    -  1.00e+00 1.00e+00h  1
 259  1.2007197e+02 2.35e-08 4.38e-05  -6.8 5.35e-04    -  1.00e+00 1.00e+00h  1
iter    objective    inf_pr   inf_du lg(mu)  ||d||  lg(rg) alpha_du alpha_pr  ls
 260  1.2007197e+02 1.31e-09 2.43e-05  -6.8 2.04e-04    -  1.00e+00 1.00e+00h  1
 261  1.2007197e+02 2.34e-11 6.68e-05  -6.8 1.93e-03    -  1.00e+00 1.00e+00H  1
 262  1.2007197e+02 9.59e-12 4.38e-03  -6.8 1.90e-02    -  1.00e+00 1.00e+00H  1
 263  1.2007197e+02 1.15e-10 1.63e-03  -6.8 1.04e-02    -  1.00e+00 1.00e+00H  1
 264  1.2007197e+02 1.09e-10 1.63e-03  -6.8 3.56e-02    -  1.00e+00 2.44e-04h 13
 265  1.2007197e+02 1.09e-10 1.63e-03  -6.8 2.14e-02    -  1.00e+00 2.44e-04h 13
 266  1.2007197e+02 4.88e-06 1.76e-03  -6.8 1.47e-02    -  1.00e+00 1.00e+00h  1
 267  1.2007197e+02 5.01e-06 2.19e-03  -6.8 1.22e-02    -  1.00e+00 1.00e+00h  1
 268  1.2007196e+02 5.86e-06 6.98e-04  -6.8 3.68e-03    -  1.00e+00 1.00e+00h  1
 269  1.2007197e+02 4.77e-07 5.39e-04  -6.8 1.76e-03    -  1.00e+00 1.00e+00h  1
iter    objective    inf_pr   inf_du lg(mu)  ||d||  lg(rg) alpha_du alpha_pr  ls
 270  1.2007197e+02 1.61e-07 2.10e-04  -6.8 5.12e-04    -  1.00e+00 1.00e+00h  1
 271  1.2007197e+02 5.55e-08 9.23e-05  -6.8 3.34e-04    -  1.00e+00 1.00e+00h  1
 272  1.2007197e+02 4.68e-10 1.77e-05  -6.8 4.02e-05    -  1.00e+00 1.00e+00h  1
 273  1.2007197e+02 2.86e-09 1.55e-04  -6.8 1.76e-04    -  1.00e+00 1.00e+00h  1
 274  1.2007197e+02 1.14e-11 1.24e-04  -6.8 7.59e-04    -  1.00e+00 1.00e+00H  1
 275  1.2007197e+02 9.24e-12 2.32e-04  -6.8 3.60e-03    -  1.00e+00 1.00e+00H  1
 276  1.2007197e+02 8.53e-12 2.32e-04  -6.8 3.92e-03    -  1.00e+00 4.88e-04h 12
 277  1.2007197e+02 9.95e-12 1.41e-03  -6.8 2.65e-03    -  1.00e+00 1.00e+00H  1
 278  1.2007197e+02 2.57e-06 6.72e-04  -6.8 1.16e-03    -  1.00e+00 1.00e+00h  1
 279  1.2007197e+02 7.07e-11 3.97e-04  -6.8 2.50e-03    -  1.00e+00 1.00e+00H  1
iter    objective    inf_pr   inf_du lg(mu)  ||d||  lg(rg) alpha_du alpha_pr  ls
 280  1.2007197e+02 3.76e-07 5.97e-04  -6.8 2.52e-03    -  1.00e+00 1.00e+00h  1
 281  1.2007197e+02 2.45e-07 4.05e-04  -6.8 2.10e-03    -  1.00e+00 1.00e+00h  1
 282  1.2007197e+02 8.18e-07 9.23e-04  -6.8 9.69e-04    -  1.00e+00 1.00e+00h  1
 283  1.2007197e+02 2.31e-07 8.10e-04  -6.8 5.31e-04    -  1.00e+00 1.00e+00h  1
 284  1.2007197e+02 1.76e-08 1.33e-04  -6.8 6.09e-04    -  1.00e+00 1.00e+00h  1
 285  1.2007197e+02 9.24e-12 8.16e-05  -6.8 7.58e-04    -  1.00e+00 1.00e+00H  1
 286  1.2007197e+02 9.96e-12 1.65e-04  -6.8 2.16e-03    -  1.00e+00 1.00e+00H  1
 287  1.2007197e+02 1.05e-09 7.47e-04  -6.8 3.85e-02    -  1.00e+00 1.56e-02h  7
 288  1.2007197e+02 2.19e-09 3.97e-04  -6.8 3.69e-02    -  1.00e+00 1.56e-02h  7
 289  1.2007197e+02 3.30e-09 2.25e-04  -6.8 4.03e-02    -  1.00e+00 1.56e-02h  7
iter    objective    inf_pr   inf_du lg(mu)  ||d||  lg(rg) alpha_du alpha_pr  ls
 290  1.2007197e+02 4.03e-09 4.03e-04  -6.8 5.95e-02    -  1.00e+00 7.81e-03h  8
 291  1.2007197e+02 1.04e-05 4.49e-03  -6.8 2.49e-01    -  1.00e+00 3.53e-01h  2
 292  1.2007196e+02 1.54e-05 3.36e-03  -6.8 1.33e-01    -  1.00e+00 6.70e-01h  1
 293  1.2007192e+02 3.15e-04 1.85e-02  -6.8 8.27e-02    -  2.49e-01 2.86e-01h  1
 294  1.2007161e+02 2.92e-04 1.97e-03  -6.8 1.26e-01    -  7.56e-01 1.00e+00f  1
 295  1.2007197e+02 1.44e-05 3.42e-03  -6.8 5.82e-03    -  1.00e+00 1.00e+00h  1
 296  1.2007197e+02 6.20e-06 3.08e-04  -6.8 5.36e-03    -  1.00e+00 1.00e+00h  1
 297  1.2007197e+02 2.91e-07 6.52e-04  -6.8 2.23e-03    -  1.00e+00 1.00e+00h  1
 298  1.2007197e+02 1.04e-07 2.79e-04  -6.8 7.56e-04    -  1.00e+00 1.00e+00h  1
 299  1.2007197e+02 4.15e-09 1.31e-04  -6.8 9.67e-05    -  1.00e+00 1.00e+00h  1
iter    objective    inf_pr   inf_du lg(mu)  ||d||  lg(rg) alpha_du alpha_pr  ls
 300  1.2007197e+02 9.46e-09 1.51e-04  -6.8 2.83e-04    -  1.00e+00 1.00e+00h  1
 301  1.2007197e+02 6.43e-10 9.95e-04  -6.8 3.39e-03    -  1.00e+00 1.00e+00H  1
 302  1.2007197e+02 3.38e-07 3.27e-04  -6.8 1.04e-03    -  1.00e+00 1.00e+00h  1
 303  1.2007197e+02 3.48e-07 8.60e-05  -6.8 1.50e-03    -  1.00e+00 1.00e+00h  1
 304  1.2007197e+02 2.86e-08 8.60e-05  -6.8 3.59e-04    -  1.00e+00 1.00e+00h  1
 305  1.2007197e+02 1.36e-08 1.95e-05  -6.8 2.51e-04    -  1.00e+00 1.00e+00h  1
 306  1.2007197e+02 5.05e-10 2.21e-05  -6.8 6.44e-05    -  1.00e+00 1.00e+00h  1
 307  1.2007197e+02 1.01e-11 1.06e-04  -6.8 1.17e-03    -  1.00e+00 1.00e+00H  1
 308  1.2007197e+02 9.56e-12 3.54e-03  -6.8 8.12e-03    -  1.00e+00 1.00e+00H  1
 309  1.2007197e+02 3.41e-11 4.29e-04  -6.8 5.90e-03    -  1.00e+00 1.00e+00H  1
iter    objective    inf_pr   inf_du lg(mu)  ||d||  lg(rg) alpha_du alpha_pr  ls
 310  1.2007197e+02 1.22e-06 1.37e-03  -6.8 6.62e-03    -  1.00e+00 5.00e-01h  2
 311  1.2007197e+02 7.59e-07 2.67e-04  -6.8 2.84e-03    -  1.00e+00 1.00e+00h  1
 312  1.2007197e+02 6.89e-08 3.93e-04  -6.8 3.24e-04    -  1.00e+00 1.00e+00h  1
 313  1.2007197e+02 2.56e-08 2.75e-05  -6.8 1.56e-04    -  1.00e+00 1.00e+00h  1
 314  1.2007197e+02 1.02e-10 7.41e-06  -6.8 4.01e-05    -  1.00e+00 1.00e+00h  1
 315  1.2007197e+02 9.24e-12 6.64e-05  -6.8 4.36e-04    -  1.00e+00 1.00e+00H  1
 316  1.2007197e+02 3.83e-10 4.18e-04  -6.8 1.17e-02    -  1.00e+00 1.56e-02h  7
 317  1.2007197e+02 8.53e-12 3.58e-04  -6.8 6.00e-03    -  1.00e+00 1.00e+00H  1
 318  1.2007197e+02 9.24e-12 3.58e-04  -6.8 2.43e-02    -  1.00e+00 2.38e-07h 23
 319  1.2007197e+02 9.24e-12 4.08e-04  -6.8 8.05e-02    -  1.00e+00 4.77e-07h 22
iter    objective    inf_pr   inf_du lg(mu)  ||d||  lg(rg) alpha_du alpha_pr  ls
 320  1.2007197e+02 1.33e-05 4.69e-03  -6.8 3.75e-02    -  1.00e+00 1.00e+00h  1
 321  1.2007196e+02 3.76e-05 8.44e-03  -6.8 2.94e-02    -  1.00e+00 1.00e+00h  1
 322  1.2007195e+02 2.86e-05 2.20e-03  -6.8 9.39e-02    -  6.46e-01 1.00e+00h  1
 323  1.2007192e+02 3.30e-04 2.61e-02  -6.8 9.19e-02    -  7.93e-01 5.28e-01h  1
 324  1.2007177e+02 2.90e-04 2.21e-03  -6.8 3.57e-02    -  1.49e-01 1.00e+00f  1
 325  1.2007196e+02 9.04e-06 4.42e-03  -6.8 9.30e-03    -  1.00e+00 1.00e+00h  1
 326  1.2007197e+02 3.83e-06 2.02e-03  -6.8 3.22e-03    -  1.00e+00 1.00e+00h  1
 327  1.2007197e+02 2.92e-07 1.28e-03  -6.8 1.10e-03    -  1.00e+00 1.00e+00h  1
 328  1.2007197e+02 4.02e-08 1.26e-04  -6.8 8.42e-04    -  1.00e+00 1.00e+00h  1
 329  1.2007197e+02 5.49e-10 5.19e-04  -6.8 2.68e-03    -  1.00e+00 1.00e+00H  1
iter    objective    inf_pr   inf_du lg(mu)  ||d||  lg(rg) alpha_du alpha_pr  ls
 330  1.2007197e+02 5.59e-07 1.08e-03  -6.8 7.51e-04    -  1.00e+00 1.00e+00h  1
 331  1.2007197e+02 1.99e-07 3.81e-04  -6.8 8.05e-04    -  1.00e+00 1.00e+00h  1
 332  1.2007197e+02 1.17e-09 5.23e-05  -6.8 1.25e-04    -  1.00e+00 1.00e+00h  1
 333  1.2007197e+02 3.90e-09 5.57e-05  -6.8 3.13e-04    -  1.00e+00 1.00e+00h  1
 334  1.2007197e+02 8.53e-12 7.69e-04  -6.8 6.21e-03    -  1.00e+00 1.00e+00H  1
 335  1.2007197e+02 2.66e-09 4.86e-04  -6.8 2.55e-03    -  1.00e+00 1.00e+00H  1
 336  1.2007197e+02 1.59e-07 1.04e-03  -6.8 1.68e-03    -  1.00e+00 1.00e+00h  1
 337  1.2007197e+02 3.14e-07 2.90e-04  -6.8 7.19e-04    -  1.00e+00 1.00e+00h  1
 338  1.2007197e+02 2.98e-08 2.73e-04  -6.8 4.84e-04    -  1.00e+00 1.00e+00h  1
 339  1.2007197e+02 8.10e-09 9.70e-05  -6.8 3.32e-04    -  1.00e+00 1.00e+00h  1
iter    objective    inf_pr   inf_du lg(mu)  ||d||  lg(rg) alpha_du alpha_pr  ls
 340  1.2007197e+02 8.83e-09 1.22e-04  -6.8 1.40e-04    -  1.00e+00 1.00e+00h  1
 341  1.2007197e+02 5.35e-09 4.79e-05  -6.8 9.55e-05    -  1.00e+00 1.00e+00h  1
 342  1.2007197e+02 2.43e-10 6.23e-06  -6.8 3.23e-05    -  1.00e+00 1.00e+00h  1
 343  1.2007197e+02 1.02e-11 3.40e-04  -6.8 8.04e-04    -  1.00e+00 1.00e+00H  1
 344  1.2007197e+02 1.21e-11 2.53e-04  -6.8 1.93e-03    -  1.00e+00 1.00e+00H  1
 345  1.2007197e+02 1.14e-11 1.55e-03  -6.8 2.86e-03    -  1.00e+00 1.00e+00H  1
 346  1.2007197e+02 3.67e-07 7.67e-04  -6.8 2.57e-03    -  1.00e+00 1.00e+00h  1
 347  1.2007197e+02 3.12e-07 6.18e-04  -6.8 5.05e-03    -  1.00e+00 2.50e-01h  3
 348  1.2007197e+02 1.06e-06 1.12e-03  -6.8 1.16e-03    -  1.00e+00 1.00e+00h  1
 349  1.2007197e+02 5.28e-07 3.40e-04  -6.8 9.30e-04    -  1.00e+00 1.00e+00h  1
iter    objective    inf_pr   inf_du lg(mu)  ||d||  lg(rg) alpha_du alpha_pr  ls
 350  1.2007197e+02 9.45e-09 1.43e-04  -6.8 1.64e-04    -  1.00e+00 1.00e+00h  1
 351  1.2007197e+02 1.19e-09 2.08e-05  -6.8 9.19e-05    -  1.00e+00 1.00e+00h  1
 352  1.2007197e+02 1.56e-10 1.42e-05  -6.8 6.48e-05    -  1.00e+00 1.00e+00h  1
 353  1.2007197e+02 1.17e-11 2.01e-04  -6.8 6.45e-04    -  1.00e+00 1.00e+00H  1
 354  1.2007197e+02 1.07e-11 5.27e-04  -6.8 1.50e-02    -  1.00e+00 1.00e+00H  1
 355  1.2007197e+02 2.33e-06 1.94e-03  -6.8 2.12e-03    -  1.00e+00 1.00e+00h  1
 356  1.2007197e+02 8.53e-12 7.38e-04  -6.8 1.00e-02    -  1.00e+00 1.00e+00H  1
 357  1.2007197e+02 8.53e-12 7.38e-04  -6.8 8.38e-03    -  1.00e+00 5.96e-08h 25
 358  1.2007197e+02 9.56e-12 4.68e-04  -6.8 3.87e-03    -  1.00e+00 1.00e+00H  1
 359  1.2007197e+02 2.23e-06 2.53e-03  -6.8 2.47e-03    -  1.00e+00 1.00e+00h  1
iter    objective    inf_pr   inf_du lg(mu)  ||d||  lg(rg) alpha_du alpha_pr  ls
 360  1.2007197e+02 8.99e-07 5.76e-04  -6.8 1.56e-03    -  1.00e+00 1.00e+00h  1
 361  1.2007197e+02 4.05e-08 4.32e-04  -6.8 6.42e-04    -  1.00e+00 1.00e+00h  1
 362  1.2007197e+02 2.51e-09 7.24e-05  -6.8 4.14e-04    -  1.00e+00 1.00e+00h  1
 363  1.2007197e+02 1.11e-11 1.20e-04  -6.8 1.23e-03    -  1.00e+00 1.00e+00H  1
 364  1.2007197e+02 1.63e-08 4.05e-05  -6.8 2.42e-04    -  1.00e+00 1.00e+00h  1
 365  1.2007197e+02 2.43e-09 6.46e-05  -6.8 2.67e-04    -  1.00e+00 1.00e+00h  1
 366  1.2007197e+02 9.95e-12 5.54e-05  -6.8 8.88e-04    -  1.00e+00 1.00e+00H  1
 367  1.2007197e+02 5.25e-09 2.17e-04  -6.8 6.30e-02    -  1.00e+00 3.12e-02h  6
 368  1.2007197e+02 5.34e-09 2.24e-04  -6.8 7.41e-02    -  1.00e+00 3.91e-03h  9
 369  1.2007197e+02 5.50e-09 1.74e-04  -6.8 5.40e-02    -  1.00e+00 7.81e-03h  8
iter    objective    inf_pr   inf_du lg(mu)  ||d||  lg(rg) alpha_du alpha_pr  ls
 370  1.2007197e+02 1.17e-11 1.36e-03  -6.8 7.60e-02    -  1.00e+00 1.00e+00H  1
 371  1.2007196e+02 4.33e-06 2.12e-03  -6.8 9.27e-03    -  1.00e+00 1.00e+00h  1
 372  1.2007196e+02 3.64e-06 2.14e-03  -6.8 4.76e-02    -  9.62e-01 1.25e-01h  4
 373  1.2007196e+02 2.33e-05 9.39e-03  -6.8 2.05e-01    -  1.00e+00 2.50e-01h  3
 374  1.2007196e+02 4.76e-05 6.22e-03  -6.8 5.08e-02    -  1.00e+00 1.00e+00h  1
 375  1.2007194e+02 3.22e-05 3.85e-03  -6.8 1.04e-01    -  1.00e+00 5.00e-01h  2
 376  1.2007193e+02 4.54e-05 1.05e-02  -6.8 3.05e-01    -  4.23e-01 8.71e-02h  3
 377  1.2007195e+02 1.02e-04 4.27e-03  -6.8 4.26e-02    -  1.00e+00 1.00e+00h  1
 378  1.2007194e+02 2.04e-05 2.21e-03  -6.8 2.71e-02    -  1.00e+00 1.00e+00h  1
 379  1.2007195e+02 1.46e-05 3.72e-03  -6.8 1.67e-02    -  1.00e+00 1.00e+00h  1
iter    objective    inf_pr   inf_du lg(mu)  ||d||  lg(rg) alpha_du alpha_pr  ls
 380  1.2007196e+02 4.85e-06 9.01e-04  -6.8 1.22e-02    -  1.00e+00 1.00e+00h  1
 381  1.2007197e+02 1.22e-06 6.74e-04  -6.8 2.18e-03    -  1.00e+00 1.00e+00h  1
 382  1.2007197e+02 5.79e-07 1.22e-04  -6.8 1.41e-03    -  1.00e+00 1.00e+00h  1
 383  1.2007197e+02 2.02e-09 7.26e-05  -6.8 6.50e-05    -  1.00e+00 1.00e+00h  1
 384  1.2007197e+02 7.41e-08 4.13e-04  -6.8 6.34e-04    -  1.00e+00 1.00e+00h  1
 385  1.2007197e+02 1.73e-10 1.07e-03  -6.8 2.07e-03    -  1.00e+00 1.00e+00H  1
 386  1.2007197e+02 4.61e-10 1.55e-03  -6.8 1.57e-03    -  1.00e+00 1.00e+00H  1
 387  1.2007197e+02 2.06e-09 3.74e-04  -6.8 1.23e-03    -  1.00e+00 1.00e+00H  1
 388  1.2007197e+02 2.49e-07 1.44e-04  -6.8 6.55e-04    -  1.00e+00 1.00e+00h  1
 389  1.2007197e+02 9.76e-09 7.05e-05  -6.8 6.21e-04    -  1.00e+00 1.00e+00h  1
iter    objective    inf_pr   inf_du lg(mu)  ||d||  lg(rg) alpha_du alpha_pr  ls
 390  1.2007197e+02 5.73e-09 1.55e-04  -6.8 3.23e-04    -  1.00e+00 1.00e+00h  1
 391  1.2007197e+02 1.89e-09 2.83e-05  -6.8 1.15e-04    -  1.00e+00 1.00e+00h  1
 392  1.2007197e+02 1.06e-11 1.35e-05  -6.8 1.67e-04    -  1.00e+00 1.00e+00H  1
 393  1.2007197e+02 9.59e-12 2.22e-05  -6.8 8.86e-04    -  1.00e+00 1.00e+00H  1
 394  1.2007197e+02 8.50e-12 3.79e-03  -6.8 2.17e-02    -  1.00e+00 1.00e+00H  1
 395  1.2007197e+02 6.39e-12 3.79e-03  -6.8 1.11e-02    -  1.00e+00 5.96e-08h 25
 396  1.2007197e+02 7.84e-12 3.79e-03  -6.8 6.18e-02    -  1.00e+00 5.82e-11h 35
 397  1.2007197e+02 1.07e-11 3.79e-03  -6.8 3.85e-02    -  1.00e+00 9.31e-10h 31
 398  1.2007196e+02 1.65e-05 3.78e-03  -6.8 3.48e-02    -  1.00e+00 1.00e+00h  1
 399  1.2007196e+02 2.30e-05 6.64e-03  -6.8 1.14e-02    -  1.00e+00 1.00e+00h  1
iter    objective    inf_pr   inf_du lg(mu)  ||d||  lg(rg) alpha_du alpha_pr  ls
 400  1.2007195e+02 1.75e-05 6.17e-04  -6.8 7.38e-03    -  1.00e+00 1.00e+00h  1
 401  1.2007197e+02 7.25e-08 2.57e-04  -6.8 2.75e-03    -  1.00e+00 1.00e+00h  1
 402  1.2007197e+02 1.06e-07 2.03e-04  -6.8 2.78e-03    -  1.00e+00 1.00e+00h  1
 403  1.2007197e+02 5.83e-08 1.12e-04  -6.8 2.31e-03    -  1.00e+00 1.00e+00h  1
 404  1.2007197e+02 2.08e-10 2.09e-04  -6.8 3.06e-03    -  1.00e+00 1.00e+00H  1
 405  1.2007197e+02 1.00e-07 8.90e-05  -6.8 1.45e-03    -  1.00e+00 1.00e+00h  1
 406  1.2007197e+02 6.14e-08 6.57e-05  -6.8 1.20e-03    -  1.00e+00 1.00e+00h  1
 407  1.2007197e+02 2.37e-08 2.84e-04  -6.8 3.78e-04    -  1.00e+00 1.00e+00h  1
 408  1.2007197e+02 6.36e-08 3.35e-04  -6.8 2.61e-04    -  1.00e+00 1.00e+00h  1
 409  1.2007197e+02 1.43e-08 7.88e-05  -6.8 1.80e-04    -  1.00e+00 1.00e+00h  1
iter    objective    inf_pr   inf_du lg(mu)  ||d||  lg(rg) alpha_du alpha_pr  ls
 410  1.2007197e+02 5.55e-11 3.84e-06  -6.8 2.79e-05    -  1.00e+00 1.00e+00h  1
 411  1.2007197e+02 2.27e-10 8.55e-06  -6.8 9.49e-05    -  1.00e+00 1.00e+00h  1
 412  1.2007197e+02 1.21e-11 1.41e-05  -6.8 6.78e-04    -  1.00e+00 1.00e+00H  1
 413  1.2007197e+02 1.21e-11 3.59e-04  -6.8 5.05e-03    -  1.00e+00 1.00e+00H  1
 414  1.2007197e+02 1.81e-11 6.03e-05  -6.8 2.68e-03    -  1.00e+00 1.00e+00H  1
 415  1.2007197e+02 9.95e-12 8.25e-04  -6.8 4.71e-03    -  1.00e+00 1.00e+00H  1
 416  1.2007197e+02 2.02e-07 6.00e-05  -6.8 4.70e-03    -  1.00e+00 1.00e+00h  1
 417  1.2007197e+02 2.06e-07 7.80e-04  -6.8 9.04e-04    -  1.00e+00 1.00e+00h  1
 418  1.2007197e+02 2.13e-07 1.37e-04  -6.8 7.05e-04    -  1.00e+00 1.00e+00h  1
 419  1.2007197e+02 5.60e-09 1.33e-04  -6.8 7.96e-05    -  1.00e+00 1.00e+00h  1
iter    objective    inf_pr   inf_du lg(mu)  ||d||  lg(rg) alpha_du alpha_pr  ls
 420  1.2007197e+02 1.02e-09 2.81e-06  -6.8 3.81e-05    -  1.00e+00 1.00e+00h  1
 421  1.2007197e+02 4.57e-11 7.40e-06  -6.8 2.65e-05    -  1.00e+00 1.00e+00h  1
 422  1.2007197e+02 9.96e-12 7.02e-05  -6.8 5.48e-04    -  1.00e+00 1.00e+00H  1
 423  1.2007197e+02 7.78e-10 1.70e-04  -6.8 6.85e-03    -  1.00e+00 6.25e-02h  5
 424  1.2007197e+02 7.37e-12 1.09e-04  -6.8 4.45e-03    -  1.00e+00 1.00e+00H  1
 425  1.2007197e+02 2.42e-08 2.92e-05  -6.8 1.47e-03    -  1.00e+00 1.00e+00h  1
 426  1.2007197e+02 2.13e-08 2.13e-04  -6.8 1.32e-03    -  1.00e+00 1.00e+00h  1
 427  1.2007197e+02 1.13e-08 4.23e-05  -6.8 1.49e-03    -  1.00e+00 1.00e+00h  1
 428  1.2007197e+02 1.07e-11 1.19e-04  -6.8 4.05e-03    -  1.00e+00 1.00e+00H  1
 429  1.2007197e+02 1.17e-11 2.94e-04  -6.8 1.24e-02    -  1.00e+00 1.00e+00H  1
iter    objective    inf_pr   inf_du lg(mu)  ||d||  lg(rg) alpha_du alpha_pr  ls
 430  1.2007197e+02 2.22e-07 7.24e-04  -6.8 3.00e-03    -  1.00e+00 1.00e+00h  1
 431  1.2007197e+02 8.25e-07 1.68e-03  -6.8 5.16e-03    -  1.00e+00 1.00e+00h  1
 432  1.2007197e+02 1.21e-11 1.72e-03  -6.8 1.23e-02    -  1.00e+00 1.00e+00H  1
 433  1.2007197e+02 4.49e-06 4.71e-04  -6.8 1.07e-02    -  1.00e+00 1.00e+00h  1
 434  1.2007197e+02 3.18e-06 2.94e-04  -6.8 7.20e-03    -  1.00e+00 1.00e+00h  1
 435  1.2007197e+02 4.82e-07 4.13e-04  -6.8 7.60e-03    -  1.00e+00 1.00e+00h  1
 436  1.2007197e+02 9.19e-08 1.06e-04  -6.8 1.61e-03    -  1.00e+00 1.00e+00h  1
 437  1.2007197e+02 5.55e-11 7.29e-05  -6.8 3.51e-03    -  1.00e+00 1.00e+00H  1
 438  1.2007197e+02 4.48e-08 1.55e-04  -6.8 1.36e-03    -  1.00e+00 1.00e+00h  1
 439  1.2007197e+02 2.49e-08 1.25e-04  -6.8 1.05e-03    -  1.00e+00 1.00e+00h  1
iter    objective    inf_pr   inf_du lg(mu)  ||d||  lg(rg) alpha_du alpha_pr  ls
 440  1.2007197e+02 6.67e-08 4.61e-04  -6.8 2.67e-04    -  1.00e+00 1.00e+00h  1
 441  1.2007197e+02 3.90e-08 6.79e-06  -6.8 2.04e-04    -  1.00e+00 1.00e+00h  1
 442  1.2007197e+02 7.47e-11 5.10e-06  -6.8 3.80e-05    -  1.00e+00 1.00e+00h  1
 443  1.2007197e+02 1.06e-11 4.20e-04  -6.8 8.34e-03    -  1.00e+00 1.00e+00H  1
 444  1.2007197e+02 7.82e-12 4.20e-04  -6.8 1.79e-02    -  1.00e+00 4.77e-07h 22
 445  1.2007197e+02 2.56e-08 2.74e-04  -6.8 9.02e-04    -  1.00e+00 5.00e-01h  2
 446  1.2007197e+02 1.85e-08 5.42e-05  -6.8 1.12e-03    -  1.00e+00 1.00e+00h  1
 447  1.2007197e+02 3.22e-09 5.40e-05  -6.8 6.87e-04    -  1.00e+00 1.00e+00h  1
 448  1.2007197e+02 1.12e-11 4.93e-05  -6.8 1.72e-03    -  1.00e+00 1.00e+00H  1
 449  1.2007197e+02 1.14e-11 2.38e-04  -6.8 1.01e-03    -  1.00e+00 1.00e+00H  1
iter    objective    inf_pr   inf_du lg(mu)  ||d||  lg(rg) alpha_du alpha_pr  ls
 450  1.2007197e+02 1.95e-08 3.19e-05  -6.8 1.49e-03    -  1.00e+00 1.00e+00h  1
 451  1.2007197e+02 4.26e-09 1.17e-04  -6.8 1.93e-04    -  1.00e+00 1.00e+00h  1
 452  1.2007197e+02 3.57e-09 4.60e-05  -6.8 2.51e-04    -  1.00e+00 1.00e+00h  1
 453  1.2007197e+02 9.95e-12 3.33e-05  -6.8 1.15e-03    -  1.00e+00 1.00e+00H  1
 454  1.2007197e+02 9.70e-12 3.28e-04  -6.8 6.01e-03    -  1.00e+00 1.00e+00H  1
 455  1.2007197e+02 9.56e-12 3.28e-04  -6.8 5.16e-02    -  1.00e+00 6.10e-05h 15
 456  1.2007197e+02 9.95e-12 4.72e-04  -6.8 1.86e-01    -  1.00e+00 7.63e-06h 18
 457  1.2007197e+02 1.14e-11 4.77e-04  -6.8 3.99e-02    -  1.00e+00 1.53e-05h 17
 458  1.2007197e+02 1.28e-11 3.28e-04  -6.8 5.45e-02    -  1.00e+00 2.38e-07h 23
 459  1.2007197e+02 1.03e-11 8.95e-04  -6.8 2.02e-01    -  1.00e+00 5.82e-11h 35
iter    objective    inf_pr   inf_du lg(mu)  ||d||  lg(rg) alpha_du alpha_pr  ls
 460  1.2007197e+02 8.38e-05 6.09e-03  -6.8 2.51e-01    -  1.00e+00 1.00e+00h  1
 461  1.2007195e+02 8.18e-05 9.28e-03  -6.8 1.75e-02    -  1.00e+00 1.00e+00h  1
 462  1.2007192e+02 3.53e-05 3.19e-03  -6.8 8.27e-02    -  1.00e+00 1.00e+00h  1
 463  1.2007193e+02 3.12e-05 4.66e-03  -6.8 1.81e-01    -  1.00e+00 1.56e-01h  3
 464  1.2007193e+02 2.74e-05 3.23e-03  -6.8 2.01e-01    -  1.00e+00 1.25e-01h  4
 465  1.2007194e+02 2.29e-05 2.96e-03  -6.8 1.46e-01    -  1.00e+00 2.45e-01h  3
 466  1.2007196e+02 8.31e-06 1.71e-03  -6.8 6.90e-03    -  1.00e+00 1.00e+00h  1
 467  1.2007196e+02 7.71e-06 3.80e-03  -6.8 1.76e-02    -  1.00e+00 1.00e+00h  1
 468  1.2007198e+02 7.82e-12 1.09e-02  -6.8 4.75e-02    -  1.00e+00 1.00e+00H  1
 469  1.2007196e+02 3.19e-05 2.03e-03  -6.8 3.46e-02    -  1.00e+00 1.00e+00h  1
iter    objective    inf_pr   inf_du lg(mu)  ||d||  lg(rg) alpha_du alpha_pr  ls
 470  1.2007195e+02 4.67e-05 1.59e-03  -6.8 1.11e-02    -  9.75e-01 1.00e+00h  1
 471  1.2007195e+02 2.82e-05 4.70e-04  -6.8 1.50e-02    -  1.00e+00 1.00e+00h  1
 472  1.2007197e+02 8.38e-08 3.67e-04  -6.8 7.38e-04    -  1.00e+00 1.00e+00h  1
 473  1.2007197e+02 2.28e-08 2.11e-05  -6.8 4.76e-04    -  1.00e+00 1.00e+00h  1
 474  1.2007197e+02 2.47e-10 1.13e-05  -6.8 3.23e-05    -  1.00e+00 1.00e+00h  1
 475  1.2007197e+02 4.67e-09 2.20e-05  -6.8 2.04e-04    -  1.00e+00 1.00e+00h  1
 476  1.2007197e+02 2.07e-10 9.02e-04  -6.8 1.30e-03    -  1.00e+00 1.00e+00H  1
 477  1.2007197e+02 9.24e-12 6.68e-04  -6.8 9.50e-04    -  1.00e+00 1.00e+00H  1
 478  1.2007197e+02 1.60e-10 7.10e-05  -6.8 1.51e-03    -  1.00e+00 1.00e+00H  1
 479  1.2007197e+02 2.95e-08 1.20e-04  -6.8 6.75e-04    -  1.00e+00 1.00e+00h  1
iter    objective    inf_pr   inf_du lg(mu)  ||d||  lg(rg) alpha_du alpha_pr  ls
 480  1.2007197e+02 3.08e-11 1.26e-05  -6.8 6.12e-04    -  1.00e+00 1.00e+00H  1
 481  1.2007197e+02 9.64e-10 2.46e-05  -6.8 1.30e-04    -  1.00e+00 1.00e+00h  1
 482  1.2007197e+02 1.44e-11 2.20e-05  -6.8 1.03e-03    -  1.00e+00 1.00e+00H  1
 483  1.2007197e+02 7.97e-12 5.08e-04  -6.8 3.62e-03    -  1.00e+00 1.00e+00H  1
 484  1.2007197e+02 3.15e-07 2.51e-04  -6.8 3.43e-03    -  1.00e+00 1.00e+00h  1
 485  1.2007197e+02 1.07e-11 3.37e-03  -6.8 3.71e-03    -  1.00e+00 1.00e+00H  1
 486  1.2007197e+02 3.11e-06 1.52e-04  -6.8 3.41e-03    -  1.00e+00 1.00e+00h  1
 487  1.2007197e+02 1.56e-06 9.81e-05  -6.8 5.82e-04    -  1.00e+00 5.00e-01h  2
 488  1.2007197e+02 6.98e-10 5.50e-06  -6.8 1.14e-04    -  1.00e+00 1.00e+00h  1
 489  1.2007197e+02 9.72e-11 4.92e-06  -6.8 2.55e-05    -  1.00e+00 1.00e+00h  1
iter    objective    inf_pr   inf_du lg(mu)  ||d||  lg(rg) alpha_du alpha_pr  ls
 490  1.2007197e+02 2.08e-10 6.75e-07  -6.8 2.80e-05    -  1.00e+00 1.00e+00h  1

Number of Iterations....: 490

                                   (scaled)                 (unscaled)
Objective...............:   1.2007196737861463e+02    1.2007196737861463e+02
Dual infeasibility......:   6.7477585626115112e-07    6.7477585626115112e-07
Constraint violation....:   2.0801884230718361e-10    2.0801884230718361e-10
Complementarity.........:   1.7782794103048106e-07    1.7782794103048106e-07
Overall NLP error.......:   6.7477585626115112e-07    6.7477585626115112e-07


Number of objective function evaluations             = 1485
Number of objective gradient evaluations             = 491
Number of equality constraint evaluations            = 1485
Number of inequality constraint evaluations          = 1485
Number of equality constraint Jacobian evaluations   = 491
Number of inequality constraint Jacobian evaluations = 491
Number of Lagrangian Hessian evaluations             = 0
Total CPU secs in IPOPT (w/o function evaluations)   =    131.726
Total CPU secs in NLP function evaluations           =   1462.868

EXIT: Optimal Solution Found.
